CRFSuite 0.12  Copyright (c) 2007-2011 Naoaki Okazaki

Start time of the training: 2013-12-20T13:36:41Z

Reading the data set(s)
[1] /home/gdifolco/ps11/dataset/21_labled_inst/amazon.fr/_alimentation
0....1....2....3....4....5....6....7....8....9....10
Number of instances: 1
Seconds required: 0.000
[2] /home/gdifolco/ps11/dataset/21_labled_inst/amazon.fr/_gps
0....1....2....3....4....5....6....7....8....9....10
Number of instances: 1
Seconds required: 0.000
[3] /home/gdifolco/ps11/dataset/21_labled_inst/amazon.fr/_guirlandes
0....1....2....3....4....5....6....7....8....9....10
Number of instances: 1
Seconds required: 0.000
[4] /home/gdifolco/ps11/dataset/21_labled_inst/amazon.fr/_lampeplafon
0....1....2....3....4....5....6....7....8....9....10
Number of instances: 1
Seconds required: 0.000
[5] /home/gdifolco/ps11/dataset/21_labled_inst/amazon.fr/_nvidia
0....1....2....3....4....5....6....7....8....9....10
Number of instances: 1
Seconds required: 0.010
[6] /home/gdifolco/ps11/dataset/21_labled_inst/amazon.fr/_perceuse
0....1....2....3....4....5....6....7....8....9....10
Number of instances: 1
Seconds required: 0.000
[7] /home/gdifolco/ps11/dataset/21_labled_inst/amazon.fr/_playmobil
0....1....2....3....4....5....6....7....8....9....10
Number of instances: 1
Seconds required: 0.000
[8] /home/gdifolco/ps11/dataset/21_labled_inst/amazon.fr/_screen
0....1....2....3....4....5....6....7....8....9....10
Number of instances: 1
Seconds required: 0.000
[9] /home/gdifolco/ps11/dataset/21_labled_inst/amazon.fr/_tbbt
0....1....2....3....4....5....6....7....8....9....10
Number of instances: 1
Seconds required: 0.010
[10] /home/gdifolco/ps11/dataset/21_labled_inst/amazon.fr/_visseuse
0....1....2....3....4....5....6....7....8....9....10
Number of instances: 1
Seconds required: 0.000
[11] /home/gdifolco/ps11/dataset/21_labled_inst/carrefour/_albain
0....1....2....3....4....5....6....7....8....9....10
Number of instances: 1
Seconds required: 0.000
[12] /home/gdifolco/ps11/dataset/21_labled_inst/carrefour/_atelier
0....1....2....3....4....5....6....7....8....9....10
Number of instances: 1
Seconds required: 0.000
[13] /home/gdifolco/ps11/dataset/21_labled_inst/carrefour/_canape
0....1....2....3....4....5....6....7....8....9....10
Number of instances: 1
Seconds required: 0.000
[14] /home/gdifolco/ps11/dataset/21_labled_inst/carrefour/_cod
0....1....2....3....4....5....6....7....8....9....10
Number of instances: 1
Seconds required: 0.000
[15] /home/gdifolco/ps11/dataset/21_labled_inst/carrefour/_draps
0....1....2....3....4....5....6....7....8....9....10
Number of instances: 1
Seconds required: 0.000
[16] /home/gdifolco/ps11/dataset/21_labled_inst/carrefour/_etagere
0....1....2....3....4....5....6....7....8....9....10
Number of instances: 1
Seconds required: 0.000
[17] /home/gdifolco/ps11/dataset/21_labled_inst/carrefour/_gijoe
0....1....2....3....4....5....6....7....8....9....10
Number of instances: 1
Seconds required: 0.000
[18] /home/gdifolco/ps11/dataset/21_labled_inst/carrefour/_hasbro
0....1....2....3....4....5....6....7....8....9....10
Number of instances: 1
Seconds required: 0.000
[19] /home/gdifolco/ps11/dataset/21_labled_inst/carrefour/_jumelle
0....1....2....3....4....5....6....7....8....9....10
Number of instances: 1
Seconds required: 0.000
[20] /home/gdifolco/ps11/dataset/21_labled_inst/carrefour/_kangui
0....1....2....3....4....5....6....7....8....9....10
Number of instances: 1
Seconds required: 0.010
[21] /home/gdifolco/ps11/dataset/21_labled_inst/rueducommerce/_batterie
0....1....2....3....4....5....6....7....8....9....10
Number of instances: 1
Seconds required: 0.000
[22] /home/gdifolco/ps11/dataset/21_labled_inst/rueducommerce/_cables
0....1....2....3....4....5....6....7....8....9....10
Number of instances: 1
Seconds required: 0.000
[23] /home/gdifolco/ps11/dataset/21_labled_inst/rueducommerce/_clim
0....1....2....3....4....5....6....7....8....9....10
Number of instances: 1
Seconds required: 0.000
[24] /home/gdifolco/ps11/dataset/21_labled_inst/rueducommerce/_coffre
0....1....2....3....4....5....6....7....8....9....10
Number of instances: 1
Seconds required: 0.000
[25] /home/gdifolco/ps11/dataset/21_labled_inst/rueducommerce/_gazon
0....1....2....3....4....5....6....7....8....9....10
Number of instances: 1
Seconds required: 0.010
[26] /home/gdifolco/ps11/dataset/21_labled_inst/rueducommerce/_pates
0....1....2....3....4....5....6....7....8....9....10
Number of instances: 1
Seconds required: 0.000
[27] /home/gdifolco/ps11/dataset/21_labled_inst/rueducommerce/_rafraichisseur
0....1....2....3....4....5....6....7....8....9....10
Number of instances: 1
Seconds required: 0.000
[28] /home/gdifolco/ps11/dataset/21_labled_inst/rueducommerce/_saveur
0....1....2....3....4....5....6....7....8....9....10
Number of instances: 1
Seconds required: 0.000
[29] /home/gdifolco/ps11/dataset/21_labled_inst/rueducommerce/_scie
0....1....2....3....4....5....6....7....8....9....10
Number of instances: 1
Seconds required: 0.010
[30] /home/gdifolco/ps11/dataset/21_labled_inst/rueducommerce/_valve
0....1....2....3....4....5....6....7....8....9....10
Number of instances: 1
Seconds required: 0.000
[31] /home/gdifolco/ps11/dataset/21_labled_inst/ldlc/_acquisition
0....1....2....3....4....5....6....7....8....9....10
Number of instances: 1
Seconds required: 0.010
[32] /home/gdifolco/ps11/dataset/21_labled_inst/ldlc/_asustorserver
0....1....2....3....4....5....6....7....8....9....10
Number of instances: 1
Seconds required: 0.000
[33] /home/gdifolco/ps11/dataset/21_labled_inst/ldlc/_camera
0....1....2....3....4....5....6....7....8....9....10
Number of instances: 1
Seconds required: 0.000
[34] /home/gdifolco/ps11/dataset/21_labled_inst/ldlc/_cao
0....1....2....3....4....5....6....7....8....9....10
Number of instances: 1
Seconds required: 0.000
[35] /home/gdifolco/ps11/dataset/21_labled_inst/ldlc/_cpu
0....1....2....3....4....5....6....7....8....9....10
Number of instances: 1
Seconds required: 0.010
[36] /home/gdifolco/ps11/dataset/21_labled_inst/ldlc/_dongle
0....1....2....3....4....5....6....7....8....9....10
Number of instances: 1
Seconds required: 0.000
[37] /home/gdifolco/ps11/dataset/21_labled_inst/ldlc/_keyboard
0....1....2....3....4....5....6....7....8....9....10
Number of instances: 1
Seconds required: 0.000
[38] /home/gdifolco/ps11/dataset/21_labled_inst/ldlc/_padcleaner
0....1....2....3....4....5....6....7....8....9....10
Number of instances: 1
Seconds required: 0.000
[39] /home/gdifolco/ps11/dataset/21_labled_inst/ldlc/_ventilateur
0....1....2....3....4....5....6....7....8....9....10
Number of instances: 1
Seconds required: 0.000
[40] /home/gdifolco/ps11/dataset/21_labled_inst/ldlc/_wifi
0....1....2....3....4....5....6....7....8....9....10
Number of instances: 1
Seconds required: 0.010

Statistics the data set(s)
Number of data sets (groups): 40
Number of instances: 40
Number of items: 21691
Number of attributes: 0
Number of labels: 2797

Feature generation
type: CRF1d
feature.minfreq: 0.000000
feature.possible_states: 0
feature.possible_transitions: 0
0....1....2....3....4....5....6....7....8....9....10
Number of features: 3885
Seconds required: 0.000

L-BFGS optimization
c1: 0.000000
c2: 1.000000
num_memories: 6
max_iterations: 2147483647
epsilon: 0.000010
stop: 10
delta: 0.000010
linesearch: MoreThuente
linesearch.max_iterations: 20

***** Iteration #1 *****
Loss: 149661.710389
Feature norm: 34.198137
Error norm: 619.283659
Active features: 3885
Line search trials: 9
Line search step: 0.049398
Seconds required for this iteration: 24160.440

***** Iteration #2 *****
Loss: 144622.316630
Feature norm: 42.602214
Error norm: 573.564118
Active features: 3885
Line search trials: 7
Line search step: 0.028620
Seconds required for this iteration: 16912.880

***** Iteration #3 *****
Loss: 142769.236361
Feature norm: 45.962353
Error norm: 689.230541
Active features: 3885
Line search trials: 5
Line search step: 0.026369
Seconds required for this iteration: 12099.560

***** Iteration #4 *****
Loss: 141572.324435
Feature norm: 49.786707
Error norm: 17125.678028
Active features: 3885
Line search trials: 2
Line search step: 0.121030
Seconds required for this iteration: 4835.050

***** Iteration #5 *****
Loss: 138612.763964
Feature norm: 56.284937
Error norm: 3440.756858
Active features: 3885
Line search trials: 2
Line search step: 0.049572
Seconds required for this iteration: 4835.860

***** Iteration #6 *****
Loss: 138317.285651
Feature norm: 57.082073
Error norm: 2907.236713
Active features: 3885
Line search trials: 2
Line search step: 0.126090
Seconds required for this iteration: 4828.870

***** Iteration #7 *****
Loss: 137505.422290
Feature norm: 58.015008
Error norm: 2490.016523
Active features: 3885
Line search trials: 2
Line search step: 0.310228
Seconds required for this iteration: 4832.950

***** Iteration #8 *****
Loss: 137116.842431
Feature norm: 58.859799
Error norm: 2305.507355
Active features: 3885
Line search trials: 2
Line search step: 0.059732
Seconds required for this iteration: 4846.510

***** Iteration #9 *****
Loss: 136375.793086
Feature norm: 60.694776
Error norm: 13492.916342
Active features: 3885
Line search trials: 2
Line search step: 0.186296
Seconds required for this iteration: 4845.810

***** Iteration #10 *****
Loss: 134835.188311
Feature norm: 62.571514
Error norm: 7887.475816
Active features: 3885
Line search trials: 4
Line search step: 0.135109
Seconds required for this iteration: 9661.880

***** Iteration #11 *****
Loss: 134387.095538
Feature norm: 63.569843
Error norm: 5209.138306
Active features: 3885
Line search trials: 2
Line search step: 0.048926
Seconds required for this iteration: 4834.140

***** Iteration #12 *****
Loss: 133976.472299
Feature norm: 63.767128
Error norm: 2693.533170
Active features: 3885
Line search trials: 1
Line search step: 1.000000
Seconds required for this iteration: 2414.850

***** Iteration #13 *****
Loss: 132534.407519
Feature norm: 66.458461
Error norm: 7367.316603
Active features: 3885
Line search trials: 1
Line search step: 1.000000
Seconds required for this iteration: 2419.280

***** Iteration #14 *****
Loss: 132185.644624
Feature norm: 66.899831
Error norm: 5496.923918
Active features: 3885
Line search trials: 2
Line search step: 0.037503
Seconds required for this iteration: 4821.810

***** Iteration #15 *****
Loss: 132015.782940
Feature norm: 67.247926
Error norm: 4927.873471
Active features: 3885
Line search trials: 4
Line search step: 0.058943
Seconds required for this iteration: 9660.350

***** Iteration #16 *****
Loss: 131915.715327
Feature norm: 67.490350
Error norm: 4593.816321
Active features: 3885
Line search trials: 2
Line search step: 0.104829
Seconds required for this iteration: 4836.490

***** Iteration #17 *****
Loss: 131087.771383
Feature norm: 69.415046
Error norm: 7309.272565
Active features: 3885
Line search trials: 1
Line search step: 1.000000
Seconds required for this iteration: 2415.430

***** Iteration #18 *****
Loss: 130998.822898
Feature norm: 69.588853
Error norm: 5500.660297
Active features: 3885
Line search trials: 3
Line search step: 0.022019
Seconds required for this iteration: 7257.450

***** Iteration #19 *****
Loss: 130814.091364
Feature norm: 69.557011
Error norm: 2142.253073
Active features: 3885
Line search trials: 1
Line search step: 1.000000
Seconds required for this iteration: 2412.850

***** Iteration #20 *****
Loss: 130570.640183
Feature norm: 70.493272
Error norm: 9324.886749
Active features: 3885
Line search trials: 1
Line search step: 1.000000
Seconds required for this iteration: 2414.900

***** Iteration #21 *****
Loss: 129834.424152
Feature norm: 71.663968
Error norm: 2885.070555
Active features: 3885
Line search trials: 1
Line search step: 1.000000
Seconds required for this iteration: 2418.300

***** Iteration #22 *****
Loss: 127639.443116
Feature norm: 77.881893
Error norm: 756.804573
Active features: 3885
Line search trials: 1
Line search step: 1.000000
Seconds required for this iteration: 2405.400

***** Iteration #23 *****
Loss: 127544.336288
Feature norm: 78.277660
Error norm: 814.827500
Active features: 3885
Line search trials: 2
Line search step: 0.038625
Seconds required for this iteration: 4804.770

***** Iteration #24 *****
Loss: 127253.822196
Feature norm: 79.439583
Error norm: 840.415099
Active features: 3885
Line search trials: 2
Line search step: 0.210314
Seconds required for this iteration: 4816.360

***** Iteration #25 *****
Loss: 126494.713704
Feature norm: 82.896167
Error norm: 1246.393680
Active features: 3885
Line search trials: 2
Line search step: 0.472450
Seconds required for this iteration: 4809.210

***** Iteration #26 *****
Loss: 125909.802725
Feature norm: 85.132902
Error norm: 1361.327902
Active features: 3885
Line search trials: 2
Line search step: 0.362174
Seconds required for this iteration: 4816.550

***** Iteration #27 *****
Loss: 125175.371510
Feature norm: 87.294729
Error norm: 1038.376564
Active features: 3885
Line search trials: 2
Line search step: 0.406223
Seconds required for this iteration: 4809.810

***** Iteration #28 *****
Loss: 124731.044903
Feature norm: 88.005825
Error norm: 836.275227
Active features: 3885
Line search trials: 2
Line search step: 0.259490
Seconds required for this iteration: 4808.990

***** Iteration #29 *****
Loss: 124218.680171
Feature norm: 89.748471
Error norm: 826.433176
Active features: 3885
Line search trials: 2
Line search step: 0.234070
Seconds required for this iteration: 4804.680

***** Iteration #30 *****
Loss: 123921.810130
Feature norm: 90.458530
Error norm: 738.348826
Active features: 3885
Line search trials: 2
Line search step: 0.095676
Seconds required for this iteration: 4826.810

***** Iteration #31 *****
Loss: 123371.190594
Feature norm: 92.093874
Error norm: 724.862478
Active features: 3885
Line search trials: 4
Line search step: 0.127749
Seconds required for this iteration: 9622.780

***** Iteration #32 *****
Loss: 122502.491844
Feature norm: 94.602112
Error norm: 659.593098
Active features: 3885
Line search trials: 4
Line search step: 0.141602
Seconds required for this iteration: 9639.090

***** Iteration #33 *****
Loss: 121777.368317
Feature norm: 96.671807
Error norm: 1486.463861
Active features: 3885
Line search trials: 2
Line search step: 0.118502
Seconds required for this iteration: 4812.620

***** Iteration #34 *****
Loss: 120977.734972
Feature norm: 99.685418
Error norm: 2019.469346
Active features: 3885
Line search trials: 2
Line search step: 0.134405
Seconds required for this iteration: 4809.140

***** Iteration #35 *****
Loss: 120432.936693
Feature norm: 101.128667
Error norm: 1202.453730
Active features: 3885
Line search trials: 2
Line search step: 0.126902
Seconds required for this iteration: 4817.350

***** Iteration #36 *****
Loss: 120059.093938
Feature norm: 105.824316
Error norm: 7166.867401
Active features: 3885
Line search trials: 1
Line search step: 1.000000
Seconds required for this iteration: 2406.920

***** Iteration #37 *****
Loss: 119554.551240
Feature norm: 106.439544
Error norm: 3686.366145
Active features: 3885
Line search trials: 2
Line search step: 0.256073
Seconds required for this iteration: 4805.740

***** Iteration #38 *****
Loss: 119273.557823
Feature norm: 104.185061
Error norm: 1023.314778
Active features: 3885
Line search trials: 1
Line search step: 1.000000
Seconds required for this iteration: 2406.840

***** Iteration #39 *****
Loss: 118777.808748
Feature norm: 105.572890
Error norm: 888.141660
Active features: 3885
Line search trials: 1
Line search step: 1.000000
Seconds required for this iteration: 2419.950

***** Iteration #40 *****
Loss: 117835.949562
Feature norm: 109.428890
Error norm: 3266.692248
Active features: 3885
Line search trials: 2
Line search step: 0.501095
Seconds required for this iteration: 4808.960

***** Iteration #41 *****
Loss: 116974.225614
Feature norm: 111.638409
Error norm: 1916.264201
Active features: 3885
Line search trials: 2
Line search step: 0.274337
Seconds required for this iteration: 4810.380

***** Iteration #42 *****
Loss: 116627.646340
Feature norm: 112.981721
Error norm: 1801.236610
Active features: 3885
Line search trials: 2
Line search step: 0.081046
Seconds required for this iteration: 4803.150

***** Iteration #43 *****
Loss: 116342.822876
Feature norm: 114.489290
Error norm: 3464.884726
Active features: 3885
Line search trials: 2
Line search step: 0.097739
Seconds required for this iteration: 4825.730

***** Iteration #44 *****
Loss: 116116.596178
Feature norm: 115.425576
Error norm: 2367.119533
Active features: 3885
Line search trials: 2
Line search step: 0.095106
Seconds required for this iteration: 4823.470

***** Iteration #45 *****
Loss: 115842.488919
Feature norm: 117.166168
Error norm: 2278.834960
Active features: 3885
Line search trials: 2
Line search step: 0.483783
Seconds required for this iteration: 4816.840

***** Iteration #46 *****
Loss: 115221.963672
Feature norm: 119.288910
Error norm: 1143.058601
Active features: 3885
Line search trials: 1
Line search step: 1.000000
Seconds required for this iteration: 2410.670

***** Iteration #47 *****
Loss: 114881.290384
Feature norm: 119.175130
Error norm: 553.569436
Active features: 3885
Line search trials: 1
Line search step: 1.000000
Seconds required for this iteration: 2420.540

***** Iteration #48 *****
Loss: 114612.091353
Feature norm: 119.897633
Error norm: 552.699883
Active features: 3885
Line search trials: 1
Line search step: 1.000000
Seconds required for this iteration: 2404.000

***** Iteration #49 *****
Loss: 114229.340564
Feature norm: 118.333225
Error norm: 819.659478
Active features: 3885
Line search trials: 1
Line search step: 1.000000
Seconds required for this iteration: 2413.240

***** Iteration #50 *****
Loss: 113270.870149
Feature norm: 125.512843
Error norm: 725.714788
Active features: 3885
Line search trials: 1
Line search step: 1.000000
Seconds required for this iteration: 2411.880

***** Iteration #51 *****
Loss: 112871.123417
Feature norm: 127.992665
Error norm: 821.799801
Active features: 3885
Line search trials: 2
Line search step: 0.378775
Seconds required for this iteration: 4812.130

***** Iteration #52 *****
Loss: 112286.629808
Feature norm: 130.326782
Error norm: 381.758053
Active features: 3885
Line search trials: 1
Line search step: 1.000000
Seconds required for this iteration: 2419.320

***** Iteration #53 *****
Loss: 111822.353847
Feature norm: 134.308678
Error norm: 439.280478
Active features: 3885
Line search trials: 1
Line search step: 1.000000
Seconds required for this iteration: 2426.140

***** Iteration #54 *****
Loss: 111474.259705
Feature norm: 136.555005
Error norm: 435.301486
Active features: 3885
Line search trials: 2
Line search step: 0.154138
Seconds required for this iteration: 4800.290

***** Iteration #55 *****
Loss: 111258.336331
Feature norm: 137.714304
Error norm: 435.071633
Active features: 3885
Line search trials: 2
Line search step: 0.044484
Seconds required for this iteration: 4775.310

***** Iteration #56 *****
Loss: 110440.951860
Feature norm: 143.228156
Error norm: 432.975301
Active features: 3885
Line search trials: 2
Line search step: 0.269179
Seconds required for this iteration: 4785.680

L-BFGS terminated with error code (-1001)
Total seconds required for training: 296548.610

Storing the model
Number of active features: 3885 (3885)
Number of active attributes: 0 (0)
Number of active labels: 2797 (2797)
Writing labels
Writing attributes
Writing feature references for transitions
Writing feature references for attributes
Seconds required: 0.000

End time of the training: 2013-12-24T01:01:16Z

