CRFSuite 0.12  Copyright (c) 2007-2011 Naoaki Okazaki

Start time of the training: 2013-12-19T23:43:52Z

Reading the data set(s)
[1] /home/gdifolco/ps11/dataset/21_labled_inst/amazon.fr/_alimentation
0....1....2....3....4....5....6....7....8....9....10
Number of instances: 1
Seconds required: 0.000
[2] /home/gdifolco/ps11/dataset/21_labled_inst/amazon.fr/_gps
0....1....2....3....4....5....6....7....8....9....10
Number of instances: 1
Seconds required: 0.000
[3] /home/gdifolco/ps11/dataset/21_labled_inst/amazon.fr/_guirlandes
0....1....2....3....4....5....6....7....8....9....10
Number of instances: 1
Seconds required: 0.000
[4] /home/gdifolco/ps11/dataset/21_labled_inst/amazon.fr/_lampeplafon
0....1....2....3....4....5....6....7....8....9....10
Number of instances: 1
Seconds required: 0.010
[5] /home/gdifolco/ps11/dataset/21_labled_inst/amazon.fr/_nvidia
0....1....2....3....4....5....6....7....8....9....10
Number of instances: 1
Seconds required: 0.000
[6] /home/gdifolco/ps11/dataset/21_labled_inst/amazon.fr/_perceuse
0....1....2....3....4....5....6....7....8....9....10
Number of instances: 1
Seconds required: 0.000
[7] /home/gdifolco/ps11/dataset/21_labled_inst/amazon.fr/_playmobil
0....1....2....3....4....5....6....7....8....9....10
Number of instances: 1
Seconds required: 0.010
[8] /home/gdifolco/ps11/dataset/21_labled_inst/amazon.fr/_screen
0....1....2....3....4....5....6....7....8....9....10
Number of instances: 1
Seconds required: 0.000
[9] /home/gdifolco/ps11/dataset/21_labled_inst/amazon.fr/_tbbt
0....1....2....3....4....5....6....7....8....9....10
Number of instances: 1
Seconds required: 0.010
[10] /home/gdifolco/ps11/dataset/21_labled_inst/amazon.fr/_visseuse
0....1....2....3....4....5....6....7....8....9....10
Number of instances: 1
Seconds required: 0.000
[11] /home/gdifolco/ps11/dataset/21_labled_inst/rueducommerce/_batterie
0....1....2....3....4....5....6....7....8....9....10
Number of instances: 1
Seconds required: 0.000
[12] /home/gdifolco/ps11/dataset/21_labled_inst/rueducommerce/_cables
0....1....2....3....4....5....6....7....8....9....10
Number of instances: 1
Seconds required: 0.000
[13] /home/gdifolco/ps11/dataset/21_labled_inst/rueducommerce/_clim
0....1....2....3....4....5....6....7....8....9....10
Number of instances: 1
Seconds required: 0.010
[14] /home/gdifolco/ps11/dataset/21_labled_inst/rueducommerce/_coffre
0....1....2....3....4....5....6....7....8....9....10
Number of instances: 1
Seconds required: 0.000
[15] /home/gdifolco/ps11/dataset/21_labled_inst/rueducommerce/_gazon
0....1....2....3....4....5....6....7....8....9....10
Number of instances: 1
Seconds required: 0.000
[16] /home/gdifolco/ps11/dataset/21_labled_inst/rueducommerce/_pates
0....1....2....3....4....5....6....7....8....9....10
Number of instances: 1
Seconds required: 0.000
[17] /home/gdifolco/ps11/dataset/21_labled_inst/rueducommerce/_rafraichisseur
0....1....2....3....4....5....6....7....8....9....10
Number of instances: 1
Seconds required: 0.010
[18] /home/gdifolco/ps11/dataset/21_labled_inst/rueducommerce/_saveur
0....1....2....3....4....5....6....7....8....9....10
Number of instances: 1
Seconds required: 0.000
[19] /home/gdifolco/ps11/dataset/21_labled_inst/rueducommerce/_scie
0....1....2....3....4....5....6....7....8....9....10
Number of instances: 1
Seconds required: 0.000
[20] /home/gdifolco/ps11/dataset/21_labled_inst/rueducommerce/_valve
0....1....2....3....4....5....6....7....8....9....10
Number of instances: 1
Seconds required: 0.000
[21] /home/gdifolco/ps11/dataset/21_labled_inst/ldlc/_acquisition
0....1....2....3....4....5....6....7....8....9....10
Number of instances: 1
Seconds required: 0.000
[22] /home/gdifolco/ps11/dataset/21_labled_inst/ldlc/_asustorserver
0....1....2....3....4....5....6....7....8....9....10
Number of instances: 1
Seconds required: 0.010
[23] /home/gdifolco/ps11/dataset/21_labled_inst/ldlc/_camera
0....1....2....3....4....5....6....7....8....9....10
Number of instances: 1
Seconds required: 0.000
[24] /home/gdifolco/ps11/dataset/21_labled_inst/ldlc/_cao
0....1....2....3....4....5....6....7....8....9....10
Number of instances: 1
Seconds required: 0.000
[25] /home/gdifolco/ps11/dataset/21_labled_inst/ldlc/_cpu
0....1....2....3....4....5....6....7....8....9....10
Number of instances: 1
Seconds required: 0.000
[26] /home/gdifolco/ps11/dataset/21_labled_inst/ldlc/_dongle
0....1....2....3....4....5....6....7....8....9....10
Number of instances: 1
Seconds required: 0.010
[27] /home/gdifolco/ps11/dataset/21_labled_inst/ldlc/_keyboard
0....1....2....3....4....5....6....7....8....9....10
Number of instances: 1
Seconds required: 0.000
[28] /home/gdifolco/ps11/dataset/21_labled_inst/ldlc/_padcleaner
0....1....2....3....4....5....6....7....8....9....10
Number of instances: 1
Seconds required: 0.000
[29] /home/gdifolco/ps11/dataset/21_labled_inst/ldlc/_ventilateur
0....1....2....3....4....5....6....7....8....9....10
Number of instances: 1
Seconds required: 0.000
[30] /home/gdifolco/ps11/dataset/21_labled_inst/ldlc/_wifi
0....1....2....3....4....5....6....7....8....9....10
Number of instances: 1
Seconds required: 0.000
[31] /home/gdifolco/ps11/dataset/21_labled_inst/carrefour/_albain
0....1....2....3....4....5....6....7....8....9....10
Number of instances: 1
Seconds required: 0.010
[32] /home/gdifolco/ps11/dataset/21_labled_inst/carrefour/_atelier
0....1....2....3....4....5....6....7....8....9....10
Number of instances: 1
Seconds required: 0.000
[33] /home/gdifolco/ps11/dataset/21_labled_inst/carrefour/_canape
0....1....2....3....4....5....6....7....8....9....10
Number of instances: 1
Seconds required: 0.000
[34] /home/gdifolco/ps11/dataset/21_labled_inst/carrefour/_cod
0....1....2....3....4....5....6....7....8....9....10
Number of instances: 1
Seconds required: 0.000
[35] /home/gdifolco/ps11/dataset/21_labled_inst/carrefour/_draps
0....1....2....3....4....5....6....7....8....9....10
Number of instances: 1
Seconds required: 0.000
[36] /home/gdifolco/ps11/dataset/21_labled_inst/carrefour/_etagere
0....1....2....3....4....5....6....7....8....9....10
Number of instances: 1
Seconds required: 0.000
[37] /home/gdifolco/ps11/dataset/21_labled_inst/carrefour/_gijoe
0....1....2....3....4....5....6....7....8....9....10
Number of instances: 1
Seconds required: 0.000
[38] /home/gdifolco/ps11/dataset/21_labled_inst/carrefour/_hasbro
0....1....2....3....4....5....6....7....8....9....10
Number of instances: 1
Seconds required: 0.000
[39] /home/gdifolco/ps11/dataset/21_labled_inst/carrefour/_jumelle
0....1....2....3....4....5....6....7....8....9....10
Number of instances: 1
Seconds required: 0.000
[40] /home/gdifolco/ps11/dataset/21_labled_inst/carrefour/_kangui
0....1....2....3....4....5....6....7....8....9....10
Number of instances: 1
Seconds required: 0.000

Statistics the data set(s)
Number of data sets (groups): 40
Number of instances: 40
Number of items: 21691
Number of attributes: 0
Number of labels: 2797

Feature generation
type: CRF1d
feature.minfreq: 0.000000
feature.possible_states: 0
feature.possible_transitions: 0
0....1....2....3....4....5....6....7....8....9....10
Number of features: 3885
Seconds required: 0.020

L-BFGS optimization
c1: 0.000000
c2: 1.000000
num_memories: 6
max_iterations: 2147483647
epsilon: 0.000010
stop: 10
delta: 0.000010
linesearch: MoreThuente
linesearch.max_iterations: 20

***** Iteration #1 *****
Loss: 149661.710389
Feature norm: 34.198137
Error norm: 619.283659
Active features: 3885
Line search trials: 9
Line search step: 0.049398
Seconds required for this iteration: 12477.800

***** Iteration #2 *****
Loss: 144622.316630
Feature norm: 42.602214
Error norm: 573.564118
Active features: 3885
Line search trials: 7
Line search step: 0.028620
Seconds required for this iteration: 8733.360

***** Iteration #3 *****
Loss: 142769.236361
Feature norm: 45.962353
Error norm: 689.230541
Active features: 3885
Line search trials: 5
Line search step: 0.026369
Seconds required for this iteration: 6238.340

***** Iteration #4 *****
Loss: 141572.324435
Feature norm: 49.786707
Error norm: 17125.678028
Active features: 3885
Line search trials: 2
Line search step: 0.121030
Seconds required for this iteration: 2494.540

***** Iteration #5 *****
Loss: 138612.763964
Feature norm: 56.284937
Error norm: 3440.756858
Active features: 3885
Line search trials: 2
Line search step: 0.049572
Seconds required for this iteration: 2494.910

***** Iteration #6 *****
Loss: 138317.285651
Feature norm: 57.082073
Error norm: 2907.236713
Active features: 3885
Line search trials: 2
Line search step: 0.126090
Seconds required for this iteration: 2496.130

***** Iteration #7 *****
Loss: 137505.422290
Feature norm: 58.015008
Error norm: 2490.016523
Active features: 3885
Line search trials: 2
Line search step: 0.310228
Seconds required for this iteration: 2494.640

***** Iteration #8 *****
Loss: 137116.842431
Feature norm: 58.859799
Error norm: 2305.507355
Active features: 3885
Line search trials: 2
Line search step: 0.059732
Seconds required for this iteration: 2493.880

***** Iteration #9 *****
Loss: 136375.793086
Feature norm: 60.694776
Error norm: 13492.916342
Active features: 3885
Line search trials: 2
Line search step: 0.186296
Seconds required for this iteration: 2495.330

***** Iteration #10 *****
Loss: 134835.188311
Feature norm: 62.571514
Error norm: 7887.475816
Active features: 3885
Line search trials: 4
Line search step: 0.135109
Seconds required for this iteration: 4995.320

***** Iteration #11 *****
Loss: 134387.095538
Feature norm: 63.569843
Error norm: 5209.138306
Active features: 3885
Line search trials: 2
Line search step: 0.048926
Seconds required for this iteration: 2863.750

***** Iteration #12 *****
Loss: 133976.472300
Feature norm: 63.767128
Error norm: 2693.533169
Active features: 3885
Line search trials: 1
Line search step: 1.000000
Seconds required for this iteration: 2416.960

***** Iteration #13 *****
Loss: 132534.407519
Feature norm: 66.458461
Error norm: 7367.316603
Active features: 3885
Line search trials: 1
Line search step: 1.000000
Seconds required for this iteration: 2424.170

***** Iteration #14 *****
Loss: 132185.644624
Feature norm: 66.899831
Error norm: 5496.923919
Active features: 3885
Line search trials: 2
Line search step: 0.037503
Seconds required for this iteration: 4831.450

***** Iteration #15 *****
Loss: 132015.782940
Feature norm: 67.247926
Error norm: 4927.873472
Active features: 3885
Line search trials: 4
Line search step: 0.058943
Seconds required for this iteration: 9660.120

***** Iteration #16 *****
Loss: 131915.715327
Feature norm: 67.490350
Error norm: 4593.816322
Active features: 3885
Line search trials: 2
Line search step: 0.104829
Seconds required for this iteration: 4853.580

***** Iteration #17 *****
Loss: 131087.771386
Feature norm: 69.415046
Error norm: 7309.272645
Active features: 3885
Line search trials: 1
Line search step: 1.000000
Seconds required for this iteration: 2420.760

***** Iteration #18 *****
Loss: 130998.822900
Feature norm: 69.588853
Error norm: 5500.660368
Active features: 3885
Line search trials: 3
Line search step: 0.022019
Seconds required for this iteration: 7251.770

***** Iteration #19 *****
Loss: 130814.091361
Feature norm: 69.557011
Error norm: 2142.253152
Active features: 3885
Line search trials: 1
Line search step: 1.000000
Seconds required for this iteration: 2409.650

***** Iteration #20 *****
Loss: 130570.640225
Feature norm: 70.493272
Error norm: 9324.888367
Active features: 3885
Line search trials: 1
Line search step: 1.000000
Seconds required for this iteration: 2416.820

***** Iteration #21 *****
Loss: 129834.424215
Feature norm: 71.663967
Error norm: 2885.070473
Active features: 3885
Line search trials: 1
Line search step: 1.000000
Seconds required for this iteration: 2397.720

***** Iteration #22 *****
Loss: 127639.443729
Feature norm: 77.881890
Error norm: 756.804403
Active features: 3885
Line search trials: 1
Line search step: 1.000000
Seconds required for this iteration: 2410.810

***** Iteration #23 *****
Loss: 127544.336724
Feature norm: 78.277658
Error norm: 814.826662
Active features: 3885
Line search trials: 2
Line search step: 0.038625
Seconds required for this iteration: 4833.060

***** Iteration #24 *****
Loss: 127253.823185
Feature norm: 79.439578
Error norm: 840.413231
Active features: 3885
Line search trials: 2
Line search step: 0.210312
Seconds required for this iteration: 4811.280

***** Iteration #25 *****
Loss: 126494.712059
Feature norm: 82.896167
Error norm: 1246.389564
Active features: 3885
Line search trials: 2
Line search step: 0.472448
Seconds required for this iteration: 4839.770

***** Iteration #26 *****
Loss: 125909.808484
Feature norm: 85.132855
Error norm: 1361.309870
Active features: 3885
Line search trials: 2
Line search step: 0.362165
Seconds required for this iteration: 4821.150

***** Iteration #27 *****
Loss: 125175.379952
Feature norm: 87.294684
Error norm: 1038.367452
Active features: 3885
Line search trials: 2
Line search step: 0.406216
Seconds required for this iteration: 4849.300

***** Iteration #28 *****
Loss: 124731.078279
Feature norm: 88.005765
Error norm: 836.291072
Active features: 3885
Line search trials: 2
Line search step: 0.259466
Seconds required for this iteration: 4832.420

***** Iteration #29 *****
Loss: 124218.694883
Feature norm: 89.748421
Error norm: 826.426499
Active features: 3885
Line search trials: 2
Line search step: 0.234062
Seconds required for this iteration: 4838.450

***** Iteration #30 *****
Loss: 123921.810913
Feature norm: 90.458492
Error norm: 738.344572
Active features: 3885
Line search trials: 2
Line search step: 0.095674
Seconds required for this iteration: 4829.850

***** Iteration #31 *****
Loss: 123371.162859
Feature norm: 92.093909
Error norm: 724.853979
Active features: 3885
Line search trials: 4
Line search step: 0.127744
Seconds required for this iteration: 9635.750

***** Iteration #32 *****
Loss: 122502.446379
Feature norm: 94.602167
Error norm: 659.575676
Active features: 3885
Line search trials: 4
Line search step: 0.141598
Seconds required for this iteration: 9678.640

***** Iteration #33 *****
Loss: 121777.272353
Feature norm: 96.672045
Error norm: 1486.277452
Active features: 3885
Line search trials: 2
Line search step: 0.118512
Seconds required for this iteration: 4845.940

***** Iteration #34 *****
Loss: 120977.623905
Feature norm: 99.685548
Error norm: 2018.817670
Active features: 3885
Line search trials: 2
Line search step: 0.134403
Seconds required for this iteration: 4835.300

***** Iteration #35 *****
Loss: 120432.849244
Feature norm: 101.128883
Error norm: 1202.314808
Active features: 3885
Line search trials: 2
Line search step: 0.126892
Seconds required for this iteration: 4822.220

***** Iteration #36 *****
Loss: 120058.368189
Feature norm: 105.825254
Error norm: 7162.601176
Active features: 3885
Line search trials: 1
Line search step: 1.000000
Seconds required for this iteration: 2419.700

***** Iteration #37 *****
Loss: 119555.275135
Feature norm: 106.439290
Error norm: 3691.737370
Active features: 3885
Line search trials: 2
Line search step: 0.255100
Seconds required for this iteration: 4831.770

***** Iteration #38 *****
Loss: 119273.038697
Feature norm: 104.189554
Error norm: 1024.785662
Active features: 3885
Line search trials: 1
Line search step: 1.000000
Seconds required for this iteration: 2432.980

***** Iteration #39 *****
Loss: 118777.598948
Feature norm: 105.575884
Error norm: 888.571817
Active features: 3885
Line search trials: 1
Line search step: 1.000000
Seconds required for this iteration: 2416.330

***** Iteration #40 *****
Loss: 117838.938475
Feature norm: 109.426607
Error norm: 3288.446693
Active features: 3885
Line search trials: 2
Line search step: 0.504225
Seconds required for this iteration: 4819.910

***** Iteration #41 *****
Loss: 116972.728540
Feature norm: 111.642968
Error norm: 1914.165717
Active features: 3885
Line search trials: 2
Line search step: 0.275863
Seconds required for this iteration: 4835.120

***** Iteration #42 *****
Loss: 116628.145447
Feature norm: 112.980659
Error norm: 1797.296538
Active features: 3885
Line search trials: 2
Line search step: 0.081369
Seconds required for this iteration: 4829.420

***** Iteration #43 *****
Loss: 116340.691528
Feature norm: 114.508693
Error norm: 3532.931313
Active features: 3885
Line search trials: 2
Line search step: 0.100410
Seconds required for this iteration: 4824.440

***** Iteration #44 *****
Loss: 116114.976242
Feature norm: 115.444652
Error norm: 2407.735445
Active features: 3885
Line search trials: 2
Line search step: 0.095089
Seconds required for this iteration: 4836.120

***** Iteration #45 *****
Loss: 115841.643597
Feature norm: 117.185199
Error norm: 2291.256334
Active features: 3885
Line search trials: 2
Line search step: 0.484888
Seconds required for this iteration: 4834.920

***** Iteration #46 *****
Loss: 115223.862250
Feature norm: 119.309075
Error norm: 1171.521727
Active features: 3885
Line search trials: 1
Line search step: 1.000000
Seconds required for this iteration: 2413.510

***** Iteration #47 *****
Loss: 114883.601383
Feature norm: 119.125025
Error norm: 550.173808
Active features: 3885
Line search trials: 1
Line search step: 1.000000
Seconds required for this iteration: 2447.040

***** Iteration #48 *****
Loss: 114626.679439
Feature norm: 119.819788
Error norm: 549.454813
Active features: 3885
Line search trials: 1
Line search step: 1.000000
Seconds required for this iteration: 2428.850

***** Iteration #49 *****
Loss: 114227.637464
Feature norm: 118.342671
Error norm: 910.715947
Active features: 3885
Line search trials: 1
Line search step: 1.000000
Seconds required for this iteration: 2406.450

***** Iteration #50 *****
Loss: 113377.065682
Feature norm: 124.557826
Error norm: 725.421482
Active features: 3885
Line search trials: 1
Line search step: 1.000000
Seconds required for this iteration: 2409.450

***** Iteration #51 *****
Loss: 113067.229130
Feature norm: 126.225685
Error norm: 572.788671
Active features: 3885
Line search trials: 2
Line search step: 0.225391
Seconds required for this iteration: 4837.630

***** Iteration #52 *****
Loss: 112395.933644
Feature norm: 129.839844
Error norm: 363.710431
Active features: 3885
Line search trials: 1
Line search step: 1.000000
Seconds required for this iteration: 2401.960

***** Iteration #53 *****
Loss: 111742.853008
Feature norm: 136.494103
Error norm: 1142.729267
Active features: 3885
Line search trials: 1
Line search step: 1.000000
Seconds required for this iteration: 2426.420

***** Iteration #54 *****
Loss: 111426.787991
Feature norm: 139.717586
Error norm: 821.347326
Active features: 3885
Line search trials: 2
Line search step: 0.519766
Seconds required for this iteration: 4820.890

***** Iteration #55 *****
Loss: 110666.975115
Feature norm: 141.915206
Error norm: 635.887946
Active features: 3885
Line search trials: 1
Line search step: 1.000000
Seconds required for this iteration: 2417.570

***** Iteration #56 *****
Loss: 110067.114307
Feature norm: 144.337361
Error norm: 530.360309
Active features: 3885
Line search trials: 2
Line search step: 0.428289
Seconds required for this iteration: 4814.220

***** Iteration #57 *****
Loss: 109697.148002
Feature norm: 146.953002
Error norm: 497.164919
Active features: 3885
Line search trials: 4
Line search step: 0.293684
Seconds required for this iteration: 9630.130

***** Iteration #58 *****
Loss: 109320.416229
Feature norm: 149.077713
Error norm: 425.801985
Active features: 3885
Line search trials: 2
Line search step: 0.230975
Seconds required for this iteration: 4843.030

***** Iteration #59 *****
Loss: 108678.163766
Feature norm: 155.414125
Error norm: 478.655247
Active features: 3885
Line search trials: 2
Line search step: 0.285804
Seconds required for this iteration: 4808.520

***** Iteration #60 *****
Loss: 108542.850988
Feature norm: 155.864592
Error norm: 425.149981
Active features: 3885
Line search trials: 2
Line search step: 0.031996
Seconds required for this iteration: 4830.880

***** Iteration #61 *****
Loss: 108179.435753
Feature norm: 158.133382
Error norm: 382.759389
Active features: 3885
Line search trials: 2
Line search step: 0.191515
Seconds required for this iteration: 4828.290

***** Iteration #62 *****
Loss: 107788.668882
Feature norm: 161.097938
Error norm: 348.187021
Active features: 3885
Line search trials: 6
Line search step: 0.161431
Seconds required for this iteration: 14520.540

***** Iteration #63 *****
Loss: 107625.140796
Feature norm: 162.011005
Error norm: 302.889468
Active features: 3885
Line search trials: 4
Line search step: 0.069143
Seconds required for this iteration: 9649.850

***** Iteration #64 *****
Loss: 107443.401288
Feature norm: 163.393456
Error norm: 269.780127
Active features: 3885
Line search trials: 4
Line search step: 0.109605
Seconds required for this iteration: 9694.640

***** Iteration #65 *****
Loss: 107137.007751
Feature norm: 165.994152
Error norm: 339.602320
Active features: 3885
Line search trials: 4
Line search step: 0.175978
Seconds required for this iteration: 9635.080

***** Iteration #66 *****
Loss: 107047.349953
Feature norm: 166.728682
Error norm: 250.384670
Active features: 3885
Line search trials: 2
Line search step: 0.040997
Seconds required for this iteration: 4857.460

***** Iteration #67 *****
Loss: 106809.177631
Feature norm: 169.233874
Error norm: 295.642914
Active features: 3885
Line search trials: 2
Line search step: 0.164087
Seconds required for this iteration: 4823.070

***** Iteration #68 *****
Loss: 106681.893645
Feature norm: 170.528058
Error norm: 217.115977
Active features: 3885
Line search trials: 2
Line search step: 0.110117
Seconds required for this iteration: 4824.410

***** Iteration #69 *****
Loss: 106554.628962
Feature norm: 172.135210
Error norm: 200.243375
Active features: 3885
Line search trials: 2
Line search step: 0.171652
Seconds required for this iteration: 4843.030

***** Iteration #70 *****
Loss: 106211.890950
Feature norm: 176.079464
Error norm: 195.565356
Active features: 3885
Line search trials: 2
Line search step: 0.412189
Seconds required for this iteration: 4830.060

***** Iteration #71 *****
Loss: 105923.954745
Feature norm: 184.728555
Error norm: 176.000955
Active features: 3885
Line search trials: 1
Line search step: 1.000000
Seconds required for this iteration: 2428.540

***** Iteration #72 *****
Loss: 105836.784197
Feature norm: 186.469068
Error norm: 300.612502
Active features: 3885
Line search trials: 1
Line search step: 1.000000
Seconds required for this iteration: 2418.970

***** Iteration #73 *****
Loss: 105802.286784
Feature norm: 186.124671
Error norm: 137.434321
Active features: 3885
Line search trials: 1
Line search step: 1.000000
Seconds required for this iteration: 2417.740

***** Iteration #74 *****
Loss: 105782.308439
Feature norm: 185.544664
Error norm: 96.762684
Active features: 3885
Line search trials: 1
Line search step: 1.000000
Seconds required for this iteration: 2412.480

***** Iteration #75 *****
Loss: 105747.560992
Feature norm: 184.544275
Error norm: 137.946010
Active features: 3885
Line search trials: 1
Line search step: 1.000000
Seconds required for this iteration: 2396.360

***** Iteration #76 *****
Loss: 105724.528934
Feature norm: 184.945590
Error norm: 79.792138
Active features: 3885
Line search trials: 1
Line search step: 1.000000
Seconds required for this iteration: 2414.630

***** Iteration #77 *****
Loss: 105702.570719
Feature norm: 185.793445
Error norm: 80.941330
Active features: 3885
Line search trials: 1
Line search step: 1.000000
Seconds required for this iteration: 2433.790

***** Iteration #78 *****
Loss: 105671.678160
Feature norm: 186.281367
Error norm: 158.923610
Active features: 3885
Line search trials: 1
Line search step: 1.000000
Seconds required for this iteration: 2435.750

***** Iteration #79 *****
Loss: 105658.423444
Feature norm: 186.490758
Error norm: 66.714253
Active features: 3885
Line search trials: 1
Line search step: 1.000000
Seconds required for this iteration: 2412.240

***** Iteration #80 *****
Loss: 105649.638257
Feature norm: 186.588440
Error norm: 60.501887
Active features: 3885
Line search trials: 1
Line search step: 1.000000
Seconds required for this iteration: 2432.030

***** Iteration #81 *****
Loss: 105636.884783
Feature norm: 186.872332
Error norm: 52.225915
Active features: 3885
Line search trials: 1
Line search step: 1.000000
Seconds required for this iteration: 2435.480

***** Iteration #82 *****
Loss: 105630.292041
Feature norm: 187.136053
Error norm: 44.520255
Active features: 3885
Line search trials: 1
Line search step: 1.000000
Seconds required for this iteration: 2426.860

***** Iteration #83 *****
Loss: 105622.135395
Feature norm: 187.556488
Error norm: 32.744304
Active features: 3885
Line search trials: 1
Line search step: 1.000000
Seconds required for this iteration: 2437.600

***** Iteration #84 *****
Loss: 105617.566566
Feature norm: 187.859510
Error norm: 33.158199
Active features: 3885
Line search trials: 1
Line search step: 1.000000
Seconds required for this iteration: 2416.850

***** Iteration #85 *****
Loss: 105613.210805
Feature norm: 187.997441
Error norm: 26.821301
Active features: 3885
Line search trials: 1
Line search step: 1.000000
Seconds required for this iteration: 2410.230

***** Iteration #86 *****
Loss: 105610.912952
Feature norm: 188.127376
Error norm: 32.470538
Active features: 3885
Line search trials: 1
Line search step: 1.000000
Seconds required for this iteration: 2427.670

***** Iteration #87 *****
Loss: 105608.765213
Feature norm: 188.100597
Error norm: 17.258445
Active features: 3885
Line search trials: 1
Line search step: 1.000000
Seconds required for this iteration: 2437.850

***** Iteration #88 *****
Loss: 105607.277792
Feature norm: 188.085624
Error norm: 21.630389
Active features: 3885
Line search trials: 1
Line search step: 1.000000
Seconds required for this iteration: 2436.760

***** Iteration #89 *****
Loss: 105605.514702
Feature norm: 188.133032
Error norm: 24.989036
Active features: 3885
Line search trials: 1
Line search step: 1.000000
Seconds required for this iteration: 2415.530

***** Iteration #90 *****
Loss: 105604.226540
Feature norm: 188.249134
Error norm: 23.018668
Active features: 3885
Line search trials: 1
Line search step: 1.000000
Seconds required for this iteration: 2421.120

***** Iteration #91 *****
Loss: 105603.518830
Feature norm: 188.301265
Error norm: 10.679882
Active features: 3885
Line search trials: 1
Line search step: 1.000000
Seconds required for this iteration: 2419.240

***** Iteration #92 *****
Loss: 105603.082797
Feature norm: 188.341552
Error norm: 11.187936
Active features: 3885
Line search trials: 1
Line search step: 1.000000
Seconds required for this iteration: 2411.320

***** Iteration #93 *****
Loss: 105602.553912
Feature norm: 188.382457
Error norm: 11.248439
Active features: 3885
Line search trials: 1
Line search step: 1.000000
Seconds required for this iteration: 2422.300

***** Iteration #94 *****
Loss: 105601.838040
Feature norm: 188.434192
Error norm: 14.415134
Active features: 3885
Line search trials: 1
Line search step: 1.000000
Seconds required for this iteration: 2401.290

***** Iteration #95 *****
Loss: 105601.269977
Feature norm: 188.465608
Error norm: 12.497342
Active features: 3885
Line search trials: 1
Line search step: 1.000000
Seconds required for this iteration: 2427.910

***** Iteration #96 *****
Loss: 105600.879649
Feature norm: 188.466996
Error norm: 7.185021
Active features: 3885
Line search trials: 1
Line search step: 1.000000
Seconds required for this iteration: 2430.910

***** Iteration #97 *****
Loss: 105600.632476
Feature norm: 188.472477
Error norm: 7.736536
Active features: 3885
Line search trials: 1
Line search step: 1.000000
Seconds required for this iteration: 2417.530

***** Iteration #98 *****
Loss: 105600.561916
Feature norm: 188.480754
Error norm: 12.179934
Active features: 3885
Line search trials: 1
Line search step: 1.000000
Seconds required for this iteration: 2435.210

***** Iteration #99 *****
Loss: 105600.425031
Feature norm: 188.486301
Error norm: 5.794125
Active features: 3885
Line search trials: 1
Line search step: 1.000000
Seconds required for this iteration: 2428.960

***** Iteration #100 *****
Loss: 105600.290083
Feature norm: 188.500452
Error norm: 6.168661
Active features: 3885
Line search trials: 1
Line search step: 1.000000
Seconds required for this iteration: 2422.690

***** Iteration #101 *****
Loss: 105600.168246
Feature norm: 188.517060
Error norm: 6.520362
Active features: 3885
Line search trials: 1
Line search step: 1.000000
Seconds required for this iteration: 2428.360

***** Iteration #102 *****
Loss: 105599.977275
Feature norm: 188.538450
Error norm: 6.396726
Active features: 3885
Line search trials: 1
Line search step: 1.000000
Seconds required for this iteration: 2428.810

***** Iteration #103 *****
Loss: 105599.915570
Feature norm: 188.545425
Error norm: 5.444875
Active features: 3885
Line search trials: 2
Line search step: 0.278282
Seconds required for this iteration: 4831.090

***** Iteration #104 *****
Loss: 105599.853653
Feature norm: 188.549283
Error norm: 3.300678
Active features: 3885
Line search trials: 1
Line search step: 1.000000
Seconds required for this iteration: 2428.850

***** Iteration #105 *****
Loss: 105599.798277
Feature norm: 188.552691
Error norm: 3.148698
Active features: 3885
Line search trials: 1
Line search step: 1.000000
Seconds required for this iteration: 2409.980

***** Iteration #106 *****
Loss: 105599.744487
Feature norm: 188.558698
Error norm: 2.474346
Active features: 3885
Line search trials: 1
Line search step: 1.000000
Seconds required for this iteration: 2420.780

***** Iteration #107 *****
Loss: 105599.727310
Feature norm: 188.561514
Error norm: 4.542012
Active features: 3885
Line search trials: 2
Line search step: 0.327616
Seconds required for this iteration: 4845.370

L-BFGS terminated with the stopping criteria
Total seconds required for training: 432247.710

Storing the model
Number of active features: 3885 (3885)
Number of active attributes: 0 (0)
Number of active labels: 2797 (2797)
Writing labels
Writing attributes
Writing feature references for transitions
Writing feature references for attributes
Seconds required: 0.010

End time of the training: 2013-12-25T01:14:15Z

