CRFSuite 0.12  Copyright (c) 2007-2011 Naoaki Okazaki

Start time of the training: 2013-12-19T06:05:02Z

Reading the data set(s)
[1] /home/gdifolco/ps11/dataset/21_labled_inst/amazon.fr/_alimentation
0....1....2....3....4....5....6....7....8....9....10
Number of instances: 1
Seconds required: 0.000
[2] /home/gdifolco/ps11/dataset/21_labled_inst/amazon.fr/_gps
0....1....2....3....4....5....6....7....8....9....10
Number of instances: 1
Seconds required: 0.000
[3] /home/gdifolco/ps11/dataset/21_labled_inst/amazon.fr/_guirlandes
0....1....2....3....4....5....6....7....8....9....10
Number of instances: 1
Seconds required: 0.000
[4] /home/gdifolco/ps11/dataset/21_labled_inst/amazon.fr/_lampeplafon
0....1....2....3....4....5....6....7....8....9....10
Number of instances: 1
Seconds required: 0.000
[5] /home/gdifolco/ps11/dataset/21_labled_inst/amazon.fr/_nvidia
0....1....2....3....4....5....6....7....8....9....10
Number of instances: 1
Seconds required: 0.010
[6] /home/gdifolco/ps11/dataset/21_labled_inst/amazon.fr/_perceuse
0....1....2....3....4....5....6....7....8....9....10
Number of instances: 1
Seconds required: 0.000
[7] /home/gdifolco/ps11/dataset/21_labled_inst/amazon.fr/_playmobil
0....1....2....3....4....5....6....7....8....9....10
Number of instances: 1
Seconds required: 0.000
[8] /home/gdifolco/ps11/dataset/21_labled_inst/amazon.fr/_screen
0....1....2....3....4....5....6....7....8....9....10
Number of instances: 1
Seconds required: 0.000
[9] /home/gdifolco/ps11/dataset/21_labled_inst/amazon.fr/_tbbt
0....1....2....3....4....5....6....7....8....9....10
Number of instances: 1
Seconds required: 0.000
[10] /home/gdifolco/ps11/dataset/21_labled_inst/amazon.fr/_visseuse
0....1....2....3....4....5....6....7....8....9....10
Number of instances: 1
Seconds required: 0.010
[11] /home/gdifolco/ps11/dataset/21_labled_inst/ldlc/_acquisition
0....1....2....3....4....5....6....7....8....9....10
Number of instances: 1
Seconds required: 0.000
[12] /home/gdifolco/ps11/dataset/21_labled_inst/ldlc/_asustorserver
0....1....2....3....4....5....6....7....8....9....10
Number of instances: 1
Seconds required: 0.000
[13] /home/gdifolco/ps11/dataset/21_labled_inst/ldlc/_camera
0....1....2....3....4....5....6....7....8....9....10
Number of instances: 1
Seconds required: 0.000
[14] /home/gdifolco/ps11/dataset/21_labled_inst/ldlc/_cao
0....1....2....3....4....5....6....7....8....9....10
Number of instances: 1
Seconds required: 0.000
[15] /home/gdifolco/ps11/dataset/21_labled_inst/ldlc/_cpu
0....1....2....3....4....5....6....7....8....9....10
Number of instances: 1
Seconds required: 0.000
[16] /home/gdifolco/ps11/dataset/21_labled_inst/ldlc/_dongle
0....1....2....3....4....5....6....7....8....9....10
Number of instances: 1
Seconds required: 0.000
[17] /home/gdifolco/ps11/dataset/21_labled_inst/ldlc/_keyboard
0....1....2....3....4....5....6....7....8....9....10
Number of instances: 1
Seconds required: 0.010
[18] /home/gdifolco/ps11/dataset/21_labled_inst/ldlc/_padcleaner
0....1....2....3....4....5....6....7....8....9....10
Number of instances: 1
Seconds required: 0.000
[19] /home/gdifolco/ps11/dataset/21_labled_inst/ldlc/_ventilateur
0....1....2....3....4....5....6....7....8....9....10
Number of instances: 1
Seconds required: 0.000
[20] /home/gdifolco/ps11/dataset/21_labled_inst/ldlc/_wifi
0....1....2....3....4....5....6....7....8....9....10
Number of instances: 1
Seconds required: 0.000
[21] /home/gdifolco/ps11/dataset/21_labled_inst/rueducommerce/_batterie
0....1....2....3....4....5....6....7....8....9....10
Number of instances: 1
Seconds required: 0.000
[22] /home/gdifolco/ps11/dataset/21_labled_inst/rueducommerce/_cables
0....1....2....3....4....5....6....7....8....9....10
Number of instances: 1
Seconds required: 0.000
[23] /home/gdifolco/ps11/dataset/21_labled_inst/rueducommerce/_clim
0....1....2....3....4....5....6....7....8....9....10
Number of instances: 1
Seconds required: 0.000
[24] /home/gdifolco/ps11/dataset/21_labled_inst/rueducommerce/_coffre
0....1....2....3....4....5....6....7....8....9....10
Number of instances: 1
Seconds required: 0.010
[25] /home/gdifolco/ps11/dataset/21_labled_inst/rueducommerce/_gazon
0....1....2....3....4....5....6....7....8....9....10
Number of instances: 1
Seconds required: 0.000
[26] /home/gdifolco/ps11/dataset/21_labled_inst/rueducommerce/_pates
0....1....2....3....4....5....6....7....8....9....10
Number of instances: 1
Seconds required: 0.000
[27] /home/gdifolco/ps11/dataset/21_labled_inst/rueducommerce/_rafraichisseur
0....1....2....3....4....5....6....7....8....9....10
Number of instances: 1
Seconds required: 0.010
[28] /home/gdifolco/ps11/dataset/21_labled_inst/rueducommerce/_saveur
0....1....2....3....4....5....6....7....8....9....10
Number of instances: 1
Seconds required: 0.000
[29] /home/gdifolco/ps11/dataset/21_labled_inst/rueducommerce/_scie
0....1....2....3....4....5....6....7....8....9....10
Number of instances: 1
Seconds required: 0.000
[30] /home/gdifolco/ps11/dataset/21_labled_inst/rueducommerce/_valve
0....1....2....3....4....5....6....7....8....9....10
Number of instances: 1
Seconds required: 0.000
[31] /home/gdifolco/ps11/dataset/21_labled_inst/carrefour/_albain
0....1....2....3....4....5....6....7....8....9....10
Number of instances: 1
Seconds required: 0.000
[32] /home/gdifolco/ps11/dataset/21_labled_inst/carrefour/_atelier
0....1....2....3....4....5....6....7....8....9....10
Number of instances: 1
Seconds required: 0.000
[33] /home/gdifolco/ps11/dataset/21_labled_inst/carrefour/_canape
0....1....2....3....4....5....6....7....8....9....10
Number of instances: 1
Seconds required: 0.000
[34] /home/gdifolco/ps11/dataset/21_labled_inst/carrefour/_cod
0....1....2....3....4....5....6....7....8....9....10
Number of instances: 1
Seconds required: 0.000
[35] /home/gdifolco/ps11/dataset/21_labled_inst/carrefour/_draps
0....1....2....3....4....5....6....7....8....9....10
Number of instances: 1
Seconds required: 0.000
[36] /home/gdifolco/ps11/dataset/21_labled_inst/carrefour/_etagere
0....1....2....3....4....5....6....7....8....9....10
Number of instances: 1
Seconds required: 0.000
[37] /home/gdifolco/ps11/dataset/21_labled_inst/carrefour/_gijoe
0....1....2....3....4....5....6....7....8....9....10
Number of instances: 1
Seconds required: 0.000
[38] /home/gdifolco/ps11/dataset/21_labled_inst/carrefour/_hasbro
0....1....2....3....4....5....6....7....8....9....10
Number of instances: 1
Seconds required: 0.000
[39] /home/gdifolco/ps11/dataset/21_labled_inst/carrefour/_jumelle
0....1....2....3....4....5....6....7....8....9....10
Number of instances: 1
Seconds required: 0.000
[40] /home/gdifolco/ps11/dataset/21_labled_inst/carrefour/_kangui
0....1....2....3....4....5....6....7....8....9....10
Number of instances: 1
Seconds required: 0.000

Statistics the data set(s)
Number of data sets (groups): 40
Number of instances: 40
Number of items: 21691
Number of attributes: 0
Number of labels: 2797

Feature generation
type: CRF1d
feature.minfreq: 0.000000
feature.possible_states: 0
feature.possible_transitions: 0
0....1....2....3....4....5....6....7....8....9....10
Number of features: 3885
Seconds required: 0.010

L-BFGS optimization
c1: 0.000000
c2: 1.000000
num_memories: 6
max_iterations: 2147483647
epsilon: 0.000010
stop: 10
delta: 0.000010
linesearch: MoreThuente
linesearch.max_iterations: 20

***** Iteration #1 *****
Loss: 149661.710389
Feature norm: 34.198137
Error norm: 619.283659
Active features: 3885
Line search trials: 9
Line search step: 0.049398
Seconds required for this iteration: 12580.140

***** Iteration #2 *****
Loss: 144622.316630
Feature norm: 42.602214
Error norm: 573.564118
Active features: 3885
Line search trials: 7
Line search step: 0.028620
Seconds required for this iteration: 8807.410

***** Iteration #3 *****
Loss: 142769.236361
Feature norm: 45.962353
Error norm: 689.230541
Active features: 3885
Line search trials: 5
Line search step: 0.026369
Seconds required for this iteration: 6291.460

***** Iteration #4 *****
Loss: 141572.324435
Feature norm: 49.786707
Error norm: 17125.678028
Active features: 3885
Line search trials: 2
Line search step: 0.121030
Seconds required for this iteration: 2516.110

***** Iteration #5 *****
Loss: 138612.763964
Feature norm: 56.284937
Error norm: 3440.756858
Active features: 3885
Line search trials: 2
Line search step: 0.049572
Seconds required for this iteration: 2517.410

***** Iteration #6 *****
Loss: 138317.285651
Feature norm: 57.082073
Error norm: 2907.236713
Active features: 3885
Line search trials: 2
Line search step: 0.126090
Seconds required for this iteration: 2516.630

***** Iteration #7 *****
Loss: 137505.422290
Feature norm: 58.015008
Error norm: 2490.016523
Active features: 3885
Line search trials: 2
Line search step: 0.310228
Seconds required for this iteration: 2513.880

***** Iteration #8 *****
Loss: 137116.842431
Feature norm: 58.859799
Error norm: 2305.507355
Active features: 3885
Line search trials: 2
Line search step: 0.059732
Seconds required for this iteration: 2515.860

***** Iteration #9 *****
Loss: 136375.793086
Feature norm: 60.694776
Error norm: 13492.916341
Active features: 3885
Line search trials: 2
Line search step: 0.186296
Seconds required for this iteration: 2516.360

***** Iteration #10 *****
Loss: 134835.188311
Feature norm: 62.571514
Error norm: 7887.475816
Active features: 3885
Line search trials: 4
Line search step: 0.135109
Seconds required for this iteration: 5029.440

***** Iteration #11 *****
Loss: 134387.095538
Feature norm: 63.569843
Error norm: 5209.138306
Active features: 3885
Line search trials: 2
Line search step: 0.048926
Seconds required for this iteration: 2515.680

***** Iteration #12 *****
Loss: 133976.472300
Feature norm: 63.767128
Error norm: 2693.533168
Active features: 3885
Line search trials: 1
Line search step: 1.000000
Seconds required for this iteration: 1256.490

***** Iteration #13 *****
Loss: 132534.407519
Feature norm: 66.458461
Error norm: 7367.316609
Active features: 3885
Line search trials: 1
Line search step: 1.000000
Seconds required for this iteration: 1256.550

***** Iteration #14 *****
Loss: 132185.644625
Feature norm: 66.899831
Error norm: 5496.923930
Active features: 3885
Line search trials: 2
Line search step: 0.037503
Seconds required for this iteration: 2516.930

***** Iteration #15 *****
Loss: 132015.782940
Feature norm: 67.247926
Error norm: 4927.873483
Active features: 3885
Line search trials: 4
Line search step: 0.058943
Seconds required for this iteration: 5031.700

***** Iteration #16 *****
Loss: 131915.715329
Feature norm: 67.490350
Error norm: 4593.816334
Active features: 3885
Line search trials: 2
Line search step: 0.104829
Seconds required for this iteration: 2513.920

***** Iteration #17 *****
Loss: 131087.771411
Feature norm: 69.415046
Error norm: 7309.273190
Active features: 3885
Line search trials: 1
Line search step: 1.000000
Seconds required for this iteration: 1256.750

***** Iteration #18 *****
Loss: 130998.822918
Feature norm: 69.588853
Error norm: 5500.660851
Active features: 3885
Line search trials: 3
Line search step: 0.022019
Seconds required for this iteration: 3775.650

***** Iteration #19 *****
Loss: 130814.091346
Feature norm: 69.557011
Error norm: 2142.253697
Active features: 3885
Line search trials: 1
Line search step: 1.000000
Seconds required for this iteration: 1258.180

***** Iteration #20 *****
Loss: 130570.640515
Feature norm: 70.493273
Error norm: 9324.899591
Active features: 3885
Line search trials: 1
Line search step: 1.000000
Seconds required for this iteration: 1258.210

***** Iteration #21 *****
Loss: 129834.424644
Feature norm: 71.663966
Error norm: 2885.069902
Active features: 3885
Line search trials: 1
Line search step: 1.000000
Seconds required for this iteration: 1258.130

***** Iteration #22 *****
Loss: 127639.447971
Feature norm: 77.881873
Error norm: 756.803228
Active features: 3885
Line search trials: 1
Line search step: 1.000000
Seconds required for this iteration: 1258.180

***** Iteration #23 *****
Loss: 127544.339743
Feature norm: 78.277644
Error norm: 814.820861
Active features: 3885
Line search trials: 2
Line search step: 0.038625
Seconds required for this iteration: 2517.650

***** Iteration #24 *****
Loss: 127253.830037
Feature norm: 79.439539
Error norm: 840.400299
Active features: 3885
Line search trials: 2
Line search step: 0.210304
Seconds required for this iteration: 2516.250

***** Iteration #25 *****
Loss: 126494.700664
Feature norm: 82.896163
Error norm: 1246.361065
Active features: 3885
Line search trials: 2
Line search step: 0.472439
Seconds required for this iteration: 2516.360

***** Iteration #26 *****
Loss: 125909.848375
Feature norm: 85.132530
Error norm: 1361.185009
Active features: 3885
Line search trials: 2
Line search step: 0.362101
Seconds required for this iteration: 2515.660

***** Iteration #27 *****
Loss: 125175.438422
Feature norm: 87.294376
Error norm: 1038.304374
Active features: 3885
Line search trials: 2
Line search step: 0.406166
Seconds required for this iteration: 2512.940

***** Iteration #28 *****
Loss: 124731.309318
Feature norm: 88.005345
Error norm: 836.400706
Active features: 3885
Line search trials: 2
Line search step: 0.259306
Seconds required for this iteration: 2513.110

***** Iteration #29 *****
Loss: 124218.796746
Feature norm: 89.748072
Error norm: 826.380135
Active features: 3885
Line search trials: 2
Line search step: 0.234003
Seconds required for this iteration: 2514.060

***** Iteration #30 *****
Loss: 123921.816186
Feature norm: 90.458231
Error norm: 738.315126
Active features: 3885
Line search trials: 2
Line search step: 0.095658
Seconds required for this iteration: 2514.070

***** Iteration #31 *****
Loss: 123370.969868
Feature norm: 92.094153
Error norm: 724.795211
Active features: 3885
Line search trials: 4
Line search step: 0.127707
Seconds required for this iteration: 5030.880

***** Iteration #32 *****
Loss: 122502.130864
Feature norm: 94.602550
Error norm: 659.455000
Active features: 3885
Line search trials: 4
Line search step: 0.141575
Seconds required for this iteration: 5026.520

***** Iteration #33 *****
Loss: 121776.606492
Feature norm: 96.673697
Error norm: 1484.991063
Active features: 3885
Line search trials: 2
Line search step: 0.118585
Seconds required for this iteration: 2517.160

***** Iteration #34 *****
Loss: 120976.855591
Feature norm: 99.686452
Error norm: 2014.323456
Active features: 3885
Line search trials: 2
Line search step: 0.134389
Seconds required for this iteration: 2521.510

***** Iteration #35 *****
Loss: 120432.243816
Feature norm: 101.130386
Error norm: 1201.358495
Active features: 3885
Line search trials: 2
Line search step: 0.126822
Seconds required for this iteration: 2518.080

***** Iteration #36 *****
Loss: 120053.349758
Feature norm: 105.831744
Error norm: 7133.022214
Active features: 3885
Line search trials: 1
Line search step: 1.000000
Seconds required for this iteration: 1258.430

***** Iteration #37 *****
Loss: 119560.133709
Feature norm: 106.437689
Error norm: 3727.755203
Active features: 3885
Line search trials: 2
Line search step: 0.248531
Seconds required for this iteration: 4372.490

***** Iteration #38 *****
Loss: 119269.658273
Feature norm: 104.218744
Error norm: 1034.224894
Active features: 3885
Line search trials: 1
Line search step: 1.000000
Seconds required for this iteration: 2404.830

***** Iteration #39 *****
Loss: 118776.137373
Feature norm: 105.596048
Error norm: 891.584027
Active features: 3885
Line search trials: 1
Line search step: 1.000000
Seconds required for this iteration: 2419.450

***** Iteration #40 *****
Loss: 117910.004537
Feature norm: 108.833538
Error norm: 2316.029024
Active features: 3885
Line search trials: 2
Line search step: 0.446775
Seconds required for this iteration: 4846.260

***** Iteration #41 *****
Loss: 117102.104694
Feature norm: 111.057163
Error norm: 1632.343204
Active features: 3885
Line search trials: 2
Line search step: 0.261772
Seconds required for this iteration: 4809.820

***** Iteration #42 *****
Loss: 116676.054794
Feature norm: 112.652777
Error norm: 1605.009076
Active features: 3885
Line search trials: 2
Line search step: 0.100031
Seconds required for this iteration: 4852.410

***** Iteration #43 *****
Loss: 116338.129458
Feature norm: 114.112462
Error norm: 1554.894809
Active features: 3885
Line search trials: 2
Line search step: 0.080641
Seconds required for this iteration: 4840.750

***** Iteration #44 *****
Loss: 116040.409272
Feature norm: 115.419931
Error norm: 1170.248915
Active features: 3885
Line search trials: 2
Line search step: 0.170321
Seconds required for this iteration: 4826.640

***** Iteration #45 *****
Loss: 115437.054426
Feature norm: 119.522967
Error norm: 1638.473298
Active features: 3885
Line search trials: 1
Line search step: 1.000000
Seconds required for this iteration: 2408.420

***** Iteration #46 *****
Loss: 114978.244672
Feature norm: 120.920437
Error norm: 813.050745
Active features: 3885
Line search trials: 1
Line search step: 1.000000
Seconds required for this iteration: 2415.240

***** Iteration #47 *****
Loss: 114663.226495
Feature norm: 118.275573
Error norm: 402.522106
Active features: 3885
Line search trials: 1
Line search step: 1.000000
Seconds required for this iteration: 2415.430

***** Iteration #48 *****
Loss: 114041.382425
Feature norm: 120.600629
Error norm: 345.995792
Active features: 3885
Line search trials: 1
Line search step: 1.000000
Seconds required for this iteration: 2401.380

***** Iteration #49 *****
Loss: 113688.577969
Feature norm: 122.215407
Error norm: 335.400086
Active features: 3885
Line search trials: 2
Line search step: 0.109167
Seconds required for this iteration: 4815.270

***** Iteration #50 *****
Loss: 112662.145523
Feature norm: 127.116307
Error norm: 340.318587
Active features: 3885
Line search trials: 2
Line search step: 0.226985
Seconds required for this iteration: 4821.710

***** Iteration #51 *****
Loss: 112073.434113
Feature norm: 129.885061
Error norm: 326.723421
Active features: 3885
Line search trials: 2
Line search step: 0.113076
Seconds required for this iteration: 4852.970

***** Iteration #52 *****
Loss: 111516.053926
Feature norm: 132.791893
Error norm: 338.347030
Active features: 3885
Line search trials: 2
Line search step: 0.082974
Seconds required for this iteration: 4834.030

***** Iteration #53 *****
Loss: 110653.802659
Feature norm: 137.310204
Error norm: 318.069458
Active features: 3885
Line search trials: 2
Line search step: 0.126238
Seconds required for this iteration: 4807.420

***** Iteration #54 *****
Loss: 109979.568852
Feature norm: 141.364344
Error norm: 298.864893
Active features: 3885
Line search trials: 2
Line search step: 0.124860
Seconds required for this iteration: 4815.170

***** Iteration #55 *****
Loss: 109535.032786
Feature norm: 144.141958
Error norm: 317.391036
Active features: 3885
Line search trials: 4
Line search step: 0.075991
Seconds required for this iteration: 9664.130

***** Iteration #56 *****
Loss: 109204.936631
Feature norm: 146.332778
Error norm: 278.995341
Active features: 3885
Line search trials: 2
Line search step: 0.067186
Seconds required for this iteration: 4836.490

***** Iteration #57 *****
Loss: 108355.927292
Feature norm: 153.671840
Error norm: 1400.255993
Active features: 3885
Line search trials: 4
Line search step: 0.239160
Seconds required for this iteration: 9682.870

***** Iteration #58 *****
Loss: 108260.701094
Feature norm: 154.529081
Error norm: 668.045465
Active features: 3885
Line search trials: 2
Line search step: 0.029651
Seconds required for this iteration: 4839.150

***** Iteration #59 *****
Loss: 108214.822369
Feature norm: 155.145862
Error norm: 719.154949
Active features: 3885
Line search trials: 2
Line search step: 0.069263
Seconds required for this iteration: 4854.060

***** Iteration #60 *****
Loss: 107878.965827
Feature norm: 159.088270
Error norm: 573.927099
Active features: 3885
Line search trials: 2
Line search step: 0.509348
Seconds required for this iteration: 4818.950

***** Iteration #61 *****
Loss: 107499.093871
Feature norm: 168.362528
Error norm: 556.811641
Active features: 3885
Line search trials: 1
Line search step: 1.000000
Seconds required for this iteration: 2415.650

***** Iteration #62 *****
Loss: 107162.210042
Feature norm: 168.194003
Error norm: 263.776569
Active features: 3885
Line search trials: 1
Line search step: 1.000000
Seconds required for this iteration: 2412.520

***** Iteration #63 *****
Loss: 106882.764759
Feature norm: 170.243499
Error norm: 201.842939
Active features: 3885
Line search trials: 1
Line search step: 1.000000
Seconds required for this iteration: 2421.850

***** Iteration #64 *****
Loss: 106358.380496
Feature norm: 177.843710
Error norm: 471.610861
Active features: 3885
Line search trials: 1
Line search step: 1.000000
Seconds required for this iteration: 2415.640

***** Iteration #65 *****
Loss: 106219.688073
Feature norm: 179.767333
Error norm: 234.391299
Active features: 3885
Line search trials: 2
Line search step: 0.406202
Seconds required for this iteration: 4850.940

***** Iteration #66 *****
Loss: 106126.734291
Feature norm: 177.971458
Error norm: 180.029151
Active features: 3885
Line search trials: 1
Line search step: 1.000000
Seconds required for this iteration: 2418.710

***** Iteration #67 *****
Loss: 106062.576017
Feature norm: 178.460894
Error norm: 137.165457
Active features: 3885
Line search trials: 2
Line search step: 0.235055
Seconds required for this iteration: 4830.320

***** Iteration #68 *****
Loss: 105988.785571
Feature norm: 179.385808
Error norm: 148.105125
Active features: 3885
Line search trials: 2
Line search step: 0.407503
Seconds required for this iteration: 4825.220

***** Iteration #69 *****
Loss: 105879.917434
Feature norm: 183.872651
Error norm: 373.598371
Active features: 3885
Line search trials: 1
Line search step: 1.000000
Seconds required for this iteration: 2406.190

***** Iteration #70 *****
Loss: 105847.622796
Feature norm: 184.485856
Error norm: 154.307102
Active features: 3885
Line search trials: 2
Line search step: 0.428097
Seconds required for this iteration: 4815.340

***** Iteration #71 *****
Loss: 105815.449232
Feature norm: 183.145868
Error norm: 102.003405
Active features: 3885
Line search trials: 1
Line search step: 1.000000
Seconds required for this iteration: 2429.990

***** Iteration #72 *****
Loss: 105763.030629
Feature norm: 183.900984
Error norm: 175.830922
Active features: 3885
Line search trials: 1
Line search step: 1.000000
Seconds required for this iteration: 2410.110

***** Iteration #73 *****
Loss: 105721.392277
Feature norm: 185.180756
Error norm: 93.127778
Active features: 3885
Line search trials: 1
Line search step: 1.000000
Seconds required for this iteration: 2416.660

***** Iteration #74 *****
Loss: 105707.529893
Feature norm: 185.390444
Error norm: 77.056488
Active features: 3885
Line search trials: 1
Line search step: 1.000000
Seconds required for this iteration: 2404.440

***** Iteration #75 *****
Loss: 105674.415940
Feature norm: 185.798150
Error norm: 55.100477
Active features: 3885
Line search trials: 1
Line search step: 1.000000
Seconds required for this iteration: 2412.980

***** Iteration #76 *****
Loss: 105652.838557
Feature norm: 187.239434
Error norm: 85.759250
Active features: 3885
Line search trials: 1
Line search step: 1.000000
Seconds required for this iteration: 2417.120

***** Iteration #77 *****
Loss: 105638.932042
Feature norm: 187.965122
Error norm: 44.742441
Active features: 3885
Line search trials: 1
Line search step: 1.000000
Seconds required for this iteration: 2412.520

***** Iteration #78 *****
Loss: 105631.445659
Feature norm: 188.385768
Error norm: 34.693573
Active features: 3885
Line search trials: 1
Line search step: 1.000000
Seconds required for this iteration: 2415.120

***** Iteration #79 *****
Loss: 105624.853191
Feature norm: 188.950709
Error norm: 45.989849
Active features: 3885
Line search trials: 1
Line search step: 1.000000
Seconds required for this iteration: 2410.260

***** Iteration #80 *****
Loss: 105619.928141
Feature norm: 189.220713
Error norm: 54.091891
Active features: 3885
Line search trials: 1
Line search step: 1.000000
Seconds required for this iteration: 2422.050

***** Iteration #81 *****
Loss: 105615.792259
Feature norm: 189.020973
Error norm: 37.479251
Active features: 3885
Line search trials: 1
Line search step: 1.000000
Seconds required for this iteration: 2410.560

***** Iteration #82 *****
Loss: 105611.753673
Feature norm: 188.717586
Error norm: 34.177798
Active features: 3885
Line search trials: 1
Line search step: 1.000000
Seconds required for this iteration: 2420.150

***** Iteration #83 *****
Loss: 105610.444150
Feature norm: 188.795553
Error norm: 19.010390
Active features: 3885
Line search trials: 1
Line search step: 1.000000
Seconds required for this iteration: 2417.890

***** Iteration #84 *****
Loss: 105609.037571
Feature norm: 188.888807
Error norm: 18.345498
Active features: 3885
Line search trials: 1
Line search step: 1.000000
Seconds required for this iteration: 2406.640

***** Iteration #85 *****
Loss: 105607.364049
Feature norm: 188.917005
Error norm: 18.250651
Active features: 3885
Line search trials: 1
Line search step: 1.000000
Seconds required for this iteration: 2410.210

***** Iteration #86 *****
Loss: 105605.005419
Feature norm: 188.724078
Error norm: 24.308187
Active features: 3885
Line search trials: 1
Line search step: 1.000000
Seconds required for this iteration: 2430.680

***** Iteration #87 *****
Loss: 105603.948364
Feature norm: 188.652665
Error norm: 18.017498
Active features: 3885
Line search trials: 1
Line search step: 1.000000
Seconds required for this iteration: 2394.840

***** Iteration #88 *****
Loss: 105603.452160
Feature norm: 188.583589
Error norm: 10.744025
Active features: 3885
Line search trials: 1
Line search step: 1.000000
Seconds required for this iteration: 2426.820

***** Iteration #89 *****
Loss: 105602.935468
Feature norm: 188.482651
Error norm: 9.356629
Active features: 3885
Line search trials: 1
Line search step: 1.000000
Seconds required for this iteration: 2420.830

***** Iteration #90 *****
Loss: 105602.506787
Feature norm: 188.325055
Error norm: 17.993784
Active features: 3885
Line search trials: 1
Line search step: 1.000000
Seconds required for this iteration: 2415.860

***** Iteration #91 *****
Loss: 105601.956934
Feature norm: 188.285045
Error norm: 8.307967
Active features: 3885
Line search trials: 1
Line search step: 1.000000
Seconds required for this iteration: 2424.790

***** Iteration #92 *****
Loss: 105601.526250
Feature norm: 188.309441
Error norm: 9.908257
Active features: 3885
Line search trials: 1
Line search step: 1.000000
Seconds required for this iteration: 2421.670

***** Iteration #93 *****
Loss: 105601.043344
Feature norm: 188.340832
Error norm: 9.957261
Active features: 3885
Line search trials: 1
Line search step: 1.000000
Seconds required for this iteration: 2435.400

***** Iteration #94 *****
Loss: 105600.500154
Feature norm: 188.365650
Error norm: 8.649678
Active features: 3885
Line search trials: 1
Line search step: 1.000000
Seconds required for this iteration: 2419.740

***** Iteration #95 *****
Loss: 105600.365819
Feature norm: 188.383879
Error norm: 8.745630
Active features: 3885
Line search trials: 2
Line search step: 0.355700
Seconds required for this iteration: 4834.430

***** Iteration #96 *****
Loss: 105600.211000
Feature norm: 188.397209
Error norm: 4.826905
Active features: 3885
Line search trials: 1
Line search step: 1.000000
Seconds required for this iteration: 2416.070

***** Iteration #97 *****
Loss: 105600.093479
Feature norm: 188.418831
Error norm: 4.963922
Active features: 3885
Line search trials: 1
Line search step: 1.000000
Seconds required for this iteration: 2416.690

***** Iteration #98 *****
Loss: 105599.999646
Feature norm: 188.448345
Error norm: 4.523577
Active features: 3885
Line search trials: 1
Line search step: 1.000000
Seconds required for this iteration: 2421.630

***** Iteration #99 *****
Loss: 105599.940806
Feature norm: 188.475106
Error norm: 4.094526
Active features: 3885
Line search trials: 1
Line search step: 1.000000
Seconds required for this iteration: 2412.130

***** Iteration #100 *****
Loss: 105599.897331
Feature norm: 188.481985
Error norm: 2.865468
Active features: 3885
Line search trials: 1
Line search step: 1.000000
Seconds required for this iteration: 2410.750

***** Iteration #101 *****
Loss: 105599.831775
Feature norm: 188.499309
Error norm: 3.392848
Active features: 3885
Line search trials: 1
Line search step: 1.000000
Seconds required for this iteration: 2415.140

***** Iteration #102 *****
Loss: 105599.781999
Feature norm: 188.526078
Error norm: 7.781142
Active features: 3885
Line search trials: 1
Line search step: 1.000000
Seconds required for this iteration: 2415.110

***** Iteration #103 *****
Loss: 105599.731209
Feature norm: 188.554585
Error norm: 2.981978
Active features: 3885
Line search trials: 1
Line search step: 1.000000
Seconds required for this iteration: 2426.790

***** Iteration #104 *****
Loss: 105599.713844
Feature norm: 188.557914
Error norm: 2.174911
Active features: 3885
Line search trials: 1
Line search step: 1.000000
Seconds required for this iteration: 2415.210

L-BFGS terminated with the stopping criteria
Total seconds required for training: 341012.750

Storing the model
Number of active features: 3885 (3885)
Number of active attributes: 0 (0)
Number of active labels: 2797 (2797)
Writing labels
Writing attributes
Writing feature references for transitions
Writing feature references for attributes
Seconds required: 0.000

End time of the training: 2013-12-23T05:52:34Z

