CRFSuite 0.12  Copyright (c) 2007-2011 Naoaki Okazaki

Start time of the training: 2013-12-20T07:38:37Z

Reading the data set(s)
[1] /home/gdifolco/ps11/dataset/21_labled_inst/amazon.fr/_alimentation
0....1....2....3....4....5....6....7....8....9....10
Number of instances: 1
Seconds required: 0.000
[2] /home/gdifolco/ps11/dataset/21_labled_inst/amazon.fr/_gps
0....1....2....3....4....5....6....7....8....9....10
Number of instances: 1
Seconds required: 0.000
[3] /home/gdifolco/ps11/dataset/21_labled_inst/amazon.fr/_guirlandes
0....1....2....3....4....5....6....7....8....9....10
Number of instances: 1
Seconds required: 0.000
[4] /home/gdifolco/ps11/dataset/21_labled_inst/amazon.fr/_lampeplafon
0....1....2....3....4....5....6....7....8....9....10
Number of instances: 1
Seconds required: 0.010
[5] /home/gdifolco/ps11/dataset/21_labled_inst/amazon.fr/_nvidia
0....1....2....3....4....5....6....7....8....9....10
Number of instances: 1
Seconds required: 0.000
[6] /home/gdifolco/ps11/dataset/21_labled_inst/amazon.fr/_perceuse
0....1....2....3....4....5....6....7....8....9....10
Number of instances: 1
Seconds required: 0.000
[7] /home/gdifolco/ps11/dataset/21_labled_inst/amazon.fr/_playmobil
0....1....2....3....4....5....6....7....8....9....10
Number of instances: 1
Seconds required: 0.010
[8] /home/gdifolco/ps11/dataset/21_labled_inst/amazon.fr/_screen
0....1....2....3....4....5....6....7....8....9....10
Number of instances: 1
Seconds required: 0.000
[9] /home/gdifolco/ps11/dataset/21_labled_inst/amazon.fr/_tbbt
0....1....2....3....4....5....6....7....8....9....10
Number of instances: 1
Seconds required: 0.000
[10] /home/gdifolco/ps11/dataset/21_labled_inst/amazon.fr/_visseuse
0....1....2....3....4....5....6....7....8....9....10
Number of instances: 1
Seconds required: 0.010
[11] /home/gdifolco/ps11/dataset/21_labled_inst/rueducommerce/_batterie
0....1....2....3....4....5....6....7....8....9....10
Number of instances: 1
Seconds required: 0.000
[12] /home/gdifolco/ps11/dataset/21_labled_inst/rueducommerce/_cables
0....1....2....3....4....5....6....7....8....9....10
Number of instances: 1
Seconds required: 0.000
[13] /home/gdifolco/ps11/dataset/21_labled_inst/rueducommerce/_clim
0....1....2....3....4....5....6....7....8....9....10
Number of instances: 1
Seconds required: 0.000
[14] /home/gdifolco/ps11/dataset/21_labled_inst/rueducommerce/_coffre
0....1....2....3....4....5....6....7....8....9....10
Number of instances: 1
Seconds required: 0.000
[15] /home/gdifolco/ps11/dataset/21_labled_inst/rueducommerce/_gazon
0....1....2....3....4....5....6....7....8....9....10
Number of instances: 1
Seconds required: 0.000
[16] /home/gdifolco/ps11/dataset/21_labled_inst/rueducommerce/_pates
0....1....2....3....4....5....6....7....8....9....10
Number of instances: 1
Seconds required: 0.010
[17] /home/gdifolco/ps11/dataset/21_labled_inst/rueducommerce/_rafraichisseur
0....1....2....3....4....5....6....7....8....9....10
Number of instances: 1
Seconds required: 0.000
[18] /home/gdifolco/ps11/dataset/21_labled_inst/rueducommerce/_saveur
0....1....2....3....4....5....6....7....8....9....10
Number of instances: 1
Seconds required: 0.000
[19] /home/gdifolco/ps11/dataset/21_labled_inst/rueducommerce/_scie
0....1....2....3....4....5....6....7....8....9....10
Number of instances: 1
Seconds required: 0.010
[20] /home/gdifolco/ps11/dataset/21_labled_inst/rueducommerce/_valve
0....1....2....3....4....5....6....7....8....9....10
Number of instances: 1
Seconds required: 0.010
[21] /home/gdifolco/ps11/dataset/21_labled_inst/carrefour/_albain
0....1....2....3....4....5....6....7....8....9....10
Number of instances: 1
Seconds required: 0.000
[22] /home/gdifolco/ps11/dataset/21_labled_inst/carrefour/_atelier
0....1....2....3....4....5....6....7....8....9....10
Number of instances: 1
Seconds required: 0.000
[23] /home/gdifolco/ps11/dataset/21_labled_inst/carrefour/_canape
0....1....2....3....4....5....6....7....8....9....10
Number of instances: 1
Seconds required: 0.000
[24] /home/gdifolco/ps11/dataset/21_labled_inst/carrefour/_cod
0....1....2....3....4....5....6....7....8....9....10
Number of instances: 1
Seconds required: 0.000
[25] /home/gdifolco/ps11/dataset/21_labled_inst/carrefour/_draps
0....1....2....3....4....5....6....7....8....9....10
Number of instances: 1
Seconds required: 0.000
[26] /home/gdifolco/ps11/dataset/21_labled_inst/carrefour/_etagere
0....1....2....3....4....5....6....7....8....9....10
Number of instances: 1
Seconds required: 0.000
[27] /home/gdifolco/ps11/dataset/21_labled_inst/carrefour/_gijoe
0....1....2....3....4....5....6....7....8....9....10
Number of instances: 1
Seconds required: 0.000
[28] /home/gdifolco/ps11/dataset/21_labled_inst/carrefour/_hasbro
0....1....2....3....4....5....6....7....8....9....10
Number of instances: 1
Seconds required: 0.000
[29] /home/gdifolco/ps11/dataset/21_labled_inst/carrefour/_jumelle
0....1....2....3....4....5....6....7....8....9....10
Number of instances: 1
Seconds required: 0.000
[30] /home/gdifolco/ps11/dataset/21_labled_inst/carrefour/_kangui
0....1....2....3....4....5....6....7....8....9....10
Number of instances: 1
Seconds required: 0.000
[31] /home/gdifolco/ps11/dataset/21_labled_inst/ldlc/_acquisition
0....1....2....3....4....5....6....7....8....9....10
Number of instances: 1
Seconds required: 0.010
[32] /home/gdifolco/ps11/dataset/21_labled_inst/ldlc/_asustorserver
0....1....2....3....4....5....6....7....8....9....10
Number of instances: 1
Seconds required: 0.000
[33] /home/gdifolco/ps11/dataset/21_labled_inst/ldlc/_camera
0....1....2....3....4....5....6....7....8....9....10
Number of instances: 1
Seconds required: 0.000
[34] /home/gdifolco/ps11/dataset/21_labled_inst/ldlc/_cao
0....1....2....3....4....5....6....7....8....9....10
Number of instances: 1
Seconds required: 0.000
[35] /home/gdifolco/ps11/dataset/21_labled_inst/ldlc/_cpu
0....1....2....3....4....5....6....7....8....9....10
Number of instances: 1
Seconds required: 0.010
[36] /home/gdifolco/ps11/dataset/21_labled_inst/ldlc/_dongle
0....1....2....3....4....5....6....7....8....9....10
Number of instances: 1
Seconds required: 0.000
[37] /home/gdifolco/ps11/dataset/21_labled_inst/ldlc/_keyboard
0....1....2....3....4....5....6....7....8....9....10
Number of instances: 1
Seconds required: 0.000
[38] /home/gdifolco/ps11/dataset/21_labled_inst/ldlc/_padcleaner
0....1....2....3....4....5....6....7....8....9....10
Number of instances: 1
Seconds required: 0.000
[39] /home/gdifolco/ps11/dataset/21_labled_inst/ldlc/_ventilateur
0....1....2....3....4....5....6....7....8....9....10
Number of instances: 1
Seconds required: 0.010
[40] /home/gdifolco/ps11/dataset/21_labled_inst/ldlc/_wifi
0....1....2....3....4....5....6....7....8....9....10
Number of instances: 1
Seconds required: 0.000

Statistics the data set(s)
Number of data sets (groups): 40
Number of instances: 40
Number of items: 21691
Number of attributes: 0
Number of labels: 2797

Feature generation
type: CRF1d
feature.minfreq: 0.000000
feature.possible_states: 0
feature.possible_transitions: 0
0....1....2....3....4....5....6....7....8....9....10
Number of features: 3885
Seconds required: 0.010

L-BFGS optimization
c1: 0.000000
c2: 1.000000
num_memories: 6
max_iterations: 2147483647
epsilon: 0.000010
stop: 10
delta: 0.000010
linesearch: MoreThuente
linesearch.max_iterations: 20

***** Iteration #1 *****
Loss: 149661.710389
Feature norm: 34.198137
Error norm: 619.283659
Active features: 3885
Line search trials: 9
Line search step: 0.049398
Seconds required for this iteration: 12392.270

***** Iteration #2 *****
Loss: 144622.316630
Feature norm: 42.602214
Error norm: 573.564118
Active features: 3885
Line search trials: 7
Line search step: 0.028620
Seconds required for this iteration: 8681.570

***** Iteration #3 *****
Loss: 142769.236361
Feature norm: 45.962353
Error norm: 689.230541
Active features: 3885
Line search trials: 5
Line search step: 0.026369
Seconds required for this iteration: 11889.650

***** Iteration #4 *****
Loss: 141572.324435
Feature norm: 49.786707
Error norm: 17125.678028
Active features: 3885
Line search trials: 2
Line search step: 0.121030
Seconds required for this iteration: 4821.090

***** Iteration #5 *****
Loss: 138612.763964
Feature norm: 56.284937
Error norm: 3440.756858
Active features: 3885
Line search trials: 2
Line search step: 0.049572
Seconds required for this iteration: 4858.010

***** Iteration #6 *****
Loss: 138317.285651
Feature norm: 57.082073
Error norm: 2907.236713
Active features: 3885
Line search trials: 2
Line search step: 0.126090
Seconds required for this iteration: 4826.630

***** Iteration #7 *****
Loss: 137505.422290
Feature norm: 58.015008
Error norm: 2490.016523
Active features: 3885
Line search trials: 2
Line search step: 0.310228
Seconds required for this iteration: 4842.410

***** Iteration #8 *****
Loss: 137116.842431
Feature norm: 58.859799
Error norm: 2305.507355
Active features: 3885
Line search trials: 2
Line search step: 0.059732
Seconds required for this iteration: 4848.220

***** Iteration #9 *****
Loss: 136375.793086
Feature norm: 60.694776
Error norm: 13492.916342
Active features: 3885
Line search trials: 2
Line search step: 0.186296
Seconds required for this iteration: 4822.350

***** Iteration #10 *****
Loss: 134835.188311
Feature norm: 62.571514
Error norm: 7887.475816
Active features: 3885
Line search trials: 4
Line search step: 0.135109
Seconds required for this iteration: 9706.450

***** Iteration #11 *****
Loss: 134387.095538
Feature norm: 63.569843
Error norm: 5209.138306
Active features: 3885
Line search trials: 2
Line search step: 0.048926
Seconds required for this iteration: 4841.590

***** Iteration #12 *****
Loss: 133976.472300
Feature norm: 63.767128
Error norm: 2693.533169
Active features: 3885
Line search trials: 1
Line search step: 1.000000
Seconds required for this iteration: 2417.900

***** Iteration #13 *****
Loss: 132534.407519
Feature norm: 66.458461
Error norm: 7367.316604
Active features: 3885
Line search trials: 1
Line search step: 1.000000
Seconds required for this iteration: 2421.910

***** Iteration #14 *****
Loss: 132185.644625
Feature norm: 66.899831
Error norm: 5496.923921
Active features: 3885
Line search trials: 2
Line search step: 0.037503
Seconds required for this iteration: 4855.010

***** Iteration #15 *****
Loss: 132015.782940
Feature norm: 67.247926
Error norm: 4927.873475
Active features: 3885
Line search trials: 4
Line search step: 0.058943
Seconds required for this iteration: 9688.670

***** Iteration #16 *****
Loss: 131915.715328
Feature norm: 67.490350
Error norm: 4593.816327
Active features: 3885
Line search trials: 2
Line search step: 0.104829
Seconds required for this iteration: 4839.610

***** Iteration #17 *****
Loss: 131087.771398
Feature norm: 69.415046
Error norm: 7309.272920
Active features: 3885
Line search trials: 1
Line search step: 1.000000
Seconds required for this iteration: 2418.310

***** Iteration #18 *****
Loss: 130998.822909
Feature norm: 69.588853
Error norm: 5500.660619
Active features: 3885
Line search trials: 3
Line search step: 0.022019
Seconds required for this iteration: 7271.890

***** Iteration #19 *****
Loss: 130814.091355
Feature norm: 69.557011
Error norm: 2142.253395
Active features: 3885
Line search trials: 1
Line search step: 1.000000
Seconds required for this iteration: 2415.610

***** Iteration #20 *****
Loss: 130570.640357
Feature norm: 70.493273
Error norm: 9324.893333
Active features: 3885
Line search trials: 1
Line search step: 1.000000
Seconds required for this iteration: 2424.120

***** Iteration #21 *****
Loss: 129834.424422
Feature norm: 71.663967
Error norm: 2885.070232
Active features: 3885
Line search trials: 1
Line search step: 1.000000
Seconds required for this iteration: 2414.770

***** Iteration #22 *****
Loss: 127639.445658
Feature norm: 77.881883
Error norm: 756.803872
Active features: 3885
Line search trials: 1
Line search step: 1.000000
Seconds required for this iteration: 2421.290

***** Iteration #23 *****
Loss: 127544.338097
Feature norm: 78.277651
Error norm: 814.824027
Active features: 3885
Line search trials: 2
Line search step: 0.038625
Seconds required for this iteration: 4866.210

***** Iteration #24 *****
Loss: 127253.826300
Feature norm: 79.439560
Error norm: 840.407353
Active features: 3885
Line search trials: 2
Line search step: 0.210308
Seconds required for this iteration: 4827.100

***** Iteration #25 *****
Loss: 126494.706883
Feature norm: 82.896165
Error norm: 1246.376611
Active features: 3885
Line search trials: 2
Line search step: 0.472444
Seconds required for this iteration: 4818.540

***** Iteration #26 *****
Loss: 125909.826610
Feature norm: 85.132707
Error norm: 1361.253135
Active features: 3885
Line search trials: 2
Line search step: 0.362136
Seconds required for this iteration: 4850.180

***** Iteration #27 *****
Loss: 125175.406517
Feature norm: 87.294544
Error norm: 1038.338789
Active features: 3885
Line search trials: 2
Line search step: 0.406193
Seconds required for this iteration: 4833.550

***** Iteration #28 *****
Loss: 124731.183282
Feature norm: 88.005574
Error norm: 836.340911
Active features: 3885
Line search trials: 2
Line search step: 0.259394
Seconds required for this iteration: 4839.780

***** Iteration #29 *****
Loss: 124218.741177
Feature norm: 89.748262
Error norm: 826.405462
Active features: 3885
Line search trials: 2
Line search step: 0.234035
Seconds required for this iteration: 4865.830

***** Iteration #30 *****
Loss: 123921.813343
Feature norm: 90.458374
Error norm: 738.331191
Active features: 3885
Line search trials: 2
Line search step: 0.095667
Seconds required for this iteration: 4823.460

***** Iteration #31 *****
Loss: 123371.075379
Feature norm: 92.094019
Error norm: 724.827256
Active features: 3885
Line search trials: 4
Line search step: 0.127727
Seconds required for this iteration: 9701.450

***** Iteration #32 *****
Loss: 122502.303166
Feature norm: 94.602341
Error norm: 659.520849
Active features: 3885
Line search trials: 4
Line search step: 0.141588
Seconds required for this iteration: 9729.090

***** Iteration #33 *****
Loss: 121776.970060
Feature norm: 96.672795
Error norm: 1485.692008
Active features: 3885
Line search trials: 2
Line search step: 0.118545
Seconds required for this iteration: 4859.680

***** Iteration #34 *****
Loss: 120977.274589
Feature norm: 99.685958
Error norm: 2016.770955
Active features: 3885
Line search trials: 2
Line search step: 0.134397
Seconds required for this iteration: 4844.310

***** Iteration #35 *****
Loss: 120432.574083
Feature norm: 101.129565
Error norm: 1201.878875
Active features: 3885
Line search trials: 2
Line search step: 0.126860
Seconds required for this iteration: 4841.780

***** Iteration #36 *****
Loss: 120056.085909
Feature norm: 105.828206
Error norm: 7149.166983
Active features: 3885
Line search trials: 1
Line search step: 1.000000
Seconds required for this iteration: 2405.420

***** Iteration #37 *****
Loss: 119557.516712
Feature norm: 106.438529
Error norm: 3708.363114
Active features: 3885
Line search trials: 2
Line search step: 0.252077
Seconds required for this iteration: 4845.880

***** Iteration #38 *****
Loss: 119271.456737
Feature norm: 104.203232
Error norm: 1029.236257
Active features: 3885
Line search trials: 1
Line search step: 1.000000
Seconds required for this iteration: 2424.780

***** Iteration #39 *****
Loss: 118776.934805
Feature norm: 105.585177
Error norm: 889.934290
Active features: 3885
Line search trials: 1
Line search step: 1.000000
Seconds required for this iteration: 2417.760

***** Iteration #40 *****
Loss: 117847.708900
Feature norm: 109.421580
Error norm: 3357.439099
Active features: 3885
Line search trials: 2
Line search step: 0.514143
Seconds required for this iteration: 4867.970

***** Iteration #41 *****
Loss: 116968.059520
Feature norm: 111.657853
Error norm: 1908.849299
Active features: 3885
Line search trials: 2
Line search step: 0.280187
Seconds required for this iteration: 4849.940

***** Iteration #42 *****
Loss: 116629.357576
Feature norm: 112.979073
Error norm: 1786.291419
Active features: 3885
Line search trials: 2
Line search step: 0.082408
Seconds required for this iteration: 4854.730

***** Iteration #43 *****
Loss: 116330.593486
Feature norm: 114.583881
Error norm: 3738.779338
Active features: 3885
Line search trials: 2
Line search step: 0.110103
Seconds required for this iteration: 4841.310

***** Iteration #44 *****
Loss: 116106.513365
Feature norm: 115.519445
Error norm: 2521.332978
Active features: 3885
Line search trials: 2
Line search step: 0.095349
Seconds required for this iteration: 4849.000

***** Iteration #45 *****
Loss: 115833.396183
Feature norm: 117.284039
Error norm: 2347.164729
Active features: 3885
Line search trials: 2
Line search step: 0.500147
Seconds required for this iteration: 4836.100

***** Iteration #46 *****
Loss: 115227.363371
Feature norm: 119.399291
Error norm: 1328.416216
Active features: 3885
Line search trials: 1
Line search step: 1.000000
Seconds required for this iteration: 2415.750

***** Iteration #47 *****
Loss: 114890.253823
Feature norm: 118.943149
Error norm: 536.162934
Active features: 3885
Line search trials: 1
Line search step: 1.000000
Seconds required for this iteration: 2424.940

***** Iteration #48 *****
Loss: 114684.653849
Feature norm: 119.509830
Error norm: 534.634709
Active features: 3885
Line search trials: 1
Line search step: 1.000000
Seconds required for this iteration: 2448.030

***** Iteration #49 *****
Loss: 114270.582191
Feature norm: 118.152964
Error norm: 1241.054038
Active features: 3885
Line search trials: 1
Line search step: 1.000000
Seconds required for this iteration: 2423.460

***** Iteration #50 *****
Loss: 113700.191934
Feature norm: 122.097165
Error norm: 705.233572
Active features: 3885
Line search trials: 1
Line search step: 1.000000
Seconds required for this iteration: 2435.600

***** Iteration #51 *****
Loss: 113151.801192
Feature norm: 125.191600
Error norm: 459.701912
Active features: 3885
Line search trials: 2
Line search step: 0.487946
Seconds required for this iteration: 4836.400

***** Iteration #52 *****
Loss: 112574.454635
Feature norm: 128.908031
Error norm: 401.695487
Active features: 3885
Line search trials: 1
Line search step: 1.000000
Seconds required for this iteration: 2419.820

***** Iteration #53 *****
Loss: 112146.335963
Feature norm: 131.295877
Error norm: 411.318388
Active features: 3885
Line search trials: 2
Line search step: 0.334380
Seconds required for this iteration: 4849.790

***** Iteration #54 *****
Loss: 111673.294082
Feature norm: 134.768044
Error norm: 455.284661
Active features: 3885
Line search trials: 2
Line search step: 0.251724
Seconds required for this iteration: 4854.720

***** Iteration #55 *****
Loss: 111403.550278
Feature norm: 136.542396
Error norm: 444.969379
Active features: 3885
Line search trials: 2
Line search step: 0.116544
Seconds required for this iteration: 4847.570

***** Iteration #56 *****
Loss: 110933.157020
Feature norm: 139.369424
Error norm: 736.893055
Active features: 3885
Line search trials: 2
Line search step: 0.114857
Seconds required for this iteration: 4864.510

***** Iteration #57 *****
Loss: 110597.813911
Feature norm: 141.434707
Error norm: 573.590312
Active features: 3885
Line search trials: 2
Line search step: 0.085584
Seconds required for this iteration: 4853.650

***** Iteration #58 *****
Loss: 109932.922013
Feature norm: 146.660297
Error norm: 928.089558
Active features: 3885
Line search trials: 4
Line search step: 0.263197
Seconds required for this iteration: 9695.950

L-BFGS terminated with error code (-1001)
Total seconds required for training: 294674.030

Storing the model
Number of active features: 3885 (3885)
Number of active attributes: 0 (0)
Number of active labels: 2797 (2797)
Writing labels
Writing attributes
Writing feature references for transitions
Writing feature references for attributes
Seconds required: 0.020

End time of the training: 2013-12-23T18:28:24Z

