CRFSuite 0.12  Copyright (c) 2007-2011 Naoaki Okazaki

Start time of the training: 2013-12-19T06:53:58Z

Reading the data set(s)
[1] /home/gdifolco/ps11/dataset/21_labled_inst/amazon.fr/_alimentation
0....1....2....3....4....5....6....7....8....9....10
Number of instances: 1
Seconds required: 0.000
[2] /home/gdifolco/ps11/dataset/21_labled_inst/amazon.fr/_gps
0....1....2....3....4....5....6....7....8....9....10
Number of instances: 1
Seconds required: 0.000
[3] /home/gdifolco/ps11/dataset/21_labled_inst/amazon.fr/_guirlandes
0....1....2....3....4....5....6....7....8....9....10
Number of instances: 1
Seconds required: 0.010
[4] /home/gdifolco/ps11/dataset/21_labled_inst/amazon.fr/_lampeplafon
0....1....2....3....4....5....6....7....8....9....10
Number of instances: 1
Seconds required: 0.000
[5] /home/gdifolco/ps11/dataset/21_labled_inst/amazon.fr/_nvidia
0....1....2....3....4....5....6....7....8....9....10
Number of instances: 1
Seconds required: 0.000
[6] /home/gdifolco/ps11/dataset/21_labled_inst/amazon.fr/_perceuse
0....1....2....3....4....5....6....7....8....9....10
Number of instances: 1
Seconds required: 0.000
[7] /home/gdifolco/ps11/dataset/21_labled_inst/amazon.fr/_playmobil
0....1....2....3....4....5....6....7....8....9....10
Number of instances: 1
Seconds required: 0.010
[8] /home/gdifolco/ps11/dataset/21_labled_inst/amazon.fr/_screen
0....1....2....3....4....5....6....7....8....9....10
Number of instances: 1
Seconds required: 0.000
[9] /home/gdifolco/ps11/dataset/21_labled_inst/amazon.fr/_tbbt
0....1....2....3....4....5....6....7....8....9....10
Number of instances: 1
Seconds required: 0.000
[10] /home/gdifolco/ps11/dataset/21_labled_inst/amazon.fr/_visseuse
0....1....2....3....4....5....6....7....8....9....10
Number of instances: 1
Seconds required: 0.010
[11] /home/gdifolco/ps11/dataset/21_labled_inst/ldlc/_acquisition
0....1....2....3....4....5....6....7....8....9....10
Number of instances: 1
Seconds required: 0.000
[12] /home/gdifolco/ps11/dataset/21_labled_inst/ldlc/_asustorserver
0....1....2....3....4....5....6....7....8....9....10
Number of instances: 1
Seconds required: 0.000
[13] /home/gdifolco/ps11/dataset/21_labled_inst/ldlc/_camera
0....1....2....3....4....5....6....7....8....9....10
Number of instances: 1
Seconds required: 0.010
[14] /home/gdifolco/ps11/dataset/21_labled_inst/ldlc/_cao
0....1....2....3....4....5....6....7....8....9....10
Number of instances: 1
Seconds required: 0.000
[15] /home/gdifolco/ps11/dataset/21_labled_inst/ldlc/_cpu
0....1....2....3....4....5....6....7....8....9....10
Number of instances: 1
Seconds required: 0.000
[16] /home/gdifolco/ps11/dataset/21_labled_inst/ldlc/_dongle
0....1....2....3....4....5....6....7....8....9....10
Number of instances: 1
Seconds required: 0.000
[17] /home/gdifolco/ps11/dataset/21_labled_inst/ldlc/_keyboard
0....1....2....3....4....5....6....7....8....9....10
Number of instances: 1
Seconds required: 0.010
[18] /home/gdifolco/ps11/dataset/21_labled_inst/ldlc/_padcleaner
0....1....2....3....4....5....6....7....8....9....10
Number of instances: 1
Seconds required: 0.000
[19] /home/gdifolco/ps11/dataset/21_labled_inst/ldlc/_ventilateur
0....1....2....3....4....5....6....7....8....9....10
Number of instances: 1
Seconds required: 0.000
[20] /home/gdifolco/ps11/dataset/21_labled_inst/ldlc/_wifi
0....1....2....3....4....5....6....7....8....9....10
Number of instances: 1
Seconds required: 0.000
[21] /home/gdifolco/ps11/dataset/21_labled_inst/carrefour/_albain
0....1....2....3....4....5....6....7....8....9....10
Number of instances: 1
Seconds required: 0.000
[22] /home/gdifolco/ps11/dataset/21_labled_inst/carrefour/_atelier
0....1....2....3....4....5....6....7....8....9....10
Number of instances: 1
Seconds required: 0.010
[23] /home/gdifolco/ps11/dataset/21_labled_inst/carrefour/_canape
0....1....2....3....4....5....6....7....8....9....10
Number of instances: 1
Seconds required: 0.000
[24] /home/gdifolco/ps11/dataset/21_labled_inst/carrefour/_cod
0....1....2....3....4....5....6....7....8....9....10
Number of instances: 1
Seconds required: 0.000
[25] /home/gdifolco/ps11/dataset/21_labled_inst/carrefour/_draps
0....1....2....3....4....5....6....7....8....9....10
Number of instances: 1
Seconds required: 0.000
[26] /home/gdifolco/ps11/dataset/21_labled_inst/carrefour/_etagere
0....1....2....3....4....5....6....7....8....9....10
Number of instances: 1
Seconds required: 0.000
[27] /home/gdifolco/ps11/dataset/21_labled_inst/carrefour/_gijoe
0....1....2....3....4....5....6....7....8....9....10
Number of instances: 1
Seconds required: 0.000
[28] /home/gdifolco/ps11/dataset/21_labled_inst/carrefour/_hasbro
0....1....2....3....4....5....6....7....8....9....10
Number of instances: 1
Seconds required: 0.000
[29] /home/gdifolco/ps11/dataset/21_labled_inst/carrefour/_jumelle
0....1....2....3....4....5....6....7....8....9....10
Number of instances: 1
Seconds required: 0.000
[30] /home/gdifolco/ps11/dataset/21_labled_inst/carrefour/_kangui
0....1....2....3....4....5....6....7....8....9....10
Number of instances: 1
Seconds required: 0.000
[31] /home/gdifolco/ps11/dataset/21_labled_inst/rueducommerce/_batterie
0....1....2....3....4....5....6....7....8....9....10
Number of instances: 1
Seconds required: 0.000
[32] /home/gdifolco/ps11/dataset/21_labled_inst/rueducommerce/_cables
0....1....2....3....4....5....6....7....8....9....10
Number of instances: 1
Seconds required: 0.010
[33] /home/gdifolco/ps11/dataset/21_labled_inst/rueducommerce/_clim
0....1....2....3....4....5....6....7....8....9....10
Number of instances: 1
Seconds required: 0.000
[34] /home/gdifolco/ps11/dataset/21_labled_inst/rueducommerce/_coffre
0....1....2....3....4....5....6....7....8....9....10
Number of instances: 1
Seconds required: 0.000
[35] /home/gdifolco/ps11/dataset/21_labled_inst/rueducommerce/_gazon
0....1....2....3....4....5....6....7....8....9....10
Number of instances: 1
Seconds required: 0.000
[36] /home/gdifolco/ps11/dataset/21_labled_inst/rueducommerce/_pates
0....1....2....3....4....5....6....7....8....9....10
Number of instances: 1
Seconds required: 0.010
[37] /home/gdifolco/ps11/dataset/21_labled_inst/rueducommerce/_rafraichisseur
0....1....2....3....4....5....6....7....8....9....10
Number of instances: 1
Seconds required: 0.000
[38] /home/gdifolco/ps11/dataset/21_labled_inst/rueducommerce/_saveur
0....1....2....3....4....5....6....7....8....9....10
Number of instances: 1
Seconds required: 0.000
[39] /home/gdifolco/ps11/dataset/21_labled_inst/rueducommerce/_scie
0....1....2....3....4....5....6....7....8....9....10
Number of instances: 1
Seconds required: 0.000
[40] /home/gdifolco/ps11/dataset/21_labled_inst/rueducommerce/_valve
0....1....2....3....4....5....6....7....8....9....10
Number of instances: 1
Seconds required: 0.000

Statistics the data set(s)
Number of data sets (groups): 40
Number of instances: 40
Number of items: 21691
Number of attributes: 0
Number of labels: 2797

Feature generation
type: CRF1d
feature.minfreq: 0.000000
feature.possible_states: 0
feature.possible_transitions: 0
0....1....2....3....4....5....6....7....8....9....10
Number of features: 3885
Seconds required: 0.000

L-BFGS optimization
c1: 0.000000
c2: 1.000000
num_memories: 6
max_iterations: 2147483647
epsilon: 0.000010
stop: 10
delta: 0.000010
linesearch: MoreThuente
linesearch.max_iterations: 20

***** Iteration #1 *****
Loss: 149661.710389
Feature norm: 34.198137
Error norm: 619.283659
Active features: 3885
Line search trials: 9
Line search step: 0.049398
Seconds required for this iteration: 12320.080

***** Iteration #2 *****
Loss: 144622.316630
Feature norm: 42.602214
Error norm: 573.564118
Active features: 3885
Line search trials: 7
Line search step: 0.028620
Seconds required for this iteration: 8620.140

***** Iteration #3 *****
Loss: 142769.236361
Feature norm: 45.962353
Error norm: 689.230541
Active features: 3885
Line search trials: 5
Line search step: 0.026369
Seconds required for this iteration: 6158.880

***** Iteration #4 *****
Loss: 141572.324435
Feature norm: 49.786707
Error norm: 17125.678028
Active features: 3885
Line search trials: 2
Line search step: 0.121030
Seconds required for this iteration: 2463.110

***** Iteration #5 *****
Loss: 138612.763964
Feature norm: 56.284937
Error norm: 3440.756858
Active features: 3885
Line search trials: 2
Line search step: 0.049572
Seconds required for this iteration: 2463.220

***** Iteration #6 *****
Loss: 138317.285651
Feature norm: 57.082073
Error norm: 2907.236713
Active features: 3885
Line search trials: 2
Line search step: 0.126090
Seconds required for this iteration: 2464.550

***** Iteration #7 *****
Loss: 137505.422290
Feature norm: 58.015008
Error norm: 2490.016523
Active features: 3885
Line search trials: 2
Line search step: 0.310228
Seconds required for this iteration: 2463.140

***** Iteration #8 *****
Loss: 137116.842431
Feature norm: 58.859799
Error norm: 2305.507355
Active features: 3885
Line search trials: 2
Line search step: 0.059732
Seconds required for this iteration: 2462.290

***** Iteration #9 *****
Loss: 136375.793086
Feature norm: 60.694776
Error norm: 13492.916341
Active features: 3885
Line search trials: 2
Line search step: 0.186296
Seconds required for this iteration: 2464.400

***** Iteration #10 *****
Loss: 134835.188311
Feature norm: 62.571514
Error norm: 7887.475816
Active features: 3885
Line search trials: 4
Line search step: 0.135109
Seconds required for this iteration: 4925.630

***** Iteration #11 *****
Loss: 134387.095538
Feature norm: 63.569843
Error norm: 5209.138306
Active features: 3885
Line search trials: 2
Line search step: 0.048926
Seconds required for this iteration: 2464.340

***** Iteration #12 *****
Loss: 133976.472300
Feature norm: 63.767128
Error norm: 2693.533168
Active features: 3885
Line search trials: 1
Line search step: 1.000000
Seconds required for this iteration: 1231.670

***** Iteration #13 *****
Loss: 132534.407519
Feature norm: 66.458461
Error norm: 7367.316611
Active features: 3885
Line search trials: 1
Line search step: 1.000000
Seconds required for this iteration: 1231.230

***** Iteration #14 *****
Loss: 132185.644625
Feature norm: 66.899831
Error norm: 5496.923934
Active features: 3885
Line search trials: 2
Line search step: 0.037503
Seconds required for this iteration: 2463.190

***** Iteration #15 *****
Loss: 132015.782940
Feature norm: 67.247926
Error norm: 4927.873486
Active features: 3885
Line search trials: 4
Line search step: 0.058943
Seconds required for this iteration: 4926.270

***** Iteration #16 *****
Loss: 131915.715330
Feature norm: 67.490350
Error norm: 4593.816338
Active features: 3885
Line search trials: 2
Line search step: 0.104829
Seconds required for this iteration: 2464.000

***** Iteration #17 *****
Loss: 131087.771418
Feature norm: 69.415046
Error norm: 7309.273316
Active features: 3885
Line search trials: 1
Line search step: 1.000000
Seconds required for this iteration: 1231.720

***** Iteration #18 *****
Loss: 130998.822922
Feature norm: 69.588853
Error norm: 5500.660962
Active features: 3885
Line search trials: 3
Line search step: 0.022019
Seconds required for this iteration: 3694.790

***** Iteration #19 *****
Loss: 130814.091341
Feature norm: 69.557011
Error norm: 2142.253836
Active features: 3885
Line search trials: 1
Line search step: 1.000000
Seconds required for this iteration: 1231.570

***** Iteration #20 *****
Loss: 130570.640589
Feature norm: 70.493273
Error norm: 9324.902486
Active features: 3885
Line search trials: 1
Line search step: 1.000000
Seconds required for this iteration: 1232.710

***** Iteration #21 *****
Loss: 129834.424749
Feature norm: 71.663966
Error norm: 2885.069750
Active features: 3885
Line search trials: 1
Line search step: 1.000000
Seconds required for this iteration: 1231.750

***** Iteration #22 *****
Loss: 127639.449046
Feature norm: 77.881869
Error norm: 756.802928
Active features: 3885
Line search trials: 1
Line search step: 1.000000
Seconds required for this iteration: 1231.450

***** Iteration #23 *****
Loss: 127544.340508
Feature norm: 78.277640
Error norm: 814.819390
Active features: 3885
Line search trials: 2
Line search step: 0.038625
Seconds required for this iteration: 2462.870

***** Iteration #24 *****
Loss: 127253.831773
Feature norm: 79.439530
Error norm: 840.397021
Active features: 3885
Line search trials: 2
Line search step: 0.210301
Seconds required for this iteration: 2463.280

***** Iteration #25 *****
Loss: 126494.697775
Feature norm: 82.896162
Error norm: 1246.353842
Active features: 3885
Line search trials: 2
Line search step: 0.472436
Seconds required for this iteration: 2462.840

***** Iteration #26 *****
Loss: 125909.858490
Feature norm: 85.132448
Error norm: 1361.153358
Active features: 3885
Line search trials: 2
Line search step: 0.362085
Seconds required for this iteration: 2462.990

***** Iteration #27 *****
Loss: 125175.453247
Feature norm: 87.294298
Error norm: 1038.288387
Active features: 3885
Line search trials: 2
Line search step: 0.406153
Seconds required for this iteration: 2463.460

***** Iteration #28 *****
Loss: 124731.367858
Feature norm: 88.005239
Error norm: 836.428470
Active features: 3885
Line search trials: 2
Line search step: 0.259265
Seconds required for this iteration: 2462.770

***** Iteration #29 *****
Loss: 124218.822558
Feature norm: 89.747983
Error norm: 826.368346
Active features: 3885
Line search trials: 2
Line search step: 0.233989
Seconds required for this iteration: 2462.510

***** Iteration #30 *****
Loss: 123921.817479
Feature norm: 90.458165
Error norm: 738.307664
Active features: 3885
Line search trials: 2
Line search step: 0.095653
Seconds required for this iteration: 2470.340

***** Iteration #31 *****
Loss: 123370.920679
Feature norm: 92.094215
Error norm: 724.780338
Active features: 3885
Line search trials: 4
Line search step: 0.127697
Seconds required for this iteration: 4925.260

***** Iteration #32 *****
Loss: 122502.050688
Feature norm: 94.602648
Error norm: 659.424401
Active features: 3885
Line search trials: 4
Line search step: 0.141569
Seconds required for this iteration: 4928.110

***** Iteration #33 *****
Loss: 121776.437338
Feature norm: 96.674118
Error norm: 1484.666186
Active features: 3885
Line search trials: 2
Line search step: 0.118603
Seconds required for this iteration: 2463.270

***** Iteration #34 *****
Loss: 120976.661063
Feature norm: 99.686682
Error norm: 2013.189615
Active features: 3885
Line search trials: 2
Line search step: 0.134385
Seconds required for this iteration: 2463.900

***** Iteration #35 *****
Loss: 120432.090397
Feature norm: 101.130768
Error norm: 1201.117737
Active features: 3885
Line search trials: 2
Line search step: 0.126804
Seconds required for this iteration: 2463.540

***** Iteration #36 *****
Loss: 120052.079819
Feature norm: 105.833386
Error norm: 7125.514859
Active features: 3885
Line search trials: 1
Line search step: 1.000000
Seconds required for this iteration: 1266.900

***** Iteration #37 *****
Loss: 119561.322250
Feature norm: 106.437325
Error norm: 3736.553961
Active features: 3885
Line search trials: 2
Line search step: 0.246914
Seconds required for this iteration: 4710.010

***** Iteration #38 *****
Loss: 119268.859004
Feature norm: 104.225621
Error norm: 1036.412393
Active features: 3885
Line search trials: 1
Line search step: 1.000000
Seconds required for this iteration: 2346.950

***** Iteration #39 *****
Loss: 118775.769988
Feature norm: 105.600982
Error norm: 892.354170
Active features: 3885
Line search trials: 1
Line search step: 1.000000
Seconds required for this iteration: 2357.920

***** Iteration #40 *****
Loss: 117914.717182
Feature norm: 108.818179
Error norm: 2318.402275
Active features: 3885
Line search trials: 2
Line search step: 0.449278
Seconds required for this iteration: 4717.240

***** Iteration #41 *****
Loss: 117100.755940
Feature norm: 111.055712
Error norm: 1622.466849
Active features: 3885
Line search trials: 2
Line search step: 0.264037
Seconds required for this iteration: 4724.250

***** Iteration #42 *****
Loss: 116676.322986
Feature norm: 112.648581
Error norm: 1589.565969
Active features: 3885
Line search trials: 2
Line search step: 0.100929
Seconds required for this iteration: 4700.180

***** Iteration #43 *****
Loss: 116341.809674
Feature norm: 114.103859
Error norm: 1584.732314
Active features: 3885
Line search trials: 2
Line search step: 0.080402
Seconds required for this iteration: 4712.190

***** Iteration #44 *****
Loss: 116050.204845
Feature norm: 115.379093
Error norm: 1176.339636
Active features: 3885
Line search trials: 2
Line search step: 0.164627
Seconds required for this iteration: 4702.310

***** Iteration #45 *****
Loss: 115467.436542
Feature norm: 119.430926
Error norm: 1725.955493
Active features: 3885
Line search trials: 1
Line search step: 1.000000
Seconds required for this iteration: 2357.100

***** Iteration #46 *****
Loss: 115025.997807
Feature norm: 120.947271
Error norm: 837.996000
Active features: 3885
Line search trials: 1
Line search step: 1.000000
Seconds required for this iteration: 2349.540

***** Iteration #47 *****
Loss: 114693.416440
Feature norm: 118.316411
Error norm: 404.959070
Active features: 3885
Line search trials: 1
Line search step: 1.000000
Seconds required for this iteration: 2350.540

***** Iteration #48 *****
Loss: 114088.282105
Feature norm: 120.496116
Error norm: 350.917436
Active features: 3885
Line search trials: 1
Line search step: 1.000000
Seconds required for this iteration: 2338.580

***** Iteration #49 *****
Loss: 113656.385590
Feature norm: 122.451412
Error norm: 351.215483
Active features: 3885
Line search trials: 4
Line search step: 0.130989
Seconds required for this iteration: 9430.030

***** Iteration #50 *****
Loss: 113016.841267
Feature norm: 125.539932
Error norm: 343.699404
Active features: 3885
Line search trials: 2
Line search step: 0.162387
Seconds required for this iteration: 4728.950

***** Iteration #51 *****
Loss: 112270.121389
Feature norm: 129.375383
Error norm: 367.256928
Active features: 3885
Line search trials: 2
Line search step: 0.221553
Seconds required for this iteration: 4692.840

***** Iteration #52 *****
Loss: 111767.589267
Feature norm: 131.789139
Error norm: 345.743770
Active features: 3885
Line search trials: 2
Line search step: 0.096623
Seconds required for this iteration: 4747.730

***** Iteration #53 *****
Loss: 111296.305258
Feature norm: 134.309261
Error norm: 333.346072
Active features: 3885
Line search trials: 2
Line search step: 0.081114
Seconds required for this iteration: 4710.630

***** Iteration #54 *****
Loss: 110413.099902
Feature norm: 139.421475
Error norm: 353.895868
Active features: 3885
Line search trials: 2
Line search step: 0.152356
Seconds required for this iteration: 4721.560

***** Iteration #55 *****
Loss: 109817.635935
Feature norm: 143.346808
Error norm: 331.801234
Active features: 3885
Line search trials: 2
Line search step: 0.125854
Seconds required for this iteration: 4711.980

***** Iteration #56 *****
Loss: 109071.078360
Feature norm: 148.895093
Error norm: 362.954184
Active features: 3885
Line search trials: 2
Line search step: 0.206975
Seconds required for this iteration: 4717.760

***** Iteration #57 *****
Loss: 108766.113005
Feature norm: 151.253156
Error norm: 313.869202
Active features: 3885
Line search trials: 2
Line search step: 0.101287
Seconds required for this iteration: 4727.760

***** Iteration #58 *****
Loss: 108461.411854
Feature norm: 153.824298
Error norm: 295.488667
Active features: 3885
Line search trials: 2
Line search step: 0.126785
Seconds required for this iteration: 4722.100

***** Iteration #59 *****
Loss: 108303.778171
Feature norm: 155.157181
Error norm: 284.304380
Active features: 3885
Line search trials: 2
Line search step: 0.066254
Seconds required for this iteration: 4721.600

***** Iteration #60 *****
Loss: 107628.051134
Feature norm: 162.332568
Error norm: 254.751965
Active features: 3885
Line search trials: 2
Line search step: 0.350831
Seconds required for this iteration: 4734.060

***** Iteration #61 *****
Loss: 107154.884987
Feature norm: 169.298040
Error norm: 320.704896
Active features: 3885
Line search trials: 2
Line search step: 0.463809
Seconds required for this iteration: 4711.110

***** Iteration #62 *****
Loss: 106987.158564
Feature norm: 170.671469
Error norm: 241.569830
Active features: 3885
Line search trials: 2
Line search step: 0.194051
Seconds required for this iteration: 4733.770

***** Iteration #63 *****
Loss: 106591.644970
Feature norm: 176.857353
Error norm: 648.504714
Active features: 3885
Line search trials: 1
Line search step: 1.000000
Seconds required for this iteration: 2334.640

***** Iteration #64 *****
Loss: 106519.377053
Feature norm: 180.771077
Error norm: 513.090761
Active features: 3885
Line search trials: 1
Line search step: 1.000000
Seconds required for this iteration: 2366.140

***** Iteration #65 *****
Loss: 106263.266842
Feature norm: 175.121514
Error norm: 179.139330
Active features: 3885
Line search trials: 1
Line search step: 1.000000
Seconds required for this iteration: 2368.960

***** Iteration #66 *****
Loss: 106167.146037
Feature norm: 176.949422
Error norm: 165.953091
Active features: 3885
Line search trials: 1
Line search step: 1.000000
Seconds required for this iteration: 2327.030

***** Iteration #67 *****
Loss: 106091.435074
Feature norm: 178.147132
Error norm: 156.653290
Active features: 3885
Line search trials: 2
Line search step: 0.123412
Seconds required for this iteration: 4718.490

***** Iteration #68 *****
Loss: 105969.407262
Feature norm: 179.889234
Error norm: 140.503677
Active features: 3885
Line search trials: 4
Line search step: 0.175429
Seconds required for this iteration: 9427.620

***** Iteration #69 *****
Loss: 105886.349155
Feature norm: 181.349339
Error norm: 166.630244
Active features: 3885
Line search trials: 4
Line search step: 0.243685
Seconds required for this iteration: 9422.000

***** Iteration #70 *****
Loss: 105827.887000
Feature norm: 182.467729
Error norm: 134.762167
Active features: 3885
Line search trials: 2
Line search step: 0.497915
Seconds required for this iteration: 4709.180

***** Iteration #71 *****
Loss: 105781.444914
Feature norm: 183.444309
Error norm: 137.395204
Active features: 3885
Line search trials: 2
Line search step: 0.429027
Seconds required for this iteration: 4717.810

***** Iteration #72 *****
Loss: 105720.225065
Feature norm: 186.400977
Error norm: 173.364528
Active features: 3885
Line search trials: 1
Line search step: 1.000000
Seconds required for this iteration: 2362.570

***** Iteration #73 *****
Loss: 105705.234877
Feature norm: 187.220439
Error norm: 110.915455
Active features: 3885
Line search trials: 1
Line search step: 1.000000
Seconds required for this iteration: 2352.160

***** Iteration #74 *****
Loss: 105687.733046
Feature norm: 186.546460
Error norm: 73.427446
Active features: 3885
Line search trials: 1
Line search step: 1.000000
Seconds required for this iteration: 2353.100

***** Iteration #75 *****
Loss: 105668.516922
Feature norm: 186.513224
Error norm: 116.570232
Active features: 3885
Line search trials: 1
Line search step: 1.000000
Seconds required for this iteration: 2364.090

***** Iteration #76 *****
Loss: 105654.344440
Feature norm: 186.822147
Error norm: 73.158175
Active features: 3885
Line search trials: 1
Line search step: 1.000000
Seconds required for this iteration: 2353.590

***** Iteration #77 *****
Loss: 105645.585187
Feature norm: 187.398899
Error norm: 40.737758
Active features: 3885
Line search trials: 1
Line search step: 1.000000
Seconds required for this iteration: 2368.970

***** Iteration #78 *****
Loss: 105637.881634
Feature norm: 187.956123
Error norm: 39.568392
Active features: 3885
Line search trials: 1
Line search step: 1.000000
Seconds required for this iteration: 2354.260

***** Iteration #79 *****
Loss: 105630.152089
Feature norm: 188.060667
Error norm: 121.554729
Active features: 3885
Line search trials: 1
Line search step: 1.000000
Seconds required for this iteration: 2361.290

***** Iteration #80 *****
Loss: 105622.171640
Feature norm: 188.181101
Error norm: 50.313296
Active features: 3885
Line search trials: 1
Line search step: 1.000000
Seconds required for this iteration: 2358.260

***** Iteration #81 *****
Loss: 105619.232088
Feature norm: 188.050324
Error norm: 32.759424
Active features: 3885
Line search trials: 1
Line search step: 1.000000
Seconds required for this iteration: 2351.190

***** Iteration #82 *****
Loss: 105614.896205
Feature norm: 188.131191
Error norm: 29.298385
Active features: 3885
Line search trials: 1
Line search step: 1.000000
Seconds required for this iteration: 2343.090

***** Iteration #83 *****
Loss: 105612.102515
Feature norm: 188.214066
Error norm: 45.474972
Active features: 3885
Line search trials: 1
Line search step: 1.000000
Seconds required for this iteration: 2369.360

***** Iteration #84 *****
Loss: 105609.957665
Feature norm: 188.308821
Error norm: 26.294372
Active features: 3885
Line search trials: 1
Line search step: 1.000000
Seconds required for this iteration: 2360.190

***** Iteration #85 *****
Loss: 105608.873802
Feature norm: 188.347100
Error norm: 20.151512
Active features: 3885
Line search trials: 1
Line search step: 1.000000
Seconds required for this iteration: 2335.050

***** Iteration #86 *****
Loss: 105606.339521
Feature norm: 188.485221
Error norm: 16.441294
Active features: 3885
Line search trials: 1
Line search step: 1.000000
Seconds required for this iteration: 2357.410

***** Iteration #87 *****
Loss: 105605.014799
Feature norm: 188.532761
Error norm: 18.626834
Active features: 3885
Line search trials: 1
Line search step: 1.000000
Seconds required for this iteration: 2369.540

***** Iteration #88 *****
Loss: 105603.854908
Feature norm: 188.575307
Error norm: 16.757075
Active features: 3885
Line search trials: 1
Line search step: 1.000000
Seconds required for this iteration: 2341.520

***** Iteration #89 *****
Loss: 105603.072497
Feature norm: 188.557425
Error norm: 11.325235
Active features: 3885
Line search trials: 1
Line search step: 1.000000
Seconds required for this iteration: 2365.590

***** Iteration #90 *****
Loss: 105602.252298
Feature norm: 188.520831
Error norm: 13.763083
Active features: 3885
Line search trials: 1
Line search step: 1.000000
Seconds required for this iteration: 2343.880

***** Iteration #91 *****
Loss: 105601.989279
Feature norm: 188.516366
Error norm: 14.360800
Active features: 3885
Line search trials: 2
Line search step: 0.331179
Seconds required for this iteration: 4730.310

***** Iteration #92 *****
Loss: 105601.714591
Feature norm: 188.514153
Error norm: 9.720140
Active features: 3885
Line search trials: 1
Line search step: 1.000000
Seconds required for this iteration: 2338.900

***** Iteration #93 *****
Loss: 105601.327564
Feature norm: 188.521377
Error norm: 7.579476
Active features: 3885
Line search trials: 1
Line search step: 1.000000
Seconds required for this iteration: 2349.340

***** Iteration #94 *****
Loss: 105600.917926
Feature norm: 188.534931
Error norm: 7.762639
Active features: 3885
Line search trials: 1
Line search step: 1.000000
Seconds required for this iteration: 2364.700

***** Iteration #95 *****
Loss: 105600.620477
Feature norm: 188.545636
Error norm: 12.014008
Active features: 3885
Line search trials: 1
Line search step: 1.000000
Seconds required for this iteration: 2359.670

***** Iteration #96 *****
Loss: 105600.360077
Feature norm: 188.557114
Error norm: 5.897313
Active features: 3885
Line search trials: 1
Line search step: 1.000000
Seconds required for this iteration: 2364.950

***** Iteration #97 *****
Loss: 105600.239537
Feature norm: 188.557831
Error norm: 4.261330
Active features: 3885
Line search trials: 1
Line search step: 1.000000
Seconds required for this iteration: 2364.690

***** Iteration #98 *****
Loss: 105600.083843
Feature norm: 188.561321
Error norm: 5.073867
Active features: 3885
Line search trials: 1
Line search step: 1.000000
Seconds required for this iteration: 2356.760

***** Iteration #99 *****
Loss: 105600.018271
Feature norm: 188.570989
Error norm: 8.813047
Active features: 3885
Line search trials: 1
Line search step: 1.000000
Seconds required for this iteration: 2356.920

***** Iteration #100 *****
Loss: 105599.915264
Feature norm: 188.572966
Error norm: 3.489993
Active features: 3885
Line search trials: 1
Line search step: 1.000000
Seconds required for this iteration: 2356.160

***** Iteration #101 *****
Loss: 105599.857394
Feature norm: 188.577343
Error norm: 3.193528
Active features: 3885
Line search trials: 1
Line search step: 1.000000
Seconds required for this iteration: 2353.000

***** Iteration #102 *****
Loss: 105599.828660
Feature norm: 188.583457
Error norm: 7.118384
Active features: 3885
Line search trials: 1
Line search step: 1.000000
Seconds required for this iteration: 2346.740

***** Iteration #103 *****
Loss: 105599.791276
Feature norm: 188.585595
Error norm: 3.442514
Active features: 3885
Line search trials: 1
Line search step: 1.000000
Seconds required for this iteration: 2360.040

***** Iteration #104 *****
Loss: 105599.759321
Feature norm: 188.588296
Error norm: 2.528418
Active features: 3885
Line search trials: 1
Line search step: 1.000000
Seconds required for this iteration: 2374.180

***** Iteration #105 *****
Loss: 105599.736219
Feature norm: 188.589970
Error norm: 2.780187
Active features: 3885
Line search trials: 1
Line search step: 1.000000
Seconds required for this iteration: 2325.800

L-BFGS terminated with the stopping criteria
Total seconds required for training: 347700.000

Storing the model
Number of active features: 3885 (3885)
Number of active attributes: 0 (0)
Number of active labels: 2797 (2797)
Writing labels
Writing attributes
Writing feature references for transitions
Writing feature references for attributes
Seconds required: 0.010

End time of the training: 2013-12-23T08:31:35Z

