CRFSuite 0.12  Copyright (c) 2007-2011 Naoaki Okazaki

Start time of the training: 2013-12-27T22:44:08Z

Reading the data set(s)
[1] /home/gdifolco/ps11/dataset/21_labled_inst/carrefour/_albain
0....1....2....3....4....5....6....7....8....9....10
Number of instances: 1
Seconds required: 0.000
[2] /home/gdifolco/ps11/dataset/21_labled_inst/carrefour/_atelier
0....1....2....3....4....5....6....7....8....9....10
Number of instances: 1
Seconds required: 0.000
[3] /home/gdifolco/ps11/dataset/21_labled_inst/carrefour/_canape
0....1....2....3....4....5....6....7....8....9....10
Number of instances: 1
Seconds required: 0.000
[4] /home/gdifolco/ps11/dataset/21_labled_inst/carrefour/_cod
0....1....2....3....4....5....6....7....8....9....10
Number of instances: 1
Seconds required: 0.000
[5] /home/gdifolco/ps11/dataset/21_labled_inst/carrefour/_draps
0....1....2....3....4....5....6....7....8....9....10
Number of instances: 1
Seconds required: 0.000
[6] /home/gdifolco/ps11/dataset/21_labled_inst/carrefour/_etagere
0....1....2....3....4....5....6....7....8....9....10
Number of instances: 1
Seconds required: 0.000
[7] /home/gdifolco/ps11/dataset/21_labled_inst/carrefour/_gijoe
0....1....2....3....4....5....6....7....8....9....10
Number of instances: 1
Seconds required: 0.000
[8] /home/gdifolco/ps11/dataset/21_labled_inst/carrefour/_hasbro
0....1....2....3....4....5....6....7....8....9....10
Number of instances: 1
Seconds required: 0.000
[9] /home/gdifolco/ps11/dataset/21_labled_inst/carrefour/_jumelle
0....1....2....3....4....5....6....7....8....9....10
Number of instances: 1
Seconds required: 0.000
[10] /home/gdifolco/ps11/dataset/21_labled_inst/carrefour/_kangui
0....1....2....3....4....5....6....7....8....9....10
Number of instances: 1
Seconds required: 0.000
[11] /home/gdifolco/ps11/dataset/21_labled_inst/amazon.fr/_alimentation
0....1....2....3....4....5....6....7....8....9....10
Number of instances: 1
Seconds required: 0.010
[12] /home/gdifolco/ps11/dataset/21_labled_inst/amazon.fr/_gps
0....1....2....3....4....5....6....7....8....9....10
Number of instances: 1
Seconds required: 0.000
[13] /home/gdifolco/ps11/dataset/21_labled_inst/amazon.fr/_guirlandes
0....1....2....3....4....5....6....7....8....9....10
Number of instances: 1
Seconds required: 0.000
[14] /home/gdifolco/ps11/dataset/21_labled_inst/amazon.fr/_lampeplafon
0....1....2....3....4....5....6....7....8....9....10
Number of instances: 1
Seconds required: 0.000
[15] /home/gdifolco/ps11/dataset/21_labled_inst/amazon.fr/_nvidia
0....1....2....3....4....5....6....7....8....9....10
Number of instances: 1
Seconds required: 0.010
[16] /home/gdifolco/ps11/dataset/21_labled_inst/amazon.fr/_perceuse
0....1....2....3....4....5....6....7....8....9....10
Number of instances: 1
Seconds required: 0.000
[17] /home/gdifolco/ps11/dataset/21_labled_inst/amazon.fr/_playmobil
0....1....2....3....4....5....6....7....8....9....10
Number of instances: 1
Seconds required: 0.000
[18] /home/gdifolco/ps11/dataset/21_labled_inst/amazon.fr/_screen
0....1....2....3....4....5....6....7....8....9....10
Number of instances: 1
Seconds required: 0.010
[19] /home/gdifolco/ps11/dataset/21_labled_inst/amazon.fr/_tbbt
0....1....2....3....4....5....6....7....8....9....10
Number of instances: 1
Seconds required: 0.000
[20] /home/gdifolco/ps11/dataset/21_labled_inst/amazon.fr/_visseuse
0....1....2....3....4....5....6....7....8....9....10
Number of instances: 1
Seconds required: 0.000
[21] /home/gdifolco/ps11/dataset/21_labled_inst/rueducommerce/_batterie
0....1....2....3....4....5....6....7....8....9....10
Number of instances: 1
Seconds required: 0.010
[22] /home/gdifolco/ps11/dataset/21_labled_inst/rueducommerce/_cables
0....1....2....3....4....5....6....7....8....9....10
Number of instances: 1
Seconds required: 0.000
[23] /home/gdifolco/ps11/dataset/21_labled_inst/rueducommerce/_clim
0....1....2....3....4....5....6....7....8....9....10
Number of instances: 1
Seconds required: 0.000
[24] /home/gdifolco/ps11/dataset/21_labled_inst/rueducommerce/_coffre
0....1....2....3....4....5....6....7....8....9....10
Number of instances: 1
Seconds required: 0.010
[25] /home/gdifolco/ps11/dataset/21_labled_inst/rueducommerce/_gazon
0....1....2....3....4....5....6....7....8....9....10
Number of instances: 1
Seconds required: 0.000
[26] /home/gdifolco/ps11/dataset/21_labled_inst/rueducommerce/_pates
0....1....2....3....4....5....6....7....8....9....10
Number of instances: 1
Seconds required: 0.000
[27] /home/gdifolco/ps11/dataset/21_labled_inst/rueducommerce/_rafraichisseur
0....1....2....3....4....5....6....7....8....9....10
Number of instances: 1
Seconds required: 0.000
[28] /home/gdifolco/ps11/dataset/21_labled_inst/rueducommerce/_saveur
0....1....2....3....4....5....6....7....8....9....10
Number of instances: 1
Seconds required: 0.010
[29] /home/gdifolco/ps11/dataset/21_labled_inst/rueducommerce/_scie
0....1....2....3....4....5....6....7....8....9....10
Number of instances: 1
Seconds required: 0.010
[30] /home/gdifolco/ps11/dataset/21_labled_inst/rueducommerce/_valve
0....1....2....3....4....5....6....7....8....9....10
Number of instances: 1
Seconds required: 0.000
[31] /home/gdifolco/ps11/dataset/21_labled_inst/ldlc/_acquisition
0....1....2....3....4....5....6....7....8....9....10
Number of instances: 1
Seconds required: 0.000
[32] /home/gdifolco/ps11/dataset/21_labled_inst/ldlc/_asustorserver
0....1....2....3....4....5....6....7....8....9....10
Number of instances: 1
Seconds required: 0.000
[33] /home/gdifolco/ps11/dataset/21_labled_inst/ldlc/_camera
0....1....2....3....4....5....6....7....8....9....10
Number of instances: 1
Seconds required: 0.000
[34] /home/gdifolco/ps11/dataset/21_labled_inst/ldlc/_cao
0....1....2....3....4....5....6....7....8....9....10
Number of instances: 1
Seconds required: 0.010
[35] /home/gdifolco/ps11/dataset/21_labled_inst/ldlc/_cpu
0....1....2....3....4....5....6....7....8....9....10
Number of instances: 1
Seconds required: 0.000
[36] /home/gdifolco/ps11/dataset/21_labled_inst/ldlc/_dongle
0....1....2....3....4....5....6....7....8....9....10
Number of instances: 1
Seconds required: 0.000
[37] /home/gdifolco/ps11/dataset/21_labled_inst/ldlc/_keyboard
0....1....2....3....4....5....6....7....8....9....10
Number of instances: 1
Seconds required: 0.000
[38] /home/gdifolco/ps11/dataset/21_labled_inst/ldlc/_padcleaner
0....1....2....3....4....5....6....7....8....9....10
Number of instances: 1
Seconds required: 0.010
[39] /home/gdifolco/ps11/dataset/21_labled_inst/ldlc/_ventilateur
0....1....2....3....4....5....6....7....8....9....10
Number of instances: 1
Seconds required: 0.000
[40] /home/gdifolco/ps11/dataset/21_labled_inst/ldlc/_wifi
0....1....2....3....4....5....6....7....8....9....10
Number of instances: 1
Seconds required: 0.000

Statistics the data set(s)
Number of data sets (groups): 40
Number of instances: 40
Number of items: 21691
Number of attributes: 0
Number of labels: 2797

Feature generation
type: CRF1d
feature.minfreq: 0.000000
feature.possible_states: 0
feature.possible_transitions: 0
0....1....2....3....4....5....6....7....8....9....10
Number of features: 3885
Seconds required: 0.010

L-BFGS optimization
c1: 0.000000
c2: 1.000000
num_memories: 6
max_iterations: 2147483647
epsilon: 0.000010
stop: 10
delta: 0.000010
linesearch: MoreThuente
linesearch.max_iterations: 20

***** Iteration #1 *****
Loss: 149661.710389
Feature norm: 34.198137
Error norm: 619.283659
Active features: 3885
Line search trials: 9
Line search step: 0.049398
Seconds required for this iteration: 12455.440

***** Iteration #2 *****
Loss: 144622.316630
Feature norm: 42.602214
Error norm: 573.564118
Active features: 3885
Line search trials: 7
Line search step: 0.028620
Seconds required for this iteration: 8714.020

***** Iteration #3 *****
Loss: 142769.236361
Feature norm: 45.962353
Error norm: 689.230541
Active features: 3885
Line search trials: 5
Line search step: 0.026369
Seconds required for this iteration: 6223.970

***** Iteration #4 *****
Loss: 141572.324435
Feature norm: 49.786707
Error norm: 17125.678028
Active features: 3885
Line search trials: 2
Line search step: 0.121030
Seconds required for this iteration: 2490.960

***** Iteration #5 *****
Loss: 138612.763964
Feature norm: 56.284937
Error norm: 3440.756858
Active features: 3885
Line search trials: 2
Line search step: 0.049572
Seconds required for this iteration: 2488.370

***** Iteration #6 *****
Loss: 138317.285651
Feature norm: 57.082073
Error norm: 2907.236713
Active features: 3885
Line search trials: 2
Line search step: 0.126090
Seconds required for this iteration: 2491.810

***** Iteration #7 *****
Loss: 137505.422290
Feature norm: 58.015008
Error norm: 2490.016523
Active features: 3885
Line search trials: 2
Line search step: 0.310228
Seconds required for this iteration: 2491.660

***** Iteration #8 *****
Loss: 137116.842431
Feature norm: 58.859799
Error norm: 2305.507355
Active features: 3885
Line search trials: 2
Line search step: 0.059732
Seconds required for this iteration: 2494.770

***** Iteration #9 *****
Loss: 136375.793086
Feature norm: 60.694776
Error norm: 13492.916343
Active features: 3885
Line search trials: 2
Line search step: 0.186296
Seconds required for this iteration: 2492.260

***** Iteration #10 *****
Loss: 134835.188311
Feature norm: 62.571514
Error norm: 7887.475816
Active features: 3885
Line search trials: 4
Line search step: 0.135109
Seconds required for this iteration: 4978.510

***** Iteration #11 *****
Loss: 134387.095538
Feature norm: 63.569843
Error norm: 5209.138306
Active features: 3885
Line search trials: 2
Line search step: 0.048926
Seconds required for this iteration: 2492.390

***** Iteration #12 *****
Loss: 133976.472300
Feature norm: 63.767128
Error norm: 2693.533170
Active features: 3885
Line search trials: 1
Line search step: 1.000000
Seconds required for this iteration: 1245.660

***** Iteration #13 *****
Loss: 132534.407520
Feature norm: 66.458461
Error norm: 7367.316603
Active features: 3885
Line search trials: 1
Line search step: 1.000000
Seconds required for this iteration: 1245.670

***** Iteration #14 *****
Loss: 132185.644625
Feature norm: 66.899831
Error norm: 5496.923918
Active features: 3885
Line search trials: 2
Line search step: 0.037503
Seconds required for this iteration: 2492.370

***** Iteration #15 *****
Loss: 132015.782940
Feature norm: 67.247926
Error norm: 4927.873470
Active features: 3885
Line search trials: 4
Line search step: 0.058943
Seconds required for this iteration: 4981.370

***** Iteration #16 *****
Loss: 131915.715327
Feature norm: 67.490350
Error norm: 4593.816319
Active features: 3885
Line search trials: 2
Line search step: 0.104829
Seconds required for this iteration: 2490.240

***** Iteration #17 *****
Loss: 131087.771378
Feature norm: 69.415046
Error norm: 7309.272448
Active features: 3885
Line search trials: 1
Line search step: 1.000000
Seconds required for this iteration: 1245.780

***** Iteration #18 *****
Loss: 130998.822894
Feature norm: 69.588853
Error norm: 5500.660189
Active features: 3885
Line search trials: 3
Line search step: 0.022019
Seconds required for this iteration: 3737.580

***** Iteration #19 *****
Loss: 130814.091365
Feature norm: 69.557011
Error norm: 2142.252987
Active features: 3885
Line search trials: 1
Line search step: 1.000000
Seconds required for this iteration: 1245.870

***** Iteration #20 *****
Loss: 130570.640134
Feature norm: 70.493272
Error norm: 9324.885013
Active features: 3885
Line search trials: 1
Line search step: 1.000000
Seconds required for this iteration: 1245.680

***** Iteration #21 *****
Loss: 129834.424070
Feature norm: 71.663968
Error norm: 2885.070633
Active features: 3885
Line search trials: 1
Line search step: 1.000000
Seconds required for this iteration: 1243.990

***** Iteration #22 *****
Loss: 127639.442413
Feature norm: 77.881896
Error norm: 756.804764
Active features: 3885
Line search trials: 1
Line search step: 1.000000
Seconds required for this iteration: 1244.300

***** Iteration #23 *****
Loss: 127544.335788
Feature norm: 78.277662
Error norm: 814.828458
Active features: 3885
Line search trials: 2
Line search step: 0.038625
Seconds required for this iteration: 2491.800

***** Iteration #24 *****
Loss: 127253.821061
Feature norm: 79.439590
Error norm: 840.417239
Active features: 3885
Line search trials: 2
Line search step: 0.210315
Seconds required for this iteration: 2491.140

***** Iteration #25 *****
Loss: 126494.715587
Feature norm: 82.896168
Error norm: 1246.398396
Active features: 3885
Line search trials: 2
Line search step: 0.472451
Seconds required for this iteration: 2488.780

***** Iteration #26 *****
Loss: 125909.796128
Feature norm: 85.132955
Error norm: 1361.348552
Active features: 3885
Line search trials: 2
Line search step: 0.362185
Seconds required for this iteration: 2491.890

***** Iteration #27 *****
Loss: 125175.361842
Feature norm: 87.294780
Error norm: 1038.386997
Active features: 3885
Line search trials: 2
Line search step: 0.406232
Seconds required for this iteration: 2490.800

***** Iteration #28 *****
Loss: 124731.006671
Feature norm: 88.005895
Error norm: 836.257073
Active features: 3885
Line search trials: 2
Line search step: 0.259516
Seconds required for this iteration: 2488.660

***** Iteration #29 *****
Loss: 124218.663315
Feature norm: 89.748529
Error norm: 826.440814
Active features: 3885
Line search trials: 2
Line search step: 0.234080
Seconds required for this iteration: 2488.650

***** Iteration #30 *****
Loss: 123921.809223
Feature norm: 90.458573
Error norm: 738.353697
Active features: 3885
Line search trials: 2
Line search step: 0.095679
Seconds required for this iteration: 2489.550

***** Iteration #31 *****
Loss: 123371.222303
Feature norm: 92.093834
Error norm: 724.872216
Active features: 3885
Line search trials: 4
Line search step: 0.127755
Seconds required for this iteration: 4981.690

***** Iteration #32 *****
Loss: 122502.543875
Feature norm: 94.602049
Error norm: 659.613049
Active features: 3885
Line search trials: 4
Line search step: 0.141606
Seconds required for this iteration: 4979.760

***** Iteration #33 *****
Loss: 121777.478185
Feature norm: 96.671535
Error norm: 1486.677507
Active features: 3885
Line search trials: 2
Line search step: 0.118490
Seconds required for this iteration: 2489.760

***** Iteration #34 *****
Loss: 120977.862240
Feature norm: 99.685270
Error norm: 2020.217128
Active features: 3885
Line search trials: 2
Line search step: 0.134408
Seconds required for this iteration: 2492.050

***** Iteration #35 *****
Loss: 120433.036883
Feature norm: 101.128419
Error norm: 1202.613257
Active features: 3885
Line search trials: 2
Line search step: 0.126914
Seconds required for this iteration: 2490.120

***** Iteration #36 *****
Loss: 120059.925825
Feature norm: 105.823240
Error norm: 7171.753328
Active features: 3885
Line search trials: 1
Line search step: 1.000000
Seconds required for this iteration: 1244.320

***** Iteration #37 *****
Loss: 119553.714809
Feature norm: 106.439841
Error norm: 3680.158809
Active features: 3885
Line search trials: 2
Line search step: 0.257197
Seconds required for this iteration: 2492.220

***** Iteration #38 *****
Loss: 119274.162385
Feature norm: 104.179825
Error norm: 1021.596006
Active features: 3885
Line search trials: 1
Line search step: 1.000000
Seconds required for this iteration: 1246.020

***** Iteration #39 *****
Loss: 118778.047636
Feature norm: 105.569438
Error norm: 887.650553
Active features: 3885
Line search trials: 1
Line search step: 1.000000
Seconds required for this iteration: 1245.260

***** Iteration #40 *****
Loss: 117832.401731
Feature norm: 109.431927
Error norm: 3241.891160
Active features: 3885
Line search trials: 2
Line search step: 0.497523
Seconds required for this iteration: 2488.590

***** Iteration #41 *****
Loss: 116975.899959
Feature norm: 111.633424
Error norm: 1918.844333
Active features: 3885
Line search trials: 2
Line search step: 0.272516
Seconds required for this iteration: 2489.590

***** Iteration #42 *****
Loss: 116626.968723
Feature norm: 112.983378
Error norm: 1805.952393
Active features: 3885
Line search trials: 2
Line search step: 0.080680
Seconds required for this iteration: 2493.380

***** Iteration #43 *****
Loss: 116344.581347
Feature norm: 114.469753
Error norm: 3385.404519
Active features: 3885
Line search trials: 2
Line search step: 0.094917
Seconds required for this iteration: 2488.750

***** Iteration #44 *****
Loss: 116117.769070
Feature norm: 115.406514
Error norm: 2318.174978
Active features: 3885
Line search trials: 2
Line search step: 0.095195
Seconds required for this iteration: 2492.700

***** Iteration #45 *****
Loss: 115842.281177
Feature norm: 117.152087
Error norm: 2268.441396
Active features: 3885
Line search trials: 2
Line search step: 0.484651
Seconds required for this iteration: 2490.550

***** Iteration #46 *****
Loss: 115218.964568
Feature norm: 119.271983
Error norm: 1118.804325
Active features: 3885
Line search trials: 1
Line search step: 1.000000
Seconds required for this iteration: 1244.190

***** Iteration #47 *****
Loss: 114878.495465
Feature norm: 119.226102
Error norm: 556.750718
Active features: 3885
Line search trials: 1
Line search step: 1.000000
Seconds required for this iteration: 1245.350

***** Iteration #48 *****
Loss: 114598.068612
Feature norm: 119.972839
Error norm: 555.453271
Active features: 3885
Line search trials: 1
Line search step: 1.000000
Seconds required for this iteration: 1244.470

***** Iteration #49 *****
Loss: 114234.497117
Feature norm: 118.301861
Error norm: 724.568692
Active features: 3885
Line search trials: 1
Line search step: 1.000000
Seconds required for this iteration: 1244.350

***** Iteration #50 *****
Loss: 113186.431645
Feature norm: 126.648585
Error norm: 803.058579
Active features: 3885
Line search trials: 1
Line search step: 1.000000
Seconds required for this iteration: 1244.850

***** Iteration #51 *****
Loss: 112350.876040
Feature norm: 130.671345
Error norm: 398.579709
Active features: 3885
Line search trials: 1
Line search step: 1.000000
Seconds required for this iteration: 1244.350

***** Iteration #52 *****
Loss: 111837.557635
Feature norm: 133.694716
Error norm: 439.053612
Active features: 3885
Line search trials: 1
Line search step: 1.000000
Seconds required for this iteration: 1244.410

***** Iteration #53 *****
Loss: 111643.053334
Feature norm: 134.831509
Error norm: 408.686687
Active features: 3885
Line search trials: 2
Line search step: 0.065176
Seconds required for this iteration: 2492.290

***** Iteration #54 *****
Loss: 111265.826185
Feature norm: 137.008931
Error norm: 413.109711
Active features: 3885
Line search trials: 2
Line search step: 0.128516
Seconds required for this iteration: 2491.210

***** Iteration #55 *****
Loss: 110798.528920
Feature norm: 139.981822
Error norm: 428.750517
Active features: 3885
Line search trials: 2
Line search step: 0.110526
Seconds required for this iteration: 2488.760

***** Iteration #56 *****
Loss: 110036.917767
Feature norm: 144.450381
Error norm: 383.274239
Active features: 3885
Line search trials: 4
Line search step: 0.254618
Seconds required for this iteration: 4983.400

***** Iteration #57 *****
Loss: 109727.510928
Feature norm: 146.382618
Error norm: 360.214001
Active features: 3885
Line search trials: 4
Line search step: 0.103669
Seconds required for this iteration: 4978.390

***** Iteration #58 *****
Loss: 109012.514740
Feature norm: 151.443387
Error norm: 311.313764
Active features: 3885
Line search trials: 2
Line search step: 0.228956
Seconds required for this iteration: 2491.080

***** Iteration #59 *****
Loss: 108649.988452
Feature norm: 153.866492
Error norm: 270.395941
Active features: 3885
Line search trials: 2
Line search step: 0.106574
Seconds required for this iteration: 2492.420

***** Iteration #60 *****
Loss: 107807.467882
Feature norm: 161.512647
Error norm: 244.174163
Active features: 3885
Line search trials: 2
Line search step: 0.330313
Seconds required for this iteration: 2488.620

***** Iteration #61 *****
Loss: 107660.467970
Feature norm: 162.451855
Error norm: 220.201625
Active features: 3885
Line search trials: 2
Line search step: 0.050254
Seconds required for this iteration: 2491.360

***** Iteration #62 *****
Loss: 107416.584527
Feature norm: 164.402973
Error norm: 208.566407
Active features: 3885
Line search trials: 2
Line search step: 0.133601
Seconds required for this iteration: 2493.200

L-BFGS terminated with error code (-1001)
Total seconds required for training: 173098.560

Storing the model
Number of active features: 3885 (3885)
Number of active attributes: 0 (0)
Number of active labels: 2797 (2797)
Writing labels
Writing attributes
Writing feature references for transitions
Writing feature references for attributes
Seconds required: 0.010

End time of the training: 2013-12-29T23:15:10Z

