CRFSuite 0.12  Copyright (c) 2007-2011 Naoaki Okazaki

Start time of the training: 2013-12-27T22:44:29Z

Reading the data set(s)
[1] /home/gdifolco/ps11/dataset/21_labled_inst/carrefour/_albain
0....1....2....3....4....5....6....7....8....9....10
Number of instances: 1
Seconds required: 0.000
[2] /home/gdifolco/ps11/dataset/21_labled_inst/carrefour/_atelier
0....1....2....3....4....5....6....7....8....9....10
Number of instances: 1
Seconds required: 0.000
[3] /home/gdifolco/ps11/dataset/21_labled_inst/carrefour/_canape
0....1....2....3....4....5....6....7....8....9....10
Number of instances: 1
Seconds required: 0.000
[4] /home/gdifolco/ps11/dataset/21_labled_inst/carrefour/_cod
0....1....2....3....4....5....6....7....8....9....10
Number of instances: 1
Seconds required: 0.000
[5] /home/gdifolco/ps11/dataset/21_labled_inst/carrefour/_draps
0....1....2....3....4....5....6....7....8....9....10
Number of instances: 1
Seconds required: 0.000
[6] /home/gdifolco/ps11/dataset/21_labled_inst/carrefour/_etagere
0....1....2....3....4....5....6....7....8....9....10
Number of instances: 1
Seconds required: 0.000
[7] /home/gdifolco/ps11/dataset/21_labled_inst/carrefour/_gijoe
0....1....2....3....4....5....6....7....8....9....10
Number of instances: 1
Seconds required: 0.000
[8] /home/gdifolco/ps11/dataset/21_labled_inst/carrefour/_hasbro
0....1....2....3....4....5....6....7....8....9....10
Number of instances: 1
Seconds required: 0.000
[9] /home/gdifolco/ps11/dataset/21_labled_inst/carrefour/_jumelle
0....1....2....3....4....5....6....7....8....9....10
Number of instances: 1
Seconds required: 0.000
[10] /home/gdifolco/ps11/dataset/21_labled_inst/carrefour/_kangui
0....1....2....3....4....5....6....7....8....9....10
Number of instances: 1
Seconds required: 0.000
[11] /home/gdifolco/ps11/dataset/21_labled_inst/rueducommerce/_batterie
0....1....2....3....4....5....6....7....8....9....10
Number of instances: 1
Seconds required: 0.000
[12] /home/gdifolco/ps11/dataset/21_labled_inst/rueducommerce/_cables
0....1....2....3....4....5....6....7....8....9....10
Number of instances: 1
Seconds required: 0.010
[13] /home/gdifolco/ps11/dataset/21_labled_inst/rueducommerce/_clim
0....1....2....3....4....5....6....7....8....9....10
Number of instances: 1
Seconds required: 0.000
[14] /home/gdifolco/ps11/dataset/21_labled_inst/rueducommerce/_coffre
0....1....2....3....4....5....6....7....8....9....10
Number of instances: 1
Seconds required: 0.000
[15] /home/gdifolco/ps11/dataset/21_labled_inst/rueducommerce/_gazon
0....1....2....3....4....5....6....7....8....9....10
Number of instances: 1
Seconds required: 0.000
[16] /home/gdifolco/ps11/dataset/21_labled_inst/rueducommerce/_pates
0....1....2....3....4....5....6....7....8....9....10
Number of instances: 1
Seconds required: 0.000
[17] /home/gdifolco/ps11/dataset/21_labled_inst/rueducommerce/_rafraichisseur
0....1....2....3....4....5....6....7....8....9....10
Number of instances: 1
Seconds required: 0.010
[18] /home/gdifolco/ps11/dataset/21_labled_inst/rueducommerce/_saveur
0....1....2....3....4....5....6....7....8....9....10
Number of instances: 1
Seconds required: 0.000
[19] /home/gdifolco/ps11/dataset/21_labled_inst/rueducommerce/_scie
0....1....2....3....4....5....6....7....8....9....10
Number of instances: 1
Seconds required: 0.000
[20] /home/gdifolco/ps11/dataset/21_labled_inst/rueducommerce/_valve
0....1....2....3....4....5....6....7....8....9....10
Number of instances: 1
Seconds required: 0.000
[21] /home/gdifolco/ps11/dataset/21_labled_inst/ldlc/_acquisition
0....1....2....3....4....5....6....7....8....9....10
Number of instances: 1
Seconds required: 0.000
[22] /home/gdifolco/ps11/dataset/21_labled_inst/ldlc/_asustorserver
0....1....2....3....4....5....6....7....8....9....10
Number of instances: 1
Seconds required: 0.010
[23] /home/gdifolco/ps11/dataset/21_labled_inst/ldlc/_camera
0....1....2....3....4....5....6....7....8....9....10
Number of instances: 1
Seconds required: 0.000
[24] /home/gdifolco/ps11/dataset/21_labled_inst/ldlc/_cao
0....1....2....3....4....5....6....7....8....9....10
Number of instances: 1
Seconds required: 0.000
[25] /home/gdifolco/ps11/dataset/21_labled_inst/ldlc/_cpu
0....1....2....3....4....5....6....7....8....9....10
Number of instances: 1
Seconds required: 0.000
[26] /home/gdifolco/ps11/dataset/21_labled_inst/ldlc/_dongle
0....1....2....3....4....5....6....7....8....9....10
Number of instances: 1
Seconds required: 0.010
[27] /home/gdifolco/ps11/dataset/21_labled_inst/ldlc/_keyboard
0....1....2....3....4....5....6....7....8....9....10
Number of instances: 1
Seconds required: 0.000
[28] /home/gdifolco/ps11/dataset/21_labled_inst/ldlc/_padcleaner
0....1....2....3....4....5....6....7....8....9....10
Number of instances: 1
Seconds required: 0.010
[29] /home/gdifolco/ps11/dataset/21_labled_inst/ldlc/_ventilateur
0....1....2....3....4....5....6....7....8....9....10
Number of instances: 1
Seconds required: 0.000
[30] /home/gdifolco/ps11/dataset/21_labled_inst/ldlc/_wifi
0....1....2....3....4....5....6....7....8....9....10
Number of instances: 1
Seconds required: 0.000
[31] /home/gdifolco/ps11/dataset/21_labled_inst/amazon.fr/_alimentation
0....1....2....3....4....5....6....7....8....9....10
Number of instances: 1
Seconds required: 0.010
[32] /home/gdifolco/ps11/dataset/21_labled_inst/amazon.fr/_gps
0....1....2....3....4....5....6....7....8....9....10
Number of instances: 1
Seconds required: 0.000
[33] /home/gdifolco/ps11/dataset/21_labled_inst/amazon.fr/_guirlandes
0....1....2....3....4....5....6....7....8....9....10
Number of instances: 1
Seconds required: 0.010
[34] /home/gdifolco/ps11/dataset/21_labled_inst/amazon.fr/_lampeplafon
0....1....2....3....4....5....6....7....8....9....10
Number of instances: 1
Seconds required: 0.000
[35] /home/gdifolco/ps11/dataset/21_labled_inst/amazon.fr/_nvidia
0....1....2....3....4....5....6....7....8....9....10
Number of instances: 1
Seconds required: 0.000
[36] /home/gdifolco/ps11/dataset/21_labled_inst/amazon.fr/_perceuse
0....1....2....3....4....5....6....7....8....9....10
Number of instances: 1
Seconds required: 0.000
[37] /home/gdifolco/ps11/dataset/21_labled_inst/amazon.fr/_playmobil
0....1....2....3....4....5....6....7....8....9....10
Number of instances: 1
Seconds required: 0.010
[38] /home/gdifolco/ps11/dataset/21_labled_inst/amazon.fr/_screen
0....1....2....3....4....5....6....7....8....9....10
Number of instances: 1
Seconds required: 0.000
[39] /home/gdifolco/ps11/dataset/21_labled_inst/amazon.fr/_tbbt
0....1....2....3....4....5....6....7....8....9....10
Number of instances: 1
Seconds required: 0.010
[40] /home/gdifolco/ps11/dataset/21_labled_inst/amazon.fr/_visseuse
0....1....2....3....4....5....6....7....8....9....10
Number of instances: 1
Seconds required: 0.000

Statistics the data set(s)
Number of data sets (groups): 40
Number of instances: 40
Number of items: 21691
Number of attributes: 0
Number of labels: 2797

Feature generation
type: CRF1d
feature.minfreq: 0.000000
feature.possible_states: 0
feature.possible_transitions: 0
0....1....2....3....4....5....6....7....8....9....10
Number of features: 3885
Seconds required: 0.010

L-BFGS optimization
c1: 0.000000
c2: 1.000000
num_memories: 6
max_iterations: 2147483647
epsilon: 0.000010
stop: 10
delta: 0.000010
linesearch: MoreThuente
linesearch.max_iterations: 20

***** Iteration #1 *****
Loss: 149661.710389
Feature norm: 34.198137
Error norm: 619.283659
Active features: 3885
Line search trials: 9
Line search step: 0.049398
Seconds required for this iteration: 12451.140

***** Iteration #2 *****
Loss: 144622.316630
Feature norm: 42.602214
Error norm: 573.564118
Active features: 3885
Line search trials: 7
Line search step: 0.028620
Seconds required for this iteration: 8716.560

***** Iteration #3 *****
Loss: 142769.236361
Feature norm: 45.962353
Error norm: 689.230541
Active features: 3885
Line search trials: 5
Line search step: 0.026369
Seconds required for this iteration: 6228.300

***** Iteration #4 *****
Loss: 141572.324435
Feature norm: 49.786707
Error norm: 17125.678028
Active features: 3885
Line search trials: 2
Line search step: 0.121030
Seconds required for this iteration: 2491.450

***** Iteration #5 *****
Loss: 138612.763964
Feature norm: 56.284937
Error norm: 3440.756858
Active features: 3885
Line search trials: 2
Line search step: 0.049572
Seconds required for this iteration: 2491.240

***** Iteration #6 *****
Loss: 138317.285651
Feature norm: 57.082073
Error norm: 2907.236713
Active features: 3885
Line search trials: 2
Line search step: 0.126090
Seconds required for this iteration: 2490.780

***** Iteration #7 *****
Loss: 137505.422290
Feature norm: 58.015008
Error norm: 2490.016523
Active features: 3885
Line search trials: 2
Line search step: 0.310228
Seconds required for this iteration: 2490.150

***** Iteration #8 *****
Loss: 137116.842431
Feature norm: 58.859799
Error norm: 2305.507355
Active features: 3885
Line search trials: 2
Line search step: 0.059732
Seconds required for this iteration: 2494.900

***** Iteration #9 *****
Loss: 136375.793086
Feature norm: 60.694776
Error norm: 13492.916344
Active features: 3885
Line search trials: 2
Line search step: 0.186296
Seconds required for this iteration: 2490.060

***** Iteration #10 *****
Loss: 134835.188311
Feature norm: 62.571514
Error norm: 7887.475816
Active features: 3885
Line search trials: 4
Line search step: 0.135109
Seconds required for this iteration: 4977.630

***** Iteration #11 *****
Loss: 134387.095538
Feature norm: 63.569843
Error norm: 5209.138307
Active features: 3885
Line search trials: 2
Line search step: 0.048926
Seconds required for this iteration: 2490.050

***** Iteration #12 *****
Loss: 133976.472300
Feature norm: 63.767128
Error norm: 2693.533171
Active features: 3885
Line search trials: 1
Line search step: 1.000000
Seconds required for this iteration: 1246.380

***** Iteration #13 *****
Loss: 132534.407520
Feature norm: 66.458461
Error norm: 7367.316599
Active features: 3885
Line search trials: 1
Line search step: 1.000000
Seconds required for this iteration: 1244.590

***** Iteration #14 *****
Loss: 132185.644625
Feature norm: 66.899831
Error norm: 5496.923912
Active features: 3885
Line search trials: 2
Line search step: 0.037503
Seconds required for this iteration: 2490.300

***** Iteration #15 *****
Loss: 132015.782940
Feature norm: 67.247926
Error norm: 4927.873465
Active features: 3885
Line search trials: 4
Line search step: 0.058943
Seconds required for this iteration: 4982.340

***** Iteration #16 *****
Loss: 131915.715327
Feature norm: 67.490350
Error norm: 4593.816316
Active features: 3885
Line search trials: 2
Line search step: 0.104829
Seconds required for this iteration: 2490.710

***** Iteration #17 *****
Loss: 131087.771377
Feature norm: 69.415046
Error norm: 7309.272480
Active features: 3885
Line search trials: 1
Line search step: 1.000000
Seconds required for this iteration: 1246.100

***** Iteration #18 *****
Loss: 130998.822895
Feature norm: 69.588853
Error norm: 5500.660231
Active features: 3885
Line search trials: 3
Line search step: 0.022019
Seconds required for this iteration: 3738.560

***** Iteration #19 *****
Loss: 130814.091368
Feature norm: 69.557011
Error norm: 2142.252947
Active features: 3885
Line search trials: 1
Line search step: 1.000000
Seconds required for this iteration: 1246.180

***** Iteration #20 *****
Loss: 130570.640119
Feature norm: 70.493272
Error norm: 9324.884095
Active features: 3885
Line search trials: 1
Line search step: 1.000000
Seconds required for this iteration: 1246.990

***** Iteration #21 *****
Loss: 129834.424073
Feature norm: 71.663968
Error norm: 2885.070705
Active features: 3885
Line search trials: 1
Line search step: 1.000000
Seconds required for this iteration: 1246.290

***** Iteration #22 *****
Loss: 127639.442179
Feature norm: 77.881897
Error norm: 756.804837
Active features: 3885
Line search trials: 1
Line search step: 1.000000
Seconds required for this iteration: 1246.320

***** Iteration #23 *****
Loss: 127544.335621
Feature norm: 78.277663
Error norm: 814.828785
Active features: 3885
Line search trials: 2
Line search step: 0.038625
Seconds required for this iteration: 2492.710

***** Iteration #24 *****
Loss: 127253.820682
Feature norm: 79.439592
Error norm: 840.417959
Active features: 3885
Line search trials: 2
Line search step: 0.210316
Seconds required for this iteration: 2491.620

***** Iteration #25 *****
Loss: 126494.716228
Feature norm: 82.896168
Error norm: 1246.399982
Active features: 3885
Line search trials: 2
Line search step: 0.472452
Seconds required for this iteration: 2489.320

***** Iteration #26 *****
Loss: 125909.793903
Feature norm: 85.132973
Error norm: 1361.355537
Active features: 3885
Line search trials: 2
Line search step: 0.362188
Seconds required for this iteration: 2489.030

***** Iteration #27 *****
Loss: 125175.358573
Feature norm: 87.294797
Error norm: 1038.390530
Active features: 3885
Line search trials: 2
Line search step: 0.406235
Seconds required for this iteration: 2489.940

***** Iteration #28 *****
Loss: 124730.993750
Feature norm: 88.005918
Error norm: 836.250939
Active features: 3885
Line search trials: 2
Line search step: 0.259525
Seconds required for this iteration: 2489.990

***** Iteration #29 *****
Loss: 124218.657624
Feature norm: 89.748549
Error norm: 826.443402
Active features: 3885
Line search trials: 2
Line search step: 0.234083
Seconds required for this iteration: 2492.650

***** Iteration #30 *****
Loss: 123921.808916
Feature norm: 90.458588
Error norm: 738.355346
Active features: 3885
Line search trials: 2
Line search step: 0.095680
Seconds required for this iteration: 2490.710

***** Iteration #31 *****
Loss: 123371.233031
Feature norm: 92.093821
Error norm: 724.875507
Active features: 3885
Line search trials: 4
Line search step: 0.127757
Seconds required for this iteration: 4978.370

***** Iteration #32 *****
Loss: 122502.561463
Feature norm: 94.602028
Error norm: 659.619794
Active features: 3885
Line search trials: 4
Line search step: 0.141607
Seconds required for this iteration: 4985.550

***** Iteration #33 *****
Loss: 121777.515250
Feature norm: 96.671443
Error norm: 1486.749843
Active features: 3885
Line search trials: 2
Line search step: 0.118486
Seconds required for this iteration: 2493.310

***** Iteration #34 *****
Loss: 120977.905192
Feature norm: 99.685219
Error norm: 2020.468704
Active features: 3885
Line search trials: 2
Line search step: 0.134408
Seconds required for this iteration: 2492.250

***** Iteration #35 *****
Loss: 120433.070673
Feature norm: 101.128336
Error norm: 1202.666867
Active features: 3885
Line search trials: 2
Line search step: 0.126918
Seconds required for this iteration: 2490.510

***** Iteration #36 *****
Loss: 120060.206143
Feature norm: 105.822878
Error norm: 7173.400234
Active features: 3885
Line search trials: 1
Line search step: 1.000000
Seconds required for this iteration: 1244.510

***** Iteration #37 *****
Loss: 119553.431557
Feature norm: 106.439944
Error norm: 3678.056852
Active features: 3885
Line search trials: 2
Line search step: 0.257577
Seconds required for this iteration: 2490.000

***** Iteration #38 *****
Loss: 119274.368736
Feature norm: 104.178038
Error norm: 1021.008350
Active features: 3885
Line search trials: 1
Line search step: 1.000000
Seconds required for this iteration: 1244.430

***** Iteration #39 *****
Loss: 118778.128063
Feature norm: 105.568268
Error norm: 887.485604
Active features: 3885
Line search trials: 1
Line search step: 1.000000
Seconds required for this iteration: 1245.710

***** Iteration #40 *****
Loss: 117831.175489
Feature norm: 109.433053
Error norm: 3233.561543
Active features: 3885
Line search trials: 2
Line search step: 0.496323
Seconds required for this iteration: 2492.120

***** Iteration #41 *****
Loss: 116976.449299
Feature norm: 111.631816
Error norm: 1919.750126
Active features: 3885
Line search trials: 2
Line search step: 0.271885
Seconds required for this iteration: 2490.420

***** Iteration #42 *****
Loss: 116626.710336
Feature norm: 112.984055
Error norm: 1807.585052
Active features: 3885
Line search trials: 2
Line search step: 0.080558
Seconds required for this iteration: 2494.370

***** Iteration #43 *****
Loss: 116345.006436
Feature norm: 114.463812
Error norm: 3358.253742
Active features: 3885
Line search trials: 2
Line search step: 0.094021
Seconds required for this iteration: 2489.030

***** Iteration #44 *****
Loss: 116117.994448
Feature norm: 115.400764
Error norm: 2301.124698
Active features: 3885
Line search trials: 2
Line search step: 0.095244
Seconds required for this iteration: 2492.750

***** Iteration #45 *****
Loss: 115841.912651
Feature norm: 117.149261
Error norm: 2265.990734
Active features: 3885
Line search trials: 2
Line search step: 0.485459
Seconds required for this iteration: 2490.580

***** Iteration #46 *****
Loss: 115217.719243
Feature norm: 119.267941
Error norm: 1112.391709
Active features: 3885
Line search trials: 1
Line search step: 1.000000
Seconds required for this iteration: 1244.370

***** Iteration #47 *****
Loss: 114877.512958
Feature norm: 119.241485
Error norm: 557.634145
Active features: 3885
Line search trials: 1
Line search step: 1.000000
Seconds required for this iteration: 1246.020

***** Iteration #48 *****
Loss: 114594.074964
Feature norm: 119.995114
Error norm: 556.270412
Active features: 3885
Line search trials: 1
Line search step: 1.000000
Seconds required for this iteration: 1246.150

***** Iteration #49 *****
Loss: 114236.366887
Feature norm: 118.289055
Error norm: 696.690929
Active features: 3885
Line search trials: 1
Line search step: 1.000000
Seconds required for this iteration: 1246.050

***** Iteration #50 *****
Loss: 113176.282550
Feature norm: 126.993975
Error norm: 895.406235
Active features: 3885
Line search trials: 1
Line search step: 1.000000
Seconds required for this iteration: 1246.030

***** Iteration #51 *****
Loss: 112348.168179
Feature norm: 130.037297
Error norm: 367.949662
Active features: 3885
Line search trials: 1
Line search step: 1.000000
Seconds required for this iteration: 1245.920

***** Iteration #52 *****
Loss: 111895.282808
Feature norm: 133.966852
Error norm: 430.953304
Active features: 3885
Line search trials: 1
Line search step: 1.000000
Seconds required for this iteration: 1245.890

***** Iteration #53 *****
Loss: 111558.730854
Feature norm: 135.722533
Error norm: 396.180001
Active features: 3885
Line search trials: 4
Line search step: 0.103484
Seconds required for this iteration: 4979.550

***** Iteration #54 *****
Loss: 110594.040337
Feature norm: 142.291810
Error norm: 582.094551
Active features: 3885
Line search trials: 2
Line search step: 0.318517
Seconds required for this iteration: 2488.870

***** Iteration #55 *****
Loss: 110413.029135
Feature norm: 143.473924
Error norm: 445.788068
Active features: 3885
Line search trials: 2
Line search step: 0.057560
Seconds required for this iteration: 2493.440

***** Iteration #56 *****
Loss: 110133.582776
Feature norm: 145.353421
Error norm: 452.864462
Active features: 3885
Line search trials: 2
Line search step: 0.218651
Seconds required for this iteration: 2491.100

***** Iteration #57 *****
Loss: 109755.298469
Feature norm: 147.697434
Error norm: 409.081174
Active features: 3885
Line search trials: 4
Line search step: 0.153519
Seconds required for this iteration: 4978.850

***** Iteration #58 *****
Loss: 109194.754248
Feature norm: 151.788637
Error norm: 321.437315
Active features: 3885
Line search trials: 2
Line search step: 0.254404
Seconds required for this iteration: 2490.990

***** Iteration #59 *****
Loss: 108817.117887
Feature norm: 154.964750
Error norm: 288.252202
Active features: 3885
Line search trials: 2
Line search step: 0.207261
Seconds required for this iteration: 2493.520

***** Iteration #60 *****
Loss: 108634.739458
Feature norm: 156.472063
Error norm: 271.232921
Active features: 3885
Line search trials: 4
Line search step: 0.088513
Seconds required for this iteration: 4982.470

***** Iteration #61 *****
Loss: 107906.815401
Feature norm: 164.201590
Error norm: 279.064963
Active features: 3885
Line search trials: 2
Line search step: 0.484795
Seconds required for this iteration: 2490.770

***** Iteration #62 *****
Loss: 107711.242230
Feature norm: 165.434788
Error norm: 250.400056
Active features: 3885
Line search trials: 4
Line search step: 0.125669
Seconds required for this iteration: 4982.700

***** Iteration #63 *****
Loss: 107323.879888
Feature norm: 168.458131
Error norm: 244.108674
Active features: 3885
Line search trials: 2
Line search step: 0.266233
Seconds required for this iteration: 2491.670

L-BFGS terminated with error code (-1001)
Total seconds required for training: 180596.090

Storing the model
Number of active features: 3885 (3885)
Number of active attributes: 0 (0)
Number of active labels: 2797 (2797)
Writing labels
Writing attributes
Writing feature references for transitions
Writing feature references for attributes
Seconds required: 0.000

End time of the training: 2013-12-30T01:21:40Z

