CRFSuite 0.12  Copyright (c) 2007-2011 Naoaki Okazaki

Start time of the training: 2013-12-27T22:44:25Z

Reading the data set(s)
[1] /home/gdifolco/ps11/dataset/21_labled_inst/carrefour/_albain
0....1....2....3....4....5....6....7....8....9....10
Number of instances: 1
Seconds required: 0.000
[2] /home/gdifolco/ps11/dataset/21_labled_inst/carrefour/_atelier
0....1....2....3....4....5....6....7....8....9....10
Number of instances: 1
Seconds required: 0.000
[3] /home/gdifolco/ps11/dataset/21_labled_inst/carrefour/_canape
0....1....2....3....4....5....6....7....8....9....10
Number of instances: 1
Seconds required: 0.000
[4] /home/gdifolco/ps11/dataset/21_labled_inst/carrefour/_cod
0....1....2....3....4....5....6....7....8....9....10
Number of instances: 1
Seconds required: 0.000
[5] /home/gdifolco/ps11/dataset/21_labled_inst/carrefour/_draps
0....1....2....3....4....5....6....7....8....9....10
Number of instances: 1
Seconds required: 0.000
[6] /home/gdifolco/ps11/dataset/21_labled_inst/carrefour/_etagere
0....1....2....3....4....5....6....7....8....9....10
Number of instances: 1
Seconds required: 0.000
[7] /home/gdifolco/ps11/dataset/21_labled_inst/carrefour/_gijoe
0....1....2....3....4....5....6....7....8....9....10
Number of instances: 1
Seconds required: 0.000
[8] /home/gdifolco/ps11/dataset/21_labled_inst/carrefour/_hasbro
0....1....2....3....4....5....6....7....8....9....10
Number of instances: 1
Seconds required: 0.000
[9] /home/gdifolco/ps11/dataset/21_labled_inst/carrefour/_jumelle
0....1....2....3....4....5....6....7....8....9....10
Number of instances: 1
Seconds required: 0.000
[10] /home/gdifolco/ps11/dataset/21_labled_inst/carrefour/_kangui
0....1....2....3....4....5....6....7....8....9....10
Number of instances: 1
Seconds required: 0.000
[11] /home/gdifolco/ps11/dataset/21_labled_inst/ldlc/_acquisition
0....1....2....3....4....5....6....7....8....9....10
Number of instances: 1
Seconds required: 0.000
[12] /home/gdifolco/ps11/dataset/21_labled_inst/ldlc/_asustorserver
0....1....2....3....4....5....6....7....8....9....10
Number of instances: 1
Seconds required: 0.010
[13] /home/gdifolco/ps11/dataset/21_labled_inst/ldlc/_camera
0....1....2....3....4....5....6....7....8....9....10
Number of instances: 1
Seconds required: 0.000
[14] /home/gdifolco/ps11/dataset/21_labled_inst/ldlc/_cao
0....1....2....3....4....5....6....7....8....9....10
Number of instances: 1
Seconds required: 0.000
[15] /home/gdifolco/ps11/dataset/21_labled_inst/ldlc/_cpu
0....1....2....3....4....5....6....7....8....9....10
Number of instances: 1
Seconds required: 0.000
[16] /home/gdifolco/ps11/dataset/21_labled_inst/ldlc/_dongle
0....1....2....3....4....5....6....7....8....9....10
Number of instances: 1
Seconds required: 0.010
[17] /home/gdifolco/ps11/dataset/21_labled_inst/ldlc/_keyboard
0....1....2....3....4....5....6....7....8....9....10
Number of instances: 1
Seconds required: 0.000
[18] /home/gdifolco/ps11/dataset/21_labled_inst/ldlc/_padcleaner
0....1....2....3....4....5....6....7....8....9....10
Number of instances: 1
Seconds required: 0.000
[19] /home/gdifolco/ps11/dataset/21_labled_inst/ldlc/_ventilateur
0....1....2....3....4....5....6....7....8....9....10
Number of instances: 1
Seconds required: 0.010
[20] /home/gdifolco/ps11/dataset/21_labled_inst/ldlc/_wifi
0....1....2....3....4....5....6....7....8....9....10
Number of instances: 1
Seconds required: 0.000
[21] /home/gdifolco/ps11/dataset/21_labled_inst/rueducommerce/_batterie
0....1....2....3....4....5....6....7....8....9....10
Number of instances: 1
Seconds required: 0.000
[22] /home/gdifolco/ps11/dataset/21_labled_inst/rueducommerce/_cables
0....1....2....3....4....5....6....7....8....9....10
Number of instances: 1
Seconds required: 0.000
[23] /home/gdifolco/ps11/dataset/21_labled_inst/rueducommerce/_clim
0....1....2....3....4....5....6....7....8....9....10
Number of instances: 1
Seconds required: 0.000
[24] /home/gdifolco/ps11/dataset/21_labled_inst/rueducommerce/_coffre
0....1....2....3....4....5....6....7....8....9....10
Number of instances: 1
Seconds required: 0.000
[25] /home/gdifolco/ps11/dataset/21_labled_inst/rueducommerce/_gazon
0....1....2....3....4....5....6....7....8....9....10
Number of instances: 1
Seconds required: 0.010
[26] /home/gdifolco/ps11/dataset/21_labled_inst/rueducommerce/_pates
0....1....2....3....4....5....6....7....8....9....10
Number of instances: 1
Seconds required: 0.010
[27] /home/gdifolco/ps11/dataset/21_labled_inst/rueducommerce/_rafraichisseur
0....1....2....3....4....5....6....7....8....9....10
Number of instances: 1
Seconds required: 0.000
[28] /home/gdifolco/ps11/dataset/21_labled_inst/rueducommerce/_saveur
0....1....2....3....4....5....6....7....8....9....10
Number of instances: 1
Seconds required: 0.000
[29] /home/gdifolco/ps11/dataset/21_labled_inst/rueducommerce/_scie
0....1....2....3....4....5....6....7....8....9....10
Number of instances: 1
Seconds required: 0.000
[30] /home/gdifolco/ps11/dataset/21_labled_inst/rueducommerce/_valve
0....1....2....3....4....5....6....7....8....9....10
Number of instances: 1
Seconds required: 0.010
[31] /home/gdifolco/ps11/dataset/21_labled_inst/amazon.fr/_alimentation
0....1....2....3....4....5....6....7....8....9....10
Number of instances: 1
Seconds required: 0.000
[32] /home/gdifolco/ps11/dataset/21_labled_inst/amazon.fr/_gps
0....1....2....3....4....5....6....7....8....9....10
Number of instances: 1
Seconds required: 0.010
[33] /home/gdifolco/ps11/dataset/21_labled_inst/amazon.fr/_guirlandes
0....1....2....3....4....5....6....7....8....9....10
Number of instances: 1
Seconds required: 0.000
[34] /home/gdifolco/ps11/dataset/21_labled_inst/amazon.fr/_lampeplafon
0....1....2....3....4....5....6....7....8....9....10
Number of instances: 1
Seconds required: 0.000
[35] /home/gdifolco/ps11/dataset/21_labled_inst/amazon.fr/_nvidia
0....1....2....3....4....5....6....7....8....9....10
Number of instances: 1
Seconds required: 0.000
[36] /home/gdifolco/ps11/dataset/21_labled_inst/amazon.fr/_perceuse
0....1....2....3....4....5....6....7....8....9....10
Number of instances: 1
Seconds required: 0.010
[37] /home/gdifolco/ps11/dataset/21_labled_inst/amazon.fr/_playmobil
0....1....2....3....4....5....6....7....8....9....10
Number of instances: 1
Seconds required: 0.000
[38] /home/gdifolco/ps11/dataset/21_labled_inst/amazon.fr/_screen
0....1....2....3....4....5....6....7....8....9....10
Number of instances: 1
Seconds required: 0.000
[39] /home/gdifolco/ps11/dataset/21_labled_inst/amazon.fr/_tbbt
0....1....2....3....4....5....6....7....8....9....10
Number of instances: 1
Seconds required: 0.000
[40] /home/gdifolco/ps11/dataset/21_labled_inst/amazon.fr/_visseuse
0....1....2....3....4....5....6....7....8....9....10
Number of instances: 1
Seconds required: 0.010

Statistics the data set(s)
Number of data sets (groups): 40
Number of instances: 40
Number of items: 21691
Number of attributes: 0
Number of labels: 2797

Feature generation
type: CRF1d
feature.minfreq: 0.000000
feature.possible_states: 0
feature.possible_transitions: 0
0....1....2....3....4....5....6....7....8....9....10
Number of features: 3885
Seconds required: 0.000

L-BFGS optimization
c1: 0.000000
c2: 1.000000
num_memories: 6
max_iterations: 2147483647
epsilon: 0.000010
stop: 10
delta: 0.000010
linesearch: MoreThuente
linesearch.max_iterations: 20

***** Iteration #1 *****
Loss: 149661.710389
Feature norm: 34.198137
Error norm: 619.283659
Active features: 3885
Line search trials: 9
Line search step: 0.049398
Seconds required for this iteration: 12646.070

***** Iteration #2 *****
Loss: 144622.316630
Feature norm: 42.602214
Error norm: 573.564118
Active features: 3885
Line search trials: 7
Line search step: 0.028620
Seconds required for this iteration: 8742.630

***** Iteration #3 *****
Loss: 142769.236361
Feature norm: 45.962353
Error norm: 689.230541
Active features: 3885
Line search trials: 5
Line search step: 0.026369
Seconds required for this iteration: 6239.620

***** Iteration #4 *****
Loss: 141572.324435
Feature norm: 49.786707
Error norm: 17125.678028
Active features: 3885
Line search trials: 2
Line search step: 0.121030
Seconds required for this iteration: 2496.480

***** Iteration #5 *****
Loss: 138612.763964
Feature norm: 56.284937
Error norm: 3440.756858
Active features: 3885
Line search trials: 2
Line search step: 0.049572
Seconds required for this iteration: 2496.470

***** Iteration #6 *****
Loss: 138317.285651
Feature norm: 57.082073
Error norm: 2907.236713
Active features: 3885
Line search trials: 2
Line search step: 0.126090
Seconds required for this iteration: 2496.680

***** Iteration #7 *****
Loss: 137505.422290
Feature norm: 58.015008
Error norm: 2490.016523
Active features: 3885
Line search trials: 2
Line search step: 0.310228
Seconds required for this iteration: 2499.650

***** Iteration #8 *****
Loss: 137116.842431
Feature norm: 58.859799
Error norm: 2305.507355
Active features: 3885
Line search trials: 2
Line search step: 0.059732
Seconds required for this iteration: 2494.080

***** Iteration #9 *****
Loss: 136375.793086
Feature norm: 60.694776
Error norm: 13492.916342
Active features: 3885
Line search trials: 2
Line search step: 0.186296
Seconds required for this iteration: 2497.230

***** Iteration #10 *****
Loss: 134835.188311
Feature norm: 62.571514
Error norm: 7887.475816
Active features: 3885
Line search trials: 4
Line search step: 0.135109
Seconds required for this iteration: 4992.940

***** Iteration #11 *****
Loss: 134387.095538
Feature norm: 63.569843
Error norm: 5209.138306
Active features: 3885
Line search trials: 2
Line search step: 0.048926
Seconds required for this iteration: 2495.940

***** Iteration #12 *****
Loss: 133976.472300
Feature norm: 63.767128
Error norm: 2693.533169
Active features: 3885
Line search trials: 1
Line search step: 1.000000
Seconds required for this iteration: 1247.300

***** Iteration #13 *****
Loss: 132534.407520
Feature norm: 66.458461
Error norm: 7367.316603
Active features: 3885
Line search trials: 1
Line search step: 1.000000
Seconds required for this iteration: 1247.350

***** Iteration #14 *****
Loss: 132185.644625
Feature norm: 66.899831
Error norm: 5496.923920
Active features: 3885
Line search trials: 2
Line search step: 0.037503
Seconds required for this iteration: 2495.380

***** Iteration #15 *****
Loss: 132015.782940
Feature norm: 67.247926
Error norm: 4927.873472
Active features: 3885
Line search trials: 4
Line search step: 0.058943
Seconds required for this iteration: 4986.230

***** Iteration #16 *****
Loss: 131915.715327
Feature norm: 67.490350
Error norm: 4593.816322
Active features: 3885
Line search trials: 2
Line search step: 0.104829
Seconds required for this iteration: 2498.680

***** Iteration #17 *****
Loss: 131087.771385
Feature norm: 69.415046
Error norm: 7309.272610
Active features: 3885
Line search trials: 1
Line search step: 1.000000
Seconds required for this iteration: 1245.530

***** Iteration #18 *****
Loss: 130998.822899
Feature norm: 69.588853
Error norm: 5500.660335
Active features: 3885
Line search trials: 3
Line search step: 0.022019
Seconds required for this iteration: 3737.780

***** Iteration #19 *****
Loss: 130814.091361
Feature norm: 69.557011
Error norm: 2142.253136
Active features: 3885
Line search trials: 1
Line search step: 1.000000
Seconds required for this iteration: 1245.890

***** Iteration #20 *****
Loss: 130570.640214
Feature norm: 70.493272
Error norm: 9324.888065
Active features: 3885
Line search trials: 1
Line search step: 1.000000
Seconds required for this iteration: 1246.800

***** Iteration #21 *****
Loss: 129834.424194
Feature norm: 71.663968
Error norm: 2885.070483
Active features: 3885
Line search trials: 1
Line search step: 1.000000
Seconds required for this iteration: 1246.180

***** Iteration #22 *****
Loss: 127639.443586
Feature norm: 77.881891
Error norm: 756.804441
Active features: 3885
Line search trials: 1
Line search step: 1.000000
Seconds required for this iteration: 1247.240

***** Iteration #23 *****
Loss: 127544.336623
Feature norm: 78.277658
Error norm: 814.826855
Active features: 3885
Line search trials: 2
Line search step: 0.038625
Seconds required for this iteration: 2481.670

***** Iteration #24 *****
Loss: 127253.822956
Feature norm: 79.439579
Error norm: 840.413664
Active features: 3885
Line search trials: 2
Line search step: 0.210313
Seconds required for this iteration: 2477.720

***** Iteration #25 *****
Loss: 126494.712438
Feature norm: 82.896167
Error norm: 1246.390517
Active features: 3885
Line search trials: 2
Line search step: 0.472449
Seconds required for this iteration: 2475.980

***** Iteration #26 *****
Loss: 125909.807152
Feature norm: 85.132866
Error norm: 1361.314035
Active features: 3885
Line search trials: 2
Line search step: 0.362167
Seconds required for this iteration: 2478.130

***** Iteration #27 *****
Loss: 125175.378002
Feature norm: 87.294695
Error norm: 1038.369556
Active features: 3885
Line search trials: 2
Line search step: 0.406218
Seconds required for this iteration: 2479.100

***** Iteration #28 *****
Loss: 124731.070567
Feature norm: 88.005779
Error norm: 836.287411
Active features: 3885
Line search trials: 2
Line search step: 0.259472
Seconds required for this iteration: 2477.380

***** Iteration #29 *****
Loss: 124218.691482
Feature norm: 89.748433
Error norm: 826.428040
Active features: 3885
Line search trials: 2
Line search step: 0.234064
Seconds required for this iteration: 2475.740

***** Iteration #30 *****
Loss: 123921.810731
Feature norm: 90.458501
Error norm: 738.345554
Active features: 3885
Line search trials: 2
Line search step: 0.095675
Seconds required for this iteration: 2478.740

***** Iteration #31 *****
Loss: 123371.169264
Feature norm: 92.093901
Error norm: 724.855943
Active features: 3885
Line search trials: 4
Line search step: 0.127745
Seconds required for this iteration: 4954.450

***** Iteration #32 *****
Loss: 122502.456882
Feature norm: 94.602154
Error norm: 659.579701
Active features: 3885
Line search trials: 4
Line search step: 0.141599
Seconds required for this iteration: 4953.980

***** Iteration #33 *****
Loss: 121777.294542
Feature norm: 96.671990
Error norm: 1486.320488
Active features: 3885
Line search trials: 2
Line search step: 0.118510
Seconds required for this iteration: 2478.570

***** Iteration #34 *****
Loss: 120977.649579
Feature norm: 99.685518
Error norm: 2018.968494
Active features: 3885
Line search trials: 2
Line search step: 0.134404
Seconds required for this iteration: 2475.690

***** Iteration #35 *****
Loss: 120432.869465
Feature norm: 101.128833
Error norm: 1202.346974
Active features: 3885
Line search trials: 2
Line search step: 0.126894
Seconds required for this iteration: 2477.130

***** Iteration #36 *****
Loss: 120058.536052
Feature norm: 105.825037
Error norm: 7163.587834
Active features: 3885
Line search trials: 1
Line search step: 1.000000
Seconds required for this iteration: 1239.090

***** Iteration #37 *****
Loss: 119555.108130
Feature norm: 106.439348
Error norm: 3690.498213
Active features: 3885
Line search trials: 2
Line search step: 0.255324
Seconds required for this iteration: 2479.030

***** Iteration #38 *****
Loss: 119273.157991
Feature norm: 104.188521
Error norm: 1024.447995
Active features: 3885
Line search trials: 1
Line search step: 1.000000
Seconds required for this iteration: 1238.920

***** Iteration #39 *****
Loss: 118777.647466
Feature norm: 105.575194
Error norm: 888.472175
Active features: 3885
Line search trials: 1
Line search step: 1.000000
Seconds required for this iteration: 1238.480

***** Iteration #40 *****
Loss: 117838.256155
Feature norm: 109.427105
Error norm: 3283.407946
Active features: 3885
Line search trials: 2
Line search step: 0.503500
Seconds required for this iteration: 2478.040

***** Iteration #41 *****
Loss: 116973.076146
Feature norm: 111.641900
Error norm: 1914.636019
Active features: 3885
Line search trials: 2
Line search step: 0.275516
Seconds required for this iteration: 2478.980

***** Iteration #42 *****
Loss: 116628.036565
Feature norm: 112.980876
Error norm: 1798.190939
Active features: 3885
Line search trials: 2
Line search step: 0.081294
Seconds required for this iteration: 2482.000

***** Iteration #43 *****
Loss: 116341.232665
Feature norm: 114.504012
Error norm: 3517.309794
Active features: 3885
Line search trials: 2
Line search step: 0.099775
Seconds required for this iteration: 2477.910

***** Iteration #44 *****
Loss: 116115.398701
Feature norm: 115.440041
Error norm: 2398.525163
Active features: 3885
Line search trials: 2
Line search step: 0.095089
Seconds required for this iteration: 2477.080

***** Iteration #45 *****
Loss: 115841.920474
Feature norm: 117.180255
Error norm: 2288.132094
Active features: 3885
Line search trials: 2
Line search step: 0.484478
Seconds required for this iteration: 2476.170

***** Iteration #46 *****
Loss: 115223.474131
Feature norm: 119.304004
Error norm: 1164.262188
Active features: 3885
Line search trials: 1
Line search step: 1.000000
Seconds required for this iteration: 1238.050

***** Iteration #47 *****
Loss: 114883.076866
Feature norm: 119.137020
Error norm: 551.006802
Active features: 3885
Line search trials: 1
Line search step: 1.000000
Seconds required for this iteration: 1239.190

***** Iteration #48 *****
Loss: 114623.127511
Feature norm: 119.838808
Error norm: 550.288771
Active features: 3885
Line search trials: 1
Line search step: 1.000000
Seconds required for this iteration: 1238.470

***** Iteration #49 *****
Loss: 114227.644316
Feature norm: 118.342585
Error norm: 889.409252
Active features: 3885
Line search trials: 1
Line search step: 1.000000
Seconds required for this iteration: 1237.920

***** Iteration #50 *****
Loss: 113351.805215
Feature norm: 124.768692
Error norm: 724.617005
Active features: 3885
Line search trials: 1
Line search step: 1.000000
Seconds required for this iteration: 1237.940

***** Iteration #51 *****
Loss: 113041.095449
Feature norm: 126.457178
Error norm: 586.060814
Active features: 3885
Line search trials: 2
Line search step: 0.231239
Seconds required for this iteration: 2475.970

***** Iteration #52 *****
Loss: 112377.586660
Feature norm: 129.849999
Error norm: 356.300801
Active features: 3885
Line search trials: 1
Line search step: 1.000000
Seconds required for this iteration: 1238.970

***** Iteration #53 *****
Loss: 111739.518773
Feature norm: 136.538884
Error norm: 896.777669
Active features: 3885
Line search trials: 1
Line search step: 1.000000
Seconds required for this iteration: 1238.900

***** Iteration #54 *****
Loss: 111437.453241
Feature norm: 139.254829
Error norm: 662.062708
Active features: 3885
Line search trials: 2
Line search step: 0.373340
Seconds required for this iteration: 2477.280

***** Iteration #55 *****
Loss: 110677.365914
Feature norm: 143.449171
Error norm: 2608.455243
Active features: 3885
Line search trials: 1
Line search step: 1.000000
Seconds required for this iteration: 1237.980

***** Iteration #56 *****
Loss: 110384.386203
Feature norm: 143.846128
Error norm: 696.050771
Active features: 3885
Line search trials: 2
Line search step: 0.097758
Seconds required for this iteration: 2477.130

***** Iteration #57 *****
Loss: 110199.101455
Feature norm: 146.830556
Error norm: 1144.637522
Active features: 3885
Line search trials: 1
Line search step: 1.000000
Seconds required for this iteration: 1239.130

***** Iteration #58 *****
Loss: 110111.958514
Feature norm: 146.502893
Error norm: 935.748400
Active features: 3885
Line search trials: 2
Line search step: 0.073869
Seconds required for this iteration: 2477.940

***** Iteration #59 *****
Loss: 109815.963772
Feature norm: 145.701988
Error norm: 582.370656
Active features: 3885
Line search trials: 1
Line search step: 1.000000
Seconds required for this iteration: 1238.980

***** Iteration #60 *****
Loss: 109313.261348
Feature norm: 148.297183
Error norm: 564.549018
Active features: 3885
Line search trials: 1
Line search step: 1.000000
Seconds required for this iteration: 1238.920

***** Iteration #61 *****
Loss: 108984.313540
Feature norm: 150.268878
Error norm: 390.896510
Active features: 3885
Line search trials: 2
Line search step: 0.231003
Seconds required for this iteration: 2478.580

***** Iteration #62 *****
Loss: 108353.467670
Feature norm: 159.811285
Error norm: 2012.456612
Active features: 3885
Line search trials: 1
Line search step: 1.000000
Seconds required for this iteration: 1238.840

***** Iteration #63 *****
Loss: 108176.618153
Feature norm: 160.994737
Error norm: 789.622645
Active features: 3885
Line search trials: 2
Line search step: 0.119574
Seconds required for this iteration: 2475.570

***** Iteration #64 *****
Loss: 108071.369337
Feature norm: 162.143826
Error norm: 594.440270
Active features: 3885
Line search trials: 1
Line search step: 1.000000
Seconds required for this iteration: 1239.070

***** Iteration #65 *****
Loss: 107882.084225
Feature norm: 161.314484
Error norm: 333.908305
Active features: 3885
Line search trials: 1
Line search step: 1.000000
Seconds required for this iteration: 1237.960

***** Iteration #66 *****
Loss: 107696.974085
Feature norm: 163.269218
Error norm: 440.349691
Active features: 3885
Line search trials: 1
Line search step: 1.000000
Seconds required for this iteration: 1237.970

***** Iteration #67 *****
Loss: 107410.762932
Feature norm: 164.712153
Error norm: 362.543546
Active features: 3885
Line search trials: 1
Line search step: 1.000000
Seconds required for this iteration: 1238.150

***** Iteration #68 *****
Loss: 107035.655839
Feature norm: 167.381509
Error norm: 1521.244202
Active features: 3885
Line search trials: 1
Line search step: 1.000000
Seconds required for this iteration: 1238.870

***** Iteration #69 *****
Loss: 106861.732419
Feature norm: 169.600679
Error norm: 246.759774
Active features: 3885
Line search trials: 1
Line search step: 1.000000
Seconds required for this iteration: 1238.930

***** Iteration #70 *****
Loss: 106828.008340
Feature norm: 170.621438
Error norm: 263.788881
Active features: 3885
Line search trials: 1
Line search step: 1.000000
Seconds required for this iteration: 1239.640

***** Iteration #71 *****
Loss: 106645.944648
Feature norm: 172.102460
Error norm: 248.360933
Active features: 3885
Line search trials: 2
Line search step: 0.291884
Seconds required for this iteration: 2475.730

***** Iteration #72 *****
Loss: 106384.363221
Feature norm: 176.853852
Error norm: 1051.076364
Active features: 3885
Line search trials: 1
Line search step: 1.000000
Seconds required for this iteration: 1237.900

***** Iteration #73 *****
Loss: 106336.932693
Feature norm: 177.069023
Error norm: 588.207666
Active features: 3885
Line search trials: 1
Line search step: 1.000000
Seconds required for this iteration: 1237.950

***** Iteration #74 *****
Loss: 106280.809632
Feature norm: 175.459741
Error norm: 252.296326
Active features: 3885
Line search trials: 2
Line search step: 0.361678
Seconds required for this iteration: 2476.720

***** Iteration #75 *****
Loss: 106227.467965
Feature norm: 175.967043
Error norm: 196.182433
Active features: 3885
Line search trials: 1
Line search step: 1.000000
Seconds required for this iteration: 1237.970

***** Iteration #76 *****
Loss: 106160.090649
Feature norm: 176.861733
Error norm: 161.997602
Active features: 3885
Line search trials: 2
Line search step: 0.285541
Seconds required for this iteration: 2476.580

***** Iteration #77 *****
Loss: 106014.823247
Feature norm: 180.250243
Error norm: 332.217802
Active features: 3885
Line search trials: 1
Line search step: 1.000000
Seconds required for this iteration: 1238.880

***** Iteration #78 *****
Loss: 105983.013043
Feature norm: 181.818782
Error norm: 262.697848
Active features: 3885
Line search trials: 1
Line search step: 1.000000
Seconds required for this iteration: 1238.910

***** Iteration #79 *****
Loss: 105938.495957
Feature norm: 180.852749
Error norm: 142.709482
Active features: 3885
Line search trials: 1
Line search step: 1.000000
Seconds required for this iteration: 1239.140

***** Iteration #80 *****
Loss: 105893.747121
Feature norm: 180.711855
Error norm: 119.686706
Active features: 3885
Line search trials: 1
Line search step: 1.000000
Seconds required for this iteration: 1238.080

***** Iteration #81 *****
Loss: 105823.676852
Feature norm: 182.514750
Error norm: 361.071037
Active features: 3885
Line search trials: 1
Line search step: 1.000000
Seconds required for this iteration: 1238.050

***** Iteration #82 *****
Loss: 105780.499623
Feature norm: 182.450878
Error norm: 104.941366
Active features: 3885
Line search trials: 1
Line search step: 1.000000
Seconds required for this iteration: 1238.960

***** Iteration #83 *****
Loss: 105764.769467
Feature norm: 182.803049
Error norm: 98.578700
Active features: 3885
Line search trials: 1
Line search step: 1.000000
Seconds required for this iteration: 1238.970

***** Iteration #84 *****
Loss: 105709.592156
Feature norm: 184.726188
Error norm: 166.054099
Active features: 3885
Line search trials: 1
Line search step: 1.000000
Seconds required for this iteration: 1239.800

***** Iteration #85 *****
Loss: 105693.035010
Feature norm: 186.168851
Error norm: 177.094344
Active features: 3885
Line search trials: 1
Line search step: 1.000000
Seconds required for this iteration: 1238.010

***** Iteration #86 *****
Loss: 105666.978936
Feature norm: 185.539586
Error norm: 66.977698
Active features: 3885
Line search trials: 1
Line search step: 1.000000
Seconds required for this iteration: 1237.800

***** Iteration #87 *****
Loss: 105657.977747
Feature norm: 185.434496
Error norm: 46.169501
Active features: 3885
Line search trials: 1
Line search step: 1.000000
Seconds required for this iteration: 1238.130

***** Iteration #88 *****
Loss: 105644.706917
Feature norm: 185.915215
Error norm: 66.025085
Active features: 3885
Line search trials: 1
Line search step: 1.000000
Seconds required for this iteration: 1238.870

***** Iteration #89 *****
Loss: 105638.108859
Feature norm: 186.432597
Error norm: 58.917582
Active features: 3885
Line search trials: 1
Line search step: 1.000000
Seconds required for this iteration: 1238.870

***** Iteration #90 *****
Loss: 105631.338257
Feature norm: 186.624777
Error norm: 37.594306
Active features: 3885
Line search trials: 1
Line search step: 1.000000
Seconds required for this iteration: 1239.620

***** Iteration #91 *****
Loss: 105626.087005
Feature norm: 186.562382
Error norm: 32.310757
Active features: 3885
Line search trials: 1
Line search step: 1.000000
Seconds required for this iteration: 1237.810

***** Iteration #92 *****
Loss: 105620.982341
Feature norm: 186.826677
Error norm: 31.955019
Active features: 3885
Line search trials: 1
Line search step: 1.000000
Seconds required for this iteration: 1237.920

***** Iteration #93 *****
Loss: 105617.972018
Feature norm: 186.934109
Error norm: 29.601310
Active features: 3885
Line search trials: 2
Line search step: 0.434167
Seconds required for this iteration: 2477.300

***** Iteration #94 *****
Loss: 105614.636566
Feature norm: 187.163004
Error norm: 25.446555
Active features: 3885
Line search trials: 1
Line search step: 1.000000
Seconds required for this iteration: 1238.940

***** Iteration #95 *****
Loss: 105610.328778
Feature norm: 187.463681
Error norm: 23.911710
Active features: 3885
Line search trials: 1
Line search step: 1.000000
Seconds required for this iteration: 1239.220

***** Iteration #96 *****
Loss: 105608.473675
Feature norm: 187.663775
Error norm: 35.287240
Active features: 3885
Line search trials: 2
Line search step: 0.425637
Seconds required for this iteration: 2475.820

***** Iteration #97 *****
Loss: 105606.295473
Feature norm: 187.812260
Error norm: 18.518142
Active features: 3885
Line search trials: 1
Line search step: 1.000000
Seconds required for this iteration: 1238.540

***** Iteration #98 *****
Loss: 105605.363259
Feature norm: 187.847140
Error norm: 14.275086
Active features: 3885
Line search trials: 1
Line search step: 1.000000
Seconds required for this iteration: 1242.470

***** Iteration #99 *****
Loss: 105604.058174
Feature norm: 187.920353
Error norm: 13.649565
Active features: 3885
Line search trials: 1
Line search step: 1.000000
Seconds required for this iteration: 1238.770

***** Iteration #100 *****
Loss: 105603.701266
Feature norm: 188.170345
Error norm: 40.747414
Active features: 3885
Line search trials: 1
Line search step: 1.000000
Seconds required for this iteration: 1239.530

***** Iteration #101 *****
Loss: 105602.423433
Feature norm: 188.159527
Error norm: 10.286621
Active features: 3885
Line search trials: 1
Line search step: 1.000000
Seconds required for this iteration: 1237.730

***** Iteration #102 *****
Loss: 105602.168691
Feature norm: 188.165387
Error norm: 8.328755
Active features: 3885
Line search trials: 1
Line search step: 1.000000
Seconds required for this iteration: 1237.740

***** Iteration #103 *****
Loss: 105601.600350
Feature norm: 188.248987
Error norm: 10.060625
Active features: 3885
Line search trials: 1
Line search step: 1.000000
Seconds required for this iteration: 1238.660

***** Iteration #104 *****
Loss: 105601.460915
Feature norm: 188.392622
Error norm: 37.617206
Active features: 3885
Line search trials: 1
Line search step: 1.000000
Seconds required for this iteration: 1239.070

***** Iteration #105 *****
Loss: 105600.913600
Feature norm: 188.424820
Error norm: 10.160370
Active features: 3885
Line search trials: 1
Line search step: 1.000000
Seconds required for this iteration: 1239.050

***** Iteration #106 *****
Loss: 105600.773029
Feature norm: 188.448656
Error norm: 5.972678
Active features: 3885
Line search trials: 1
Line search step: 1.000000
Seconds required for this iteration: 1238.690

***** Iteration #107 *****
Loss: 105600.631987
Feature norm: 188.489841
Error norm: 5.892010
Active features: 3885
Line search trials: 1
Line search step: 1.000000
Seconds required for this iteration: 1238.040

***** Iteration #108 *****
Loss: 105600.457800
Feature norm: 188.528997
Error norm: 6.032737
Active features: 3885
Line search trials: 1
Line search step: 1.000000
Seconds required for this iteration: 1238.000

***** Iteration #109 *****
Loss: 105600.165834
Feature norm: 188.586039
Error norm: 5.835895
Active features: 3885
Line search trials: 1
Line search step: 1.000000
Seconds required for this iteration: 1238.910

***** Iteration #110 *****
Loss: 105600.074179
Feature norm: 188.609552
Error norm: 6.366686
Active features: 3885
Line search trials: 2
Line search step: 0.342240
Seconds required for this iteration: 2479.010

***** Iteration #111 *****
Loss: 105599.955815
Feature norm: 188.620308
Error norm: 3.664595
Active features: 3885
Line search trials: 1
Line search step: 1.000000
Seconds required for this iteration: 1238.900

***** Iteration #112 *****
Loss: 105599.869768
Feature norm: 188.621805
Error norm: 3.468715
Active features: 3885
Line search trials: 1
Line search step: 1.000000
Seconds required for this iteration: 1238.940

***** Iteration #113 *****
Loss: 105599.828193
Feature norm: 188.626272
Error norm: 8.101260
Active features: 3885
Line search trials: 1
Line search step: 1.000000
Seconds required for this iteration: 1238.450

***** Iteration #114 *****
Loss: 105599.775146
Feature norm: 188.626756
Error norm: 3.618264
Active features: 3885
Line search trials: 1
Line search step: 1.000000
Seconds required for this iteration: 1237.730

***** Iteration #115 *****
Loss: 105599.753500
Feature norm: 188.625634
Error norm: 2.294923
Active features: 3885
Line search trials: 1
Line search step: 1.000000
Seconds required for this iteration: 1237.790

***** Iteration #116 *****
Loss: 105599.730325
Feature norm: 188.626198
Error norm: 2.194684
Active features: 3885
Line search trials: 1
Line search step: 1.000000
Seconds required for this iteration: 1239.180

L-BFGS terminated with the stopping criteria
Total seconds required for training: 233575.630

Storing the model
Number of active features: 3885 (3885)
Number of active attributes: 0 (0)
Number of active labels: 2797 (2797)
Writing labels
Writing attributes
Writing feature references for transitions
Writing feature references for attributes
Seconds required: 0.010

End time of the training: 2013-12-30T16:10:19Z

