CRFSuite 0.12  Copyright (c) 2007-2011 Naoaki Okazaki

Start time of the training: 2014-02-01T00:58:26Z

Reading the data set(s)
[1] /home/gdifolco/ps11/dataset/21_labled_inst/carrefour/_albain
0....1....2....3....4....5....6....7....8....9....10
Number of instances: 1
Seconds required: 0.000
[2] /home/gdifolco/ps11/dataset/21_labled_inst/carrefour/_atelier
0....1....2....3....4....5....6....7....8....9....10
Number of instances: 1
Seconds required: 0.000
[3] /home/gdifolco/ps11/dataset/21_labled_inst/carrefour/_canape
0....1....2....3....4....5....6....7....8....9....10
Number of instances: 1
Seconds required: 0.000
[4] /home/gdifolco/ps11/dataset/21_labled_inst/carrefour/_cod
0....1....2....3....4....5....6....7....8....9....10
Number of instances: 1
Seconds required: 0.000
[5] /home/gdifolco/ps11/dataset/21_labled_inst/carrefour/_draps
0....1....2....3....4....5....6....7....8....9....10
Number of instances: 1
Seconds required: 0.000
[6] /home/gdifolco/ps11/dataset/21_labled_inst/carrefour/_etagere
0....1....2....3....4....5....6....7....8....9....10
Number of instances: 1
Seconds required: 0.000
[7] /home/gdifolco/ps11/dataset/21_labled_inst/carrefour/_gijoe
0....1....2....3....4....5....6....7....8....9....10
Number of instances: 1
Seconds required: 0.000
[8] /home/gdifolco/ps11/dataset/21_labled_inst/carrefour/_hasbro
0....1....2....3....4....5....6....7....8....9....10
Number of instances: 1
Seconds required: 0.000
[9] /home/gdifolco/ps11/dataset/21_labled_inst/carrefour/_jumelle
0....1....2....3....4....5....6....7....8....9....10
Number of instances: 1
Seconds required: 0.000
[10] /home/gdifolco/ps11/dataset/21_labled_inst/carrefour/_kangui
0....1....2....3....4....5....6....7....8....9....10
Number of instances: 1
Seconds required: 0.000

Statistics the data set(s)
Number of data sets (groups): 10
Number of instances: 10
Number of items: 1223
Number of attributes: 0
Number of labels: 5

Feature generation
type: CRF1d
feature.minfreq: 0.000000
feature.possible_states: 0
feature.possible_transitions: 0
0....1....2....3....4....5....6....7....8....9....10
Number of features: 9
Seconds required: 0.000

L-BFGS optimization
c1: 0.000000
c2: 1.000000
num_memories: 6
max_iterations: 2147483647
epsilon: 0.000010
stop: 10
delta: 0.000010
linesearch: MoreThuente
linesearch.max_iterations: 20

***** Iteration #1 *****
Loss: 916.673566
Feature norm: 1.000000
Error norm: 950.690262
Active features: 9
Line search trials: 1
Line search step: 0.000902
Seconds required for this iteration: 0.000

***** Iteration #2 *****
Loss: 526.237467
Feature norm: 7.250420
Error norm: 80.894734
Active features: 9
Line search trials: 1
Line search step: 1.000000
Seconds required for this iteration: 0.000

***** Iteration #3 *****
Loss: 261.081932
Feature norm: 3.925634
Error norm: 68.191688
Active features: 9
Line search trials: 6
Line search step: 6.836268
Seconds required for this iteration: 0.010

***** Iteration #4 *****
Loss: 216.289789
Feature norm: 3.249487
Error norm: 45.913547
Active features: 9
Line search trials: 4
Line search step: 0.040420
Seconds required for this iteration: 0.000

***** Iteration #5 *****
Loss: 204.969457
Feature norm: 2.957005
Error norm: 15.300154
Active features: 9
Line search trials: 2
Line search step: 0.223853
Seconds required for this iteration: 0.000

***** Iteration #6 *****
Loss: 204.384106
Feature norm: 2.830415
Error norm: 12.508028
Active features: 9
Line search trials: 1
Line search step: 1.000000
Seconds required for this iteration: 0.000

***** Iteration #7 *****
Loss: 203.987326
Feature norm: 2.890539
Error norm: 2.918327
Active features: 9
Line search trials: 1
Line search step: 1.000000
Seconds required for this iteration: 0.000

***** Iteration #8 *****
Loss: 203.739959
Feature norm: 2.925614
Error norm: 2.682464
Active features: 9
Line search trials: 2
Line search step: 5.000000
Seconds required for this iteration: 0.000

***** Iteration #9 *****
Loss: 203.418934
Feature norm: 3.056992
Error norm: 1.830666
Active features: 9
Line search trials: 1
Line search step: 1.000000
Seconds required for this iteration: 0.000

***** Iteration #10 *****
Loss: 203.368502
Feature norm: 3.110343
Error norm: 0.447373
Active features: 9
Line search trials: 1
Line search step: 1.000000
Seconds required for this iteration: 0.000

***** Iteration #11 *****
Loss: 203.355521
Feature norm: 3.141280
Error norm: 0.430507
Active features: 9
Line search trials: 1
Line search step: 1.000000
Seconds required for this iteration: 0.000

***** Iteration #12 *****
Loss: 203.352682
Feature norm: 3.146236
Error norm: 0.369289
Active features: 9
Line search trials: 1
Line search step: 1.000000
Seconds required for this iteration: 0.000

***** Iteration #13 *****
Loss: 203.351310
Feature norm: 3.143089
Error norm: 0.009426
Active features: 9
Line search trials: 1
Line search step: 1.000000
Seconds required for this iteration: 0.000

***** Iteration #14 *****
Loss: 203.351305
Feature norm: 3.142220
Error norm: 0.016351
Active features: 9
Line search trials: 1
Line search step: 1.000000
Seconds required for this iteration: 0.000

***** Iteration #15 *****
Loss: 203.351304
Feature norm: 3.142001
Error norm: 0.011721
Active features: 9
Line search trials: 1
Line search step: 1.000000
Seconds required for this iteration: 0.000

***** Iteration #16 *****
Loss: 203.351303
Feature norm: 3.142191
Error norm: 0.000020
Active features: 9
Line search trials: 1
Line search step: 1.000000
Seconds required for this iteration: 0.000

L-BFGS resulted in convergence
Total seconds required for training: 0.010

Storing the model
Number of active features: 9 (9)
Number of active attributes: 0 (0)
Number of active labels: 5 (5)
Writing labels
Writing attributes
Writing feature references for transitions
Writing feature references for attributes
Seconds required: 0.000

End time of the training: 2014-02-01T00:58:26Z

