CRFSuite 0.12  Copyright (c) 2007-2011 Naoaki Okazaki

Start time of the training: 2013-12-24T01:01:16Z

Reading the data set(s)
[1] /home/gdifolco/ps11/dataset/21_labled_inst/carrefour/_albain
0....1....2....3....4....5....6....7....8....9....10
Number of instances: 1
Seconds required: 0.000
[2] /home/gdifolco/ps11/dataset/21_labled_inst/carrefour/_atelier
0....1....2....3....4....5....6....7....8....9....10
Number of instances: 1
Seconds required: 0.000
[3] /home/gdifolco/ps11/dataset/21_labled_inst/carrefour/_canape
0....1....2....3....4....5....6....7....8....9....10
Number of instances: 1
Seconds required: 0.000
[4] /home/gdifolco/ps11/dataset/21_labled_inst/carrefour/_cod
0....1....2....3....4....5....6....7....8....9....10
Number of instances: 1
Seconds required: 0.000
[5] /home/gdifolco/ps11/dataset/21_labled_inst/carrefour/_draps
0....1....2....3....4....5....6....7....8....9....10
Number of instances: 1
Seconds required: 0.000
[6] /home/gdifolco/ps11/dataset/21_labled_inst/carrefour/_etagere
0....1....2....3....4....5....6....7....8....9....10
Number of instances: 1
Seconds required: 0.000
[7] /home/gdifolco/ps11/dataset/21_labled_inst/carrefour/_gijoe
0....1....2....3....4....5....6....7....8....9....10
Number of instances: 1
Seconds required: 0.000
[8] /home/gdifolco/ps11/dataset/21_labled_inst/carrefour/_hasbro
0....1....2....3....4....5....6....7....8....9....10
Number of instances: 1
Seconds required: 0.000
[9] /home/gdifolco/ps11/dataset/21_labled_inst/carrefour/_jumelle
0....1....2....3....4....5....6....7....8....9....10
Number of instances: 1
Seconds required: 0.000
[10] /home/gdifolco/ps11/dataset/21_labled_inst/carrefour/_kangui
0....1....2....3....4....5....6....7....8....9....10
Number of instances: 1
Seconds required: 0.000
[11] /home/gdifolco/ps11/dataset/21_labled_inst/rueducommerce/_batterie
0....1....2....3....4....5....6....7....8....9....10
Number of instances: 1
Seconds required: 0.000
[12] /home/gdifolco/ps11/dataset/21_labled_inst/rueducommerce/_cables
0....1....2....3....4....5....6....7....8....9....10
Number of instances: 1
Seconds required: 0.000
[13] /home/gdifolco/ps11/dataset/21_labled_inst/rueducommerce/_clim
0....1....2....3....4....5....6....7....8....9....10
Number of instances: 1
Seconds required: 0.000
[14] /home/gdifolco/ps11/dataset/21_labled_inst/rueducommerce/_coffre
0....1....2....3....4....5....6....7....8....9....10
Number of instances: 1
Seconds required: 0.000
[15] /home/gdifolco/ps11/dataset/21_labled_inst/rueducommerce/_gazon
0....1....2....3....4....5....6....7....8....9....10
Number of instances: 1
Seconds required: 0.010
[16] /home/gdifolco/ps11/dataset/21_labled_inst/rueducommerce/_pates
0....1....2....3....4....5....6....7....8....9....10
Number of instances: 1
Seconds required: 0.000
[17] /home/gdifolco/ps11/dataset/21_labled_inst/rueducommerce/_rafraichisseur
0....1....2....3....4....5....6....7....8....9....10
Number of instances: 1
Seconds required: 0.000
[18] /home/gdifolco/ps11/dataset/21_labled_inst/rueducommerce/_saveur
0....1....2....3....4....5....6....7....8....9....10
Number of instances: 1
Seconds required: 0.000
[19] /home/gdifolco/ps11/dataset/21_labled_inst/rueducommerce/_scie
0....1....2....3....4....5....6....7....8....9....10
Number of instances: 1
Seconds required: 0.000
[20] /home/gdifolco/ps11/dataset/21_labled_inst/rueducommerce/_valve
0....1....2....3....4....5....6....7....8....9....10
Number of instances: 1
Seconds required: 0.000
[21] /home/gdifolco/ps11/dataset/21_labled_inst/amazon.fr/_alimentation
0....1....2....3....4....5....6....7....8....9....10
Number of instances: 1
Seconds required: 0.010
[22] /home/gdifolco/ps11/dataset/21_labled_inst/amazon.fr/_gps
0....1....2....3....4....5....6....7....8....9....10
Number of instances: 1
Seconds required: 0.000
[23] /home/gdifolco/ps11/dataset/21_labled_inst/amazon.fr/_guirlandes
0....1....2....3....4....5....6....7....8....9....10
Number of instances: 1
Seconds required: 0.000
[24] /home/gdifolco/ps11/dataset/21_labled_inst/amazon.fr/_lampeplafon
0....1....2....3....4....5....6....7....8....9....10
Number of instances: 1
Seconds required: 0.000
[25] /home/gdifolco/ps11/dataset/21_labled_inst/amazon.fr/_nvidia
0....1....2....3....4....5....6....7....8....9....10
Number of instances: 1
Seconds required: 0.010
[26] /home/gdifolco/ps11/dataset/21_labled_inst/amazon.fr/_perceuse
0....1....2....3....4....5....6....7....8....9....10
Number of instances: 1
Seconds required: 0.000
[27] /home/gdifolco/ps11/dataset/21_labled_inst/amazon.fr/_playmobil
0....1....2....3....4....5....6....7....8....9....10
Number of instances: 1
Seconds required: 0.000
[28] /home/gdifolco/ps11/dataset/21_labled_inst/amazon.fr/_screen
0....1....2....3....4....5....6....7....8....9....10
Number of instances: 1
Seconds required: 0.000
[29] /home/gdifolco/ps11/dataset/21_labled_inst/amazon.fr/_tbbt
0....1....2....3....4....5....6....7....8....9....10
Number of instances: 1
Seconds required: 0.010
[30] /home/gdifolco/ps11/dataset/21_labled_inst/amazon.fr/_visseuse
0....1....2....3....4....5....6....7....8....9....10
Number of instances: 1
Seconds required: 0.010
[31] /home/gdifolco/ps11/dataset/21_labled_inst/ldlc/_acquisition
0....1....2....3....4....5....6....7....8....9....10
Number of instances: 1
Seconds required: 0.000
[32] /home/gdifolco/ps11/dataset/21_labled_inst/ldlc/_asustorserver
0....1....2....3....4....5....6....7....8....9....10
Number of instances: 1
Seconds required: 0.000
[33] /home/gdifolco/ps11/dataset/21_labled_inst/ldlc/_camera
0....1....2....3....4....5....6....7....8....9....10
Number of instances: 1
Seconds required: 0.000
[34] /home/gdifolco/ps11/dataset/21_labled_inst/ldlc/_cao
0....1....2....3....4....5....6....7....8....9....10
Number of instances: 1
Seconds required: 0.000
[35] /home/gdifolco/ps11/dataset/21_labled_inst/ldlc/_cpu
0....1....2....3....4....5....6....7....8....9....10
Number of instances: 1
Seconds required: 0.010
[36] /home/gdifolco/ps11/dataset/21_labled_inst/ldlc/_dongle
0....1....2....3....4....5....6....7....8....9....10
Number of instances: 1
Seconds required: 0.000
[37] /home/gdifolco/ps11/dataset/21_labled_inst/ldlc/_keyboard
0....1....2....3....4....5....6....7....8....9....10
Number of instances: 1
Seconds required: 0.000
[38] /home/gdifolco/ps11/dataset/21_labled_inst/ldlc/_padcleaner
0....1....2....3....4....5....6....7....8....9....10
Number of instances: 1
Seconds required: 0.000
[39] /home/gdifolco/ps11/dataset/21_labled_inst/ldlc/_ventilateur
0....1....2....3....4....5....6....7....8....9....10
Number of instances: 1
Seconds required: 0.000
[40] /home/gdifolco/ps11/dataset/21_labled_inst/ldlc/_wifi
0....1....2....3....4....5....6....7....8....9....10
Number of instances: 1
Seconds required: 0.010

Statistics the data set(s)
Number of data sets (groups): 40
Number of instances: 40
Number of items: 21691
Number of attributes: 0
Number of labels: 2797

Feature generation
type: CRF1d
feature.minfreq: 0.000000
feature.possible_states: 0
feature.possible_transitions: 0
0....1....2....3....4....5....6....7....8....9....10
Number of features: 3885
Seconds required: 0.000

L-BFGS optimization
c1: 0.000000
c2: 1.000000
num_memories: 6
max_iterations: 2147483647
epsilon: 0.000010
stop: 10
delta: 0.000010
linesearch: MoreThuente
linesearch.max_iterations: 20

***** Iteration #1 *****
Loss: 149661.710389
Feature norm: 34.198137
Error norm: 619.283659
Active features: 3885
Line search trials: 9
Line search step: 0.049398
Seconds required for this iteration: 23699.080

***** Iteration #2 *****
Loss: 144622.316630
Feature norm: 42.602214
Error norm: 573.564118
Active features: 3885
Line search trials: 7
Line search step: 0.028620
Seconds required for this iteration: 16627.240

***** Iteration #3 *****
Loss: 142769.236361
Feature norm: 45.962353
Error norm: 689.230541
Active features: 3885
Line search trials: 5
Line search step: 0.026369
Seconds required for this iteration: 11860.280

***** Iteration #4 *****
Loss: 141572.324435
Feature norm: 49.786707
Error norm: 17125.678028
Active features: 3885
Line search trials: 2
Line search step: 0.121030
Seconds required for this iteration: 4742.550

***** Iteration #5 *****
Loss: 138612.763964
Feature norm: 56.284937
Error norm: 3440.756858
Active features: 3885
Line search trials: 2
Line search step: 0.049572
Seconds required for this iteration: 4751.470

***** Iteration #6 *****
Loss: 138317.285651
Feature norm: 57.082073
Error norm: 2907.236713
Active features: 3885
Line search trials: 2
Line search step: 0.126090
Seconds required for this iteration: 4752.820

***** Iteration #7 *****
Loss: 137505.422290
Feature norm: 58.015008
Error norm: 2490.016523
Active features: 3885
Line search trials: 2
Line search step: 0.310228
Seconds required for this iteration: 4742.930

***** Iteration #8 *****
Loss: 137116.842431
Feature norm: 58.859799
Error norm: 2305.507355
Active features: 3885
Line search trials: 2
Line search step: 0.059732
Seconds required for this iteration: 4701.400

***** Iteration #9 *****
Loss: 136375.793086
Feature norm: 60.694776
Error norm: 13492.916343
Active features: 3885
Line search trials: 2
Line search step: 0.186296
Seconds required for this iteration: 4756.960

***** Iteration #10 *****
Loss: 134835.188311
Feature norm: 62.571514
Error norm: 7887.475816
Active features: 3885
Line search trials: 4
Line search step: 0.135109
Seconds required for this iteration: 9489.540

***** Iteration #11 *****
Loss: 134387.095538
Feature norm: 63.569843
Error norm: 5209.138306
Active features: 3885
Line search trials: 2
Line search step: 0.048926
Seconds required for this iteration: 4755.900

***** Iteration #12 *****
Loss: 133976.472300
Feature norm: 63.767128
Error norm: 2693.533170
Active features: 3885
Line search trials: 1
Line search step: 1.000000
Seconds required for this iteration: 2392.510

***** Iteration #13 *****
Loss: 132534.407520
Feature norm: 66.458461
Error norm: 7367.316599
Active features: 3885
Line search trials: 1
Line search step: 1.000000
Seconds required for this iteration: 1956.500

***** Iteration #14 *****
Loss: 132185.644624
Feature norm: 66.899831
Error norm: 5496.923912
Active features: 3885
Line search trials: 2
Line search step: 0.037503
Seconds required for this iteration: 2564.300

***** Iteration #15 *****
Loss: 132015.782940
Feature norm: 67.247926
Error norm: 4927.873464
Active features: 3885
Line search trials: 4
Line search step: 0.058943
Seconds required for this iteration: 5101.760

***** Iteration #16 *****
Loss: 131915.715326
Feature norm: 67.490350
Error norm: 4593.816312
Active features: 3885
Line search trials: 2
Line search step: 0.104829
Seconds required for this iteration: 2552.270

***** Iteration #17 *****
Loss: 131087.771365
Feature norm: 69.415046
Error norm: 7309.272160
Active features: 3885
Line search trials: 1
Line search step: 1.000000
Seconds required for this iteration: 1275.540

***** Iteration #18 *****
Loss: 130998.822885
Feature norm: 69.588853
Error norm: 5500.659935
Active features: 3885
Line search trials: 3
Line search step: 0.022019
Seconds required for this iteration: 3826.440

***** Iteration #19 *****
Loss: 130814.091374
Feature norm: 69.557011
Error norm: 2142.252688
Active features: 3885
Line search trials: 1
Line search step: 1.000000
Seconds required for this iteration: 1276.160

***** Iteration #20 *****
Loss: 130570.639975
Feature norm: 70.493272
Error norm: 9324.878855
Active features: 3885
Line search trials: 1
Line search step: 1.000000
Seconds required for this iteration: 1275.690

***** Iteration #21 *****
Loss: 129834.423839
Feature norm: 71.663968
Error norm: 2885.070950
Active features: 3885
Line search trials: 1
Line search step: 1.000000
Seconds required for this iteration: 1274.900

***** Iteration #22 *****
Loss: 127639.440101
Feature norm: 77.881905
Error norm: 756.805406
Active features: 3885
Line search trials: 1
Line search step: 1.000000
Seconds required for this iteration: 1274.850

***** Iteration #23 *****
Loss: 127544.334143
Feature norm: 78.277670
Error norm: 814.831621
Active features: 3885
Line search trials: 2
Line search step: 0.038625
Seconds required for this iteration: 2551.920

***** Iteration #24 *****
Loss: 127253.817327
Feature norm: 79.439610
Error norm: 840.424290
Active features: 3885
Line search trials: 2
Line search step: 0.210320
Seconds required for this iteration: 2552.380

***** Iteration #25 *****
Loss: 126494.721799
Feature norm: 82.896170
Error norm: 1246.413931
Active features: 3885
Line search trials: 2
Line search step: 0.472457
Seconds required for this iteration: 2572.330

***** Iteration #26 *****
Loss: 125909.774392
Feature norm: 85.133132
Error norm: 1361.416630
Active features: 3885
Line search trials: 2
Line search step: 0.362219
Seconds required for this iteration: 2551.490

***** Iteration #27 *****
Loss: 125175.329976
Feature norm: 87.294948
Error norm: 1038.421401
Active features: 3885
Line search trials: 2
Line search step: 0.406259
Seconds required for this iteration: 2550.100

***** Iteration #28 *****
Loss: 124730.880620
Feature norm: 88.006124
Error norm: 836.197206
Active features: 3885
Line search trials: 2
Line search step: 0.259604
Seconds required for this iteration: 2551.400

***** Iteration #29 *****
Loss: 124218.607755
Feature norm: 89.748719
Error norm: 826.465959
Active features: 3885
Line search trials: 2
Line search step: 0.234112
Seconds required for this iteration: 2549.730

***** Iteration #30 *****
Loss: 123921.806186
Feature norm: 90.458716
Error norm: 738.369760
Active features: 3885
Line search trials: 2
Line search step: 0.095688
Seconds required for this iteration: 2550.170

***** Iteration #31 *****
Loss: 123371.326540
Feature norm: 92.093704
Error norm: 724.904344
Active features: 3885
Line search trials: 4
Line search step: 0.127775
Seconds required for this iteration: 5100.680

***** Iteration #32 *****
Loss: 122502.715169
Feature norm: 94.601842
Error norm: 659.678807
Active features: 3885
Line search trials: 4
Line search step: 0.141618
Seconds required for this iteration: 5099.820

***** Iteration #33 *****
Loss: 121777.839820
Feature norm: 96.670639
Error norm: 1487.383353
Active features: 3885
Line search trials: 2
Line search step: 0.118451
Seconds required for this iteration: 2550.510

***** Iteration #34 *****
Loss: 120978.281931
Feature norm: 99.684781
Error norm: 2022.686482
Active features: 3885
Line search trials: 2
Line search step: 0.134416
Seconds required for this iteration: 2548.500

***** Iteration #35 *****
Loss: 120433.367087
Feature norm: 101.127605
Error norm: 1203.140534
Active features: 3885
Line search trials: 2
Line search step: 0.126952
Seconds required for this iteration: 2551.030

***** Iteration #36 *****
Loss: 120062.669128
Feature norm: 105.819692
Error norm: 7187.840752
Active features: 3885
Line search trials: 1
Line search step: 1.000000
Seconds required for this iteration: 1275.510

***** Iteration #37 *****
Loss: 119550.907190
Feature norm: 106.440874
Error norm: 3659.318740
Active features: 3885
Line search trials: 2
Line search step: 0.260959
Seconds required for this iteration: 2549.270

***** Iteration #38 *****
Loss: 119276.230908
Feature norm: 104.161899
Error norm: 1015.676606
Active features: 3885
Line search trials: 1
Line search step: 1.000000
Seconds required for this iteration: 1274.320

***** Iteration #39 *****
Loss: 118778.820044
Feature norm: 105.557907
Error norm: 886.046828
Active features: 3885
Line search trials: 1
Line search step: 1.000000
Seconds required for this iteration: 1275.800

***** Iteration #40 *****
Loss: 117819.746126
Feature norm: 109.445229
Error norm: 3161.253218
Active features: 3885
Line search trials: 2
Line search step: 0.485868
Seconds required for this iteration: 2551.300

***** Iteration #41 *****
Loss: 116980.668426
Feature norm: 111.620034
Error norm: 1928.110471
Active features: 3885
Line search trials: 2
Line search step: 0.266104
Seconds required for this iteration: 2549.030

***** Iteration #42 *****
Loss: 116623.586277
Feature norm: 112.993150
Error norm: 1822.488468
Active features: 3885
Line search trials: 2
Line search step: 0.079517
Seconds required for this iteration: 2550.610

***** Iteration #43 *****
Loss: 116345.009498
Feature norm: 114.425571
Error norm: 3113.582823
Active features: 3885
Line search trials: 2
Line search step: 0.087328
Seconds required for this iteration: 2551.340

***** Iteration #44 *****
Loss: 116116.069923
Feature norm: 115.365320
Error norm: 2141.493956
Active features: 3885
Line search trials: 2
Line search step: 0.096206
Seconds required for this iteration: 2550.270

***** Iteration #45 *****
Loss: 115831.526892
Feature norm: 117.169624
Error norm: 2274.861599
Active features: 3885
Line search trials: 2
Line search step: 0.504133
Seconds required for this iteration: 2551.160

***** Iteration #46 *****
Loss: 115200.535187
Feature norm: 119.278338
Error norm: 1093.684611
Active features: 3885
Line search trials: 1
Line search step: 1.000000
Seconds required for this iteration: 1275.480

***** Iteration #47 *****
Loss: 114867.688483
Feature norm: 119.324032
Error norm: 559.817340
Active features: 3885
Line search trials: 1
Line search step: 1.000000
Seconds required for this iteration: 1275.500

***** Iteration #48 *****
Loss: 114581.024993
Feature norm: 120.145966
Error norm: 569.338918
Active features: 3885
Line search trials: 1
Line search step: 1.000000
Seconds required for this iteration: 1275.460

***** Iteration #49 *****
Loss: 114229.195997
Feature norm: 118.244198
Error norm: 550.193749
Active features: 3885
Line search trials: 1
Line search step: 1.000000
Seconds required for this iteration: 1275.490

***** Iteration #50 *****
Loss: 113116.415546
Feature norm: 127.601804
Error norm: 1446.859948
Active features: 3885
Line search trials: 1
Line search step: 1.000000
Seconds required for this iteration: 1276.460

***** Iteration #51 *****
Loss: 112514.811885
Feature norm: 128.724638
Error norm: 367.408630
Active features: 3885
Line search trials: 1
Line search step: 1.000000
Seconds required for this iteration: 1275.660

***** Iteration #52 *****
Loss: 112194.797554
Feature norm: 131.990492
Error norm: 419.725547
Active features: 3885
Line search trials: 1
Line search step: 1.000000
Seconds required for this iteration: 1275.670

***** Iteration #53 *****
Loss: 111223.943227
Feature norm: 138.033907
Error norm: 448.379263
Active features: 3885
Line search trials: 2
Line search step: 0.531452
Seconds required for this iteration: 2548.890

***** Iteration #54 *****
Loss: 110969.573233
Feature norm: 139.462816
Error norm: 417.528597
Active features: 3885
Line search trials: 4
Line search step: 0.093796
Seconds required for this iteration: 5098.490

***** Iteration #55 *****
Loss: 110332.775017
Feature norm: 143.755831
Error norm: 457.642786
Active features: 3885
Line search trials: 2
Line search step: 0.239883
Seconds required for this iteration: 2548.460

L-BFGS terminated with error code (-1001)
Total seconds required for training: 202562.550

Storing the model
Number of active features: 3885 (3885)
Number of active attributes: 0 (0)
Number of active labels: 2797 (2797)
Writing labels
Writing attributes
Writing feature references for transitions
Writing feature references for attributes
Seconds required: 0.010

End time of the training: 2013-12-26T09:56:32Z

