CRFSuite 0.12  Copyright (c) 2007-2011 Naoaki Okazaki

Start time of the training: 2013-12-27T22:44:02Z

Reading the data set(s)
[1] /home/gdifolco/ps11/dataset/21_labled_inst/carrefour/_albain
0....1....2....3....4....5....6....7....8....9....10
Number of instances: 1
Seconds required: 0.000
[2] /home/gdifolco/ps11/dataset/21_labled_inst/carrefour/_atelier
0....1....2....3....4....5....6....7....8....9....10
Number of instances: 1
Seconds required: 0.000
[3] /home/gdifolco/ps11/dataset/21_labled_inst/carrefour/_canape
0....1....2....3....4....5....6....7....8....9....10
Number of instances: 1
Seconds required: 0.000
[4] /home/gdifolco/ps11/dataset/21_labled_inst/carrefour/_cod
0....1....2....3....4....5....6....7....8....9....10
Number of instances: 1
Seconds required: 0.000
[5] /home/gdifolco/ps11/dataset/21_labled_inst/carrefour/_draps
0....1....2....3....4....5....6....7....8....9....10
Number of instances: 1
Seconds required: 0.000
[6] /home/gdifolco/ps11/dataset/21_labled_inst/carrefour/_etagere
0....1....2....3....4....5....6....7....8....9....10
Number of instances: 1
Seconds required: 0.000
[7] /home/gdifolco/ps11/dataset/21_labled_inst/carrefour/_gijoe
0....1....2....3....4....5....6....7....8....9....10
Number of instances: 1
Seconds required: 0.000
[8] /home/gdifolco/ps11/dataset/21_labled_inst/carrefour/_hasbro
0....1....2....3....4....5....6....7....8....9....10
Number of instances: 1
Seconds required: 0.000
[9] /home/gdifolco/ps11/dataset/21_labled_inst/carrefour/_jumelle
0....1....2....3....4....5....6....7....8....9....10
Number of instances: 1
Seconds required: 0.000
[10] /home/gdifolco/ps11/dataset/21_labled_inst/carrefour/_kangui
0....1....2....3....4....5....6....7....8....9....10
Number of instances: 1
Seconds required: 0.000
[11] /home/gdifolco/ps11/dataset/21_labled_inst/amazon.fr/_alimentation
0....1....2....3....4....5....6....7....8....9....10
Number of instances: 1
Seconds required: 0.000
[12] /home/gdifolco/ps11/dataset/21_labled_inst/amazon.fr/_gps
0....1....2....3....4....5....6....7....8....9....10
Number of instances: 1
Seconds required: 0.010
[13] /home/gdifolco/ps11/dataset/21_labled_inst/amazon.fr/_guirlandes
0....1....2....3....4....5....6....7....8....9....10
Number of instances: 1
Seconds required: 0.000
[14] /home/gdifolco/ps11/dataset/21_labled_inst/amazon.fr/_lampeplafon
0....1....2....3....4....5....6....7....8....9....10
Number of instances: 1
Seconds required: 0.000
[15] /home/gdifolco/ps11/dataset/21_labled_inst/amazon.fr/_nvidia
0....1....2....3....4....5....6....7....8....9....10
Number of instances: 1
Seconds required: 0.010
[16] /home/gdifolco/ps11/dataset/21_labled_inst/amazon.fr/_perceuse
0....1....2....3....4....5....6....7....8....9....10
Number of instances: 1
Seconds required: 0.000
[17] /home/gdifolco/ps11/dataset/21_labled_inst/amazon.fr/_playmobil
0....1....2....3....4....5....6....7....8....9....10
Number of instances: 1
Seconds required: 0.000
[18] /home/gdifolco/ps11/dataset/21_labled_inst/amazon.fr/_screen
0....1....2....3....4....5....6....7....8....9....10
Number of instances: 1
Seconds required: 0.010
[19] /home/gdifolco/ps11/dataset/21_labled_inst/amazon.fr/_tbbt
0....1....2....3....4....5....6....7....8....9....10
Number of instances: 1
Seconds required: 0.000
[20] /home/gdifolco/ps11/dataset/21_labled_inst/amazon.fr/_visseuse
0....1....2....3....4....5....6....7....8....9....10
Number of instances: 1
Seconds required: 0.000
[21] /home/gdifolco/ps11/dataset/21_labled_inst/ldlc/_acquisition
0....1....2....3....4....5....6....7....8....9....10
Number of instances: 1
Seconds required: 0.010
[22] /home/gdifolco/ps11/dataset/21_labled_inst/ldlc/_asustorserver
0....1....2....3....4....5....6....7....8....9....10
Number of instances: 1
Seconds required: 0.000
[23] /home/gdifolco/ps11/dataset/21_labled_inst/ldlc/_camera
0....1....2....3....4....5....6....7....8....9....10
Number of instances: 1
Seconds required: 0.000
[24] /home/gdifolco/ps11/dataset/21_labled_inst/ldlc/_cao
0....1....2....3....4....5....6....7....8....9....10
Number of instances: 1
Seconds required: 0.000
[25] /home/gdifolco/ps11/dataset/21_labled_inst/ldlc/_cpu
0....1....2....3....4....5....6....7....8....9....10
Number of instances: 1
Seconds required: 0.010
[26] /home/gdifolco/ps11/dataset/21_labled_inst/ldlc/_dongle
0....1....2....3....4....5....6....7....8....9....10
Number of instances: 1
Seconds required: 0.000
[27] /home/gdifolco/ps11/dataset/21_labled_inst/ldlc/_keyboard
0....1....2....3....4....5....6....7....8....9....10
Number of instances: 1
Seconds required: 0.000
[28] /home/gdifolco/ps11/dataset/21_labled_inst/ldlc/_padcleaner
0....1....2....3....4....5....6....7....8....9....10
Number of instances: 1
Seconds required: 0.010
[29] /home/gdifolco/ps11/dataset/21_labled_inst/ldlc/_ventilateur
0....1....2....3....4....5....6....7....8....9....10
Number of instances: 1
Seconds required: 0.010
[30] /home/gdifolco/ps11/dataset/21_labled_inst/ldlc/_wifi
0....1....2....3....4....5....6....7....8....9....10
Number of instances: 1
Seconds required: 0.000
[31] /home/gdifolco/ps11/dataset/21_labled_inst/rueducommerce/_batterie
0....1....2....3....4....5....6....7....8....9....10
Number of instances: 1
Seconds required: 0.000
[32] /home/gdifolco/ps11/dataset/21_labled_inst/rueducommerce/_cables
0....1....2....3....4....5....6....7....8....9....10
Number of instances: 1
Seconds required: 0.000
[33] /home/gdifolco/ps11/dataset/21_labled_inst/rueducommerce/_clim
0....1....2....3....4....5....6....7....8....9....10
Number of instances: 1
Seconds required: 0.010
[34] /home/gdifolco/ps11/dataset/21_labled_inst/rueducommerce/_coffre
0....1....2....3....4....5....6....7....8....9....10
Number of instances: 1
Seconds required: 0.000
[35] /home/gdifolco/ps11/dataset/21_labled_inst/rueducommerce/_gazon
0....1....2....3....4....5....6....7....8....9....10
Number of instances: 1
Seconds required: 0.000
[36] /home/gdifolco/ps11/dataset/21_labled_inst/rueducommerce/_pates
0....1....2....3....4....5....6....7....8....9....10
Number of instances: 1
Seconds required: 0.000
[37] /home/gdifolco/ps11/dataset/21_labled_inst/rueducommerce/_rafraichisseur
0....1....2....3....4....5....6....7....8....9....10
Number of instances: 1
Seconds required: 0.010
[38] /home/gdifolco/ps11/dataset/21_labled_inst/rueducommerce/_saveur
0....1....2....3....4....5....6....7....8....9....10
Number of instances: 1
Seconds required: 0.000
[39] /home/gdifolco/ps11/dataset/21_labled_inst/rueducommerce/_scie
0....1....2....3....4....5....6....7....8....9....10
Number of instances: 1
Seconds required: 0.000
[40] /home/gdifolco/ps11/dataset/21_labled_inst/rueducommerce/_valve
0....1....2....3....4....5....6....7....8....9....10
Number of instances: 1
Seconds required: 0.000

Statistics the data set(s)
Number of data sets (groups): 40
Number of instances: 40
Number of items: 21691
Number of attributes: 0
Number of labels: 2797

Feature generation
type: CRF1d
feature.minfreq: 0.000000
feature.possible_states: 0
feature.possible_transitions: 0
0....1....2....3....4....5....6....7....8....9....10
Number of features: 3885
Seconds required: 0.010

L-BFGS optimization
c1: 0.000000
c2: 1.000000
num_memories: 6
max_iterations: 2147483647
epsilon: 0.000010
stop: 10
delta: 0.000010
linesearch: MoreThuente
linesearch.max_iterations: 20

***** Iteration #1 *****
Loss: 149661.710389
Feature norm: 34.198137
Error norm: 619.283659
Active features: 3885
Line search trials: 9
Line search step: 0.049398
Seconds required for this iteration: 12425.550

***** Iteration #2 *****
Loss: 144622.316630
Feature norm: 42.602214
Error norm: 573.564118
Active features: 3885
Line search trials: 7
Line search step: 0.028620
Seconds required for this iteration: 8698.990

***** Iteration #3 *****
Loss: 142769.236361
Feature norm: 45.962353
Error norm: 689.230541
Active features: 3885
Line search trials: 5
Line search step: 0.026369
Seconds required for this iteration: 6212.460

***** Iteration #4 *****
Loss: 141572.324435
Feature norm: 49.786707
Error norm: 17125.678028
Active features: 3885
Line search trials: 2
Line search step: 0.121030
Seconds required for this iteration: 2484.870

***** Iteration #5 *****
Loss: 138612.763964
Feature norm: 56.284937
Error norm: 3440.756858
Active features: 3885
Line search trials: 2
Line search step: 0.049572
Seconds required for this iteration: 2485.080

***** Iteration #6 *****
Loss: 138317.285651
Feature norm: 57.082073
Error norm: 2907.236713
Active features: 3885
Line search trials: 2
Line search step: 0.126090
Seconds required for this iteration: 2485.780

***** Iteration #7 *****
Loss: 137505.422290
Feature norm: 58.015008
Error norm: 2490.016523
Active features: 3885
Line search trials: 2
Line search step: 0.310228
Seconds required for this iteration: 2485.280

***** Iteration #8 *****
Loss: 137116.842431
Feature norm: 58.859799
Error norm: 2305.507355
Active features: 3885
Line search trials: 2
Line search step: 0.059732
Seconds required for this iteration: 2487.610

***** Iteration #9 *****
Loss: 136375.793086
Feature norm: 60.694776
Error norm: 13492.916341
Active features: 3885
Line search trials: 2
Line search step: 0.186296
Seconds required for this iteration: 2486.290

***** Iteration #10 *****
Loss: 134835.188311
Feature norm: 62.571514
Error norm: 7887.475816
Active features: 3885
Line search trials: 4
Line search step: 0.135109
Seconds required for this iteration: 4970.910

***** Iteration #11 *****
Loss: 134387.095538
Feature norm: 63.569843
Error norm: 5209.138306
Active features: 3885
Line search trials: 2
Line search step: 0.048926
Seconds required for this iteration: 2486.480

***** Iteration #12 *****
Loss: 133976.472300
Feature norm: 63.767128
Error norm: 2693.533168
Active features: 3885
Line search trials: 1
Line search step: 1.000000
Seconds required for this iteration: 1242.610

***** Iteration #13 *****
Loss: 132534.407519
Feature norm: 66.458461
Error norm: 7367.316610
Active features: 3885
Line search trials: 1
Line search step: 1.000000
Seconds required for this iteration: 1242.690

***** Iteration #14 *****
Loss: 132185.644625
Feature norm: 66.899831
Error norm: 5496.923933
Active features: 3885
Line search trials: 2
Line search step: 0.037503
Seconds required for this iteration: 2486.240

***** Iteration #15 *****
Loss: 132015.782940
Feature norm: 67.247926
Error norm: 4927.873484
Active features: 3885
Line search trials: 4
Line search step: 0.058943
Seconds required for this iteration: 4970.100

***** Iteration #16 *****
Loss: 131915.715329
Feature norm: 67.490350
Error norm: 4593.816334
Active features: 3885
Line search trials: 2
Line search step: 0.104829
Seconds required for this iteration: 2486.220

***** Iteration #17 *****
Loss: 131087.771408
Feature norm: 69.415046
Error norm: 7309.273068
Active features: 3885
Line search trials: 1
Line search step: 1.000000
Seconds required for this iteration: 1242.670

***** Iteration #18 *****
Loss: 130998.822914
Feature norm: 69.588853
Error norm: 5500.660734
Active features: 3885
Line search trials: 3
Line search step: 0.022019
Seconds required for this iteration: 3727.470

***** Iteration #19 *****
Loss: 130814.091346
Feature norm: 69.557011
Error norm: 2142.253634
Active features: 3885
Line search trials: 1
Line search step: 1.000000
Seconds required for this iteration: 1242.560

***** Iteration #20 *****
Loss: 130570.640477
Feature norm: 70.493273
Error norm: 9324.898379
Active features: 3885
Line search trials: 1
Line search step: 1.000000
Seconds required for this iteration: 1243.630

***** Iteration #21 *****
Loss: 129834.424568
Feature norm: 71.663967
Error norm: 2885.069944
Active features: 3885
Line search trials: 1
Line search step: 1.000000
Seconds required for this iteration: 1242.670

***** Iteration #22 *****
Loss: 127639.447422
Feature norm: 77.881876
Error norm: 756.803373
Active features: 3885
Line search trials: 1
Line search step: 1.000000
Seconds required for this iteration: 1242.560

***** Iteration #23 *****
Loss: 127544.339352
Feature norm: 78.277646
Error norm: 814.821606
Active features: 3885
Line search trials: 2
Line search step: 0.038625
Seconds required for this iteration: 2485.740

***** Iteration #24 *****
Loss: 127253.829151
Feature norm: 79.439544
Error norm: 840.401966
Active features: 3885
Line search trials: 2
Line search step: 0.210305
Seconds required for this iteration: 2484.930

***** Iteration #25 *****
Loss: 126494.702128
Feature norm: 82.896164
Error norm: 1246.364740
Active features: 3885
Line search trials: 2
Line search step: 0.472440
Seconds required for this iteration: 2485.430

***** Iteration #26 *****
Loss: 125909.843234
Feature norm: 85.132572
Error norm: 1361.201082
Active features: 3885
Line search trials: 2
Line search step: 0.362109
Seconds required for this iteration: 2484.080

***** Iteration #27 *****
Loss: 125175.430893
Feature norm: 87.294416
Error norm: 1038.312490
Active features: 3885
Line search trials: 2
Line search step: 0.406172
Seconds required for this iteration: 2486.020

***** Iteration #28 *****
Loss: 124731.279574
Feature norm: 88.005399
Error norm: 836.386596
Active features: 3885
Line search trials: 2
Line search step: 0.259327
Seconds required for this iteration: 2485.340

***** Iteration #29 *****
Loss: 124218.783625
Feature norm: 89.748117
Error norm: 826.386113
Active features: 3885
Line search trials: 2
Line search step: 0.234011
Seconds required for this iteration: 2485.310

***** Iteration #30 *****
Loss: 123921.815519
Feature norm: 90.458265
Error norm: 738.318914
Active features: 3885
Line search trials: 2
Line search step: 0.095660
Seconds required for this iteration: 2485.790

***** Iteration #31 *****
Loss: 123370.994794
Feature norm: 92.094121
Error norm: 724.802771
Active features: 3885
Line search trials: 4
Line search step: 0.127712
Seconds required for this iteration: 4969.670

***** Iteration #32 *****
Loss: 122502.171551
Feature norm: 94.602501
Error norm: 659.470541
Active features: 3885
Line search trials: 4
Line search step: 0.141578
Seconds required for this iteration: 4970.450

***** Iteration #33 *****
Loss: 121776.692404
Feature norm: 96.673484
Error norm: 1485.156214
Active features: 3885
Line search trials: 2
Line search step: 0.118575
Seconds required for this iteration: 2485.310

***** Iteration #34 *****
Loss: 120976.954499
Feature norm: 99.686335
Error norm: 2014.901367
Active features: 3885
Line search trials: 2
Line search step: 0.134391
Seconds required for this iteration: 2485.800

***** Iteration #35 *****
Loss: 120432.321817
Feature norm: 101.130192
Error norm: 1201.481355
Active features: 3885
Line search trials: 2
Line search step: 0.126831
Seconds required for this iteration: 2484.580

***** Iteration #36 *****
Loss: 120053.995936
Feature norm: 105.830908
Error norm: 7136.837505
Active features: 3885
Line search trials: 1
Line search step: 1.000000
Seconds required for this iteration: 1242.530

***** Iteration #37 *****
Loss: 119559.522441
Feature norm: 106.437880
Error norm: 3723.227510
Active features: 3885
Line search trials: 2
Line search step: 0.249361
Seconds required for this iteration: 2485.560

***** Iteration #38 *****
Loss: 119270.073231
Feature norm: 104.215169
Error norm: 1033.081339
Active features: 3885
Line search trials: 1
Line search step: 1.000000
Seconds required for this iteration: 1242.400

***** Iteration #39 *****
Loss: 118776.324876
Feature norm: 105.593512
Error norm: 891.193089
Active features: 3885
Line search trials: 1
Line search step: 1.000000
Seconds required for this iteration: 1242.360

***** Iteration #40 *****
Loss: 117907.459244
Feature norm: 108.841990
Error norm: 2315.287361
Active features: 3885
Line search trials: 2
Line search step: 0.445538
Seconds required for this iteration: 2484.540

***** Iteration #41 *****
Loss: 117102.669676
Feature norm: 111.058409
Error norm: 1637.575806
Active features: 3885
Line search trials: 2
Line search step: 0.260585
Seconds required for this iteration: 2485.570

***** Iteration #42 *****
Loss: 116675.831979
Feature norm: 112.655324
Error norm: 1613.154997
Active features: 3885
Line search trials: 2
Line search step: 0.099558
Seconds required for this iteration: 2484.860

***** Iteration #43 *****
Loss: 116336.174059
Feature norm: 114.117436
Error norm: 1541.449174
Active features: 3885
Line search trials: 2
Line search step: 0.080794
Seconds required for this iteration: 2488.220

***** Iteration #44 *****
Loss: 116035.414226
Feature norm: 115.441133
Error norm: 1168.454736
Active features: 3885
Line search trials: 2
Line search step: 0.173181
Seconds required for this iteration: 2485.480

***** Iteration #45 *****
Loss: 115423.505039
Feature norm: 119.571101
Error norm: 1631.959287
Active features: 3885
Line search trials: 1
Line search step: 1.000000
Seconds required for this iteration: 1242.260

***** Iteration #46 *****
Loss: 114968.708865
Feature norm: 120.927920
Error norm: 810.833595
Active features: 3885
Line search trials: 1
Line search step: 1.000000
Seconds required for this iteration: 1242.580

***** Iteration #47 *****
Loss: 114662.516971
Feature norm: 118.210328
Error norm: 402.441121
Active features: 3885
Line search trials: 1
Line search step: 1.000000
Seconds required for this iteration: 1242.620

***** Iteration #48 *****
Loss: 114036.168998
Feature norm: 120.604964
Error norm: 345.491190
Active features: 3885
Line search trials: 1
Line search step: 1.000000
Seconds required for this iteration: 1242.540

***** Iteration #49 *****
Loss: 113574.562987
Feature norm: 122.812082
Error norm: 337.958994
Active features: 3885
Line search trials: 2
Line search step: 0.149233
Seconds required for this iteration: 2485.910

***** Iteration #50 *****
Loss: 112607.857371
Feature norm: 127.550193
Error norm: 353.510523
Active features: 3885
Line search trials: 2
Line search step: 0.233107
Seconds required for this iteration: 2485.370

***** Iteration #51 *****
Loss: 112074.241068
Feature norm: 130.074819
Error norm: 337.699521
Active features: 3885
Line search trials: 2
Line search step: 0.106326
Seconds required for this iteration: 2486.410

***** Iteration #52 *****
Loss: 111551.049423
Feature norm: 132.844524
Error norm: 347.972972
Active features: 3885
Line search trials: 2
Line search step: 0.082198
Seconds required for this iteration: 2485.140

***** Iteration #53 *****
Loss: 110653.114059
Feature norm: 137.655824
Error norm: 344.188693
Active features: 3885
Line search trials: 2
Line search step: 0.136923
Seconds required for this iteration: 2485.370

***** Iteration #54 *****
Loss: 109847.576663
Feature norm: 142.749474
Error norm: 328.743878
Active features: 3885
Line search trials: 2
Line search step: 0.179601
Seconds required for this iteration: 2485.640

***** Iteration #55 *****
Loss: 109325.844376
Feature norm: 146.182421
Error norm: 327.523129
Active features: 3885
Line search trials: 2
Line search step: 0.112221
Seconds required for this iteration: 2485.200

***** Iteration #56 *****
Loss: 109008.266780
Feature norm: 148.397033
Error norm: 298.873794
Active features: 3885
Line search trials: 2
Line search step: 0.078619
Seconds required for this iteration: 2485.440

***** Iteration #57 *****
Loss: 108740.854920
Feature norm: 150.325510
Error norm: 282.045033
Active features: 3885
Line search trials: 2
Line search step: 0.071081
Seconds required for this iteration: 2486.500

***** Iteration #58 *****
Loss: 108389.510139
Feature norm: 152.935988
Error norm: 260.038547
Active features: 3885
Line search trials: 2
Line search step: 0.108746
Seconds required for this iteration: 2485.340

***** Iteration #59 *****
Loss: 107651.508332
Feature norm: 159.737698
Error norm: 234.882333
Active features: 3885
Line search trials: 2
Line search step: 0.253199
Seconds required for this iteration: 2485.360

***** Iteration #60 *****
Loss: 107356.791729
Feature norm: 162.650336
Error norm: 193.491602
Active features: 3885
Line search trials: 2
Line search step: 0.131789
Seconds required for this iteration: 2485.320

***** Iteration #61 *****
Loss: 106829.053744
Feature norm: 170.791528
Error norm: 252.482482
Active features: 3885
Line search trials: 2
Line search step: 0.501344
Seconds required for this iteration: 2485.510

L-BFGS terminated with error code (-1001)
Total seconds required for training: 169009.960

Storing the model
Number of active features: 3885 (3885)
Number of active attributes: 0 (0)
Number of active labels: 2797 (2797)
Writing labels
Writing attributes
Writing feature references for transitions
Writing feature references for attributes
Seconds required: 0.010

End time of the training: 2013-12-29T22:04:07Z

