CRFSuite 0.12  Copyright (c) 2007-2011 Naoaki Okazaki

Start time of the training: 2013-12-18T10:13:14Z

Reading the data set(s)
[1] /home/gdifolco/ps11/dataset/21_labled_inst/ldlc/_acquisition
0....1....2....3....4....5....6....7....8....9....10
Number of instances: 1
Seconds required: 0.000
[2] /home/gdifolco/ps11/dataset/21_labled_inst/ldlc/_asustorserver
0....1....2....3....4....5....6....7....8....9....10
Number of instances: 1
Seconds required: 0.000
[3] /home/gdifolco/ps11/dataset/21_labled_inst/ldlc/_camera
0....1....2....3....4....5....6....7....8....9....10
Number of instances: 1
Seconds required: 0.010
[4] /home/gdifolco/ps11/dataset/21_labled_inst/ldlc/_cao
0....1....2....3....4....5....6....7....8....9....10
Number of instances: 1
Seconds required: 0.000
[5] /home/gdifolco/ps11/dataset/21_labled_inst/ldlc/_cpu
0....1....2....3....4....5....6....7....8....9....10
Number of instances: 1
Seconds required: 0.000
[6] /home/gdifolco/ps11/dataset/21_labled_inst/ldlc/_dongle
0....1....2....3....4....5....6....7....8....9....10
Number of instances: 1
Seconds required: 0.010
[7] /home/gdifolco/ps11/dataset/21_labled_inst/ldlc/_keyboard
0....1....2....3....4....5....6....7....8....9....10
Number of instances: 1
Seconds required: 0.000
[8] /home/gdifolco/ps11/dataset/21_labled_inst/ldlc/_padcleaner
0....1....2....3....4....5....6....7....8....9....10
Number of instances: 1
Seconds required: 0.000
[9] /home/gdifolco/ps11/dataset/21_labled_inst/ldlc/_ventilateur
0....1....2....3....4....5....6....7....8....9....10
Number of instances: 1
Seconds required: 0.000
[10] /home/gdifolco/ps11/dataset/21_labled_inst/ldlc/_wifi
0....1....2....3....4....5....6....7....8....9....10
Number of instances: 1
Seconds required: 0.000
[11] /home/gdifolco/ps11/dataset/21_labled_inst/rueducommerce/_batterie
0....1....2....3....4....5....6....7....8....9....10
Number of instances: 1
Seconds required: 0.000
[12] /home/gdifolco/ps11/dataset/21_labled_inst/rueducommerce/_cables
0....1....2....3....4....5....6....7....8....9....10
Number of instances: 1
Seconds required: 0.010
[13] /home/gdifolco/ps11/dataset/21_labled_inst/rueducommerce/_clim
0....1....2....3....4....5....6....7....8....9....10
Number of instances: 1
Seconds required: 0.000
[14] /home/gdifolco/ps11/dataset/21_labled_inst/rueducommerce/_coffre
0....1....2....3....4....5....6....7....8....9....10
Number of instances: 1
Seconds required: 0.000
[15] /home/gdifolco/ps11/dataset/21_labled_inst/rueducommerce/_gazon
0....1....2....3....4....5....6....7....8....9....10
Number of instances: 1
Seconds required: 0.000
[16] /home/gdifolco/ps11/dataset/21_labled_inst/rueducommerce/_pates
0....1....2....3....4....5....6....7....8....9....10
Number of instances: 1
Seconds required: 0.000
[17] /home/gdifolco/ps11/dataset/21_labled_inst/rueducommerce/_rafraichisseur
0....1....2....3....4....5....6....7....8....9....10
Number of instances: 1
Seconds required: 0.000
[18] /home/gdifolco/ps11/dataset/21_labled_inst/rueducommerce/_saveur
0....1....2....3....4....5....6....7....8....9....10
Number of instances: 1
Seconds required: 0.000
[19] /home/gdifolco/ps11/dataset/21_labled_inst/rueducommerce/_scie
0....1....2....3....4....5....6....7....8....9....10
Number of instances: 1
Seconds required: 0.000
[20] /home/gdifolco/ps11/dataset/21_labled_inst/rueducommerce/_valve
0....1....2....3....4....5....6....7....8....9....10
Number of instances: 1
Seconds required: 0.010
[21] /home/gdifolco/ps11/dataset/21_labled_inst/carrefour/_albain
0....1....2....3....4....5....6....7....8....9....10
Number of instances: 1
Seconds required: 0.000
[22] /home/gdifolco/ps11/dataset/21_labled_inst/carrefour/_atelier
0....1....2....3....4....5....6....7....8....9....10
Number of instances: 1
Seconds required: 0.000
[23] /home/gdifolco/ps11/dataset/21_labled_inst/carrefour/_canape
0....1....2....3....4....5....6....7....8....9....10
Number of instances: 1
Seconds required: 0.000
[24] /home/gdifolco/ps11/dataset/21_labled_inst/carrefour/_cod
0....1....2....3....4....5....6....7....8....9....10
Number of instances: 1
Seconds required: 0.000
[25] /home/gdifolco/ps11/dataset/21_labled_inst/carrefour/_draps
0....1....2....3....4....5....6....7....8....9....10
Number of instances: 1
Seconds required: 0.000
[26] /home/gdifolco/ps11/dataset/21_labled_inst/carrefour/_etagere
0....1....2....3....4....5....6....7....8....9....10
Number of instances: 1
Seconds required: 0.000
[27] /home/gdifolco/ps11/dataset/21_labled_inst/carrefour/_gijoe
0....1....2....3....4....5....6....7....8....9....10
Number of instances: 1
Seconds required: 0.000
[28] /home/gdifolco/ps11/dataset/21_labled_inst/carrefour/_hasbro
0....1....2....3....4....5....6....7....8....9....10
Number of instances: 1
Seconds required: 0.000
[29] /home/gdifolco/ps11/dataset/21_labled_inst/carrefour/_jumelle
0....1....2....3....4....5....6....7....8....9....10
Number of instances: 1
Seconds required: 0.000
[30] /home/gdifolco/ps11/dataset/21_labled_inst/carrefour/_kangui
0....1....2....3....4....5....6....7....8....9....10
Number of instances: 1
Seconds required: 0.000
[31] /home/gdifolco/ps11/dataset/21_labled_inst/amazon.fr/_alimentation
0....1....2....3....4....5....6....7....8....9....10
Number of instances: 1
Seconds required: 0.010
[32] /home/gdifolco/ps11/dataset/21_labled_inst/amazon.fr/_gps
0....1....2....3....4....5....6....7....8....9....10
Number of instances: 1
Seconds required: 0.000
[33] /home/gdifolco/ps11/dataset/21_labled_inst/amazon.fr/_guirlandes
0....1....2....3....4....5....6....7....8....9....10
Number of instances: 1
Seconds required: 0.000
[34] /home/gdifolco/ps11/dataset/21_labled_inst/amazon.fr/_lampeplafon
0....1....2....3....4....5....6....7....8....9....10
Number of instances: 1
Seconds required: 0.010
[35] /home/gdifolco/ps11/dataset/21_labled_inst/amazon.fr/_nvidia
0....1....2....3....4....5....6....7....8....9....10
Number of instances: 1
Seconds required: 0.000
[36] /home/gdifolco/ps11/dataset/21_labled_inst/amazon.fr/_perceuse
0....1....2....3....4....5....6....7....8....9....10
Number of instances: 1
Seconds required: 0.000
[37] /home/gdifolco/ps11/dataset/21_labled_inst/amazon.fr/_playmobil
0....1....2....3....4....5....6....7....8....9....10
Number of instances: 1
Seconds required: 0.000
[38] /home/gdifolco/ps11/dataset/21_labled_inst/amazon.fr/_screen
0....1....2....3....4....5....6....7....8....9....10
Number of instances: 1
Seconds required: 0.010
[39] /home/gdifolco/ps11/dataset/21_labled_inst/amazon.fr/_tbbt
0....1....2....3....4....5....6....7....8....9....10
Number of instances: 1
Seconds required: 0.000
[40] /home/gdifolco/ps11/dataset/21_labled_inst/amazon.fr/_visseuse
0....1....2....3....4....5....6....7....8....9....10
Number of instances: 1
Seconds required: 0.010

Statistics the data set(s)
Number of data sets (groups): 40
Number of instances: 40
Number of items: 21691
Number of attributes: 0
Number of labels: 2797

Feature generation
type: CRF1d
feature.minfreq: 0.000000
feature.possible_states: 0
feature.possible_transitions: 0
0....1....2....3....4....5....6....7....8....9....10
Number of features: 3885
Seconds required: 0.010

L-BFGS optimization
c1: 0.000000
c2: 1.000000
num_memories: 6
max_iterations: 2147483647
epsilon: 0.000010
stop: 10
delta: 0.000010
linesearch: MoreThuente
linesearch.max_iterations: 20

***** Iteration #1 *****
Loss: 149661.710389
Feature norm: 34.198137
Error norm: 619.283659
Active features: 3885
Line search trials: 9
Line search step: 0.049398
Seconds required for this iteration: 16874.900

***** Iteration #2 *****
Loss: 144622.316630
Feature norm: 42.602214
Error norm: 573.564118
Active features: 3885
Line search trials: 7
Line search step: 0.028620
Seconds required for this iteration: 11818.820

***** Iteration #3 *****
Loss: 142769.236361
Feature norm: 45.962353
Error norm: 689.230541
Active features: 3885
Line search trials: 5
Line search step: 0.026369
Seconds required for this iteration: 8424.280

***** Iteration #4 *****
Loss: 141572.324435
Feature norm: 49.786707
Error norm: 17125.678028
Active features: 3885
Line search trials: 2
Line search step: 0.121030
Seconds required for this iteration: 3376.360

***** Iteration #5 *****
Loss: 138612.763964
Feature norm: 56.284937
Error norm: 3440.756858
Active features: 3885
Line search trials: 2
Line search step: 0.049572
Seconds required for this iteration: 3377.510

***** Iteration #6 *****
Loss: 138317.285651
Feature norm: 57.082073
Error norm: 2907.236713
Active features: 3885
Line search trials: 2
Line search step: 0.126090
Seconds required for this iteration: 3376.090

***** Iteration #7 *****
Loss: 137505.422290
Feature norm: 58.015008
Error norm: 2490.016523
Active features: 3885
Line search trials: 2
Line search step: 0.310228
Seconds required for this iteration: 3378.060

***** Iteration #8 *****
Loss: 137116.842431
Feature norm: 58.859799
Error norm: 2305.507355
Active features: 3885
Line search trials: 2
Line search step: 0.059732
Seconds required for this iteration: 3377.160

***** Iteration #9 *****
Loss: 136375.793086
Feature norm: 60.694776
Error norm: 13492.916342
Active features: 3885
Line search trials: 2
Line search step: 0.186296
Seconds required for this iteration: 3371.890

***** Iteration #10 *****
Loss: 134835.188311
Feature norm: 62.571514
Error norm: 7887.475816
Active features: 3885
Line search trials: 4
Line search step: 0.135109
Seconds required for this iteration: 6752.130

***** Iteration #11 *****
Loss: 134387.095538
Feature norm: 63.569843
Error norm: 5209.138306
Active features: 3885
Line search trials: 2
Line search step: 0.048926
Seconds required for this iteration: 3375.880

***** Iteration #12 *****
Loss: 133976.472300
Feature norm: 63.767128
Error norm: 2693.533169
Active features: 3885
Line search trials: 1
Line search step: 1.000000
Seconds required for this iteration: 1689.160

***** Iteration #13 *****
Loss: 132534.407520
Feature norm: 66.458461
Error norm: 7367.316603
Active features: 3885
Line search trials: 1
Line search step: 1.000000
Seconds required for this iteration: 1689.240

***** Iteration #14 *****
Loss: 132185.644625
Feature norm: 66.899831
Error norm: 5496.923921
Active features: 3885
Line search trials: 2
Line search step: 0.037503
Seconds required for this iteration: 3379.330

***** Iteration #15 *****
Loss: 132015.782940
Feature norm: 67.247926
Error norm: 4927.873472
Active features: 3885
Line search trials: 4
Line search step: 0.058943
Seconds required for this iteration: 6756.250

***** Iteration #16 *****
Loss: 131915.715327
Feature norm: 67.490350
Error norm: 4593.816322
Active features: 3885
Line search trials: 2
Line search step: 0.104829
Seconds required for this iteration: 3377.300

***** Iteration #17 *****
Loss: 131087.771385
Feature norm: 69.415046
Error norm: 7309.272606
Active features: 3885
Line search trials: 1
Line search step: 1.000000
Seconds required for this iteration: 1687.550

***** Iteration #18 *****
Loss: 130998.822899
Feature norm: 69.588853
Error norm: 5500.660330
Active features: 3885
Line search trials: 3
Line search step: 0.022019
Seconds required for this iteration: 5068.150

***** Iteration #19 *****
Loss: 130814.091361
Feature norm: 69.557011
Error norm: 2142.253141
Active features: 3885
Line search trials: 1
Line search step: 1.000000
Seconds required for this iteration: 1688.380

***** Iteration #20 *****
Loss: 130570.640216
Feature norm: 70.493272
Error norm: 9324.888179
Active features: 3885
Line search trials: 1
Line search step: 1.000000
Seconds required for this iteration: 1687.760

***** Iteration #21 *****
Loss: 129834.424193
Feature norm: 71.663968
Error norm: 2885.070474
Active features: 3885
Line search trials: 1
Line search step: 1.000000
Seconds required for this iteration: 1532.530

***** Iteration #22 *****
Loss: 127639.443616
Feature norm: 77.881891
Error norm: 756.804431
Active features: 3885
Line search trials: 1
Line search step: 1.000000
Seconds required for this iteration: 1614.380

***** Iteration #23 *****
Loss: 127544.336644
Feature norm: 78.277658
Error norm: 814.826814
Active features: 3885
Line search trials: 2
Line search step: 0.038625
Seconds required for this iteration: 3195.760

***** Iteration #24 *****
Loss: 127253.823003
Feature norm: 79.439579
Error norm: 840.413573
Active features: 3885
Line search trials: 2
Line search step: 0.210313
Seconds required for this iteration: 3272.140

***** Iteration #25 *****
Loss: 126494.712358
Feature norm: 82.896167
Error norm: 1246.390317
Active features: 3885
Line search trials: 2
Line search step: 0.472449
Seconds required for this iteration: 3289.520

***** Iteration #26 *****
Loss: 125909.807432
Feature norm: 85.132863
Error norm: 1361.313157
Active features: 3885
Line search trials: 2
Line search step: 0.362167
Seconds required for this iteration: 3337.470

***** Iteration #27 *****
Loss: 125175.378413
Feature norm: 87.294693
Error norm: 1038.369112
Active features: 3885
Line search trials: 2
Line search step: 0.406217
Seconds required for this iteration: 3336.810

***** Iteration #28 *****
Loss: 124731.072191
Feature norm: 88.005776
Error norm: 836.288182
Active features: 3885
Line search trials: 2
Line search step: 0.259471
Seconds required for this iteration: 3309.840

***** Iteration #29 *****
Loss: 124218.692196
Feature norm: 89.748430
Error norm: 826.427715
Active features: 3885
Line search trials: 2
Line search step: 0.234064
Seconds required for this iteration: 3316.630

***** Iteration #30 *****
Loss: 123921.810768
Feature norm: 90.458499
Error norm: 738.345347
Active features: 3885
Line search trials: 2
Line search step: 0.095675
Seconds required for this iteration: 3337.020

***** Iteration #31 *****
Loss: 123371.167911
Feature norm: 92.093903
Error norm: 724.855529
Active features: 3885
Line search trials: 4
Line search step: 0.127745
Seconds required for this iteration: 6687.100

***** Iteration #32 *****
Loss: 122502.454669
Feature norm: 94.602157
Error norm: 659.578853
Active features: 3885
Line search trials: 4
Line search step: 0.141599
Seconds required for this iteration: 6698.320

***** Iteration #33 *****
Loss: 121777.289879
Feature norm: 96.672002
Error norm: 1486.311410
Active features: 3885
Line search trials: 2
Line search step: 0.118510
Seconds required for this iteration: 3352.760

***** Iteration #34 *****
Loss: 120977.644186
Feature norm: 99.685525
Error norm: 2018.936981
Active features: 3885
Line search trials: 2
Line search step: 0.134404
Seconds required for this iteration: 3345.200

***** Iteration #35 *****
Loss: 120432.865220
Feature norm: 101.128844
Error norm: 1202.340267
Active features: 3885
Line search trials: 2
Line search step: 0.126894
Seconds required for this iteration: 3349.250

***** Iteration #36 *****
Loss: 120058.500871
Feature norm: 105.825082
Error norm: 7163.380812
Active features: 3885
Line search trials: 1
Line search step: 1.000000
Seconds required for this iteration: 1673.830

***** Iteration #37 *****
Loss: 119555.143122
Feature norm: 106.439336
Error norm: 3690.757796
Active features: 3885
Line search trials: 2
Line search step: 0.255277
Seconds required for this iteration: 3353.590

***** Iteration #38 *****
Loss: 119273.132902
Feature norm: 104.188739
Error norm: 1024.518979
Active features: 3885
Line search trials: 1
Line search step: 1.000000
Seconds required for this iteration: 1676.300

***** Iteration #39 *****
Loss: 118777.637239
Feature norm: 105.575339
Error norm: 888.493044
Active features: 3885
Line search trials: 1
Line search step: 1.000000
Seconds required for this iteration: 1675.990

***** Iteration #40 *****
Loss: 117838.399753
Feature norm: 109.426999
Error norm: 3284.464763
Active features: 3885
Line search trials: 2
Line search step: 0.503652
Seconds required for this iteration: 3357.410

***** Iteration #41 *****
Loss: 116973.003143
Feature norm: 111.642124
Error norm: 1914.536311
Active features: 3885
Line search trials: 2
Line search step: 0.275590
Seconds required for this iteration: 3352.950

***** Iteration #42 *****
Loss: 116628.059667
Feature norm: 112.980829
Error norm: 1798.002154
Active features: 3885
Line search trials: 2
Line search step: 0.081310
Seconds required for this iteration: 3353.040

***** Iteration #43 *****
Loss: 116341.121419
Feature norm: 114.504985
Error norm: 3520.593773
Active features: 3885
Line search trials: 2
Line search step: 0.099907
Seconds required for this iteration: 3357.300

***** Iteration #44 *****
Loss: 116115.312340
Feature norm: 115.440999
Error norm: 2400.467063
Active features: 3885
Line search trials: 2
Line search step: 0.095088
Seconds required for this iteration: 3359.010

***** Iteration #45 *****
Loss: 115841.866274
Feature norm: 117.181266
Error norm: 2288.775756
Active features: 3885
Line search trials: 2
Line search step: 0.484557
Seconds required for this iteration: 3359.590

***** Iteration #46 *****
Loss: 115223.557892
Feature norm: 119.305049
Error norm: 1165.750551
Active features: 3885
Line search trials: 1
Line search step: 1.000000
Seconds required for this iteration: 1679.340

***** Iteration #47 *****
Loss: 114883.187422
Feature norm: 119.134521
Error norm: 550.834222
Active features: 3885
Line search trials: 1
Line search step: 1.000000
Seconds required for this iteration: 1675.120

***** Iteration #48 *****
Loss: 114623.864569
Feature norm: 119.834865
Error norm: 550.117878
Active features: 3885
Line search trials: 1
Line search step: 1.000000
Seconds required for this iteration: 1663.550

***** Iteration #49 *****
Loss: 114227.620130
Feature norm: 118.342720
Error norm: 893.873795
Active features: 3885
Line search trials: 1
Line search step: 1.000000
Seconds required for this iteration: 1903.790

***** Iteration #50 *****
Loss: 113357.102148
Feature norm: 124.723878
Error norm: 724.779442
Active features: 3885
Line search trials: 1
Line search step: 1.000000
Seconds required for this iteration: 1909.570

***** Iteration #51 *****
Loss: 113047.247256
Feature norm: 126.403497
Error norm: 582.723543
Active features: 3885
Line search trials: 2
Line search step: 0.229249
Seconds required for this iteration: 3825.400

***** Iteration #52 *****
Loss: 112381.720973
Feature norm: 129.846940
Error norm: 357.716173
Active features: 3885
Line search trials: 1
Line search step: 1.000000
Seconds required for this iteration: 1915.770

***** Iteration #53 *****
Loss: 111739.936280
Feature norm: 136.547298
Error norm: 940.120463
Active features: 3885
Line search trials: 1
Line search step: 1.000000
Seconds required for this iteration: 1910.320

***** Iteration #54 *****
Loss: 111434.318452
Feature norm: 139.344687
Error norm: 683.148462
Active features: 3885
Line search trials: 2
Line search step: 0.397077
Seconds required for this iteration: 3830.020

***** Iteration #55 *****
Loss: 110659.490189
Feature norm: 143.164440
Error norm: 1739.926747
Active features: 3885
Line search trials: 1
Line search step: 1.000000
Seconds required for this iteration: 1895.960

***** Iteration #56 *****
Loss: 110348.577815
Feature norm: 143.668043
Error norm: 561.813985
Active features: 3885
Line search trials: 2
Line search step: 0.122747
Seconds required for this iteration: 3787.590

***** Iteration #57 *****
Loss: 110124.075257
Feature norm: 146.817794
Error norm: 1006.159970
Active features: 3885
Line search trials: 1
Line search step: 1.000000
Seconds required for this iteration: 1894.290

***** Iteration #58 *****
Loss: 110035.504573
Feature norm: 146.679705
Error norm: 840.541787
Active features: 3885
Line search trials: 2
Line search step: 0.076061
Seconds required for this iteration: 3779.100

***** Iteration #59 *****
Loss: 109655.331864
Feature norm: 146.619821
Error norm: 489.447694
Active features: 3885
Line search trials: 1
Line search step: 1.000000
Seconds required for this iteration: 1895.110

***** Iteration #60 *****
Loss: 109074.145915
Feature norm: 150.675631
Error norm: 707.140059
Active features: 3885
Line search trials: 1
Line search step: 1.000000
Seconds required for this iteration: 1880.960

***** Iteration #61 *****
Loss: 108703.021097
Feature norm: 153.420364
Error norm: 581.903621
Active features: 3885
Line search trials: 2
Line search step: 0.304130
Seconds required for this iteration: 3744.190

***** Iteration #62 *****
Loss: 108092.422955
Feature norm: 158.160269
Error norm: 331.169204
Active features: 3885
Line search trials: 1
Line search step: 1.000000
Seconds required for this iteration: 1871.430

***** Iteration #63 *****
Loss: 107846.506116
Feature norm: 160.860197
Error norm: 324.734912
Active features: 3885
Line search trials: 2
Line search step: 0.482658
Seconds required for this iteration: 3724.890

***** Iteration #64 *****
Loss: 107591.780811
Feature norm: 165.648752
Error norm: 477.884535
Active features: 3885
Line search trials: 1
Line search step: 1.000000
Seconds required for this iteration: 1865.490

***** Iteration #65 *****
Loss: 107184.092251
Feature norm: 167.699960
Error norm: 255.251598
Active features: 3885
Line search trials: 1
Line search step: 1.000000
Seconds required for this iteration: 1864.830

***** Iteration #66 *****
Loss: 106814.298511
Feature norm: 171.330028
Error norm: 232.283818
Active features: 3885
Line search trials: 1
Line search step: 1.000000
Seconds required for this iteration: 1864.680

***** Iteration #67 *****
Loss: 106570.095373
Feature norm: 172.709869
Error norm: 223.922240
Active features: 3885
Line search trials: 2
Line search step: 0.341250
Seconds required for this iteration: 3718.680

***** Iteration #68 *****
Loss: 106475.002673
Feature norm: 173.453961
Error norm: 185.100450
Active features: 3885
Line search trials: 2
Line search step: 0.120062
Seconds required for this iteration: 3724.630

***** Iteration #69 *****
Loss: 106330.605714
Feature norm: 174.842158
Error norm: 170.724434
Active features: 3885
Line search trials: 2
Line search step: 0.356790
Seconds required for this iteration: 3728.820

***** Iteration #70 *****
Loss: 106135.711669
Feature norm: 179.262821
Error norm: 445.350204
Active features: 3885
Line search trials: 1
Line search step: 1.000000
Seconds required for this iteration: 1859.360

***** Iteration #71 *****
Loss: 105992.975700
Feature norm: 179.528668
Error norm: 178.791137
Active features: 3885
Line search trials: 1
Line search step: 1.000000
Seconds required for this iteration: 1851.050

***** Iteration #72 *****
Loss: 105954.613602
Feature norm: 178.902989
Error norm: 118.010685
Active features: 3885
Line search trials: 1
Line search step: 1.000000
Seconds required for this iteration: 1861.290

***** Iteration #73 *****
Loss: 105914.007383
Feature norm: 178.856703
Error norm: 124.681189
Active features: 3885
Line search trials: 1
Line search step: 1.000000
Seconds required for this iteration: 1885.680

***** Iteration #74 *****
Loss: 105871.329989
Feature norm: 179.192248
Error norm: 236.120553
Active features: 3885
Line search trials: 1
Line search step: 1.000000
Seconds required for this iteration: 1849.090

***** Iteration #75 *****
Loss: 105832.392093
Feature norm: 179.957341
Error norm: 89.842924
Active features: 3885
Line search trials: 1
Line search step: 1.000000
Seconds required for this iteration: 1850.080

***** Iteration #76 *****
Loss: 105806.766174
Feature norm: 180.421807
Error norm: 92.292140
Active features: 3885
Line search trials: 1
Line search step: 1.000000
Seconds required for this iteration: 1847.810

***** Iteration #77 *****
Loss: 105772.127116
Feature norm: 181.653501
Error norm: 233.454153
Active features: 3885
Line search trials: 1
Line search step: 1.000000
Seconds required for this iteration: 1845.890

***** Iteration #78 *****
Loss: 105750.544126
Feature norm: 181.893194
Error norm: 122.230308
Active features: 3885
Line search trials: 1
Line search step: 1.000000
Seconds required for this iteration: 1850.730

***** Iteration #79 *****
Loss: 105736.287360
Feature norm: 181.689382
Error norm: 74.801869
Active features: 3885
Line search trials: 1
Line search step: 1.000000
Seconds required for this iteration: 1849.300

***** Iteration #80 *****
Loss: 105710.134098
Feature norm: 182.222612
Error norm: 58.571971
Active features: 3885
Line search trials: 1
Line search step: 1.000000
Seconds required for this iteration: 1844.940

***** Iteration #81 *****
Loss: 105679.857402
Feature norm: 183.729488
Error norm: 109.618040
Active features: 3885
Line search trials: 1
Line search step: 1.000000
Seconds required for this iteration: 1847.950

***** Iteration #82 *****
Loss: 105673.412189
Feature norm: 184.246619
Error norm: 65.279923
Active features: 3885
Line search trials: 2
Line search step: 0.381698
Seconds required for this iteration: 3690.000

***** Iteration #83 *****
Loss: 105666.642291
Feature norm: 184.315152
Error norm: 56.953613
Active features: 3885
Line search trials: 1
Line search step: 1.000000
Seconds required for this iteration: 1846.270

***** Iteration #84 *****
Loss: 105647.124673
Feature norm: 185.318300
Error norm: 112.219772
Active features: 3885
Line search trials: 1
Line search step: 1.000000
Seconds required for this iteration: 1845.420

***** Iteration #85 *****
Loss: 105635.734642
Feature norm: 185.940521
Error norm: 42.720124
Active features: 3885
Line search trials: 1
Line search step: 1.000000
Seconds required for this iteration: 1850.500

***** Iteration #86 *****
Loss: 105631.896059
Feature norm: 186.247348
Error norm: 38.501180
Active features: 3885
Line search trials: 1
Line search step: 1.000000
Seconds required for this iteration: 1852.020

***** Iteration #87 *****
Loss: 105619.125513
Feature norm: 187.261661
Error norm: 33.135574
Active features: 3885
Line search trials: 1
Line search step: 1.000000
Seconds required for this iteration: 1848.690

***** Iteration #88 *****
Loss: 105616.519352
Feature norm: 188.121165
Error norm: 100.914514
Active features: 3885
Line search trials: 1
Line search step: 1.000000
Seconds required for this iteration: 1848.370

***** Iteration #89 *****
Loss: 105610.536862
Feature norm: 188.137737
Error norm: 25.220902
Active features: 3885
Line search trials: 1
Line search step: 1.000000
Seconds required for this iteration: 1850.760

***** Iteration #90 *****
Loss: 105609.209356
Feature norm: 188.040265
Error norm: 19.805957
Active features: 3885
Line search trials: 1
Line search step: 1.000000
Seconds required for this iteration: 1853.590

***** Iteration #91 *****
Loss: 105607.290911
Feature norm: 188.159375
Error norm: 33.985439
Active features: 3885
Line search trials: 1
Line search step: 1.000000
Seconds required for this iteration: 1853.520

***** Iteration #92 *****
Loss: 105606.080336
Feature norm: 188.286745
Error norm: 30.930151
Active features: 3885
Line search trials: 1
Line search step: 1.000000
Seconds required for this iteration: 1855.090

***** Iteration #93 *****
Loss: 105605.292438
Feature norm: 188.299180
Error norm: 15.175748
Active features: 3885
Line search trials: 1
Line search step: 1.000000
Seconds required for this iteration: 1846.830

***** Iteration #94 *****
Loss: 105604.474041
Feature norm: 188.376520
Error norm: 13.105515
Active features: 3885
Line search trials: 1
Line search step: 1.000000
Seconds required for this iteration: 1849.210

***** Iteration #95 *****
Loss: 105603.506838
Feature norm: 188.463670
Error norm: 14.137062
Active features: 3885
Line search trials: 1
Line search step: 1.000000
Seconds required for this iteration: 1848.780

***** Iteration #96 *****
Loss: 105602.565148
Feature norm: 188.651609
Error norm: 17.644322
Active features: 3885
Line search trials: 1
Line search step: 1.000000
Seconds required for this iteration: 1846.230

***** Iteration #97 *****
Loss: 105601.994249
Feature norm: 188.779873
Error norm: 17.577907
Active features: 3885
Line search trials: 1
Line search step: 1.000000
Seconds required for this iteration: 1845.330

***** Iteration #98 *****
Loss: 105601.562049
Feature norm: 188.750360
Error norm: 7.146837
Active features: 3885
Line search trials: 1
Line search step: 1.000000
Seconds required for this iteration: 1873.410

***** Iteration #99 *****
Loss: 105601.334691
Feature norm: 188.744840
Error norm: 6.791546
Active features: 3885
Line search trials: 1
Line search step: 1.000000
Seconds required for this iteration: 1875.090

***** Iteration #100 *****
Loss: 105601.060363
Feature norm: 188.760198
Error norm: 7.444238
Active features: 3885
Line search trials: 1
Line search step: 1.000000
Seconds required for this iteration: 1876.660

***** Iteration #101 *****
Loss: 105600.999742
Feature norm: 188.795026
Error norm: 23.826814
Active features: 3885
Line search trials: 1
Line search step: 1.000000
Seconds required for this iteration: 1879.960

***** Iteration #102 *****
Loss: 105600.694755
Feature norm: 188.801492
Error norm: 6.035177
Active features: 3885
Line search trials: 1
Line search step: 1.000000
Seconds required for this iteration: 1884.350

***** Iteration #103 *****
Loss: 105600.630500
Feature norm: 188.807595
Error norm: 5.215805
Active features: 3885
Line search trials: 1
Line search step: 1.000000
Seconds required for this iteration: 1883.740

***** Iteration #104 *****
Loss: 105600.485184
Feature norm: 188.820153
Error norm: 5.729595
Active features: 3885
Line search trials: 1
Line search step: 1.000000
Seconds required for this iteration: 1880.400

***** Iteration #105 *****
Loss: 105600.243105
Feature norm: 188.834320
Error norm: 5.411727
Active features: 3885
Line search trials: 1
Line search step: 1.000000
Seconds required for this iteration: 1878.280

***** Iteration #106 *****
Loss: 105600.168515
Feature norm: 188.837933
Error norm: 7.692809
Active features: 3885
Line search trials: 2
Line search step: 0.295254
Seconds required for this iteration: 3752.700

***** Iteration #107 *****
Loss: 105600.046075
Feature norm: 188.836183
Error norm: 4.019651
Active features: 3885
Line search trials: 1
Line search step: 1.000000
Seconds required for this iteration: 1846.550

***** Iteration #108 *****
Loss: 105599.964739
Feature norm: 188.827904
Error norm: 3.148135
Active features: 3885
Line search trials: 1
Line search step: 1.000000
Seconds required for this iteration: 1844.820

***** Iteration #109 *****
Loss: 105599.898617
Feature norm: 188.814398
Error norm: 4.066902
Active features: 3885
Line search trials: 1
Line search step: 1.000000
Seconds required for this iteration: 1846.380

***** Iteration #110 *****
Loss: 105599.841671
Feature norm: 188.798167
Error norm: 5.149912
Active features: 3885
Line search trials: 1
Line search step: 1.000000
Seconds required for this iteration: 1844.830

***** Iteration #111 *****
Loss: 105599.801956
Feature norm: 188.782517
Error norm: 6.226641
Active features: 3885
Line search trials: 1
Line search step: 1.000000
Seconds required for this iteration: 1849.580

***** Iteration #112 *****
Loss: 105599.760658
Feature norm: 188.777971
Error norm: 3.192325
Active features: 3885
Line search trials: 1
Line search step: 1.000000
Seconds required for this iteration: 1842.360

L-BFGS terminated with the stopping criteria
Total seconds required for training: 321106.360

Storing the model
Number of active features: 3885 (3885)
Number of active attributes: 0 (0)
Number of active labels: 2797 (2797)
Writing labels
Writing attributes
Writing feature references for transitions
Writing feature references for attributes
Seconds required: 0.000

End time of the training: 2013-12-23T09:45:41Z

