CRFSuite 0.12  Copyright (c) 2007-2011 Naoaki Okazaki

Start time of the training: 2013-12-15T15:04:37Z

Reading the data set(s)
[1] /home/gdifolco/ps11/dataset/21_labled_inst/ldlc/_acquisition
0....1....2....3....4....5....6....7....8....9....10
Number of instances: 1
Seconds required: 0.000
[2] /home/gdifolco/ps11/dataset/21_labled_inst/ldlc/_asustorserver
0....1....2....3....4....5....6....7....8....9....10
Number of instances: 1
Seconds required: 0.000
[3] /home/gdifolco/ps11/dataset/21_labled_inst/ldlc/_camera
0....1....2....3....4....5....6....7....8....9....10
Number of instances: 1
Seconds required: 0.000
[4] /home/gdifolco/ps11/dataset/21_labled_inst/ldlc/_cao
0....1....2....3....4....5....6....7....8....9....10
Number of instances: 1
Seconds required: 0.000
[5] /home/gdifolco/ps11/dataset/21_labled_inst/ldlc/_cpu
0....1....2....3....4....5....6....7....8....9....10
Number of instances: 1
Seconds required: 0.000
[6] /home/gdifolco/ps11/dataset/21_labled_inst/ldlc/_dongle
0....1....2....3....4....5....6....7....8....9....10
Number of instances: 1
Seconds required: 0.000
[7] /home/gdifolco/ps11/dataset/21_labled_inst/ldlc/_keyboard
0....1....2....3....4....5....6....7....8....9....10
Number of instances: 1
Seconds required: 0.000
[8] /home/gdifolco/ps11/dataset/21_labled_inst/ldlc/_padcleaner
0....1....2....3....4....5....6....7....8....9....10
Number of instances: 1
Seconds required: 0.010
[9] /home/gdifolco/ps11/dataset/21_labled_inst/ldlc/_ventilateur
0....1....2....3....4....5....6....7....8....9....10
Number of instances: 1
Seconds required: 0.000
[10] /home/gdifolco/ps11/dataset/21_labled_inst/ldlc/_wifi
0....1....2....3....4....5....6....7....8....9....10
Number of instances: 1
Seconds required: 0.000
[11] /home/gdifolco/ps11/dataset/21_labled_inst/fnac/_dock
0....1....2....3....4....5....6....7....8....9....10
Number of instances: 1
Seconds required: 0.000
[12] /home/gdifolco/ps11/dataset/21_labled_inst/fnac/_dyson
0....1....2....3....4....5....6....7....8....9....10
Number of instances: 1
Seconds required: 0.000
[13] /home/gdifolco/ps11/dataset/21_labled_inst/fnac/_gigaset
0....1....2....3....4....5....6....7....8....9....10
Number of instances: 1
Seconds required: 0.000
[14] /home/gdifolco/ps11/dataset/21_labled_inst/fnac/_headphone
0....1....2....3....4....5....6....7....8....9....10
Number of instances: 1
Seconds required: 0.000
[15] /home/gdifolco/ps11/dataset/21_labled_inst/fnac/_lego
0....1....2....3....4....5....6....7....8....9....10
Number of instances: 1
Seconds required: 0.010
[16] /home/gdifolco/ps11/dataset/21_labled_inst/fnac/_macarons
0....1....2....3....4....5....6....7....8....9....10
Number of instances: 1
Seconds required: 0.000
[17] /home/gdifolco/ps11/dataset/21_labled_inst/fnac/_millenium
0....1....2....3....4....5....6....7....8....9....10
Number of instances: 1
Seconds required: 0.000
[18] /home/gdifolco/ps11/dataset/21_labled_inst/fnac/_monty
0....1....2....3....4....5....6....7....8....9....10
Number of instances: 1
Seconds required: 0.000
[19] /home/gdifolco/ps11/dataset/21_labled_inst/fnac/_robot
0....1....2....3....4....5....6....7....8....9....10
Number of instances: 1
Seconds required: 0.000
[20] /home/gdifolco/ps11/dataset/21_labled_inst/fnac/_sleep
0....1....2....3....4....5....6....7....8....9....10
Number of instances: 1
Seconds required: 0.000
[21] /home/gdifolco/ps11/dataset/21_labled_inst/fnac/_the
0....1....2....3....4....5....6....7....8....9....10
Number of instances: 1
Seconds required: 0.000
[22] /home/gdifolco/ps11/dataset/21_labled_inst/rueducommerce/_batterie
0....1....2....3....4....5....6....7....8....9....10
Number of instances: 1
Seconds required: 0.010
[23] /home/gdifolco/ps11/dataset/21_labled_inst/rueducommerce/_cables
0....1....2....3....4....5....6....7....8....9....10
Number of instances: 1
Seconds required: 0.000
[24] /home/gdifolco/ps11/dataset/21_labled_inst/rueducommerce/_clim
0....1....2....3....4....5....6....7....8....9....10
Number of instances: 1
Seconds required: 0.000
[25] /home/gdifolco/ps11/dataset/21_labled_inst/rueducommerce/_coffre
0....1....2....3....4....5....6....7....8....9....10
Number of instances: 1
Seconds required: 0.000
[26] /home/gdifolco/ps11/dataset/21_labled_inst/rueducommerce/_gazon
0....1....2....3....4....5....6....7....8....9....10
Number of instances: 1
Seconds required: 0.000
[27] /home/gdifolco/ps11/dataset/21_labled_inst/rueducommerce/_pates
0....1....2....3....4....5....6....7....8....9....10
Number of instances: 1
Seconds required: 0.000
[28] /home/gdifolco/ps11/dataset/21_labled_inst/rueducommerce/_rafraichisseur
0....1....2....3....4....5....6....7....8....9....10
Number of instances: 1
Seconds required: 0.010
[29] /home/gdifolco/ps11/dataset/21_labled_inst/rueducommerce/_saveur
0....1....2....3....4....5....6....7....8....9....10
Number of instances: 1
Seconds required: 0.000
[30] /home/gdifolco/ps11/dataset/21_labled_inst/rueducommerce/_scie
0....1....2....3....4....5....6....7....8....9....10
Number of instances: 1
Seconds required: 0.000
[31] /home/gdifolco/ps11/dataset/21_labled_inst/rueducommerce/_valve
0....1....2....3....4....5....6....7....8....9....10
Number of instances: 1
Seconds required: 0.000
[32] /home/gdifolco/ps11/dataset/21_labled_inst/carrefour/_albain
0....1....2....3....4....5....6....7....8....9....10
Number of instances: 1
Seconds required: 0.000
[33] /home/gdifolco/ps11/dataset/21_labled_inst/carrefour/_atelier
0....1....2....3....4....5....6....7....8....9....10
Number of instances: 1
Seconds required: 0.000
[34] /home/gdifolco/ps11/dataset/21_labled_inst/carrefour/_canape
0....1....2....3....4....5....6....7....8....9....10
Number of instances: 1
Seconds required: 0.000
[35] /home/gdifolco/ps11/dataset/21_labled_inst/carrefour/_cod
0....1....2....3....4....5....6....7....8....9....10
Number of instances: 1
Seconds required: 0.000
[36] /home/gdifolco/ps11/dataset/21_labled_inst/carrefour/_draps
0....1....2....3....4....5....6....7....8....9....10
Number of instances: 1
Seconds required: 0.000
[37] /home/gdifolco/ps11/dataset/21_labled_inst/carrefour/_etagere
0....1....2....3....4....5....6....7....8....9....10
Number of instances: 1
Seconds required: 0.000
[38] /home/gdifolco/ps11/dataset/21_labled_inst/carrefour/_gijoe
0....1....2....3....4....5....6....7....8....9....10
Number of instances: 1
Seconds required: 0.000
[39] /home/gdifolco/ps11/dataset/21_labled_inst/carrefour/_hasbro
0....1....2....3....4....5....6....7....8....9....10
Number of instances: 1
Seconds required: 0.000
[40] /home/gdifolco/ps11/dataset/21_labled_inst/carrefour/_jumelle
0....1....2....3....4....5....6....7....8....9....10
Number of instances: 1
Seconds required: 0.000
[41] /home/gdifolco/ps11/dataset/21_labled_inst/carrefour/_kangui
0....1....2....3....4....5....6....7....8....9....10
Number of instances: 1
Seconds required: 0.000

Statistics the data set(s)
Number of data sets (groups): 41
Number of instances: 41
Number of items: 20218
Number of attributes: 0
Number of labels: 2786

Feature generation
type: CRF1d
feature.minfreq: 0.000000
feature.possible_states: 0
feature.possible_transitions: 0
0....1....2....3....4....5....6....7....8....9....10
Number of features: 3745
Seconds required: 0.010

L-BFGS optimization
c1: 0.000000
c2: 1.000000
num_memories: 6
max_iterations: 2147483647
epsilon: 0.000010
stop: 10
delta: 0.000010
linesearch: MoreThuente
linesearch.max_iterations: 20

***** Iteration #1 *****
Loss: 138548.862398
Feature norm: 33.809435
Error norm: 601.893739
Active features: 3745
Line search trials: 9
Line search step: 0.049671
Seconds required for this iteration: 13539.340

***** Iteration #2 *****
Loss: 134487.509876
Feature norm: 40.776140
Error norm: 544.670527
Active features: 3745
Line search trials: 7
Line search step: 0.025338
Seconds required for this iteration: 8754.850

***** Iteration #3 *****
Loss: 132188.248407
Feature norm: 45.155679
Error norm: 487.215424
Active features: 3745
Line search trials: 2
Line search step: 0.042194
Seconds required for this iteration: 3501.040

***** Iteration #4 *****
Loss: 131316.135457
Feature norm: 46.985808
Error norm: 528.360509
Active features: 3745
Line search trials: 2
Line search step: 0.038942
Seconds required for this iteration: 2320.270

***** Iteration #5 *****
Loss: 130956.612978
Feature norm: 47.763619
Error norm: 634.511334
Active features: 3745
Line search trials: 2
Line search step: 0.041968
Seconds required for this iteration: 2348.510

***** Iteration #6 *****
Loss: 130588.228097
Feature norm: 48.686778
Error norm: 986.080924
Active features: 3745
Line search trials: 2
Line search step: 0.047262
Seconds required for this iteration: 2319.910

***** Iteration #7 *****
Loss: 129976.149488
Feature norm: 52.332173
Error norm: 9295.798116
Active features: 3745
Line search trials: 1
Line search step: 1.000000
Seconds required for this iteration: 1697.620

***** Iteration #8 *****
Loss: 129792.606431
Feature norm: 52.754532
Error norm: 6194.517915
Active features: 3745
Line search trials: 2
Line search step: 0.035343
Seconds required for this iteration: 2340.090

***** Iteration #9 *****
Loss: 129239.856621
Feature norm: 52.186697
Error norm: 2196.827078
Active features: 3745
Line search trials: 1
Line search step: 1.000000
Seconds required for this iteration: 1159.660

***** Iteration #10 *****
Loss: 129042.584617
Feature norm: 52.531633
Error norm: 1512.312438
Active features: 3745
Line search trials: 2
Line search step: 0.413745
Seconds required for this iteration: 2377.280

***** Iteration #11 *****
Loss: 128730.830651
Feature norm: 53.319979
Error norm: 1192.406133
Active features: 3745
Line search trials: 2
Line search step: 0.316803
Seconds required for this iteration: 2327.270

***** Iteration #12 *****
Loss: 128246.449006
Feature norm: 54.672211
Error norm: 967.507252
Active features: 3745
Line search trials: 2
Line search step: 0.165274
Seconds required for this iteration: 2428.370

***** Iteration #13 *****
Loss: 127742.905337
Feature norm: 56.035550
Error norm: 1422.273875
Active features: 3745
Line search trials: 4
Line search step: 0.104430
Seconds required for this iteration: 4679.150

***** Iteration #14 *****
Loss: 127301.889198
Feature norm: 57.530113
Error norm: 1612.435127
Active features: 3745
Line search trials: 8
Line search step: 0.100194
Seconds required for this iteration: 9675.740

***** Iteration #15 *****
Loss: 127133.735876
Feature norm: 57.927244
Error norm: 1335.943866
Active features: 3745
Line search trials: 2
Line search step: 0.045838
Seconds required for this iteration: 2694.740

***** Iteration #16 *****
Loss: 126176.318794
Feature norm: 59.516648
Error norm: 1322.175084
Active features: 3745
Line search trials: 1
Line search step: 1.000000
Seconds required for this iteration: 1372.000

L-BFGS terminated with error code (-1001)
Total seconds required for training: 67422.010

Storing the model
Number of active features: 3745 (3745)
Number of active attributes: 0 (0)
Number of active labels: 2786 (2786)
Writing labels
Writing attributes
Writing feature references for transitions
Writing feature references for attributes
Seconds required: 0.020

End time of the training: 2013-12-17T02:51:30Z

