CRFSuite 0.12  Copyright (c) 2007-2011 Naoaki Okazaki

Start time of the training: 2013-12-18T10:14:02Z

Reading the data set(s)
[1] /home/gdifolco/ps11/dataset/21_labled_inst/ldlc/_acquisition
0....1....2....3....4....5....6....7....8....9....10
Number of instances: 1
Seconds required: 0.000
[2] /home/gdifolco/ps11/dataset/21_labled_inst/ldlc/_asustorserver
0....1....2....3....4....5....6....7....8....9....10
Number of instances: 1
Seconds required: 0.000
[3] /home/gdifolco/ps11/dataset/21_labled_inst/ldlc/_camera
0....1....2....3....4....5....6....7....8....9....10
Number of instances: 1
Seconds required: 0.000
[4] /home/gdifolco/ps11/dataset/21_labled_inst/ldlc/_cao
0....1....2....3....4....5....6....7....8....9....10
Number of instances: 1
Seconds required: 0.010
[5] /home/gdifolco/ps11/dataset/21_labled_inst/ldlc/_cpu
0....1....2....3....4....5....6....7....8....9....10
Number of instances: 1
Seconds required: 0.000
[6] /home/gdifolco/ps11/dataset/21_labled_inst/ldlc/_dongle
0....1....2....3....4....5....6....7....8....9....10
Number of instances: 1
Seconds required: 0.000
[7] /home/gdifolco/ps11/dataset/21_labled_inst/ldlc/_keyboard
0....1....2....3....4....5....6....7....8....9....10
Number of instances: 1
Seconds required: 0.000
[8] /home/gdifolco/ps11/dataset/21_labled_inst/ldlc/_padcleaner
0....1....2....3....4....5....6....7....8....9....10
Number of instances: 1
Seconds required: 0.010
[9] /home/gdifolco/ps11/dataset/21_labled_inst/ldlc/_ventilateur
0....1....2....3....4....5....6....7....8....9....10
Number of instances: 1
Seconds required: 0.000
[10] /home/gdifolco/ps11/dataset/21_labled_inst/ldlc/_wifi
0....1....2....3....4....5....6....7....8....9....10
Number of instances: 1
Seconds required: 0.000
[11] /home/gdifolco/ps11/dataset/21_labled_inst/carrefour/_albain
0....1....2....3....4....5....6....7....8....9....10
Number of instances: 1
Seconds required: 0.000
[12] /home/gdifolco/ps11/dataset/21_labled_inst/carrefour/_atelier
0....1....2....3....4....5....6....7....8....9....10
Number of instances: 1
Seconds required: 0.000
[13] /home/gdifolco/ps11/dataset/21_labled_inst/carrefour/_canape
0....1....2....3....4....5....6....7....8....9....10
Number of instances: 1
Seconds required: 0.000
[14] /home/gdifolco/ps11/dataset/21_labled_inst/carrefour/_cod
0....1....2....3....4....5....6....7....8....9....10
Number of instances: 1
Seconds required: 0.000
[15] /home/gdifolco/ps11/dataset/21_labled_inst/carrefour/_draps
0....1....2....3....4....5....6....7....8....9....10
Number of instances: 1
Seconds required: 0.000
[16] /home/gdifolco/ps11/dataset/21_labled_inst/carrefour/_etagere
0....1....2....3....4....5....6....7....8....9....10
Number of instances: 1
Seconds required: 0.000
[17] /home/gdifolco/ps11/dataset/21_labled_inst/carrefour/_gijoe
0....1....2....3....4....5....6....7....8....9....10
Number of instances: 1
Seconds required: 0.000
[18] /home/gdifolco/ps11/dataset/21_labled_inst/carrefour/_hasbro
0....1....2....3....4....5....6....7....8....9....10
Number of instances: 1
Seconds required: 0.000
[19] /home/gdifolco/ps11/dataset/21_labled_inst/carrefour/_jumelle
0....1....2....3....4....5....6....7....8....9....10
Number of instances: 1
Seconds required: 0.000
[20] /home/gdifolco/ps11/dataset/21_labled_inst/carrefour/_kangui
0....1....2....3....4....5....6....7....8....9....10
Number of instances: 1
Seconds required: 0.000
[21] /home/gdifolco/ps11/dataset/21_labled_inst/amazon.fr/_alimentation
0....1....2....3....4....5....6....7....8....9....10
Number of instances: 1
Seconds required: 0.010
[22] /home/gdifolco/ps11/dataset/21_labled_inst/amazon.fr/_gps
0....1....2....3....4....5....6....7....8....9....10
Number of instances: 1
Seconds required: 0.000
[23] /home/gdifolco/ps11/dataset/21_labled_inst/amazon.fr/_guirlandes
0....1....2....3....4....5....6....7....8....9....10
Number of instances: 1
Seconds required: 0.010
[24] /home/gdifolco/ps11/dataset/21_labled_inst/amazon.fr/_lampeplafon
0....1....2....3....4....5....6....7....8....9....10
Number of instances: 1
Seconds required: 0.000
[25] /home/gdifolco/ps11/dataset/21_labled_inst/amazon.fr/_nvidia
0....1....2....3....4....5....6....7....8....9....10
Number of instances: 1
Seconds required: 0.000
[26] /home/gdifolco/ps11/dataset/21_labled_inst/amazon.fr/_perceuse
0....1....2....3....4....5....6....7....8....9....10
Number of instances: 1
Seconds required: 0.000
[27] /home/gdifolco/ps11/dataset/21_labled_inst/amazon.fr/_playmobil
0....1....2....3....4....5....6....7....8....9....10
Number of instances: 1
Seconds required: 0.010
[28] /home/gdifolco/ps11/dataset/21_labled_inst/amazon.fr/_screen
0....1....2....3....4....5....6....7....8....9....10
Number of instances: 1
Seconds required: 0.000
[29] /home/gdifolco/ps11/dataset/21_labled_inst/amazon.fr/_tbbt
0....1....2....3....4....5....6....7....8....9....10
Number of instances: 1
Seconds required: 0.010
[30] /home/gdifolco/ps11/dataset/21_labled_inst/amazon.fr/_visseuse
0....1....2....3....4....5....6....7....8....9....10
Number of instances: 1
Seconds required: 0.000
[31] /home/gdifolco/ps11/dataset/21_labled_inst/rueducommerce/_batterie
0....1....2....3....4....5....6....7....8....9....10
Number of instances: 1
Seconds required: 0.000
[32] /home/gdifolco/ps11/dataset/21_labled_inst/rueducommerce/_cables
0....1....2....3....4....5....6....7....8....9....10
Number of instances: 1
Seconds required: 0.000
[33] /home/gdifolco/ps11/dataset/21_labled_inst/rueducommerce/_clim
0....1....2....3....4....5....6....7....8....9....10
Number of instances: 1
Seconds required: 0.010
[34] /home/gdifolco/ps11/dataset/21_labled_inst/rueducommerce/_coffre
0....1....2....3....4....5....6....7....8....9....10
Number of instances: 1
Seconds required: 0.000
[35] /home/gdifolco/ps11/dataset/21_labled_inst/rueducommerce/_gazon
0....1....2....3....4....5....6....7....8....9....10
Number of instances: 1
Seconds required: 0.000
[36] /home/gdifolco/ps11/dataset/21_labled_inst/rueducommerce/_pates
0....1....2....3....4....5....6....7....8....9....10
Number of instances: 1
Seconds required: 0.000
[37] /home/gdifolco/ps11/dataset/21_labled_inst/rueducommerce/_rafraichisseur
0....1....2....3....4....5....6....7....8....9....10
Number of instances: 1
Seconds required: 0.010
[38] /home/gdifolco/ps11/dataset/21_labled_inst/rueducommerce/_saveur
0....1....2....3....4....5....6....7....8....9....10
Number of instances: 1
Seconds required: 0.000
[39] /home/gdifolco/ps11/dataset/21_labled_inst/rueducommerce/_scie
0....1....2....3....4....5....6....7....8....9....10
Number of instances: 1
Seconds required: 0.000
[40] /home/gdifolco/ps11/dataset/21_labled_inst/rueducommerce/_valve
0....1....2....3....4....5....6....7....8....9....10
Number of instances: 1
Seconds required: 0.000

Statistics the data set(s)
Number of data sets (groups): 40
Number of instances: 40
Number of items: 21691
Number of attributes: 0
Number of labels: 2797

Feature generation
type: CRF1d
feature.minfreq: 0.000000
feature.possible_states: 0
feature.possible_transitions: 0
0....1....2....3....4....5....6....7....8....9....10
Number of features: 3885
Seconds required: 0.010

L-BFGS optimization
c1: 0.000000
c2: 1.000000
num_memories: 6
max_iterations: 2147483647
epsilon: 0.000010
stop: 10
delta: 0.000010
linesearch: MoreThuente
linesearch.max_iterations: 20

***** Iteration #1 *****
Loss: 149661.710389
Feature norm: 34.198137
Error norm: 619.283659
Active features: 3885
Line search trials: 9
Line search step: 0.049398
Seconds required for this iteration: 12281.010

***** Iteration #2 *****
Loss: 144622.316630
Feature norm: 42.602214
Error norm: 573.564118
Active features: 3885
Line search trials: 7
Line search step: 0.028620
Seconds required for this iteration: 8593.600

***** Iteration #3 *****
Loss: 142769.236361
Feature norm: 45.962353
Error norm: 689.230541
Active features: 3885
Line search trials: 5
Line search step: 0.026369
Seconds required for this iteration: 6137.930

***** Iteration #4 *****
Loss: 141572.324435
Feature norm: 49.786707
Error norm: 17125.678028
Active features: 3885
Line search trials: 2
Line search step: 0.121030
Seconds required for this iteration: 2454.600

***** Iteration #5 *****
Loss: 138612.763964
Feature norm: 56.284937
Error norm: 3440.756858
Active features: 3885
Line search trials: 2
Line search step: 0.049572
Seconds required for this iteration: 2455.490

***** Iteration #6 *****
Loss: 138317.285651
Feature norm: 57.082073
Error norm: 2907.236713
Active features: 3885
Line search trials: 2
Line search step: 0.126090
Seconds required for this iteration: 2454.270

***** Iteration #7 *****
Loss: 137505.422290
Feature norm: 58.015008
Error norm: 2490.016523
Active features: 3885
Line search trials: 2
Line search step: 0.310228
Seconds required for this iteration: 2454.320

***** Iteration #8 *****
Loss: 137116.842431
Feature norm: 58.859799
Error norm: 2305.507355
Active features: 3885
Line search trials: 2
Line search step: 0.059732
Seconds required for this iteration: 2455.740

***** Iteration #9 *****
Loss: 136375.793086
Feature norm: 60.694776
Error norm: 13492.916343
Active features: 3885
Line search trials: 2
Line search step: 0.186296
Seconds required for this iteration: 2455.420

***** Iteration #10 *****
Loss: 134835.188311
Feature norm: 62.571514
Error norm: 7887.475815
Active features: 3885
Line search trials: 4
Line search step: 0.135109
Seconds required for this iteration: 4911.510

***** Iteration #11 *****
Loss: 134387.095538
Feature norm: 63.569843
Error norm: 5209.138306
Active features: 3885
Line search trials: 2
Line search step: 0.048926
Seconds required for this iteration: 2454.470

***** Iteration #12 *****
Loss: 133976.472299
Feature norm: 63.767128
Error norm: 2693.533171
Active features: 3885
Line search trials: 1
Line search step: 1.000000
Seconds required for this iteration: 1227.630

***** Iteration #13 *****
Loss: 132534.407520
Feature norm: 66.458461
Error norm: 7367.316598
Active features: 3885
Line search trials: 1
Line search step: 1.000000
Seconds required for this iteration: 1227.780

***** Iteration #14 *****
Loss: 132185.644624
Feature norm: 66.899831
Error norm: 5496.923909
Active features: 3885
Line search trials: 2
Line search step: 0.037503
Seconds required for this iteration: 2455.740

***** Iteration #15 *****
Loss: 132015.782940
Feature norm: 67.247926
Error norm: 4927.873462
Active features: 3885
Line search trials: 4
Line search step: 0.058943
Seconds required for this iteration: 4909.940

***** Iteration #16 *****
Loss: 131915.715326
Feature norm: 67.490350
Error norm: 4593.816311
Active features: 3885
Line search trials: 2
Line search step: 0.104829
Seconds required for this iteration: 2456.530

***** Iteration #17 *****
Loss: 131087.771365
Feature norm: 69.415046
Error norm: 7309.272191
Active features: 3885
Line search trials: 1
Line search step: 1.000000
Seconds required for this iteration: 1227.680

***** Iteration #18 *****
Loss: 130998.822886
Feature norm: 69.588853
Error norm: 5500.659969
Active features: 3885
Line search trials: 3
Line search step: 0.022019
Seconds required for this iteration: 3681.780

***** Iteration #19 *****
Loss: 130814.091375
Feature norm: 69.557011
Error norm: 2142.252678
Active features: 3885
Line search trials: 1
Line search step: 1.000000
Seconds required for this iteration: 1228.380

***** Iteration #20 *****
Loss: 130570.639973
Feature norm: 70.493272
Error norm: 9324.878578
Active features: 3885
Line search trials: 1
Line search step: 1.000000
Seconds required for this iteration: 1227.130

***** Iteration #21 *****
Loss: 129834.423850
Feature norm: 71.663968
Error norm: 2885.070978
Active features: 3885
Line search trials: 1
Line search step: 1.000000
Seconds required for this iteration: 1227.110

***** Iteration #22 *****
Loss: 127639.440061
Feature norm: 77.881905
Error norm: 756.805422
Active features: 3885
Line search trials: 1
Line search step: 1.000000
Seconds required for this iteration: 1227.200

***** Iteration #23 *****
Loss: 127544.334114
Feature norm: 78.277670
Error norm: 814.831680
Active features: 3885
Line search trials: 2
Line search step: 0.038625
Seconds required for this iteration: 2454.560

***** Iteration #24 *****
Loss: 127253.817261
Feature norm: 79.439611
Error norm: 840.424417
Active features: 3885
Line search trials: 2
Line search step: 0.210320
Seconds required for this iteration: 2455.000

***** Iteration #25 *****
Loss: 126494.721915
Feature norm: 82.896170
Error norm: 1246.414211
Active features: 3885
Line search trials: 2
Line search step: 0.472457
Seconds required for this iteration: 2454.540

***** Iteration #26 *****
Loss: 125909.773997
Feature norm: 85.133135
Error norm: 1361.417876
Active features: 3885
Line search trials: 2
Line search step: 0.362220
Seconds required for this iteration: 2455.270

***** Iteration #27 *****
Loss: 125175.329393
Feature norm: 87.294951
Error norm: 1038.422033
Active features: 3885
Line search trials: 2
Line search step: 0.406260
Seconds required for this iteration: 2455.360

***** Iteration #28 *****
Loss: 124730.878320
Feature norm: 88.006128
Error norm: 836.196114
Active features: 3885
Line search trials: 2
Line search step: 0.259605
Seconds required for this iteration: 2454.450

***** Iteration #29 *****
Loss: 124218.606747
Feature norm: 89.748723
Error norm: 826.466421
Active features: 3885
Line search trials: 2
Line search step: 0.234113
Seconds required for this iteration: 2454.450

***** Iteration #30 *****
Loss: 123921.806133
Feature norm: 90.458718
Error norm: 738.370055
Active features: 3885
Line search trials: 2
Line search step: 0.095689
Seconds required for this iteration: 2455.090

***** Iteration #31 *****
Loss: 123371.328454
Feature norm: 92.093702
Error norm: 724.904930
Active features: 3885
Line search trials: 4
Line search step: 0.127776
Seconds required for this iteration: 4912.780

***** Iteration #32 *****
Loss: 122502.718301
Feature norm: 94.601838
Error norm: 659.680008
Active features: 3885
Line search trials: 4
Line search step: 0.141618
Seconds required for this iteration: 4910.300

***** Iteration #33 *****
Loss: 121777.846388
Feature norm: 96.670623
Error norm: 1487.396311
Active features: 3885
Line search trials: 2
Line search step: 0.118450
Seconds required for this iteration: 2455.320

***** Iteration #34 *****
Loss: 120978.289561
Feature norm: 99.684772
Error norm: 2022.730898
Active features: 3885
Line search trials: 2
Line search step: 0.134416
Seconds required for this iteration: 2455.350

***** Iteration #35 *****
Loss: 120433.373076
Feature norm: 101.127590
Error norm: 1203.149981
Active features: 3885
Line search trials: 2
Line search step: 0.126953
Seconds required for this iteration: 2455.650

***** Iteration #36 *****
Loss: 120062.718758
Feature norm: 105.819628
Error norm: 7188.132261
Active features: 3885
Line search trials: 1
Line search step: 1.000000
Seconds required for this iteration: 1227.850

***** Iteration #37 *****
Loss: 119550.855812
Feature norm: 106.440894
Error norm: 3658.937529
Active features: 3885
Line search trials: 2
Line search step: 0.261028
Seconds required for this iteration: 2455.620

***** Iteration #38 *****
Loss: 119276.269581
Feature norm: 104.161564
Error norm: 1015.565646
Active features: 3885
Line search trials: 1
Line search step: 1.000000
Seconds required for this iteration: 1227.330

***** Iteration #39 *****
Loss: 118778.833941
Feature norm: 105.557696
Error norm: 886.018079
Active features: 3885
Line search trials: 1
Line search step: 1.000000
Seconds required for this iteration: 1227.640

***** Iteration #40 *****
Loss: 117819.502759
Feature norm: 109.445518
Error norm: 3159.808785
Active features: 3885
Line search trials: 2
Line search step: 0.485659
Seconds required for this iteration: 2455.570

***** Iteration #41 *****
Loss: 116980.739100
Feature norm: 111.619849
Error norm: 1928.283091
Active features: 3885
Line search trials: 2
Line search step: 0.265983
Seconds required for this iteration: 2456.880

***** Iteration #42 *****
Loss: 116623.504432
Feature norm: 112.993400
Error norm: 1822.796552
Active features: 3885
Line search trials: 2
Line search step: 0.079497
Seconds required for this iteration: 2455.140

***** Iteration #43 *****
Loss: 116344.940237
Feature norm: 114.425051
Error norm: 3108.544755
Active features: 3885
Line search trials: 2
Line search step: 0.087214
Seconds required for this iteration: 2454.500

***** Iteration #44 *****
Loss: 116115.956263
Feature norm: 115.364885
Error norm: 2138.116573
Active features: 3885
Line search trials: 2
Line search step: 0.096237
Seconds required for this iteration: 2456.300

***** Iteration #45 *****
Loss: 115831.174321
Feature norm: 117.170932
Error norm: 2275.735931
Active features: 3885
Line search trials: 2
Line search step: 0.504735
Seconds required for this iteration: 2454.910

***** Iteration #46 *****
Loss: 115200.060251
Feature norm: 119.279567
Error norm: 1094.131172
Active features: 3885
Line search trials: 1
Line search step: 1.000000
Seconds required for this iteration: 1227.320

***** Iteration #47 *****
Loss: 114867.459828
Feature norm: 119.324509
Error norm: 559.728926
Active features: 3885
Line search trials: 1
Line search step: 1.000000
Seconds required for this iteration: 1228.320

***** Iteration #48 *****
Loss: 114581.268006
Feature norm: 120.148327
Error norm: 569.795654
Active features: 3885
Line search trials: 1
Line search step: 1.000000
Seconds required for this iteration: 1227.200

***** Iteration #49 *****
Loss: 114228.062453
Feature norm: 118.246753
Error norm: 548.065261
Active features: 3885
Line search trials: 1
Line search step: 1.000000
Seconds required for this iteration: 1227.210

***** Iteration #50 *****
Loss: 113111.024998
Feature norm: 127.574312
Error norm: 1413.999958
Active features: 3885
Line search trials: 1
Line search step: 1.000000
Seconds required for this iteration: 1227.250

***** Iteration #51 *****
Loss: 112501.454278
Feature norm: 128.844829
Error norm: 367.775804
Active features: 3885
Line search trials: 1
Line search step: 1.000000
Seconds required for this iteration: 1227.140

***** Iteration #52 *****
Loss: 112179.086822
Feature norm: 132.150770
Error norm: 424.169892
Active features: 3885
Line search trials: 1
Line search step: 1.000000
Seconds required for this iteration: 1227.210

***** Iteration #53 *****
Loss: 111257.809001
Feature norm: 137.864478
Error norm: 444.191488
Active features: 3885
Line search trials: 2
Line search step: 0.499603
Seconds required for this iteration: 2455.930

***** Iteration #54 *****
Loss: 110994.279580
Feature norm: 139.322919
Error norm: 413.147241
Active features: 3885
Line search trials: 4
Line search step: 0.092859
Seconds required for this iteration: 4910.710

***** Iteration #55 *****
Loss: 110405.836596
Feature norm: 143.083606
Error norm: 442.857892
Active features: 3885
Line search trials: 2
Line search step: 0.203415
Seconds required for this iteration: 2455.250

***** Iteration #56 *****
Loss: 110247.258558
Feature norm: 144.086494
Error norm: 409.630831
Active features: 3885
Line search trials: 2
Line search step: 0.047591
Seconds required for this iteration: 2454.240

***** Iteration #57 *****
Loss: 109908.449883
Feature norm: 146.097048
Error norm: 383.416160
Active features: 3885
Line search trials: 4
Line search step: 0.121980
Seconds required for this iteration: 4910.840

***** Iteration #58 *****
Loss: 109588.978175
Feature norm: 148.184256
Error norm: 380.158778
Active features: 3885
Line search trials: 2
Line search step: 0.112678
Seconds required for this iteration: 2454.570

***** Iteration #59 *****
Loss: 109103.574984
Feature norm: 151.845528
Error norm: 331.105494
Active features: 3885
Line search trials: 2
Line search step: 0.164437
Seconds required for this iteration: 2455.640

***** Iteration #60 *****
Loss: 108670.911358
Feature norm: 155.409043
Error norm: 276.015575
Active features: 3885
Line search trials: 2
Line search step: 0.216764
Seconds required for this iteration: 2455.410

***** Iteration #61 *****
Loss: 108175.205078
Feature norm: 160.479035
Error norm: 349.292923
Active features: 3885
Line search trials: 2
Line search step: 0.325935
Seconds required for this iteration: 2454.500

***** Iteration #62 *****
Loss: 107634.748503
Feature norm: 167.249009
Error norm: 326.591018
Active features: 3885
Line search trials: 2
Line search step: 0.525670
Seconds required for this iteration: 2455.260

***** Iteration #63 *****
Loss: 106980.853218
Feature norm: 173.602097
Error norm: 296.913448
Active features: 3885
Line search trials: 1
Line search step: 1.000000
Seconds required for this iteration: 1227.840

***** Iteration #64 *****
Loss: 106815.276064
Feature norm: 174.352193
Error norm: 249.992435
Active features: 3885
Line search trials: 8
Line search step: 0.138735
Seconds required for this iteration: 9821.600

***** Iteration #65 *****
Loss: 106715.526967
Feature norm: 174.832604
Error norm: 232.180742
Active features: 3885
Line search trials: 4
Line search step: 0.119469
Seconds required for this iteration: 4918.260

***** Iteration #66 *****
Loss: 106471.191414
Feature norm: 175.456506
Error norm: 174.733249
Active features: 3885
Line search trials: 6
Line search step: 0.227595
Seconds required for this iteration: 13495.830

L-BFGS terminated with error code (-1001)
Total seconds required for training: 203390.640

Storing the model
Number of active features: 3885 (3885)
Number of active attributes: 0 (0)
Number of active labels: 2797 (2797)
Writing labels
Writing attributes
Writing feature references for transitions
Writing feature references for attributes
Seconds required: 0.010

End time of the training: 2013-12-20T19:15:13Z

