CRFSuite 0.12  Copyright (c) 2007-2011 Naoaki Okazaki

Start time of the training: 2013-12-18T10:12:49Z

Reading the data set(s)
[1] /home/gdifolco/ps11/dataset/21_labled_inst/ldlc/_acquisition
0....1....2....3....4....5....6....7....8....9....10
Number of instances: 1
Seconds required: 0.000
[2] /home/gdifolco/ps11/dataset/21_labled_inst/ldlc/_asustorserver
0....1....2....3....4....5....6....7....8....9....10
Number of instances: 1
Seconds required: 0.000
[3] /home/gdifolco/ps11/dataset/21_labled_inst/ldlc/_camera
0....1....2....3....4....5....6....7....8....9....10
Number of instances: 1
Seconds required: 0.000
[4] /home/gdifolco/ps11/dataset/21_labled_inst/ldlc/_cao
0....1....2....3....4....5....6....7....8....9....10
Number of instances: 1
Seconds required: 0.010
[5] /home/gdifolco/ps11/dataset/21_labled_inst/ldlc/_cpu
0....1....2....3....4....5....6....7....8....9....10
Number of instances: 1
Seconds required: 0.000
[6] /home/gdifolco/ps11/dataset/21_labled_inst/ldlc/_dongle
0....1....2....3....4....5....6....7....8....9....10
Number of instances: 1
Seconds required: 0.000
[7] /home/gdifolco/ps11/dataset/21_labled_inst/ldlc/_keyboard
0....1....2....3....4....5....6....7....8....9....10
Number of instances: 1
Seconds required: 0.000
[8] /home/gdifolco/ps11/dataset/21_labled_inst/ldlc/_padcleaner
0....1....2....3....4....5....6....7....8....9....10
Number of instances: 1
Seconds required: 0.010
[9] /home/gdifolco/ps11/dataset/21_labled_inst/ldlc/_ventilateur
0....1....2....3....4....5....6....7....8....9....10
Number of instances: 1
Seconds required: 0.000
[10] /home/gdifolco/ps11/dataset/21_labled_inst/ldlc/_wifi
0....1....2....3....4....5....6....7....8....9....10
Number of instances: 1
Seconds required: 0.000
[11] /home/gdifolco/ps11/dataset/21_labled_inst/rueducommerce/_batterie
0....1....2....3....4....5....6....7....8....9....10
Number of instances: 1
Seconds required: 0.000
[12] /home/gdifolco/ps11/dataset/21_labled_inst/rueducommerce/_cables
0....1....2....3....4....5....6....7....8....9....10
Number of instances: 1
Seconds required: 0.000
[13] /home/gdifolco/ps11/dataset/21_labled_inst/rueducommerce/_clim
0....1....2....3....4....5....6....7....8....9....10
Number of instances: 1
Seconds required: 0.000
[14] /home/gdifolco/ps11/dataset/21_labled_inst/rueducommerce/_coffre
0....1....2....3....4....5....6....7....8....9....10
Number of instances: 1
Seconds required: 0.000
[15] /home/gdifolco/ps11/dataset/21_labled_inst/rueducommerce/_gazon
0....1....2....3....4....5....6....7....8....9....10
Number of instances: 1
Seconds required: 0.000
[16] /home/gdifolco/ps11/dataset/21_labled_inst/rueducommerce/_pates
0....1....2....3....4....5....6....7....8....9....10
Number of instances: 1
Seconds required: 0.010
[17] /home/gdifolco/ps11/dataset/21_labled_inst/rueducommerce/_rafraichisseur
0....1....2....3....4....5....6....7....8....9....10
Number of instances: 1
Seconds required: 0.000
[18] /home/gdifolco/ps11/dataset/21_labled_inst/rueducommerce/_saveur
0....1....2....3....4....5....6....7....8....9....10
Number of instances: 1
Seconds required: 0.000
[19] /home/gdifolco/ps11/dataset/21_labled_inst/rueducommerce/_scie
0....1....2....3....4....5....6....7....8....9....10
Number of instances: 1
Seconds required: 0.000
[20] /home/gdifolco/ps11/dataset/21_labled_inst/rueducommerce/_valve
0....1....2....3....4....5....6....7....8....9....10
Number of instances: 1
Seconds required: 0.010
[21] /home/gdifolco/ps11/dataset/21_labled_inst/amazon.fr/_alimentation
0....1....2....3....4....5....6....7....8....9....10
Number of instances: 1
Seconds required: 0.000
[22] /home/gdifolco/ps11/dataset/21_labled_inst/amazon.fr/_gps
0....1....2....3....4....5....6....7....8....9....10
Number of instances: 1
Seconds required: 0.000
[23] /home/gdifolco/ps11/dataset/21_labled_inst/amazon.fr/_guirlandes
0....1....2....3....4....5....6....7....8....9....10
Number of instances: 1
Seconds required: 0.010
[24] /home/gdifolco/ps11/dataset/21_labled_inst/amazon.fr/_lampeplafon
0....1....2....3....4....5....6....7....8....9....10
Number of instances: 1
Seconds required: 0.000
[25] /home/gdifolco/ps11/dataset/21_labled_inst/amazon.fr/_nvidia
0....1....2....3....4....5....6....7....8....9....10
Number of instances: 1
Seconds required: 0.000
[26] /home/gdifolco/ps11/dataset/21_labled_inst/amazon.fr/_perceuse
0....1....2....3....4....5....6....7....8....9....10
Number of instances: 1
Seconds required: 0.010
[27] /home/gdifolco/ps11/dataset/21_labled_inst/amazon.fr/_playmobil
0....1....2....3....4....5....6....7....8....9....10
Number of instances: 1
Seconds required: 0.000
[28] /home/gdifolco/ps11/dataset/21_labled_inst/amazon.fr/_screen
0....1....2....3....4....5....6....7....8....9....10
Number of instances: 1
Seconds required: 0.000
[29] /home/gdifolco/ps11/dataset/21_labled_inst/amazon.fr/_tbbt
0....1....2....3....4....5....6....7....8....9....10
Number of instances: 1
Seconds required: 0.010
[30] /home/gdifolco/ps11/dataset/21_labled_inst/amazon.fr/_visseuse
0....1....2....3....4....5....6....7....8....9....10
Number of instances: 1
Seconds required: 0.000
[31] /home/gdifolco/ps11/dataset/21_labled_inst/carrefour/_albain
0....1....2....3....4....5....6....7....8....9....10
Number of instances: 1
Seconds required: 0.000
[32] /home/gdifolco/ps11/dataset/21_labled_inst/carrefour/_atelier
0....1....2....3....4....5....6....7....8....9....10
Number of instances: 1
Seconds required: 0.000
[33] /home/gdifolco/ps11/dataset/21_labled_inst/carrefour/_canape
0....1....2....3....4....5....6....7....8....9....10
Number of instances: 1
Seconds required: 0.000
[34] /home/gdifolco/ps11/dataset/21_labled_inst/carrefour/_cod
0....1....2....3....4....5....6....7....8....9....10
Number of instances: 1
Seconds required: 0.000
[35] /home/gdifolco/ps11/dataset/21_labled_inst/carrefour/_draps
0....1....2....3....4....5....6....7....8....9....10
Number of instances: 1
Seconds required: 0.000
[36] /home/gdifolco/ps11/dataset/21_labled_inst/carrefour/_etagere
0....1....2....3....4....5....6....7....8....9....10
Number of instances: 1
Seconds required: 0.000
[37] /home/gdifolco/ps11/dataset/21_labled_inst/carrefour/_gijoe
0....1....2....3....4....5....6....7....8....9....10
Number of instances: 1
Seconds required: 0.000
[38] /home/gdifolco/ps11/dataset/21_labled_inst/carrefour/_hasbro
0....1....2....3....4....5....6....7....8....9....10
Number of instances: 1
Seconds required: 0.000
[39] /home/gdifolco/ps11/dataset/21_labled_inst/carrefour/_jumelle
0....1....2....3....4....5....6....7....8....9....10
Number of instances: 1
Seconds required: 0.010
[40] /home/gdifolco/ps11/dataset/21_labled_inst/carrefour/_kangui
0....1....2....3....4....5....6....7....8....9....10
Number of instances: 1
Seconds required: 0.000

Statistics the data set(s)
Number of data sets (groups): 40
Number of instances: 40
Number of items: 21691
Number of attributes: 0
Number of labels: 2797

Feature generation
type: CRF1d
feature.minfreq: 0.000000
feature.possible_states: 0
feature.possible_transitions: 0
0....1....2....3....4....5....6....7....8....9....10
Number of features: 3885
Seconds required: 0.010

L-BFGS optimization
c1: 0.000000
c2: 1.000000
num_memories: 6
max_iterations: 2147483647
epsilon: 0.000010
stop: 10
delta: 0.000010
linesearch: MoreThuente
linesearch.max_iterations: 20

***** Iteration #1 *****
Loss: 149661.710389
Feature norm: 34.198137
Error norm: 619.283659
Active features: 3885
Line search trials: 9
Line search step: 0.049398
Seconds required for this iteration: 12389.980

***** Iteration #2 *****
Loss: 144622.316630
Feature norm: 42.602214
Error norm: 573.564118
Active features: 3885
Line search trials: 7
Line search step: 0.028620
Seconds required for this iteration: 8662.680

***** Iteration #3 *****
Loss: 142769.236361
Feature norm: 45.962353
Error norm: 689.230541
Active features: 3885
Line search trials: 5
Line search step: 0.026369
Seconds required for this iteration: 6191.900

***** Iteration #4 *****
Loss: 141572.324435
Feature norm: 49.786707
Error norm: 17125.678028
Active features: 3885
Line search trials: 2
Line search step: 0.121030
Seconds required for this iteration: 2474.790

***** Iteration #5 *****
Loss: 138612.763964
Feature norm: 56.284937
Error norm: 3440.756858
Active features: 3885
Line search trials: 2
Line search step: 0.049572
Seconds required for this iteration: 2476.680

***** Iteration #6 *****
Loss: 138317.285651
Feature norm: 57.082073
Error norm: 2907.236713
Active features: 3885
Line search trials: 2
Line search step: 0.126090
Seconds required for this iteration: 2477.670

***** Iteration #7 *****
Loss: 137505.422290
Feature norm: 58.015008
Error norm: 2490.016523
Active features: 3885
Line search trials: 2
Line search step: 0.310228
Seconds required for this iteration: 2477.670

***** Iteration #8 *****
Loss: 137116.842431
Feature norm: 58.859799
Error norm: 2305.507355
Active features: 3885
Line search trials: 2
Line search step: 0.059732
Seconds required for this iteration: 2477.440

***** Iteration #9 *****
Loss: 136375.793086
Feature norm: 60.694776
Error norm: 13492.916342
Active features: 3885
Line search trials: 2
Line search step: 0.186296
Seconds required for this iteration: 2474.340

***** Iteration #10 *****
Loss: 134835.188311
Feature norm: 62.571514
Error norm: 7887.475816
Active features: 3885
Line search trials: 4
Line search step: 0.135109
Seconds required for this iteration: 4953.110

***** Iteration #11 *****
Loss: 134387.095538
Feature norm: 63.569843
Error norm: 5209.138306
Active features: 3885
Line search trials: 2
Line search step: 0.048926
Seconds required for this iteration: 2477.770

***** Iteration #12 *****
Loss: 133976.472300
Feature norm: 63.767128
Error norm: 2693.533169
Active features: 3885
Line search trials: 1
Line search step: 1.000000
Seconds required for this iteration: 1238.850

***** Iteration #13 *****
Loss: 132534.407519
Feature norm: 66.458461
Error norm: 7367.316604
Active features: 3885
Line search trials: 1
Line search step: 1.000000
Seconds required for this iteration: 1238.840

***** Iteration #14 *****
Loss: 132185.644624
Feature norm: 66.899831
Error norm: 5496.923920
Active features: 3885
Line search trials: 2
Line search step: 0.037503
Seconds required for this iteration: 2478.800

***** Iteration #15 *****
Loss: 132015.782940
Feature norm: 67.247926
Error norm: 4927.873473
Active features: 3885
Line search trials: 4
Line search step: 0.058943
Seconds required for this iteration: 4953.270

***** Iteration #16 *****
Loss: 131915.715327
Feature norm: 67.490350
Error norm: 4593.816323
Active features: 3885
Line search trials: 2
Line search step: 0.104829
Seconds required for this iteration: 2477.410

***** Iteration #17 *****
Loss: 131087.771387
Feature norm: 69.415046
Error norm: 7309.272658
Active features: 3885
Line search trials: 1
Line search step: 1.000000
Seconds required for this iteration: 1238.300

***** Iteration #18 *****
Loss: 130998.822901
Feature norm: 69.588853
Error norm: 5500.660380
Active features: 3885
Line search trials: 3
Line search step: 0.022019
Seconds required for this iteration: 3712.530

***** Iteration #19 *****
Loss: 130814.091361
Feature norm: 69.557011
Error norm: 2142.253167
Active features: 3885
Line search trials: 1
Line search step: 1.000000
Seconds required for this iteration: 1238.150

***** Iteration #20 *****
Loss: 130570.640233
Feature norm: 70.493272
Error norm: 9324.888694
Active features: 3885
Line search trials: 1
Line search step: 1.000000
Seconds required for this iteration: 1237.250

***** Iteration #21 *****
Loss: 129834.424226
Feature norm: 71.663967
Error norm: 2885.070456
Active features: 3885
Line search trials: 1
Line search step: 1.000000
Seconds required for this iteration: 1237.310

***** Iteration #22 *****
Loss: 127639.443850
Feature norm: 77.881890
Error norm: 756.804369
Active features: 3885
Line search trials: 1
Line search step: 1.000000
Seconds required for this iteration: 1237.540

***** Iteration #23 *****
Loss: 127544.336810
Feature norm: 78.277657
Error norm: 814.826497
Active features: 3885
Line search trials: 2
Line search step: 0.038625
Seconds required for this iteration: 2475.780

***** Iteration #24 *****
Loss: 127253.823380
Feature norm: 79.439577
Error norm: 840.412863
Active features: 3885
Line search trials: 2
Line search step: 0.210312
Seconds required for this iteration: 2476.270

***** Iteration #25 *****
Loss: 126494.711734
Feature norm: 82.896167
Error norm: 1246.388752
Active features: 3885
Line search trials: 2
Line search step: 0.472448
Seconds required for this iteration: 2476.970

***** Iteration #26 *****
Loss: 125909.809620
Feature norm: 85.132845
Error norm: 1361.306313
Active features: 3885
Line search trials: 2
Line search step: 0.362163
Seconds required for this iteration: 2477.720

***** Iteration #27 *****
Loss: 125175.381617
Feature norm: 87.294676
Error norm: 1038.365655
Active features: 3885
Line search trials: 2
Line search step: 0.406215
Seconds required for this iteration: 2475.230

***** Iteration #28 *****
Loss: 124731.084865
Feature norm: 88.005753
Error norm: 836.294198
Active features: 3885
Line search trials: 2
Line search step: 0.259462
Seconds required for this iteration: 2474.990

***** Iteration #29 *****
Loss: 124218.697787
Feature norm: 89.748411
Error norm: 826.425181
Active features: 3885
Line search trials: 2
Line search step: 0.234060
Seconds required for this iteration: 2473.330

***** Iteration #30 *****
Loss: 123921.811068
Feature norm: 90.458485
Error norm: 738.343733
Active features: 3885
Line search trials: 2
Line search step: 0.095674
Seconds required for this iteration: 2472.480

***** Iteration #31 *****
Loss: 123371.157386
Feature norm: 92.093916
Error norm: 724.852302
Active features: 3885
Line search trials: 4
Line search step: 0.127743
Seconds required for this iteration: 4950.840

***** Iteration #32 *****
Loss: 122502.437408
Feature norm: 94.602178
Error norm: 659.572238
Active features: 3885
Line search trials: 4
Line search step: 0.141598
Seconds required for this iteration: 4945.120

***** Iteration #33 *****
Loss: 121777.253415
Feature norm: 96.672092
Error norm: 1486.240699
Active features: 3885
Line search trials: 2
Line search step: 0.118514
Seconds required for this iteration: 2473.430

***** Iteration #34 *****
Loss: 120977.601995
Feature norm: 99.685574
Error norm: 2018.689155
Active features: 3885
Line search trials: 2
Line search step: 0.134403
Seconds required for this iteration: 2471.830

***** Iteration #35 *****
Loss: 120432.831991
Feature norm: 101.128926
Error norm: 1202.287417
Active features: 3885
Line search trials: 2
Line search step: 0.126890
Seconds required for this iteration: 2471.740

***** Iteration #36 *****
Loss: 120058.225026
Feature norm: 105.825439
Error norm: 7161.759318
Active features: 3885
Line search trials: 1
Line search step: 1.000000
Seconds required for this iteration: 1236.890

***** Iteration #37 *****
Loss: 119555.417306
Feature norm: 106.439241
Error norm: 3692.792170
Active features: 3885
Line search trials: 2
Line search step: 0.254908
Seconds required for this iteration: 2471.750

***** Iteration #38 *****
Loss: 119272.937223
Feature norm: 104.190432
Error norm: 1025.072627
Active features: 3885
Line search trials: 1
Line search step: 1.000000
Seconds required for this iteration: 1236.210

***** Iteration #39 *****
Loss: 118777.557461
Feature norm: 105.576473
Error norm: 888.656858
Active features: 3885
Line search trials: 1
Line search step: 1.000000
Seconds required for this iteration: 1236.320

***** Iteration #40 *****
Loss: 117839.516465
Feature norm: 109.426197
Error norm: 3292.749570
Active features: 3885
Line search trials: 2
Line search step: 0.504843
Seconds required for this iteration: 2473.330

***** Iteration #41 *****
Loss: 116972.431445
Feature norm: 111.643884
Error norm: 1913.771581
Active features: 3885
Line search trials: 2
Line search step: 0.276157
Seconds required for this iteration: 2472.550

***** Iteration #42 *****
Loss: 116628.235455
Feature norm: 112.980487
Error norm: 1796.541323
Active features: 3885
Line search trials: 2
Line search step: 0.081433
Seconds required for this iteration: 2472.740

***** Iteration #43 *****
Loss: 116340.207012
Feature norm: 114.512779
Error norm: 3546.206634
Active features: 3885
Line search trials: 2
Line search step: 0.100960
Seconds required for this iteration: 2472.920

***** Iteration #44 *****
Loss: 116114.593296
Feature norm: 115.448682
Error norm: 2415.505901
Active features: 3885
Line search trials: 2
Line search step: 0.095092
Seconds required for this iteration: 2471.820

***** Iteration #45 *****
Loss: 115841.369480
Feature norm: 117.189674
Error norm: 2294.036291
Active features: 3885
Line search trials: 2
Line search step: 0.485312
Seconds required for this iteration: 2471.900

***** Iteration #46 *****
Loss: 115224.171887
Feature norm: 119.313588
Error norm: 1178.068825
Active features: 3885
Line search trials: 1
Line search step: 1.000000
Seconds required for this iteration: 1235.880

***** Iteration #47 *****
Loss: 114884.044497
Feature norm: 119.114611
Error norm: 549.440762
Active features: 3885
Line search trials: 1
Line search step: 1.000000
Seconds required for this iteration: 1237.270

***** Iteration #48 *****
Loss: 114629.792632
Feature norm: 119.803080
Error norm: 548.703201
Active features: 3885
Line search trials: 1
Line search step: 1.000000
Seconds required for this iteration: 1236.360

***** Iteration #49 *****
Loss: 114227.862294
Feature norm: 118.341574
Error norm: 928.947332
Active features: 3885
Line search trials: 1
Line search step: 1.000000
Seconds required for this iteration: 1236.180

***** Iteration #50 *****
Loss: 113398.567113
Feature norm: 124.383288
Error norm: 726.075292
Active features: 3885
Line search trials: 1
Line search step: 1.000000
Seconds required for this iteration: 1236.650

***** Iteration #51 *****
Loss: 113084.054174
Feature norm: 126.069177
Error norm: 564.686557
Active features: 3885
Line search trials: 2
Line search step: 0.226367
Seconds required for this iteration: 2472.520

***** Iteration #52 *****
Loss: 112409.311662
Feature norm: 129.834657
Error norm: 370.652365
Active features: 3885
Line search trials: 1
Line search step: 1.000000
Seconds required for this iteration: 1235.920

***** Iteration #53 *****
Loss: 111751.195674
Feature norm: 136.351685
Error norm: 1480.966948
Active features: 3885
Line search trials: 1
Line search step: 1.000000
Seconds required for this iteration: 1235.920

***** Iteration #54 *****
Loss: 111483.387524
Feature norm: 139.034832
Error norm: 834.560959
Active features: 3885
Line search trials: 2
Line search step: 0.515816
Seconds required for this iteration: 2472.630

***** Iteration #55 *****
Loss: 110817.304316
Feature norm: 140.614978
Error norm: 610.556335
Active features: 3885
Line search trials: 1
Line search step: 1.000000
Seconds required for this iteration: 1236.590

***** Iteration #56 *****
Loss: 109940.034302
Feature norm: 146.758516
Error norm: 921.817292
Active features: 3885
Line search trials: 1
Line search step: 1.000000
Seconds required for this iteration: 1237.270

***** Iteration #57 *****
Loss: 109289.519282
Feature norm: 149.196619
Error norm: 425.382784
Active features: 3885
Line search trials: 1
Line search step: 1.000000
Seconds required for this iteration: 1236.350

***** Iteration #58 *****
Loss: 108767.206889
Feature norm: 154.974376
Error norm: 425.578300
Active features: 3885
Line search trials: 1
Line search step: 1.000000
Seconds required for this iteration: 1236.190

***** Iteration #59 *****
Loss: 108117.932664
Feature norm: 158.182996
Error norm: 322.224207
Active features: 3885
Line search trials: 2
Line search step: 0.193836
Seconds required for this iteration: 2472.630

***** Iteration #60 *****
Loss: 107840.655476
Feature norm: 160.442102
Error norm: 294.826184
Active features: 3885
Line search trials: 2
Line search step: 0.129458
Seconds required for this iteration: 2474.340

***** Iteration #61 *****
Loss: 107522.515537
Feature norm: 162.676483
Error norm: 265.447297
Active features: 3885
Line search trials: 4
Line search step: 0.138348
Seconds required for this iteration: 4944.820

L-BFGS terminated with error code (-1001)
Total seconds required for training: 162101.670

Storing the model
Number of active features: 3885 (3885)
Number of active attributes: 0 (0)
Number of active labels: 2797 (2797)
Writing labels
Writing attributes
Writing feature references for transitions
Writing feature references for attributes
Seconds required: 0.000

End time of the training: 2013-12-20T07:38:37Z

