CRFSuite 0.12  Copyright (c) 2007-2011 Naoaki Okazaki

Start time of the training: 2013-12-20T13:36:56Z

Reading the data set(s)
[1] /home/gdifolco/ps11/dataset/21_labled_inst/rueducommerce/_batterie
0....1....2....3....4....5....6....7....8....9....10
Number of instances: 1
Seconds required: 0.000
[2] /home/gdifolco/ps11/dataset/21_labled_inst/rueducommerce/_cables
0....1....2....3....4....5....6....7....8....9....10
Number of instances: 1
Seconds required: 0.000
[3] /home/gdifolco/ps11/dataset/21_labled_inst/rueducommerce/_clim
0....1....2....3....4....5....6....7....8....9....10
Number of instances: 1
Seconds required: 0.000
[4] /home/gdifolco/ps11/dataset/21_labled_inst/rueducommerce/_coffre
0....1....2....3....4....5....6....7....8....9....10
Number of instances: 1
Seconds required: 0.000
[5] /home/gdifolco/ps11/dataset/21_labled_inst/rueducommerce/_gazon
0....1....2....3....4....5....6....7....8....9....10
Number of instances: 1
Seconds required: 0.000
[6] /home/gdifolco/ps11/dataset/21_labled_inst/rueducommerce/_pates
0....1....2....3....4....5....6....7....8....9....10
Number of instances: 1
Seconds required: 0.010
[7] /home/gdifolco/ps11/dataset/21_labled_inst/rueducommerce/_rafraichisseur
0....1....2....3....4....5....6....7....8....9....10
Number of instances: 1
Seconds required: 0.000
[8] /home/gdifolco/ps11/dataset/21_labled_inst/rueducommerce/_saveur
0....1....2....3....4....5....6....7....8....9....10
Number of instances: 1
Seconds required: 0.000
[9] /home/gdifolco/ps11/dataset/21_labled_inst/rueducommerce/_scie
0....1....2....3....4....5....6....7....8....9....10
Number of instances: 1
Seconds required: 0.000
[10] /home/gdifolco/ps11/dataset/21_labled_inst/rueducommerce/_valve
0....1....2....3....4....5....6....7....8....9....10
Number of instances: 1
Seconds required: 0.000
[11] /home/gdifolco/ps11/dataset/21_labled_inst/amazon.fr/_alimentation
0....1....2....3....4....5....6....7....8....9....10
Number of instances: 1
Seconds required: 0.000
[12] /home/gdifolco/ps11/dataset/21_labled_inst/amazon.fr/_gps
0....1....2....3....4....5....6....7....8....9....10
Number of instances: 1
Seconds required: 0.010
[13] /home/gdifolco/ps11/dataset/21_labled_inst/amazon.fr/_guirlandes
0....1....2....3....4....5....6....7....8....9....10
Number of instances: 1
Seconds required: 0.000
[14] /home/gdifolco/ps11/dataset/21_labled_inst/amazon.fr/_lampeplafon
0....1....2....3....4....5....6....7....8....9....10
Number of instances: 1
Seconds required: 0.000
[15] /home/gdifolco/ps11/dataset/21_labled_inst/amazon.fr/_nvidia
0....1....2....3....4....5....6....7....8....9....10
Number of instances: 1
Seconds required: 0.000
[16] /home/gdifolco/ps11/dataset/21_labled_inst/amazon.fr/_perceuse
0....1....2....3....4....5....6....7....8....9....10
Number of instances: 1
Seconds required: 0.000
[17] /home/gdifolco/ps11/dataset/21_labled_inst/amazon.fr/_playmobil
0....1....2....3....4....5....6....7....8....9....10
Number of instances: 1
Seconds required: 0.010
[18] /home/gdifolco/ps11/dataset/21_labled_inst/amazon.fr/_screen
0....1....2....3....4....5....6....7....8....9....10
Number of instances: 1
Seconds required: 0.000
[19] /home/gdifolco/ps11/dataset/21_labled_inst/amazon.fr/_tbbt
0....1....2....3....4....5....6....7....8....9....10
Number of instances: 1
Seconds required: 0.000
[20] /home/gdifolco/ps11/dataset/21_labled_inst/amazon.fr/_visseuse
0....1....2....3....4....5....6....7....8....9....10
Number of instances: 1
Seconds required: 0.000
[21] /home/gdifolco/ps11/dataset/21_labled_inst/ldlc/_acquisition
0....1....2....3....4....5....6....7....8....9....10
Number of instances: 1
Seconds required: 0.010
[22] /home/gdifolco/ps11/dataset/21_labled_inst/ldlc/_asustorserver
0....1....2....3....4....5....6....7....8....9....10
Number of instances: 1
Seconds required: 0.000
[23] /home/gdifolco/ps11/dataset/21_labled_inst/ldlc/_camera
0....1....2....3....4....5....6....7....8....9....10
Number of instances: 1
Seconds required: 0.000
[24] /home/gdifolco/ps11/dataset/21_labled_inst/ldlc/_cao
0....1....2....3....4....5....6....7....8....9....10
Number of instances: 1
Seconds required: 0.000
[25] /home/gdifolco/ps11/dataset/21_labled_inst/ldlc/_cpu
0....1....2....3....4....5....6....7....8....9....10
Number of instances: 1
Seconds required: 0.000
[26] /home/gdifolco/ps11/dataset/21_labled_inst/ldlc/_dongle
0....1....2....3....4....5....6....7....8....9....10
Number of instances: 1
Seconds required: 0.010
[27] /home/gdifolco/ps11/dataset/21_labled_inst/ldlc/_keyboard
0....1....2....3....4....5....6....7....8....9....10
Number of instances: 1
Seconds required: 0.000
[28] /home/gdifolco/ps11/dataset/21_labled_inst/ldlc/_padcleaner
0....1....2....3....4....5....6....7....8....9....10
Number of instances: 1
Seconds required: 0.000
[29] /home/gdifolco/ps11/dataset/21_labled_inst/ldlc/_ventilateur
0....1....2....3....4....5....6....7....8....9....10
Number of instances: 1
Seconds required: 0.000
[30] /home/gdifolco/ps11/dataset/21_labled_inst/ldlc/_wifi
0....1....2....3....4....5....6....7....8....9....10
Number of instances: 1
Seconds required: 0.000
[31] /home/gdifolco/ps11/dataset/21_labled_inst/carrefour/_albain
0....1....2....3....4....5....6....7....8....9....10
Number of instances: 1
Seconds required: 0.000
[32] /home/gdifolco/ps11/dataset/21_labled_inst/carrefour/_atelier
0....1....2....3....4....5....6....7....8....9....10
Number of instances: 1
Seconds required: 0.000
[33] /home/gdifolco/ps11/dataset/21_labled_inst/carrefour/_canape
0....1....2....3....4....5....6....7....8....9....10
Number of instances: 1
Seconds required: 0.010
[34] /home/gdifolco/ps11/dataset/21_labled_inst/carrefour/_cod
0....1....2....3....4....5....6....7....8....9....10
Number of instances: 1
Seconds required: 0.000
[35] /home/gdifolco/ps11/dataset/21_labled_inst/carrefour/_draps
0....1....2....3....4....5....6....7....8....9....10
Number of instances: 1
Seconds required: 0.000
[36] /home/gdifolco/ps11/dataset/21_labled_inst/carrefour/_etagere
0....1....2....3....4....5....6....7....8....9....10
Number of instances: 1
Seconds required: 0.000
[37] /home/gdifolco/ps11/dataset/21_labled_inst/carrefour/_gijoe
0....1....2....3....4....5....6....7....8....9....10
Number of instances: 1
Seconds required: 0.000
[38] /home/gdifolco/ps11/dataset/21_labled_inst/carrefour/_hasbro
0....1....2....3....4....5....6....7....8....9....10
Number of instances: 1
Seconds required: 0.000
[39] /home/gdifolco/ps11/dataset/21_labled_inst/carrefour/_jumelle
0....1....2....3....4....5....6....7....8....9....10
Number of instances: 1
Seconds required: 0.000
[40] /home/gdifolco/ps11/dataset/21_labled_inst/carrefour/_kangui
0....1....2....3....4....5....6....7....8....9....10
Number of instances: 1
Seconds required: 0.000

Statistics the data set(s)
Number of data sets (groups): 40
Number of instances: 40
Number of items: 21691
Number of attributes: 0
Number of labels: 2797

Feature generation
type: CRF1d
feature.minfreq: 0.000000
feature.possible_states: 0
feature.possible_transitions: 0
0....1....2....3....4....5....6....7....8....9....10
Number of features: 3885
Seconds required: 0.000

L-BFGS optimization
c1: 0.000000
c2: 1.000000
num_memories: 6
max_iterations: 2147483647
epsilon: 0.000010
stop: 10
delta: 0.000010
linesearch: MoreThuente
linesearch.max_iterations: 20

***** Iteration #1 *****
Loss: 149661.710389
Feature norm: 34.198137
Error norm: 619.283659
Active features: 3885
Line search trials: 9
Line search step: 0.049398
Seconds required for this iteration: 24052.780

***** Iteration #2 *****
Loss: 144622.316630
Feature norm: 42.602214
Error norm: 573.564118
Active features: 3885
Line search trials: 7
Line search step: 0.028620
Seconds required for this iteration: 16802.240

***** Iteration #3 *****
Loss: 142769.236361
Feature norm: 45.962353
Error norm: 689.230541
Active features: 3885
Line search trials: 5
Line search step: 0.026369
Seconds required for this iteration: 12048.100

***** Iteration #4 *****
Loss: 141572.324435
Feature norm: 49.786707
Error norm: 17125.678028
Active features: 3885
Line search trials: 2
Line search step: 0.121030
Seconds required for this iteration: 4810.840

***** Iteration #5 *****
Loss: 138612.763964
Feature norm: 56.284937
Error norm: 3440.756858
Active features: 3885
Line search trials: 2
Line search step: 0.049572
Seconds required for this iteration: 4809.330

***** Iteration #6 *****
Loss: 138317.285651
Feature norm: 57.082073
Error norm: 2907.236713
Active features: 3885
Line search trials: 2
Line search step: 0.126090
Seconds required for this iteration: 4801.620

***** Iteration #7 *****
Loss: 137505.422290
Feature norm: 58.015008
Error norm: 2490.016523
Active features: 3885
Line search trials: 2
Line search step: 0.310228
Seconds required for this iteration: 4819.250

***** Iteration #8 *****
Loss: 137116.842431
Feature norm: 58.859799
Error norm: 2305.507355
Active features: 3885
Line search trials: 2
Line search step: 0.059732
Seconds required for this iteration: 4801.480

***** Iteration #9 *****
Loss: 136375.793086
Feature norm: 60.694776
Error norm: 13492.916343
Active features: 3885
Line search trials: 2
Line search step: 0.186296
Seconds required for this iteration: 4822.210

***** Iteration #10 *****
Loss: 134835.188311
Feature norm: 62.571514
Error norm: 7887.475816
Active features: 3885
Line search trials: 4
Line search step: 0.135109
Seconds required for this iteration: 9603.100

***** Iteration #11 *****
Loss: 134387.095538
Feature norm: 63.569843
Error norm: 5209.138306
Active features: 3885
Line search trials: 2
Line search step: 0.048926
Seconds required for this iteration: 4810.690

***** Iteration #12 *****
Loss: 133976.472299
Feature norm: 63.767128
Error norm: 2693.533170
Active features: 3885
Line search trials: 1
Line search step: 1.000000
Seconds required for this iteration: 2394.570

***** Iteration #13 *****
Loss: 132534.407520
Feature norm: 66.458461
Error norm: 7367.316601
Active features: 3885
Line search trials: 1
Line search step: 1.000000
Seconds required for this iteration: 2416.600

***** Iteration #14 *****
Loss: 132185.644624
Feature norm: 66.899831
Error norm: 5496.923914
Active features: 3885
Line search trials: 2
Line search step: 0.037503
Seconds required for this iteration: 4810.970

***** Iteration #15 *****
Loss: 132015.782940
Feature norm: 67.247926
Error norm: 4927.873465
Active features: 3885
Line search trials: 4
Line search step: 0.058943
Seconds required for this iteration: 9610.010

***** Iteration #16 *****
Loss: 131915.715326
Feature norm: 67.490350
Error norm: 4593.816313
Active features: 3885
Line search trials: 2
Line search step: 0.104829
Seconds required for this iteration: 4818.810

***** Iteration #17 *****
Loss: 131087.771365
Feature norm: 69.415046
Error norm: 7309.272155
Active features: 3885
Line search trials: 1
Line search step: 1.000000
Seconds required for this iteration: 2402.220

***** Iteration #18 *****
Loss: 130998.822885
Feature norm: 69.588853
Error norm: 5500.659926
Active features: 3885
Line search trials: 3
Line search step: 0.022019
Seconds required for this iteration: 7214.790

***** Iteration #19 *****
Loss: 130814.091373
Feature norm: 69.557011
Error norm: 2142.252707
Active features: 3885
Line search trials: 1
Line search step: 1.000000
Seconds required for this iteration: 2403.880

***** Iteration #20 *****
Loss: 130570.639983
Feature norm: 70.493272
Error norm: 9324.879270
Active features: 3885
Line search trials: 1
Line search step: 1.000000
Seconds required for this iteration: 2413.400

***** Iteration #21 *****
Loss: 129834.423843
Feature norm: 71.663968
Error norm: 2885.070921
Active features: 3885
Line search trials: 1
Line search step: 1.000000
Seconds required for this iteration: 2402.590

***** Iteration #22 *****
Loss: 127639.440221
Feature norm: 77.881905
Error norm: 756.805370
Active features: 3885
Line search trials: 1
Line search step: 1.000000
Seconds required for this iteration: 2396.320

***** Iteration #23 *****
Loss: 127544.334228
Feature norm: 78.277669
Error norm: 814.831455
Active features: 3885
Line search trials: 2
Line search step: 0.038625
Seconds required for this iteration: 4808.110

***** Iteration #24 *****
Loss: 127253.817520
Feature norm: 79.439609
Error norm: 840.423923
Active features: 3885
Line search trials: 2
Line search step: 0.210320
Seconds required for this iteration: 4822.710

***** Iteration #25 *****
Loss: 126494.721474
Feature norm: 82.896170
Error norm: 1246.413124
Active features: 3885
Line search trials: 2
Line search step: 0.472456
Seconds required for this iteration: 4794.520

***** Iteration #26 *****
Loss: 125909.775524
Feature norm: 85.133123
Error norm: 1361.413079
Active features: 3885
Line search trials: 2
Line search step: 0.362218
Seconds required for this iteration: 4804.920

***** Iteration #27 *****
Loss: 125175.331637
Feature norm: 87.294939
Error norm: 1038.419606
Active features: 3885
Line search trials: 2
Line search step: 0.406258
Seconds required for this iteration: 4784.180

***** Iteration #28 *****
Loss: 124730.887191
Feature norm: 88.006112
Error norm: 836.200327
Active features: 3885
Line search trials: 2
Line search step: 0.259599
Seconds required for this iteration: 4797.250

***** Iteration #29 *****
Loss: 124218.610650
Feature norm: 89.748709
Error norm: 826.464648
Active features: 3885
Line search trials: 2
Line search step: 0.234110
Seconds required for this iteration: 4774.910

***** Iteration #30 *****
Loss: 123921.806346
Feature norm: 90.458708
Error norm: 738.368922
Active features: 3885
Line search trials: 2
Line search step: 0.095688
Seconds required for this iteration: 4783.060

***** Iteration #31 *****
Loss: 123371.321114
Feature norm: 92.093711
Error norm: 724.902668
Active features: 3885
Line search trials: 4
Line search step: 0.127774
Seconds required for this iteration: 9594.260

***** Iteration #32 *****
Loss: 122502.706247
Feature norm: 94.601853
Error norm: 659.675379
Active features: 3885
Line search trials: 4
Line search step: 0.141618
Seconds required for this iteration: 9592.070

***** Iteration #33 *****
Loss: 121777.821002
Feature norm: 96.670686
Error norm: 1487.346483
Active features: 3885
Line search trials: 2
Line search step: 0.118453
Seconds required for this iteration: 4790.400

***** Iteration #34 *****
Loss: 120978.260064
Feature norm: 99.684807
Error norm: 2022.557899
Active features: 3885
Line search trials: 2
Line search step: 0.134415
Seconds required for this iteration: 4804.860

***** Iteration #35 *****
Loss: 120433.349894
Feature norm: 101.127647
Error norm: 1203.113077
Active features: 3885
Line search trials: 2
Line search step: 0.126950
Seconds required for this iteration: 4797.010

***** Iteration #36 *****
Loss: 120062.526296
Feature norm: 105.819876
Error norm: 7187.003799
Active features: 3885
Line search trials: 1
Line search step: 1.000000
Seconds required for this iteration: 2401.460

***** Iteration #37 *****
Loss: 119551.055193
Feature norm: 106.440819
Error norm: 3660.417320
Active features: 3885
Line search trials: 2
Line search step: 0.260761
Seconds required for this iteration: 4782.210

***** Iteration #38 *****
Loss: 119276.120275
Feature norm: 104.162859
Error norm: 1015.994439
Active features: 3885
Line search trials: 1
Line search step: 1.000000
Seconds required for this iteration: 2395.800

***** Iteration #39 *****
Loss: 118778.780502
Feature norm: 105.558513
Error norm: 886.129702
Active features: 3885
Line search trials: 1
Line search step: 1.000000
Seconds required for this iteration: 2391.510

***** Iteration #40 *****
Loss: 117820.442278
Feature norm: 109.444409
Error norm: 3165.404877
Active features: 3885
Line search trials: 2
Line search step: 0.486470
Seconds required for this iteration: 4823.590

***** Iteration #41 *****
Loss: 116980.462086
Feature norm: 111.620579
Error norm: 1927.616012
Active features: 3885
Line search trials: 2
Line search step: 0.266448
Seconds required for this iteration: 4794.910

***** Iteration #42 *****
Loss: 116623.816697
Feature norm: 112.992448
Error norm: 1821.605889
Active features: 3885
Line search trials: 2
Line search step: 0.079576
Seconds required for this iteration: 4815.150

***** Iteration #43 *****
Loss: 116345.193242
Feature norm: 114.427116
Error norm: 3128.031542
Active features: 3885
Line search trials: 2
Line search step: 0.087662
Seconds required for this iteration: 4795.340

***** Iteration #44 *****
Loss: 116116.379411
Feature norm: 115.366628
Error norm: 2151.164180
Active features: 3885
Line search trials: 2
Line search step: 0.096119
Seconds required for this iteration: 4804.920

***** Iteration #45 *****
Loss: 115832.505704
Feature norm: 117.166077
Error norm: 2272.531744
Active features: 3885
Line search trials: 2
Line search step: 0.502456
Seconds required for this iteration: 4788.060

***** Iteration #46 *****
Loss: 115201.869150
Feature norm: 119.275069
Error norm: 1092.630953
Active features: 3885
Line search trials: 1
Line search step: 1.000000
Seconds required for this iteration: 2391.360

***** Iteration #47 *****
Loss: 114868.336023
Feature norm: 119.322362
Error norm: 560.035893
Active features: 3885
Line search trials: 1
Line search step: 1.000000
Seconds required for this iteration: 2407.730

***** Iteration #48 *****
Loss: 114580.454076
Feature norm: 120.138995
Error norm: 568.068958
Active features: 3885
Line search trials: 1
Line search step: 1.000000
Seconds required for this iteration: 2389.790

***** Iteration #49 *****
Loss: 114232.106667
Feature norm: 118.238120
Error norm: 556.210978
Active features: 3885
Line search trials: 1
Line search step: 1.000000
Seconds required for this iteration: 2392.110

***** Iteration #50 *****
Loss: 113132.368108
Feature norm: 127.677056
Error norm: 1541.631578
Active features: 3885
Line search trials: 1
Line search step: 1.000000
Seconds required for this iteration: 2381.080

***** Iteration #51 *****
Loss: 112552.334220
Feature norm: 128.393096
Error norm: 367.001698
Active features: 3885
Line search trials: 1
Line search step: 1.000000
Seconds required for this iteration: 2388.810

***** Iteration #52 *****
Loss: 112237.792685
Feature norm: 131.535838
Error norm: 407.955029
Active features: 3885
Line search trials: 1
Line search step: 1.000000
Seconds required for this iteration: 2387.120

***** Iteration #53 *****
Loss: 111868.451639
Feature norm: 133.403810
Error norm: 379.969084
Active features: 3885
Line search trials: 2
Line search step: 0.167611
Seconds required for this iteration: 4804.370

***** Iteration #54 *****
Loss: 111369.482652
Feature norm: 136.152993
Error norm: 373.740814
Active features: 3885
Line search trials: 4
Line search step: 0.122278
Seconds required for this iteration: 9558.860

***** Iteration #55 *****
Loss: 111026.955924
Feature norm: 138.177297
Error norm: 351.383823
Active features: 3885
Line search trials: 2
Line search step: 0.064567
Seconds required for this iteration: 4811.510

***** Iteration #56 *****
Loss: 110487.244308
Feature norm: 141.320417
Error norm: 337.146462
Active features: 3885
Line search trials: 2
Line search step: 0.126500
Seconds required for this iteration: 4755.280

***** Iteration #57 *****
Loss: 110235.964586
Feature norm: 142.867738
Error norm: 332.906192
Active features: 3885
Line search trials: 2
Line search step: 0.045657
Seconds required for this iteration: 4795.850

***** Iteration #58 *****
Loss: 109789.502836
Feature norm: 145.466287
Error norm: 307.009991
Active features: 3885
Line search trials: 4
Line search step: 0.101367
Seconds required for this iteration: 8725.590

***** Iteration #59 *****
Loss: 109313.480348
Feature norm: 148.544743
Error norm: 312.672091
Active features: 3885
Line search trials: 4
Line search step: 0.100009
Seconds required for this iteration: 4983.460

***** Iteration #60 *****
Loss: 108863.852111
Feature norm: 151.569813
Error norm: 262.318181
Active features: 3885
Line search trials: 2
Line search step: 0.082566
Seconds required for this iteration: 2494.330

***** Iteration #61 *****
Loss: 108427.588694
Feature norm: 154.807701
Error norm: 241.182490
Active features: 3885
Line search trials: 2
Line search step: 0.122306
Seconds required for this iteration: 2493.370

***** Iteration #62 *****
Loss: 108037.747496
Feature norm: 157.719350
Error norm: 361.166166
Active features: 3885
Line search trials: 4
Line search step: 0.099225
Seconds required for this iteration: 5008.000

***** Iteration #63 *****
Loss: 107544.372512
Feature norm: 162.014022
Error norm: 237.529878
Active features: 3885
Line search trials: 2
Line search step: 0.154775
Seconds required for this iteration: 2493.120

***** Iteration #64 *****
Loss: 107220.519849
Feature norm: 165.239358
Error norm: 286.095494
Active features: 3885
Line search trials: 2
Line search step: 0.165667
Seconds required for this iteration: 2490.340

***** Iteration #65 *****
Loss: 107055.026691
Feature norm: 166.783897
Error norm: 236.250971
Active features: 3885
Line search trials: 4
Line search step: 0.092008
Seconds required for this iteration: 4987.120

***** Iteration #66 *****
Loss: 106848.360912
Feature norm: 168.785586
Error norm: 222.164501
Active features: 3885
Line search trials: 6
Line search step: 0.136688
Seconds required for this iteration: 7479.600

L-BFGS terminated with error code (-1001)
Total seconds required for training: 342562.170

Storing the model
Number of active features: 3885 (3885)
Number of active attributes: 0 (0)
Number of active labels: 2797 (2797)
Writing labels
Writing attributes
Writing feature references for transitions
Writing feature references for attributes
Seconds required: 0.000

End time of the training: 2013-12-25T19:23:19Z

