CRFSuite 0.12  Copyright (c) 2007-2011 Naoaki Okazaki

Start time of the training: 2013-12-27T22:44:35Z

Reading the data set(s)
[1] /home/gdifolco/ps11/dataset/21_labled_inst/rueducommerce/_batterie
0....1....2....3....4....5....6....7....8....9....10
Number of instances: 1
Seconds required: 0.000
[2] /home/gdifolco/ps11/dataset/21_labled_inst/rueducommerce/_cables
0....1....2....3....4....5....6....7....8....9....10
Number of instances: 1
Seconds required: 0.000
[3] /home/gdifolco/ps11/dataset/21_labled_inst/rueducommerce/_clim
0....1....2....3....4....5....6....7....8....9....10
Number of instances: 1
Seconds required: 0.000
[4] /home/gdifolco/ps11/dataset/21_labled_inst/rueducommerce/_coffre
0....1....2....3....4....5....6....7....8....9....10
Number of instances: 1
Seconds required: 0.000
[5] /home/gdifolco/ps11/dataset/21_labled_inst/rueducommerce/_gazon
0....1....2....3....4....5....6....7....8....9....10
Number of instances: 1
Seconds required: 0.000
[6] /home/gdifolco/ps11/dataset/21_labled_inst/rueducommerce/_pates
0....1....2....3....4....5....6....7....8....9....10
Number of instances: 1
Seconds required: 0.010
[7] /home/gdifolco/ps11/dataset/21_labled_inst/rueducommerce/_rafraichisseur
0....1....2....3....4....5....6....7....8....9....10
Number of instances: 1
Seconds required: 0.000
[8] /home/gdifolco/ps11/dataset/21_labled_inst/rueducommerce/_saveur
0....1....2....3....4....5....6....7....8....9....10
Number of instances: 1
Seconds required: 0.000
[9] /home/gdifolco/ps11/dataset/21_labled_inst/rueducommerce/_scie
0....1....2....3....4....5....6....7....8....9....10
Number of instances: 1
Seconds required: 0.000
[10] /home/gdifolco/ps11/dataset/21_labled_inst/rueducommerce/_valve
0....1....2....3....4....5....6....7....8....9....10
Number of instances: 1
Seconds required: 0.000
[11] /home/gdifolco/ps11/dataset/21_labled_inst/ldlc/_acquisition
0....1....2....3....4....5....6....7....8....9....10
Number of instances: 1
Seconds required: 0.010
[12] /home/gdifolco/ps11/dataset/21_labled_inst/ldlc/_asustorserver
0....1....2....3....4....5....6....7....8....9....10
Number of instances: 1
Seconds required: 0.000
[13] /home/gdifolco/ps11/dataset/21_labled_inst/ldlc/_camera
0....1....2....3....4....5....6....7....8....9....10
Number of instances: 1
Seconds required: 0.000
[14] /home/gdifolco/ps11/dataset/21_labled_inst/ldlc/_cao
0....1....2....3....4....5....6....7....8....9....10
Number of instances: 1
Seconds required: 0.000
[15] /home/gdifolco/ps11/dataset/21_labled_inst/ldlc/_cpu
0....1....2....3....4....5....6....7....8....9....10
Number of instances: 1
Seconds required: 0.020
[16] /home/gdifolco/ps11/dataset/21_labled_inst/ldlc/_dongle
0....1....2....3....4....5....6....7....8....9....10
Number of instances: 1
Seconds required: 0.000
[17] /home/gdifolco/ps11/dataset/21_labled_inst/ldlc/_keyboard
0....1....2....3....4....5....6....7....8....9....10
Number of instances: 1
Seconds required: 0.000
[18] /home/gdifolco/ps11/dataset/21_labled_inst/ldlc/_padcleaner
0....1....2....3....4....5....6....7....8....9....10
Number of instances: 1
Seconds required: 0.000
[19] /home/gdifolco/ps11/dataset/21_labled_inst/ldlc/_ventilateur
0....1....2....3....4....5....6....7....8....9....10
Number of instances: 1
Seconds required: 0.000
[20] /home/gdifolco/ps11/dataset/21_labled_inst/ldlc/_wifi
0....1....2....3....4....5....6....7....8....9....10
Number of instances: 1
Seconds required: 0.010
[21] /home/gdifolco/ps11/dataset/21_labled_inst/carrefour/_albain
0....1....2....3....4....5....6....7....8....9....10
Number of instances: 1
Seconds required: 0.000
[22] /home/gdifolco/ps11/dataset/21_labled_inst/carrefour/_atelier
0....1....2....3....4....5....6....7....8....9....10
Number of instances: 1
Seconds required: 0.000
[23] /home/gdifolco/ps11/dataset/21_labled_inst/carrefour/_canape
0....1....2....3....4....5....6....7....8....9....10
Number of instances: 1
Seconds required: 0.000
[24] /home/gdifolco/ps11/dataset/21_labled_inst/carrefour/_cod
0....1....2....3....4....5....6....7....8....9....10
Number of instances: 1
Seconds required: 0.000
[25] /home/gdifolco/ps11/dataset/21_labled_inst/carrefour/_draps
0....1....2....3....4....5....6....7....8....9....10
Number of instances: 1
Seconds required: 0.000
[26] /home/gdifolco/ps11/dataset/21_labled_inst/carrefour/_etagere
0....1....2....3....4....5....6....7....8....9....10
Number of instances: 1
Seconds required: 0.000
[27] /home/gdifolco/ps11/dataset/21_labled_inst/carrefour/_gijoe
0....1....2....3....4....5....6....7....8....9....10
Number of instances: 1
Seconds required: 0.000
[28] /home/gdifolco/ps11/dataset/21_labled_inst/carrefour/_hasbro
0....1....2....3....4....5....6....7....8....9....10
Number of instances: 1
Seconds required: 0.000
[29] /home/gdifolco/ps11/dataset/21_labled_inst/carrefour/_jumelle
0....1....2....3....4....5....6....7....8....9....10
Number of instances: 1
Seconds required: 0.000
[30] /home/gdifolco/ps11/dataset/21_labled_inst/carrefour/_kangui
0....1....2....3....4....5....6....7....8....9....10
Number of instances: 1
Seconds required: 0.000
[31] /home/gdifolco/ps11/dataset/21_labled_inst/amazon.fr/_alimentation
0....1....2....3....4....5....6....7....8....9....10
Number of instances: 1
Seconds required: 0.010
[32] /home/gdifolco/ps11/dataset/21_labled_inst/amazon.fr/_gps
0....1....2....3....4....5....6....7....8....9....10
Number of instances: 1
Seconds required: 0.000
[33] /home/gdifolco/ps11/dataset/21_labled_inst/amazon.fr/_guirlandes
0....1....2....3....4....5....6....7....8....9....10
Number of instances: 1
Seconds required: 0.000
[34] /home/gdifolco/ps11/dataset/21_labled_inst/amazon.fr/_lampeplafon
0....1....2....3....4....5....6....7....8....9....10
Number of instances: 1
Seconds required: 0.010
[35] /home/gdifolco/ps11/dataset/21_labled_inst/amazon.fr/_nvidia
0....1....2....3....4....5....6....7....8....9....10
Number of instances: 1
Seconds required: 0.000
[36] /home/gdifolco/ps11/dataset/21_labled_inst/amazon.fr/_perceuse
0....1....2....3....4....5....6....7....8....9....10
Number of instances: 1
Seconds required: 0.000
[37] /home/gdifolco/ps11/dataset/21_labled_inst/amazon.fr/_playmobil
0....1....2....3....4....5....6....7....8....9....10
Number of instances: 1
Seconds required: 0.010
[38] /home/gdifolco/ps11/dataset/21_labled_inst/amazon.fr/_screen
0....1....2....3....4....5....6....7....8....9....10
Number of instances: 1
Seconds required: 0.000
[39] /home/gdifolco/ps11/dataset/21_labled_inst/amazon.fr/_tbbt
0....1....2....3....4....5....6....7....8....9....10
Number of instances: 1
Seconds required: 0.010
[40] /home/gdifolco/ps11/dataset/21_labled_inst/amazon.fr/_visseuse
0....1....2....3....4....5....6....7....8....9....10
Number of instances: 1
Seconds required: 0.000

Statistics the data set(s)
Number of data sets (groups): 40
Number of instances: 40
Number of items: 21691
Number of attributes: 0
Number of labels: 2797

Feature generation
type: CRF1d
feature.minfreq: 0.000000
feature.possible_states: 0
feature.possible_transitions: 0
0....1....2....3....4....5....6....7....8....9....10
Number of features: 3885
Seconds required: 0.010

L-BFGS optimization
c1: 0.000000
c2: 1.000000
num_memories: 6
max_iterations: 2147483647
epsilon: 0.000010
stop: 10
delta: 0.000010
linesearch: MoreThuente
linesearch.max_iterations: 20

***** Iteration #1 *****
Loss: 149661.710389
Feature norm: 34.198137
Error norm: 619.283659
Active features: 3885
Line search trials: 9
Line search step: 0.049398
Seconds required for this iteration: 12453.130

***** Iteration #2 *****
Loss: 144622.316630
Feature norm: 42.602214
Error norm: 573.564118
Active features: 3885
Line search trials: 7
Line search step: 0.028620
Seconds required for this iteration: 8714.880

***** Iteration #3 *****
Loss: 142769.236361
Feature norm: 45.962353
Error norm: 689.230541
Active features: 3885
Line search trials: 5
Line search step: 0.026369
Seconds required for this iteration: 6224.950

***** Iteration #4 *****
Loss: 141572.324435
Feature norm: 49.786707
Error norm: 17125.678028
Active features: 3885
Line search trials: 2
Line search step: 0.121030
Seconds required for this iteration: 2490.790

***** Iteration #5 *****
Loss: 138612.763964
Feature norm: 56.284937
Error norm: 3440.756858
Active features: 3885
Line search trials: 2
Line search step: 0.049572
Seconds required for this iteration: 2488.360

***** Iteration #6 *****
Loss: 138317.285651
Feature norm: 57.082073
Error norm: 2907.236713
Active features: 3885
Line search trials: 2
Line search step: 0.126090
Seconds required for this iteration: 2490.980

***** Iteration #7 *****
Loss: 137505.422290
Feature norm: 58.015008
Error norm: 2490.016523
Active features: 3885
Line search trials: 2
Line search step: 0.310228
Seconds required for this iteration: 2490.410

***** Iteration #8 *****
Loss: 137116.842431
Feature norm: 58.859799
Error norm: 2305.507355
Active features: 3885
Line search trials: 2
Line search step: 0.059732
Seconds required for this iteration: 2493.180

***** Iteration #9 *****
Loss: 136375.793086
Feature norm: 60.694776
Error norm: 13492.916343
Active features: 3885
Line search trials: 2
Line search step: 0.186296
Seconds required for this iteration: 2490.150

***** Iteration #10 *****
Loss: 134835.188311
Feature norm: 62.571514
Error norm: 7887.475817
Active features: 3885
Line search trials: 4
Line search step: 0.135109
Seconds required for this iteration: 4980.090

***** Iteration #11 *****
Loss: 134387.095538
Feature norm: 63.569843
Error norm: 5209.138306
Active features: 3885
Line search trials: 2
Line search step: 0.048926
Seconds required for this iteration: 2489.570

***** Iteration #12 *****
Loss: 133976.472300
Feature norm: 63.767128
Error norm: 2693.533169
Active features: 3885
Line search trials: 1
Line search step: 1.000000
Seconds required for this iteration: 1244.420

***** Iteration #13 *****
Loss: 132534.407520
Feature norm: 66.458461
Error norm: 7367.316604
Active features: 3885
Line search trials: 1
Line search step: 1.000000
Seconds required for this iteration: 1245.330

***** Iteration #14 *****
Loss: 132185.644625
Feature norm: 66.899831
Error norm: 5496.923921
Active features: 3885
Line search trials: 2
Line search step: 0.037503
Seconds required for this iteration: 2491.440

***** Iteration #15 *****
Loss: 132015.782941
Feature norm: 67.247926
Error norm: 4927.873475
Active features: 3885
Line search trials: 4
Line search step: 0.058943
Seconds required for this iteration: 4979.190

***** Iteration #16 *****
Loss: 131915.715328
Feature norm: 67.490350
Error norm: 4593.816327
Active features: 3885
Line search trials: 2
Line search step: 0.104829
Seconds required for this iteration: 2491.170

***** Iteration #17 *****
Loss: 131087.771399
Feature norm: 69.415046
Error norm: 7309.272935
Active features: 3885
Line search trials: 1
Line search step: 1.000000
Seconds required for this iteration: 1244.250

***** Iteration #18 *****
Loss: 130998.822910
Feature norm: 69.588853
Error norm: 5500.660633
Active features: 3885
Line search trials: 3
Line search step: 0.022019
Seconds required for this iteration: 3734.790

***** Iteration #19 *****
Loss: 130814.091355
Feature norm: 69.557011
Error norm: 2142.253415
Active features: 3885
Line search trials: 1
Line search step: 1.000000
Seconds required for this iteration: 1245.440

***** Iteration #20 *****
Loss: 130570.640368
Feature norm: 70.493273
Error norm: 9324.893760
Active features: 3885
Line search trials: 1
Line search step: 1.000000
Seconds required for this iteration: 1245.730

***** Iteration #21 *****
Loss: 129834.424437
Feature norm: 71.663967
Error norm: 2885.070209
Active features: 3885
Line search trials: 1
Line search step: 1.000000
Seconds required for this iteration: 1244.320

***** Iteration #22 *****
Loss: 127639.445813
Feature norm: 77.881882
Error norm: 756.803829
Active features: 3885
Line search trials: 1
Line search step: 1.000000
Seconds required for this iteration: 1244.540

***** Iteration #23 *****
Loss: 127544.338207
Feature norm: 78.277651
Error norm: 814.823815
Active features: 3885
Line search trials: 2
Line search step: 0.038625
Seconds required for this iteration: 2490.780

***** Iteration #24 *****
Loss: 127253.826550
Feature norm: 79.439559
Error norm: 840.406881
Active features: 3885
Line search trials: 2
Line search step: 0.210308
Seconds required for this iteration: 2490.710

***** Iteration #25 *****
Loss: 126494.706466
Feature norm: 82.896165
Error norm: 1246.375569
Active features: 3885
Line search trials: 2
Line search step: 0.472444
Seconds required for this iteration: 2489.010

***** Iteration #26 *****
Loss: 125909.828068
Feature norm: 85.132696
Error norm: 1361.248569
Active features: 3885
Line search trials: 2
Line search step: 0.362134
Seconds required for this iteration: 2491.000

***** Iteration #27 *****
Loss: 125175.408655
Feature norm: 87.294533
Error norm: 1038.336483
Active features: 3885
Line search trials: 2
Line search step: 0.406191
Seconds required for this iteration: 2490.700

***** Iteration #28 *****
Loss: 124731.191729
Feature norm: 88.005559
Error norm: 836.344920
Active features: 3885
Line search trials: 2
Line search step: 0.259388
Seconds required for this iteration: 2488.770

***** Iteration #29 *****
Loss: 124218.744900
Feature norm: 89.748250
Error norm: 826.403767
Active features: 3885
Line search trials: 2
Line search step: 0.234033
Seconds required for this iteration: 2488.550

***** Iteration #30 *****
Loss: 123921.813535
Feature norm: 90.458364
Error norm: 738.330114
Active features: 3885
Line search trials: 2
Line search step: 0.095666
Seconds required for this iteration: 2491.230

***** Iteration #31 *****
Loss: 123371.068319
Feature norm: 92.094028
Error norm: 724.825107
Active features: 3885
Line search trials: 4
Line search step: 0.127726
Seconds required for this iteration: 4981.300

***** Iteration #32 *****
Loss: 122502.291628
Feature norm: 94.602355
Error norm: 659.516437
Active features: 3885
Line search trials: 4
Line search step: 0.141587
Seconds required for this iteration: 4980.620

***** Iteration #33 *****
Loss: 121776.945719
Feature norm: 96.672855
Error norm: 1485.644953
Active features: 3885
Line search trials: 2
Line search step: 0.118548
Seconds required for this iteration: 2491.450

***** Iteration #34 *****
Loss: 120977.246499
Feature norm: 99.685991
Error norm: 2016.606722
Active features: 3885
Line search trials: 2
Line search step: 0.134396
Seconds required for this iteration: 2490.770

***** Iteration #35 *****
Loss: 120432.551951
Feature norm: 101.129620
Error norm: 1201.843935
Active features: 3885
Line search trials: 2
Line search step: 0.126857
Seconds required for this iteration: 2489.550

***** Iteration #36 *****
Loss: 120055.902472
Feature norm: 105.828443
Error norm: 7148.085755
Active features: 3885
Line search trials: 1
Line search step: 1.000000
Seconds required for this iteration: 1244.330

***** Iteration #37 *****
Loss: 119557.694540
Feature norm: 106.438470
Error norm: 3709.681490
Active features: 3885
Line search trials: 2
Line search step: 0.251837
Seconds required for this iteration: 2490.860

***** Iteration #38 *****
Loss: 119271.332812
Feature norm: 104.204302
Error norm: 1029.582593
Active features: 3885
Line search trials: 1
Line search step: 1.000000
Seconds required for this iteration: 1245.340

***** Iteration #39 *****
Loss: 118776.881219
Feature norm: 105.585916
Error norm: 890.044384
Active features: 3885
Line search trials: 1
Line search step: 1.000000
Seconds required for this iteration: 1245.310

***** Iteration #40 *****
Loss: 117899.339986
Feature norm: 108.869563
Error norm: 2315.034199
Active features: 3885
Line search trials: 2
Line search step: 0.442029
Seconds required for this iteration: 2490.650

***** Iteration #41 *****
Loss: 117103.704324
Feature norm: 111.064570
Error norm: 1653.789688
Active features: 3885
Line search trials: 2
Line search step: 0.256984
Seconds required for this iteration: 2490.210

***** Iteration #42 *****
Loss: 116674.722351
Feature norm: 112.664847
Error norm: 1638.179400
Active features: 3885
Line search trials: 2
Line search step: 0.098097
Seconds required for this iteration: 2494.090

***** Iteration #43 *****
Loss: 116330.027625
Feature norm: 114.134641
Error norm: 1508.294994
Active features: 3885
Line search trials: 2
Line search step: 0.081355
Seconds required for this iteration: 2490.740

***** Iteration #44 *****
Loss: 116020.727610
Feature norm: 115.504689
Error norm: 1167.737284
Active features: 3885
Line search trials: 2
Line search step: 0.181363
Seconds required for this iteration: 2489.860

***** Iteration #45 *****
Loss: 115391.343114
Feature norm: 119.714671
Error norm: 1792.468446
Active features: 3885
Line search trials: 1
Line search step: 1.000000
Seconds required for this iteration: 1244.280

***** Iteration #46 *****
Loss: 114959.905238
Feature norm: 120.836685
Error norm: 785.778071
Active features: 3885
Line search trials: 1
Line search step: 1.000000
Seconds required for this iteration: 1244.290

***** Iteration #47 *****
Loss: 114711.646667
Feature norm: 118.127940
Error norm: 402.219322
Active features: 3885
Line search trials: 1
Line search step: 1.000000
Seconds required for this iteration: 1244.240

***** Iteration #48 *****
Loss: 114075.493220
Feature norm: 120.595990
Error norm: 356.302110
Active features: 3885
Line search trials: 1
Line search step: 1.000000
Seconds required for this iteration: 1245.450

***** Iteration #49 *****
Loss: 113562.567855
Feature norm: 123.065975
Error norm: 363.485877
Active features: 3885
Line search trials: 4
Line search step: 0.158048
Seconds required for this iteration: 4980.770

***** Iteration #50 *****
Loss: 112984.181874
Feature norm: 125.945867
Error norm: 360.683446
Active features: 3885
Line search trials: 2
Line search step: 0.149944
Seconds required for this iteration: 2489.490

***** Iteration #51 *****
Loss: 112265.481104
Feature norm: 129.666510
Error norm: 383.809853
Active features: 3885
Line search trials: 2
Line search step: 0.222759
Seconds required for this iteration: 2488.670

***** Iteration #52 *****
Loss: 111752.887035
Feature norm: 132.172742
Error norm: 364.601711
Active features: 3885
Line search trials: 2
Line search step: 0.101646
Seconds required for this iteration: 2488.560

***** Iteration #53 *****
Loss: 111263.268270
Feature norm: 134.762133
Error norm: 353.437822
Active features: 3885
Line search trials: 2
Line search step: 0.082376
Seconds required for this iteration: 2490.490

***** Iteration #54 *****
Loss: 110664.591506
Feature norm: 138.030855
Error norm: 340.079738
Active features: 3885
Line search trials: 2
Line search step: 0.105514
Seconds required for this iteration: 2490.990

***** Iteration #55 *****
Loss: 110002.090955
Feature norm: 142.076154
Error norm: 323.338681
Active features: 3885
Line search trials: 2
Line search step: 0.112002
Seconds required for this iteration: 2488.860

***** Iteration #56 *****
Loss: 109309.854271
Feature norm: 146.449019
Error norm: 291.321349
Active features: 3885
Line search trials: 2
Line search step: 0.137557
Seconds required for this iteration: 2490.590

***** Iteration #57 *****
Loss: 108958.222733
Feature norm: 148.912820
Error norm: 274.656937
Active features: 3885
Line search trials: 2
Line search step: 0.078435
Seconds required for this iteration: 2490.920

***** Iteration #58 *****
Loss: 108661.131957
Feature norm: 151.060177
Error norm: 253.370925
Active features: 3885
Line search trials: 2
Line search step: 0.070154
Seconds required for this iteration: 2490.110

***** Iteration #59 *****
Loss: 107723.376158
Feature norm: 159.861553
Error norm: 281.332097
Active features: 3885
Line search trials: 2
Line search step: 0.336335
Seconds required for this iteration: 2490.570

***** Iteration #60 *****
Loss: 107578.652388
Feature norm: 161.152449
Error norm: 235.000011
Active features: 3885
Line search trials: 2
Line search step: 0.062945
Seconds required for this iteration: 2489.050

***** Iteration #61 *****
Loss: 107134.472912
Feature norm: 167.051386
Error norm: 233.934783
Active features: 3885
Line search trials: 2
Line search step: 0.396955
Seconds required for this iteration: 2491.170

***** Iteration #62 *****
Loss: 106762.878571
Feature norm: 180.461978
Error norm: 578.833902
Active features: 3885
Line search trials: 1
Line search step: 1.000000
Seconds required for this iteration: 1246.310

***** Iteration #63 *****
Loss: 106474.336257
Feature norm: 180.053268
Error norm: 298.311361
Active features: 3885
Line search trials: 2
Line search step: 0.260903
Seconds required for this iteration: 2490.760

***** Iteration #64 *****
Loss: 106234.045667
Feature norm: 179.822712
Error norm: 234.823986
Active features: 3885
Line search trials: 1
Line search step: 1.000000
Seconds required for this iteration: 1244.790

***** Iteration #65 *****
Loss: 106121.243256
Feature norm: 179.159168
Error norm: 193.707190
Active features: 3885
Line search trials: 1
Line search step: 1.000000
Seconds required for this iteration: 1244.080

***** Iteration #66 *****
Loss: 106040.586873
Feature norm: 179.546050
Error norm: 158.794160
Active features: 3885
Line search trials: 1
Line search step: 1.000000
Seconds required for this iteration: 1244.310

***** Iteration #67 *****
Loss: 105936.558314
Feature norm: 180.437678
Error norm: 143.282654
Active features: 3885
Line search trials: 3
Line search step: 0.726323
Seconds required for this iteration: 3737.440

***** Iteration #68 *****
Loss: 105900.004335
Feature norm: 180.922063
Error norm: 345.017018
Active features: 3885
Line search trials: 2
Line search step: 0.464419
Seconds required for this iteration: 2488.750

***** Iteration #69 *****
Loss: 105848.842175
Feature norm: 181.404281
Error norm: 193.941645
Active features: 3885
Line search trials: 4
Line search step: 0.189101
Seconds required for this iteration: 4981.820

***** Iteration #70 *****
Loss: 105829.055448
Feature norm: 181.733650
Error norm: 195.610978
Active features: 3885
Line search trials: 2
Line search step: 0.321496
Seconds required for this iteration: 2488.830

***** Iteration #71 *****
Loss: 105773.916440
Feature norm: 182.546731
Error norm: 138.064230
Active features: 3885
Line search trials: 1
Line search step: 1.000000
Seconds required for this iteration: 1245.530

***** Iteration #72 *****
Loss: 105735.913747
Feature norm: 183.399339
Error norm: 118.788193
Active features: 3885
Line search trials: 1
Line search step: 1.000000
Seconds required for this iteration: 1244.490

***** Iteration #73 *****
Loss: 105709.064896
Feature norm: 184.157474
Error norm: 164.273133
Active features: 3885
Line search trials: 1
Line search step: 1.000000
Seconds required for this iteration: 1244.430

***** Iteration #74 *****
Loss: 105692.648504
Feature norm: 184.393209
Error norm: 76.359747
Active features: 3885
Line search trials: 1
Line search step: 1.000000
Seconds required for this iteration: 1244.960

***** Iteration #75 *****
Loss: 105685.013201
Feature norm: 184.689652
Error norm: 63.920616
Active features: 3885
Line search trials: 1
Line search step: 1.000000
Seconds required for this iteration: 1245.550

***** Iteration #76 *****
Loss: 105665.230464
Feature norm: 185.220893
Error norm: 62.301741
Active features: 3885
Line search trials: 1
Line search step: 1.000000
Seconds required for this iteration: 1245.610

***** Iteration #77 *****
Loss: 105654.349508
Feature norm: 185.680401
Error norm: 51.322329
Active features: 3885
Line search trials: 1
Line search step: 1.000000
Seconds required for this iteration: 1245.950

***** Iteration #78 *****
Loss: 105640.773557
Feature norm: 186.116510
Error norm: 43.235076
Active features: 3885
Line search trials: 1
Line search step: 1.000000
Seconds required for this iteration: 1244.270

***** Iteration #79 *****
Loss: 105633.542336
Feature norm: 186.738923
Error norm: 78.256764
Active features: 3885
Line search trials: 1
Line search step: 1.000000
Seconds required for this iteration: 1244.520

***** Iteration #80 *****
Loss: 105626.413014
Feature norm: 186.626749
Error norm: 44.333794
Active features: 3885
Line search trials: 1
Line search step: 1.000000
Seconds required for this iteration: 1244.530

***** Iteration #81 *****
Loss: 105622.347278
Feature norm: 186.643886
Error norm: 32.213337
Active features: 3885
Line search trials: 1
Line search step: 1.000000
Seconds required for this iteration: 1244.380

***** Iteration #82 *****
Loss: 105619.730090
Feature norm: 186.736108
Error norm: 28.586577
Active features: 3885
Line search trials: 1
Line search step: 1.000000
Seconds required for this iteration: 1244.280

***** Iteration #83 *****
Loss: 105614.265752
Feature norm: 186.990078
Error norm: 42.765069
Active features: 3885
Line search trials: 1
Line search step: 1.000000
Seconds required for this iteration: 1245.350

***** Iteration #84 *****
Loss: 105613.761323
Feature norm: 187.347965
Error norm: 58.938658
Active features: 3885
Line search trials: 1
Line search step: 1.000000
Seconds required for this iteration: 1244.460

***** Iteration #85 *****
Loss: 105610.029549
Feature norm: 187.343786
Error norm: 27.215508
Active features: 3885
Line search trials: 1
Line search step: 1.000000
Seconds required for this iteration: 1244.430

***** Iteration #86 *****
Loss: 105608.507535
Feature norm: 187.421666
Error norm: 16.538784
Active features: 3885
Line search trials: 1
Line search step: 1.000000
Seconds required for this iteration: 1250.140

***** Iteration #87 *****
Loss: 105607.468849
Feature norm: 187.523242
Error norm: 18.109655
Active features: 3885
Line search trials: 1
Line search step: 1.000000
Seconds required for this iteration: 1245.560

***** Iteration #88 *****
Loss: 105605.395780
Feature norm: 187.816481
Error norm: 26.204563
Active features: 3885
Line search trials: 1
Line search step: 1.000000
Seconds required for this iteration: 1246.460

***** Iteration #89 *****
Loss: 105604.611554
Feature norm: 188.087628
Error norm: 30.184561
Active features: 3885
Line search trials: 1
Line search step: 1.000000
Seconds required for this iteration: 1245.560

***** Iteration #90 *****
Loss: 105603.586401
Feature norm: 188.033787
Error norm: 14.280645
Active features: 3885
Line search trials: 1
Line search step: 1.000000
Seconds required for this iteration: 1245.560

***** Iteration #91 *****
Loss: 105602.921091
Feature norm: 188.044677
Error norm: 10.263006
Active features: 3885
Line search trials: 1
Line search step: 1.000000
Seconds required for this iteration: 1245.380

***** Iteration #92 *****
Loss: 105602.369152
Feature norm: 188.102258
Error norm: 11.235277
Active features: 3885
Line search trials: 1
Line search step: 1.000000
Seconds required for this iteration: 1244.270

***** Iteration #93 *****
Loss: 105601.593671
Feature norm: 188.200404
Error norm: 12.936930
Active features: 3885
Line search trials: 1
Line search step: 1.000000
Seconds required for this iteration: 1244.190

***** Iteration #94 *****
Loss: 105601.172643
Feature norm: 188.278502
Error norm: 11.133288
Active features: 3885
Line search trials: 2
Line search step: 0.484562
Seconds required for this iteration: 2489.470

***** Iteration #95 *****
Loss: 105600.868847
Feature norm: 188.328375
Error norm: 6.504196
Active features: 3885
Line search trials: 1
Line search step: 1.000000
Seconds required for this iteration: 1244.330

***** Iteration #96 *****
Loss: 105600.633783
Feature norm: 188.366637
Error norm: 9.203376
Active features: 3885
Line search trials: 1
Line search step: 1.000000
Seconds required for this iteration: 1244.750

***** Iteration #97 *****
Loss: 105600.462701
Feature norm: 188.406632
Error norm: 6.336618
Active features: 3885
Line search trials: 1
Line search step: 1.000000
Seconds required for this iteration: 1244.960

***** Iteration #98 *****
Loss: 105600.325060
Feature norm: 188.421153
Error norm: 5.580729
Active features: 3885
Line search trials: 1
Line search step: 1.000000
Seconds required for this iteration: 1245.110

***** Iteration #99 *****
Loss: 105600.108698
Feature norm: 188.462375
Error norm: 5.092137
Active features: 3885
Line search trials: 1
Line search step: 1.000000
Seconds required for this iteration: 1246.030

***** Iteration #100 *****
Loss: 105599.984272
Feature norm: 188.488422
Error norm: 5.765933
Active features: 3885
Line search trials: 1
Line search step: 1.000000
Seconds required for this iteration: 1245.110

***** Iteration #101 *****
Loss: 105599.877860
Feature norm: 188.511481
Error norm: 3.852358
Active features: 3885
Line search trials: 1
Line search step: 1.000000
Seconds required for this iteration: 1245.170

***** Iteration #102 *****
Loss: 105599.808865
Feature norm: 188.527098
Error norm: 3.104163
Active features: 3885
Line search trials: 1
Line search step: 1.000000
Seconds required for this iteration: 1244.710

***** Iteration #103 *****
Loss: 105599.768995
Feature norm: 188.536981
Error norm: 3.228497
Active features: 3885
Line search trials: 1
Line search step: 1.000000
Seconds required for this iteration: 1244.160

***** Iteration #104 *****
Loss: 105599.737528
Feature norm: 188.543072
Error norm: 2.364478
Active features: 3885
Line search trials: 1
Line search step: 1.000000
Seconds required for this iteration: 1244.180

***** Iteration #105 *****
Loss: 105599.706853
Feature norm: 188.561881
Error norm: 5.231291
Active features: 3885
Line search trials: 1
Line search step: 1.000000
Seconds required for this iteration: 1246.280

***** Iteration #106 *****
Loss: 105599.686528
Feature norm: 188.572468
Error norm: 3.476382
Active features: 3885
Line search trials: 1
Line search step: 1.000000
Seconds required for this iteration: 1245.720

L-BFGS terminated with the stopping criteria
Total seconds required for training: 235328.370

Storing the model
Number of active features: 3885 (3885)
Number of active attributes: 0 (0)
Number of active labels: 2797 (2797)
Writing labels
Writing attributes
Writing feature references for transitions
Writing feature references for attributes
Seconds required: 0.000

End time of the training: 2013-12-30T16:41:58Z

