CRFSuite 0.12  Copyright (c) 2007-2011 Naoaki Okazaki

Start time of the training: 2014-02-03T23:38:22Z

Reading the data set(s)
[1] rueducommerce/_batterie
0....1....2....3....4....5....6....7....8....9....10
Number of instances: 1
Seconds required: 0.000
[2] rueducommerce/_cables
0....1....2....3....4....5....6....7....8....9....10
Number of instances: 1
Seconds required: 0.000
[3] rueducommerce/_clim
0....1....2....3....4....5....6....7....8....9....10
Number of instances: 1
Seconds required: 0.010
[4] rueducommerce/_coffre
0....1....2....3....4....5....6....7....8....9....10
Number of instances: 1
Seconds required: 0.010
[5] rueducommerce/_gazon
0....1....2....3....4....5....6....7....8....9....10
Number of instances: 1
Seconds required: 0.000
[6] rueducommerce/_pates
0....1....2....3....4....5....6....7....8....9....10
Number of instances: 1
Seconds required: 0.010
[7] rueducommerce/_rafraichisseur
0....1....2....3....4....5....6....7....8....9....10
Number of instances: 1
Seconds required: 0.010
[8] rueducommerce/_saveur
0....1....2....3....4....5....6....7....8....9....10
Number of instances: 1
Seconds required: 0.000
[9] rueducommerce/_scie
0....1....2....3....4....5....6....7....8....9....10
Number of instances: 1
Seconds required: 0.010
[10] rueducommerce/_valve
0....1....2....3....4....5....6....7....8....9....10
Number of instances: 1
Seconds required: 0.000

Statistics the data set(s)
Number of data sets (groups): 10
Number of instances: 10
Number of items: 5506
Number of attributes: 0
Number of labels: 727

Feature generation
type: CRF1d
feature.minfreq: 0.000000
feature.possible_states: 0
feature.possible_transitions: 0
0....1....2....3....4....5....6....7....8....9....10
Number of features: 1029
Seconds required: 0.010

L-BFGS optimization
c1: 0.000000
c2: 1.000000
num_memories: 6
max_iterations: 2147483647
epsilon: 0.000010
stop: 10
delta: 0.000010
linesearch: MoreThuente
linesearch.max_iterations: 20

***** Iteration #1 *****
Loss: 30789.021390
Feature norm: 16.640406
Error norm: 297.340735
Active features: 1029
Line search trials: 7
Line search step: 0.047832
Seconds required for this iteration: 307.110

***** Iteration #2 *****
Loss: 28770.359414
Feature norm: 23.818000
Error norm: 232.269075
Active features: 1029
Line search trials: 2
Line search step: 0.051761
Seconds required for this iteration: 77.840

***** Iteration #3 *****
Loss: 28391.966126
Feature norm: 25.523634
Error norm: 233.329969
Active features: 1029
Line search trials: 2
Line search step: 0.065744
Seconds required for this iteration: 75.330

***** Iteration #4 *****
Loss: 27910.103995
Feature norm: 27.799200
Error norm: 826.796506
Active features: 1029
Line search trials: 4
Line search step: 0.147729
Seconds required for this iteration: 146.460

***** Iteration #5 *****
Loss: 27740.143163
Feature norm: 28.550710
Error norm: 542.373761
Active features: 1029
Line search trials: 3
Line search step: 0.001301
Seconds required for this iteration: 104.020

***** Iteration #6 *****
Loss: 27643.093179
Feature norm: 29.068683
Error norm: 607.990751
Active features: 1029
Line search trials: 2
Line search step: 0.036197
Seconds required for this iteration: 69.330

***** Iteration #7 *****
Loss: 27513.100569
Feature norm: 29.701133
Error norm: 1090.482237
Active features: 1029
Line search trials: 2
Line search step: 0.231779
Seconds required for this iteration: 70.740

***** Iteration #8 *****
Loss: 26461.299291
Feature norm: 33.883886
Error norm: 590.404212
Active features: 1029
Line search trials: 1
Line search step: 1.000000
Seconds required for this iteration: 33.880

***** Iteration #9 *****
Loss: 26141.037923
Feature norm: 36.011987
Error norm: 493.681091
Active features: 1029
Line search trials: 2
Line search step: 0.143527
Seconds required for this iteration: 67.500

***** Iteration #10 *****
Loss: 25672.260709
Feature norm: 43.084882
Error norm: 803.369629
Active features: 1029
Line search trials: 1
Line search step: 1.000000
Seconds required for this iteration: 35.170

***** Iteration #11 *****
Loss: 25420.807890
Feature norm: 43.790343
Error norm: 756.105280
Active features: 1029
Line search trials: 2
Line search step: 0.308721
Seconds required for this iteration: 71.990

***** Iteration #12 *****
Loss: 25410.605482
Feature norm: 39.245193
Error norm: 223.933882
Active features: 1029
Line search trials: 1
Line search step: 1.000000
Seconds required for this iteration: 34.450

***** Iteration #13 *****
Loss: 24450.845755
Feature norm: 45.767491
Error norm: 348.482303
Active features: 1029
Line search trials: 1
Line search step: 1.000000
Seconds required for this iteration: 35.400

***** Iteration #14 *****
Loss: 24264.348254
Feature norm: 47.749214
Error norm: 295.776177
Active features: 1029
Line search trials: 2
Line search step: 0.103407
Seconds required for this iteration: 69.320

***** Iteration #15 *****
Loss: 23972.832959
Feature norm: 51.724373
Error norm: 488.460515
Active features: 1029
Line search trials: 1
Line search step: 1.000000
Seconds required for this iteration: 34.450

***** Iteration #16 *****
Loss: 23866.197333
Feature norm: 52.545639
Error norm: 466.107555
Active features: 1029
Line search trials: 2
Line search step: 0.085481
Seconds required for this iteration: 67.890

***** Iteration #17 *****
Loss: 23342.597623
Feature norm: 57.265541
Error norm: 366.691676
Active features: 1029
Line search trials: 2
Line search step: 0.401285
Seconds required for this iteration: 67.730

***** Iteration #18 *****
Loss: 23236.364689
Feature norm: 58.132923
Error norm: 334.318846
Active features: 1029
Line search trials: 2
Line search step: 0.123691
Seconds required for this iteration: 65.550

***** Iteration #19 *****
Loss: 22956.209274
Feature norm: 61.214326
Error norm: 858.185548
Active features: 1029
Line search trials: 2
Line search step: 0.296353
Seconds required for this iteration: 67.260

