CRFSuite 0.12  Copyright (c) 2007-2011 Naoaki Okazaki

Start time of the training: 2013-12-21T16:49:33Z

Reading the data set(s)
[1] /home/gdifolco/ps11/dataset/21_labled_inst/rueducommerce/_batterie
0....1....2....3....4....5....6....7....8....9....10
Number of instances: 1
Seconds required: 0.000
[2] /home/gdifolco/ps11/dataset/21_labled_inst/rueducommerce/_cables
0....1....2....3....4....5....6....7....8....9....10
Number of instances: 1
Seconds required: 0.000
[3] /home/gdifolco/ps11/dataset/21_labled_inst/rueducommerce/_clim
0....1....2....3....4....5....6....7....8....9....10
Number of instances: 1
Seconds required: 0.000
[4] /home/gdifolco/ps11/dataset/21_labled_inst/rueducommerce/_coffre
0....1....2....3....4....5....6....7....8....9....10
Number of instances: 1
Seconds required: 0.000
[5] /home/gdifolco/ps11/dataset/21_labled_inst/rueducommerce/_gazon
0....1....2....3....4....5....6....7....8....9....10
Number of instances: 1
Seconds required: 0.000
[6] /home/gdifolco/ps11/dataset/21_labled_inst/rueducommerce/_pates
0....1....2....3....4....5....6....7....8....9....10
Number of instances: 1
Seconds required: 0.000
[7] /home/gdifolco/ps11/dataset/21_labled_inst/rueducommerce/_rafraichisseur
0....1....2....3....4....5....6....7....8....9....10
Number of instances: 1
Seconds required: 0.010
[8] /home/gdifolco/ps11/dataset/21_labled_inst/rueducommerce/_saveur
0....1....2....3....4....5....6....7....8....9....10
Number of instances: 1
Seconds required: 0.000
[9] /home/gdifolco/ps11/dataset/21_labled_inst/rueducommerce/_scie
0....1....2....3....4....5....6....7....8....9....10
Number of instances: 1
Seconds required: 0.000
[10] /home/gdifolco/ps11/dataset/21_labled_inst/rueducommerce/_valve
0....1....2....3....4....5....6....7....8....9....10
Number of instances: 1
Seconds required: 0.000
[11] /home/gdifolco/ps11/dataset/21_labled_inst/carrefour/_albain
0....1....2....3....4....5....6....7....8....9....10
Number of instances: 1
Seconds required: 0.000
[12] /home/gdifolco/ps11/dataset/21_labled_inst/carrefour/_atelier
0....1....2....3....4....5....6....7....8....9....10
Number of instances: 1
Seconds required: 0.000
[13] /home/gdifolco/ps11/dataset/21_labled_inst/carrefour/_canape
0....1....2....3....4....5....6....7....8....9....10
Number of instances: 1
Seconds required: 0.000
[14] /home/gdifolco/ps11/dataset/21_labled_inst/carrefour/_cod
0....1....2....3....4....5....6....7....8....9....10
Number of instances: 1
Seconds required: 0.000
[15] /home/gdifolco/ps11/dataset/21_labled_inst/carrefour/_draps
0....1....2....3....4....5....6....7....8....9....10
Number of instances: 1
Seconds required: 0.000
[16] /home/gdifolco/ps11/dataset/21_labled_inst/carrefour/_etagere
0....1....2....3....4....5....6....7....8....9....10
Number of instances: 1
Seconds required: 0.000
[17] /home/gdifolco/ps11/dataset/21_labled_inst/carrefour/_gijoe
0....1....2....3....4....5....6....7....8....9....10
Number of instances: 1
Seconds required: 0.000
[18] /home/gdifolco/ps11/dataset/21_labled_inst/carrefour/_hasbro
0....1....2....3....4....5....6....7....8....9....10
Number of instances: 1
Seconds required: 0.000
[19] /home/gdifolco/ps11/dataset/21_labled_inst/carrefour/_jumelle
0....1....2....3....4....5....6....7....8....9....10
Number of instances: 1
Seconds required: 0.000
[20] /home/gdifolco/ps11/dataset/21_labled_inst/carrefour/_kangui
0....1....2....3....4....5....6....7....8....9....10
Number of instances: 1
Seconds required: 0.000
[21] /home/gdifolco/ps11/dataset/21_labled_inst/amazon.fr/_alimentation
0....1....2....3....4....5....6....7....8....9....10
Number of instances: 1
Seconds required: 0.010
[22] /home/gdifolco/ps11/dataset/21_labled_inst/amazon.fr/_gps
0....1....2....3....4....5....6....7....8....9....10
Number of instances: 1
Seconds required: 0.000
[23] /home/gdifolco/ps11/dataset/21_labled_inst/amazon.fr/_guirlandes
0....1....2....3....4....5....6....7....8....9....10
Number of instances: 1
Seconds required: 0.000
[24] /home/gdifolco/ps11/dataset/21_labled_inst/amazon.fr/_lampeplafon
0....1....2....3....4....5....6....7....8....9....10
Number of instances: 1
Seconds required: 0.000
[25] /home/gdifolco/ps11/dataset/21_labled_inst/amazon.fr/_nvidia
0....1....2....3....4....5....6....7....8....9....10
Number of instances: 1
Seconds required: 0.010
[26] /home/gdifolco/ps11/dataset/21_labled_inst/amazon.fr/_perceuse
0....1....2....3....4....5....6....7....8....9....10
Number of instances: 1
Seconds required: 0.000
[27] /home/gdifolco/ps11/dataset/21_labled_inst/amazon.fr/_playmobil
0....1....2....3....4....5....6....7....8....9....10
Number of instances: 1
Seconds required: 0.000
[28] /home/gdifolco/ps11/dataset/21_labled_inst/amazon.fr/_screen
0....1....2....3....4....5....6....7....8....9....10
Number of instances: 1
Seconds required: 0.000
[29] /home/gdifolco/ps11/dataset/21_labled_inst/amazon.fr/_tbbt
0....1....2....3....4....5....6....7....8....9....10
Number of instances: 1
Seconds required: 0.010
[30] /home/gdifolco/ps11/dataset/21_labled_inst/amazon.fr/_visseuse
0....1....2....3....4....5....6....7....8....9....10
Number of instances: 1
Seconds required: 0.000
[31] /home/gdifolco/ps11/dataset/21_labled_inst/ldlc/_acquisition
0....1....2....3....4....5....6....7....8....9....10
Number of instances: 1
Seconds required: 0.000
[32] /home/gdifolco/ps11/dataset/21_labled_inst/ldlc/_asustorserver
0....1....2....3....4....5....6....7....8....9....10
Number of instances: 1
Seconds required: 0.000
[33] /home/gdifolco/ps11/dataset/21_labled_inst/ldlc/_camera
0....1....2....3....4....5....6....7....8....9....10
Number of instances: 1
Seconds required: 0.010
[34] /home/gdifolco/ps11/dataset/21_labled_inst/ldlc/_cao
0....1....2....3....4....5....6....7....8....9....10
Number of instances: 1
Seconds required: 0.000
[35] /home/gdifolco/ps11/dataset/21_labled_inst/ldlc/_cpu
0....1....2....3....4....5....6....7....8....9....10
Number of instances: 1
Seconds required: 0.000
[36] /home/gdifolco/ps11/dataset/21_labled_inst/ldlc/_dongle
0....1....2....3....4....5....6....7....8....9....10
Number of instances: 1
Seconds required: 0.010
[37] /home/gdifolco/ps11/dataset/21_labled_inst/ldlc/_keyboard
0....1....2....3....4....5....6....7....8....9....10
Number of instances: 1
Seconds required: 0.000
[38] /home/gdifolco/ps11/dataset/21_labled_inst/ldlc/_padcleaner
0....1....2....3....4....5....6....7....8....9....10
Number of instances: 1
Seconds required: 0.000
[39] /home/gdifolco/ps11/dataset/21_labled_inst/ldlc/_ventilateur
0....1....2....3....4....5....6....7....8....9....10
Number of instances: 1
Seconds required: 0.010
[40] /home/gdifolco/ps11/dataset/21_labled_inst/ldlc/_wifi
0....1....2....3....4....5....6....7....8....9....10
Number of instances: 1
Seconds required: 0.000

Statistics the data set(s)
Number of data sets (groups): 40
Number of instances: 40
Number of items: 21691
Number of attributes: 0
Number of labels: 2797

Feature generation
type: CRF1d
feature.minfreq: 0.000000
feature.possible_states: 0
feature.possible_transitions: 0
0....1....2....3....4....5....6....7....8....9....10
Number of features: 3885
Seconds required: 0.000

L-BFGS optimization
c1: 0.000000
c2: 1.000000
num_memories: 6
max_iterations: 2147483647
epsilon: 0.000010
stop: 10
delta: 0.000010
linesearch: MoreThuente
linesearch.max_iterations: 20

***** Iteration #1 *****
Loss: 149661.710389
Feature norm: 34.198137
Error norm: 619.283659
Active features: 3885
Line search trials: 9
Line search step: 0.049398
Seconds required for this iteration: 24351.700

***** Iteration #2 *****
Loss: 144622.316630
Feature norm: 42.602214
Error norm: 573.564118
Active features: 3885
Line search trials: 7
Line search step: 0.028620
Seconds required for this iteration: 17057.550

***** Iteration #3 *****
Loss: 142769.236361
Feature norm: 45.962353
Error norm: 689.230541
Active features: 3885
Line search trials: 5
Line search step: 0.026369
Seconds required for this iteration: 12164.420

***** Iteration #4 *****
Loss: 141572.324435
Feature norm: 49.786707
Error norm: 17125.678028
Active features: 3885
Line search trials: 2
Line search step: 0.121030
Seconds required for this iteration: 4868.600

***** Iteration #5 *****
Loss: 138612.763964
Feature norm: 56.284937
Error norm: 3440.756858
Active features: 3885
Line search trials: 2
Line search step: 0.049572
Seconds required for this iteration: 4858.380

***** Iteration #6 *****
Loss: 138317.285651
Feature norm: 57.082073
Error norm: 2907.236713
Active features: 3885
Line search trials: 2
Line search step: 0.126090
Seconds required for this iteration: 4865.210

***** Iteration #7 *****
Loss: 137505.422290
Feature norm: 58.015008
Error norm: 2490.016523
Active features: 3885
Line search trials: 2
Line search step: 0.310228
Seconds required for this iteration: 4860.530

***** Iteration #8 *****
Loss: 137116.842431
Feature norm: 58.859799
Error norm: 2305.507355
Active features: 3885
Line search trials: 2
Line search step: 0.059732
Seconds required for this iteration: 4865.630

***** Iteration #9 *****
Loss: 136375.793086
Feature norm: 60.694776
Error norm: 13492.916343
Active features: 3885
Line search trials: 2
Line search step: 0.186296
Seconds required for this iteration: 4868.540

***** Iteration #10 *****
Loss: 134835.188311
Feature norm: 62.571514
Error norm: 7887.475816
Active features: 3885
Line search trials: 4
Line search step: 0.135109
Seconds required for this iteration: 9744.850

***** Iteration #11 *****
Loss: 134387.095538
Feature norm: 63.569843
Error norm: 5209.138306
Active features: 3885
Line search trials: 2
Line search step: 0.048926
Seconds required for this iteration: 4857.980

***** Iteration #12 *****
Loss: 133976.472300
Feature norm: 63.767128
Error norm: 2693.533170
Active features: 3885
Line search trials: 1
Line search step: 1.000000
Seconds required for this iteration: 2420.960

***** Iteration #13 *****
Loss: 132534.407520
Feature norm: 66.458461
Error norm: 7367.316602
Active features: 3885
Line search trials: 1
Line search step: 1.000000
Seconds required for this iteration: 2415.370

***** Iteration #14 *****
Loss: 132185.644625
Feature norm: 66.899831
Error norm: 5496.923918
Active features: 3885
Line search trials: 2
Line search step: 0.037503
Seconds required for this iteration: 4877.360

***** Iteration #15 *****
Loss: 132015.782940
Feature norm: 67.247926
Error norm: 4927.873472
Active features: 3885
Line search trials: 4
Line search step: 0.058943
Seconds required for this iteration: 9754.730

***** Iteration #16 *****
Loss: 131915.715328
Feature norm: 67.490350
Error norm: 4593.816323
Active features: 3885
Line search trials: 2
Line search step: 0.104829
Seconds required for this iteration: 4861.990

***** Iteration #17 *****
Loss: 131087.771390
Feature norm: 69.415046
Error norm: 7309.272745
Active features: 3885
Line search trials: 1
Line search step: 1.000000
Seconds required for this iteration: 2436.670

***** Iteration #18 *****
Loss: 130998.822904
Feature norm: 69.588853
Error norm: 5500.660463
Active features: 3885
Line search trials: 3
Line search step: 0.022019
Seconds required for this iteration: 7230.410

***** Iteration #19 *****
Loss: 130814.091360
Feature norm: 69.557011
Error norm: 2142.253227
Active features: 3885
Line search trials: 1
Line search step: 1.000000
Seconds required for this iteration: 2431.750

***** Iteration #20 *****
Loss: 130570.640267
Feature norm: 70.493272
Error norm: 9324.889873
Active features: 3885
Line search trials: 1
Line search step: 1.000000
Seconds required for this iteration: 2449.920

***** Iteration #21 *****
Loss: 129834.424286
Feature norm: 71.663967
Error norm: 2885.070406
Active features: 3885
Line search trials: 1
Line search step: 1.000000
Seconds required for this iteration: 2431.080

***** Iteration #22 *****
Loss: 127639.444340
Feature norm: 77.881888
Error norm: 756.804237
Active features: 3885
Line search trials: 1
Line search step: 1.000000
Seconds required for this iteration: 2433.640

***** Iteration #23 *****
Loss: 127544.337159
Feature norm: 78.277656
Error norm: 814.825829
Active features: 3885
Line search trials: 2
Line search step: 0.038625
Seconds required for this iteration: 4871.320

***** Iteration #24 *****
Loss: 127253.824172
Feature norm: 79.439572
Error norm: 840.411371
Active features: 3885
Line search trials: 2
Line search step: 0.210311
Seconds required for this iteration: 4866.880

***** Iteration #25 *****
Loss: 126494.710422
Feature norm: 82.896166
Error norm: 1246.385464
Active features: 3885
Line search trials: 2
Line search step: 0.472447
Seconds required for this iteration: 4852.910

***** Iteration #26 *****
Loss: 125909.814220
Feature norm: 85.132808
Error norm: 1361.291920
Active features: 3885
Line search trials: 2
Line search step: 0.362156
Seconds required for this iteration: 4872.420

***** Iteration #27 *****
Loss: 125175.388356
Feature norm: 87.294640
Error norm: 1038.358384
Active features: 3885
Line search trials: 2
Line search step: 0.406209
Seconds required for this iteration: 4887.560

***** Iteration #28 *****
Loss: 124731.111506
Feature norm: 88.005704
Error norm: 836.306846
Active features: 3885
Line search trials: 2
Line search step: 0.259443
Seconds required for this iteration: 4882.660

***** Iteration #29 *****
Loss: 124218.709533
Feature norm: 89.748371
Error norm: 826.419849
Active features: 3885
Line search trials: 2
Line search step: 0.234054
Seconds required for this iteration: 4857.430

***** Iteration #30 *****
Loss: 123921.811688
Feature norm: 90.458455
Error norm: 738.340338
Active features: 3885
Line search trials: 2
Line search step: 0.095672
Seconds required for this iteration: 4860.280

***** Iteration #31 *****
Loss: 123371.135220
Feature norm: 92.093944
Error norm: 724.845520
Active features: 3885
Line search trials: 4
Line search step: 0.127738
Seconds required for this iteration: 9732.460

***** Iteration #32 *****
Loss: 122502.401094
Feature norm: 94.602222
Error norm: 659.558330
Active features: 3885
Line search trials: 4
Line search step: 0.141595
Seconds required for this iteration: 9740.090

***** Iteration #33 *****
Loss: 121777.176748
Feature norm: 96.672282
Error norm: 1486.092058
Active features: 3885
Line search trials: 2
Line search step: 0.118523
Seconds required for this iteration: 4889.260

***** Iteration #34 *****
Loss: 120977.513335
Feature norm: 99.685678
Error norm: 2018.169100
Active features: 3885
Line search trials: 2
Line search step: 0.134401
Seconds required for this iteration: 4860.630

***** Iteration #35 *****
Loss: 120432.762162
Feature norm: 101.129099
Error norm: 1202.176585
Active features: 3885
Line search trials: 2
Line search step: 0.126882
Seconds required for this iteration: 4883.240

***** Iteration #36 *****
Loss: 120057.645608
Feature norm: 105.826189
Error norm: 7158.351176
Active features: 3885
Line search trials: 1
Line search step: 1.000000
Seconds required for this iteration: 2421.890

***** Iteration #37 *****
Loss: 119555.990605
Feature norm: 106.439043
Error norm: 3697.045269
Active features: 3885
Line search trials: 2
Line search step: 0.254136
Seconds required for this iteration: 4888.710

***** Iteration #38 *****
Loss: 119272.529667
Feature norm: 104.193958
Error norm: 1026.223289
Active features: 3885
Line search trials: 1
Line search step: 1.000000
Seconds required for this iteration: 2423.290

***** Iteration #39 *****
Loss: 118777.389305
Feature norm: 105.578847
Error norm: 889.001646
Active features: 3885
Line search trials: 1
Line search step: 1.000000
Seconds required for this iteration: 2422.070

***** Iteration #40 *****
Loss: 117841.817024
Feature norm: 109.424668
Error norm: 3310.200078
Active features: 3885
Line search trials: 2
Line search step: 0.507352
Seconds required for this iteration: 4858.700

***** Iteration #41 *****
Loss: 116971.229053
Feature norm: 111.647632
Error norm: 1912.251379
Active features: 3885
Line search trials: 2
Line search step: 0.277315
Seconds required for this iteration: 4891.150

***** Iteration #42 *****
Loss: 116628.575977
Feature norm: 112.979903
Error norm: 1793.566482
Active features: 3885
Line search trials: 2
Line search step: 0.081694
Seconds required for this iteration: 4879.360

***** Iteration #43 *****
Loss: 116338.035886
Feature norm: 114.530182
Error norm: 3599.432023
Active features: 3885
Line search trials: 2
Line search step: 0.103264
Seconds required for this iteration: 4857.120

***** Iteration #44 *****
Loss: 116112.836439
Feature norm: 115.465886
Error norm: 2446.110928
Active features: 3885
Line search trials: 2
Line search step: 0.095120
Seconds required for this iteration: 4871.060

***** Iteration #45 *****
Loss: 115839.914085
Feature norm: 117.210164
Error norm: 2306.315434
Active features: 3885
Line search trials: 2
Line search step: 0.487732
Seconds required for this iteration: 4843.240

***** Iteration #46 *****
Loss: 115225.250469
Feature norm: 119.333514
Error norm: 1208.220497
Active features: 3885
Line search trials: 1
Line search step: 1.000000
Seconds required for this iteration: 2450.500

***** Iteration #47 *****
Loss: 114885.798171
Feature norm: 119.070901
Error norm: 546.270081
Active features: 3885
Line search trials: 1
Line search step: 1.000000
Seconds required for this iteration: 2436.140

***** Iteration #48 *****
Loss: 114643.141179
Feature norm: 119.731189
Error norm: 545.314484
Active features: 3885
Line search trials: 1
Line search step: 1.000000
Seconds required for this iteration: 2432.960

***** Iteration #49 *****
Loss: 114231.386563
Feature norm: 118.324633
Error norm: 1003.327903
Active features: 3885
Line search trials: 1
Line search step: 1.000000
Seconds required for this iteration: 2436.150

***** Iteration #50 *****
Loss: 113483.298964
Feature norm: 123.724174
Error norm: 726.661194
Active features: 3885
Line search trials: 1
Line search step: 1.000000
Seconds required for this iteration: 2440.260

***** Iteration #51 *****
Loss: 113130.897518
Feature norm: 125.590215
Error norm: 538.536258
Active features: 3885
Line search trials: 2
Line search step: 0.252196
Seconds required for this iteration: 4866.810

***** Iteration #52 *****
Loss: 112453.069298
Feature norm: 129.819266
Error norm: 401.541164
Active features: 3885
Line search trials: 1
Line search step: 1.000000
Seconds required for this iteration: 2427.420

***** Iteration #53 *****
Loss: 112088.220362
Feature norm: 131.946134
Error norm: 374.752815
Active features: 3885
Line search trials: 2
Line search step: 0.364777
Seconds required for this iteration: 4876.440

***** Iteration #54 *****
Loss: 111451.331142
Feature norm: 136.583745
Error norm: 439.531514
Active features: 3885
Line search trials: 2
Line search step: 0.345058
Seconds required for this iteration: 4869.140

***** Iteration #55 *****
Loss: 111089.584100
Feature norm: 138.829938
Error norm: 412.746613
Active features: 3885
Line search trials: 2
Line search step: 0.108656
Seconds required for this iteration: 4876.500

***** Iteration #56 *****
Loss: 110301.002580
Feature norm: 143.879064
Error norm: 440.403683
Active features: 3885
Line search trials: 2
Line search step: 0.274818
Seconds required for this iteration: 4890.440

***** Iteration #57 *****
Loss: 110148.305459
Feature norm: 144.974190
Error norm: 400.558004
Active features: 3885
Line search trials: 2
Line search step: 0.042096
Seconds required for this iteration: 4848.860

***** Iteration #58 *****
Loss: 109774.475367
Feature norm: 147.629597
Error norm: 388.347635
Active features: 3885
Line search trials: 4
Line search step: 0.177824
Seconds required for this iteration: 9723.220

***** Iteration #59 *****
Loss: 109200.977770
Feature norm: 151.721252
Error norm: 353.656846
Active features: 3885
Line search trials: 2
Line search step: 0.179795
Seconds required for this iteration: 4870.250

***** Iteration #60 *****
Loss: 108743.082530
Feature norm: 155.013596
Error norm: 322.688411
Active features: 3885
Line search trials: 2
Line search step: 0.137412
Seconds required for this iteration: 4852.750

***** Iteration #61 *****
Loss: 108049.643080
Feature norm: 160.430277
Error norm: 280.058088
Active features: 3885
Line search trials: 2
Line search step: 0.226484
Seconds required for this iteration: 4867.120

***** Iteration #62 *****
Loss: 107649.884646
Feature norm: 163.625606
Error norm: 236.671451
Active features: 3885
Line search trials: 2
Line search step: 0.176890
Seconds required for this iteration: 4852.140

***** Iteration #63 *****
Loss: 106890.168298
Feature norm: 178.163783
Error norm: 532.669051
Active features: 3885
Line search trials: 1
Line search step: 1.000000
Seconds required for this iteration: 2434.220

L-BFGS terminated with error code (-1001)
Total seconds required for training: 338275.910

Storing the model
Number of active features: 3885 (3885)
Number of active attributes: 0 (0)
Number of active labels: 2797 (2797)
Writing labels
Writing attributes
Writing feature references for transitions
Writing feature references for attributes
Seconds required: 0.010

End time of the training: 2013-12-25T15:54:06Z

